/usr/local/lib/python3.10/dist-packages/setuptools/_distutils/dist.py:289: UserWarning: Unknown distribution option: 'tests_require'
  warnings.warn(msg)
running egg_info
writing ../../build/my_package/my_package.egg-info/PKG-INFO
writing dependency_links to ../../build/my_package/my_package.egg-info/dependency_links.txt
writing entry points to ../../build/my_package/my_package.egg-info/entry_points.txt
writing requirements to ../../build/my_package/my_package.egg-info/requires.txt
writing top-level names to ../../build/my_package/my_package.egg-info/top_level.txt
/usr/lib/python3/dist-packages/pbr/git.py:28: UserWarning: pkg_resources is deprecated as an API. See https://setuptools.pypa.io/en/latest/pkg_resources.html. The pkg_resources package is slated for removal as early as 2025-11-30. Refrain from using this package or pin to Setuptools<81.
  import pkg_resources
reading manifest file '../../build/my_package/my_package.egg-info/SOURCES.txt'
adding license file 'LICENSE'
writing manifest file '../../build/my_package/my_package.egg-info/SOURCES.txt'
running build
running build_py
copying my_package/__init__.py -> /home/student18/ros2_ws/build/my_package/build/lib/my_package
copying my_package/my_node.py -> /home/student18/ros2_ws/build/my_package/build/lib/my_package
copying my_package/subscriber_node.py -> /home/student18/ros2_ws/build/my_package/build/lib/my_package
copying my_package/publisher_node.py -> /home/student18/ros2_ws/build/my_package/build/lib/my_package
running install
running install_lib
copying /home/student18/ros2_ws/build/my_package/build/lib/my_package/my_node.py -> /home/student18/ros2_ws/install/my_package/lib/python3.10/site-packages/my_package
copying /home/student18/ros2_ws/build/my_package/build/lib/my_package/subscriber_node.py -> /home/student18/ros2_ws/install/my_package/lib/python3.10/site-packages/my_package
copying /home/student18/ros2_ws/build/my_package/build/lib/my_package/publisher_node.py -> /home/student18/ros2_ws/install/my_package/lib/python3.10/site-packages/my_package
byte-compiling /home/student18/ros2_ws/install/my_package/lib/python3.10/site-packages/my_package/my_node.py to my_node.cpython-310.pyc
byte-compiling /home/student18/ros2_ws/install/my_package/lib/python3.10/site-packages/my_package/subscriber_node.py to subscriber_node.cpython-310.pyc
byte-compiling /home/student18/ros2_ws/install/my_package/lib/python3.10/site-packages/my_package/publisher_node.py to publisher_node.cpython-310.pyc
running install_data
copying resource/my_package -> /home/student18/ros2_ws/install/my_package/share/ament_index/resource_index/packages
copying package.xml -> /home/student18/ros2_ws/install/my_package/share/my_package
running install_egg_info
removing '/home/student18/ros2_ws/install/my_package/lib/python3.10/site-packages/my_package-0.0.0-py3.10.egg-info' (and everything under it)
Copying ../../build/my_package/my_package.egg-info to /home/student18/ros2_ws/install/my_package/lib/python3.10/site-packages/my_package-0.0.0-py3.10.egg-info
running install_scripts
Installing my_node script to /home/student18/ros2_ws/install/my_package/lib/my_package
Installing publisher_node script to /home/student18/ros2_ws/install/my_package/lib/my_package
Installing subscriber_node script to /home/student18/ros2_ws/install/my_package/lib/my_package
writing list of installed files to '/home/student18/ros2_ws/build/my_package/install.log'
