[0.628s] Invoking command in '/home/student18/ros2_ws/src/my_package': PYTHONPATH=/home/student18/ros2_ws/build/my_package/prefix_override:/usr/lib/python3/dist-packages/colcon_core/task/python/colcon_distutils_commands:/home/student18/ros2_ws/install/my_package/lib/python3.10/site-packages: /usr/bin/python3 -W ignore:setup.py install is deprecated -W ignore:easy_install command is deprecated setup.py egg_info --egg-base ../../build/my_package build --build-base /home/student18/ros2_ws/build/my_package/build install --record /home/student18/ros2_ws/build/my_package/install.log --single-version-externally-managed install_data
[0.793s] /usr/local/lib/python3.10/dist-packages/setuptools/_distutils/dist.py:289: UserWarning: Unknown distribution option: 'tests_require'
[0.794s]   warnings.warn(msg)
[0.869s] running egg_info
[0.880s] writing ../../build/my_package/my_package.egg-info/PKG-INFO
[0.881s] writing dependency_links to ../../build/my_package/my_package.egg-info/dependency_links.txt
[0.881s] writing entry points to ../../build/my_package/my_package.egg-info/entry_points.txt
[0.881s] writing requirements to ../../build/my_package/my_package.egg-info/requires.txt
[0.881s] writing top-level names to ../../build/my_package/my_package.egg-info/top_level.txt
[0.888s] /usr/lib/python3/dist-packages/pbr/git.py:28: UserWarning: pkg_resources is deprecated as an API. See https://setuptools.pypa.io/en/latest/pkg_resources.html. The pkg_resources package is slated for removal as early as 2025-11-30. Refrain from using this package or pin to Setuptools<81.
[0.889s]   import pkg_resources
[0.980s] reading manifest file '../../build/my_package/my_package.egg-info/SOURCES.txt'
[0.981s] adding license file 'LICENSE'
[0.982s] writing manifest file '../../build/my_package/my_package.egg-info/SOURCES.txt'
[0.984s] running build
[0.986s] running build_py
[0.986s] copying my_package/__init__.py -> /home/student18/ros2_ws/build/my_package/build/lib/my_package
[0.987s] copying my_package/my_node.py -> /home/student18/ros2_ws/build/my_package/build/lib/my_package
[0.988s] copying my_package/subscriber_node.py -> /home/student18/ros2_ws/build/my_package/build/lib/my_package
[0.991s] copying my_package/publisher_node.py -> /home/student18/ros2_ws/build/my_package/build/lib/my_package
[0.991s] running install
[0.992s] running install_lib
[1.010s] copying /home/student18/ros2_ws/build/my_package/build/lib/my_package/my_node.py -> /home/student18/ros2_ws/install/my_package/lib/python3.10/site-packages/my_package
[1.011s] copying /home/student18/ros2_ws/build/my_package/build/lib/my_package/subscriber_node.py -> /home/student18/ros2_ws/install/my_package/lib/python3.10/site-packages/my_package
[1.011s] copying /home/student18/ros2_ws/build/my_package/build/lib/my_package/publisher_node.py -> /home/student18/ros2_ws/install/my_package/lib/python3.10/site-packages/my_package
[1.012s] byte-compiling /home/student18/ros2_ws/install/my_package/lib/python3.10/site-packages/my_package/my_node.py to my_node.cpython-310.pyc
[1.013s] byte-compiling /home/student18/ros2_ws/install/my_package/lib/python3.10/site-packages/my_package/subscriber_node.py to subscriber_node.cpython-310.pyc
[1.013s] byte-compiling /home/student18/ros2_ws/install/my_package/lib/python3.10/site-packages/my_package/publisher_node.py to publisher_node.cpython-310.pyc
[1.014s] running install_data
[1.015s] copying resource/my_package -> /home/student18/ros2_ws/install/my_package/share/ament_index/resource_index/packages
[1.015s] copying package.xml -> /home/student18/ros2_ws/install/my_package/share/my_package
[1.015s] running install_egg_info
[1.041s] removing '/home/student18/ros2_ws/install/my_package/lib/python3.10/site-packages/my_package-0.0.0-py3.10.egg-info' (and everything under it)
[1.041s] Copying ../../build/my_package/my_package.egg-info to /home/student18/ros2_ws/install/my_package/lib/python3.10/site-packages/my_package-0.0.0-py3.10.egg-info
[1.043s] running install_scripts
[1.075s] Installing my_node script to /home/student18/ros2_ws/install/my_package/lib/my_package
[1.076s] Installing publisher_node script to /home/student18/ros2_ws/install/my_package/lib/my_package
[1.076s] Installing subscriber_node script to /home/student18/ros2_ws/install/my_package/lib/my_package
[1.076s] writing list of installed files to '/home/student18/ros2_ws/build/my_package/install.log'
[1.104s] Invoked command in '/home/student18/ros2_ws/src/my_package' returned '0': PYTHONPATH=/home/student18/ros2_ws/build/my_package/prefix_override:/usr/lib/python3/dist-packages/colcon_core/task/python/colcon_distutils_commands:/home/student18/ros2_ws/install/my_package/lib/python3.10/site-packages: /usr/bin/python3 -W ignore:setup.py install is deprecated -W ignore:easy_install command is deprecated setup.py egg_info --egg-base ../../build/my_package build --build-base /home/student18/ros2_ws/build/my_package/build install --record /home/student18/ros2_ws/build/my_package/install.log --single-version-externally-managed install_data
