[0.011s] Invoking command in '/home/student18/ros2_ws/build/dummy_robot_bringup': AMENT_PREFIX_PATH=/home/student18/ros2_ws/install/dummy_sensors:/home/student18/ros2_ws/install/dummy_map_server:${AMENT_PREFIX_PATH} CMAKE_PREFIX_PATH=/home/student18/ros2_ws/install/dummy_sensors:/home/student18/ros2_ws/install/dummy_map_server:/opt/ros/humble /usr/bin/cmake /home/student18/ros2_ws/src/demos/dummy_robot/dummy_robot_bringup -DCMAKE_INSTALL_PREFIX=/home/student18/ros2_ws/install/dummy_robot_bringup
[0.073s] -- The C compiler identification is GNU 11.4.0
[0.139s] -- The CXX compiler identification is GNU 11.4.0
[0.148s] -- Detecting C compiler ABI info
[0.248s] -- Detecting C compiler ABI info - done
[0.261s] -- Check for working C compiler: /usr/bin/cc - skipped
[0.262s] -- Detecting C compile features
[0.262s] -- Detecting C compile features - done
[0.266s] -- Detecting CXX compiler ABI info
[0.360s] -- Detecting CXX compiler ABI info - done
[0.369s] -- Check for working CXX compiler: /usr/bin/c++ - skipped
[0.370s] -- Detecting CXX compile features
[0.370s] -- Detecting CXX compile features - done
[0.373s] -- Found ament_cmake: 1.3.11 (/opt/ros/humble/share/ament_cmake/cmake)
[0.787s] -- Found Python3: /usr/bin/python3 (found version "3.10.12") found components: Interpreter 
[0.887s] -- Found ament_lint_auto: 0.12.12 (/opt/ros/humble/share/ament_lint_auto/cmake)
[1.004s] -- Added test 'copyright' to check source files copyright and LICENSE
[1.007s] -- Added test 'flake8' to check Python code syntax and style conventions
[1.007s] -- Added test 'lint_cmake' to check CMake code style
[1.008s] -- Added test 'pep257' to check Python code against some of the docstring style conventions in PEP 257
[1.009s] -- Added test 'xmllint' to check XML markup files
[1.011s] -- Configuring done
[1.015s] -- Generating done
[1.017s] -- Build files have been written to: /home/student18/ros2_ws/build/dummy_robot_bringup
[1.024s] Invoked command in '/home/student18/ros2_ws/build/dummy_robot_bringup' returned '0': AMENT_PREFIX_PATH=/home/student18/ros2_ws/install/dummy_sensors:/home/student18/ros2_ws/install/dummy_map_server:${AMENT_PREFIX_PATH} CMAKE_PREFIX_PATH=/home/student18/ros2_ws/install/dummy_sensors:/home/student18/ros2_ws/install/dummy_map_server:/opt/ros/humble /usr/bin/cmake /home/student18/ros2_ws/src/demos/dummy_robot/dummy_robot_bringup -DCMAKE_INSTALL_PREFIX=/home/student18/ros2_ws/install/dummy_robot_bringup
[1.026s] Invoking command in '/home/student18/ros2_ws/build/dummy_robot_bringup': AMENT_PREFIX_PATH=/home/student18/ros2_ws/install/dummy_sensors:/home/student18/ros2_ws/install/dummy_map_server:${AMENT_PREFIX_PATH} CMAKE_PREFIX_PATH=/home/student18/ros2_ws/install/dummy_sensors:/home/student18/ros2_ws/install/dummy_map_server:/opt/ros/humble /usr/bin/cmake --build /home/student18/ros2_ws/build/dummy_robot_bringup -- -j4 -l4
[1.066s] Invoked command in '/home/student18/ros2_ws/build/dummy_robot_bringup' returned '0': AMENT_PREFIX_PATH=/home/student18/ros2_ws/install/dummy_sensors:/home/student18/ros2_ws/install/dummy_map_server:${AMENT_PREFIX_PATH} CMAKE_PREFIX_PATH=/home/student18/ros2_ws/install/dummy_sensors:/home/student18/ros2_ws/install/dummy_map_server:/opt/ros/humble /usr/bin/cmake --build /home/student18/ros2_ws/build/dummy_robot_bringup -- -j4 -l4
[1.069s] Invoking command in '/home/student18/ros2_ws/build/dummy_robot_bringup': AMENT_PREFIX_PATH=/home/student18/ros2_ws/install/dummy_sensors:/home/student18/ros2_ws/install/dummy_map_server:${AMENT_PREFIX_PATH} CMAKE_PREFIX_PATH=/home/student18/ros2_ws/install/dummy_sensors:/home/student18/ros2_ws/install/dummy_map_server:/opt/ros/humble /usr/bin/cmake --install /home/student18/ros2_ws/build/dummy_robot_bringup
[1.076s] -- Install configuration: ""
[1.076s] -- Installing: /home/student18/ros2_ws/install/dummy_robot_bringup/share/dummy_robot_bringup/launch
[1.077s] -- Installing: /home/student18/ros2_ws/install/dummy_robot_bringup/share/dummy_robot_bringup/launch/dummy_robot_bringup_launch.xml
[1.078s] -- Installing: /home/student18/ros2_ws/install/dummy_robot_bringup/share/dummy_robot_bringup/launch/dummy_robot_bringup_launch.yaml
[1.078s] -- Installing: /home/student18/ros2_ws/install/dummy_robot_bringup/share/dummy_robot_bringup/launch/dummy_robot_bringup.launch.py
[1.079s] -- Installing: /home/student18/ros2_ws/install/dummy_robot_bringup/share/dummy_robot_bringup/launch/single_rrbot.urdf
[1.080s] -- Installing: /home/student18/ros2_ws/install/dummy_robot_bringup/share/ament_index/resource_index/package_run_dependencies/dummy_robot_bringup
[1.080s] -- Installing: /home/student18/ros2_ws/install/dummy_robot_bringup/share/ament_index/resource_index/parent_prefix_path/dummy_robot_bringup
[1.081s] -- Installing: /home/student18/ros2_ws/install/dummy_robot_bringup/share/dummy_robot_bringup/environment/ament_prefix_path.sh
[1.081s] -- Installing: /home/student18/ros2_ws/install/dummy_robot_bringup/share/dummy_robot_bringup/environment/ament_prefix_path.dsv
[1.082s] -- Installing: /home/student18/ros2_ws/install/dummy_robot_bringup/share/dummy_robot_bringup/environment/path.sh
[1.082s] -- Installing: /home/student18/ros2_ws/install/dummy_robot_bringup/share/dummy_robot_bringup/environment/path.dsv
[1.083s] -- Installing: /home/student18/ros2_ws/install/dummy_robot_bringup/share/dummy_robot_bringup/local_setup.bash
[1.084s] -- Installing: /home/student18/ros2_ws/install/dummy_robot_bringup/share/dummy_robot_bringup/local_setup.sh
[1.085s] -- Installing: /home/student18/ros2_ws/install/dummy_robot_bringup/share/dummy_robot_bringup/local_setup.zsh
[1.085s] -- Installing: /home/student18/ros2_ws/install/dummy_robot_bringup/share/dummy_robot_bringup/local_setup.dsv
[1.085s] -- Installing: /home/student18/ros2_ws/install/dummy_robot_bringup/share/dummy_robot_bringup/package.dsv
[1.085s] -- Installing: /home/student18/ros2_ws/install/dummy_robot_bringup/share/ament_index/resource_index/packages/dummy_robot_bringup
[1.086s] -- Installing: /home/student18/ros2_ws/install/dummy_robot_bringup/share/dummy_robot_bringup/cmake/dummy_robot_bringupConfig.cmake
[1.087s] -- Installing: /home/student18/ros2_ws/install/dummy_robot_bringup/share/dummy_robot_bringup/cmake/dummy_robot_bringupConfig-version.cmake
[1.087s] -- Installing: /home/student18/ros2_ws/install/dummy_robot_bringup/share/dummy_robot_bringup/package.xml
[1.088s] Invoked command in '/home/student18/ros2_ws/build/dummy_robot_bringup' returned '0': AMENT_PREFIX_PATH=/home/student18/ros2_ws/install/dummy_sensors:/home/student18/ros2_ws/install/dummy_map_server:${AMENT_PREFIX_PATH} CMAKE_PREFIX_PATH=/home/student18/ros2_ws/install/dummy_sensors:/home/student18/ros2_ws/install/dummy_map_server:/opt/ros/humble /usr/bin/cmake --install /home/student18/ros2_ws/build/dummy_robot_bringup
