[35m[1mConsolidate compiler generated dependencies of target liveliness[0m
[35m[1mConsolidate compiler generated dependencies of target deadline[0m
[35m[1mConsolidate compiler generated dependencies of target interactive_publisher[0m
[35m[1mConsolidate compiler generated dependencies of target lifespan[0m
[ 10%] Built target liveliness
[ 21%] Built target interactive_publisher
[ 31%] Built target lifespan
[ 42%] Built target deadline
[35m[1mConsolidate compiler generated dependencies of target interactive_subscriber[0m
[35m[1mConsolidate compiler generated dependencies of target incompatible_qos[0m
[35m[1mConsolidate compiler generated dependencies of target message_lost_listener[0m
[35m[1mConsolidate compiler generated dependencies of target message_lost[0m
[ 52%] Built target interactive_subscriber
[ 57%] Built target message_lost_listener
[ 68%] Built target incompatible_qos
[ 76%] Built target message_lost
[35m[1mConsolidate compiler generated dependencies of target message_lost_talker[0m
[35m[1mConsolidate compiler generated dependencies of target qos_overrides[0m
[35m[1mConsolidate compiler generated dependencies of target qos_overrides_listener[0m
[35m[1mConsolidate compiler generated dependencies of target qos_overrides_talker[0m
[ 81%] Built target message_lost_talker
[ 86%] Built target qos_overrides_listener
[ 92%] Built target qos_overrides_talker
[100%] Built target qos_overrides
-- Install configuration: ""
-- Installing: /home/student18/ros2_ws/install/quality_of_service_demo_cpp/lib/quality_of_service_demo_cpp/liveliness
-- Set runtime path of "/home/student18/ros2_ws/install/quality_of_service_demo_cpp/lib/quality_of_service_demo_cpp/liveliness" to ""
-- Installing: /home/student18/ros2_ws/install/quality_of_service_demo_cpp/lib/quality_of_service_demo_cpp/lifespan
-- Set runtime path of "/home/student18/ros2_ws/install/quality_of_service_demo_cpp/lib/quality_of_service_demo_cpp/lifespan" to ""
-- Installing: /home/student18/ros2_ws/install/quality_of_service_demo_cpp/lib/quality_of_service_demo_cpp/deadline
-- Set runtime path of "/home/student18/ros2_ws/install/quality_of_service_demo_cpp/lib/quality_of_service_demo_cpp/deadline" to ""
-- Installing: /home/student18/ros2_ws/install/quality_of_service_demo_cpp/lib/quality_of_service_demo_cpp/interactive_publisher
-- Set runtime path of "/home/student18/ros2_ws/install/quality_of_service_demo_cpp/lib/quality_of_service_demo_cpp/interactive_publisher" to ""
-- Installing: /home/student18/ros2_ws/install/quality_of_service_demo_cpp/lib/quality_of_service_demo_cpp/interactive_subscriber
-- Set runtime path of "/home/student18/ros2_ws/install/quality_of_service_demo_cpp/lib/quality_of_service_demo_cpp/interactive_subscriber" to ""
-- Installing: /home/student18/ros2_ws/install/quality_of_service_demo_cpp/lib/quality_of_service_demo_cpp/incompatible_qos
-- Set runtime path of "/home/student18/ros2_ws/install/quality_of_service_demo_cpp/lib/quality_of_service_demo_cpp/incompatible_qos" to ""
-- Installing: /home/student18/ros2_ws/install/quality_of_service_demo_cpp/lib/quality_of_service_demo_cpp/message_lost_listener
-- Set runtime path of "/home/student18/ros2_ws/install/quality_of_service_demo_cpp/lib/quality_of_service_demo_cpp/message_lost_listener" to ""
-- Installing: /home/student18/ros2_ws/install/quality_of_service_demo_cpp/lib/quality_of_service_demo_cpp/message_lost_talker
-- Set runtime path of "/home/student18/ros2_ws/install/quality_of_service_demo_cpp/lib/quality_of_service_demo_cpp/message_lost_talker" to ""
-- Installing: /home/student18/ros2_ws/install/quality_of_service_demo_cpp/lib/quality_of_service_demo_cpp/qos_overrides_listener
-- Set runtime path of "/home/student18/ros2_ws/install/quality_of_service_demo_cpp/lib/quality_of_service_demo_cpp/qos_overrides_listener" to ""
-- Installing: /home/student18/ros2_ws/install/quality_of_service_demo_cpp/lib/quality_of_service_demo_cpp/qos_overrides_talker
-- Set runtime path of "/home/student18/ros2_ws/install/quality_of_service_demo_cpp/lib/quality_of_service_demo_cpp/qos_overrides_talker" to ""
-- Installing: /home/student18/ros2_ws/install/quality_of_service_demo_cpp/lib/libmessage_lost.so
-- Set runtime path of "/home/student18/ros2_ws/install/quality_of_service_demo_cpp/lib/libmessage_lost.so" to ""
-- Installing: /home/student18/ros2_ws/install/quality_of_service_demo_cpp/lib/libqos_overrides.so
-- Set runtime path of "/home/student18/ros2_ws/install/quality_of_service_demo_cpp/lib/libqos_overrides.so" to ""
-- Installing: /home/student18/ros2_ws/install/quality_of_service_demo_cpp/share/quality_of_service_demo_cpp/params_file
-- Installing: /home/student18/ros2_ws/install/quality_of_service_demo_cpp/share/quality_of_service_demo_cpp/params_file/example_qos_overrides.yaml
-- Installing: /home/student18/ros2_ws/install/quality_of_service_demo_cpp/share/quality_of_service_demo_cpp/params_file/example_qos_overrides_with_wildcard.yaml
-- Installing: /home/student18/ros2_ws/install/quality_of_service_demo_cpp/share/ament_index/resource_index/package_run_dependencies/quality_of_service_demo_cpp
-- Installing: /home/student18/ros2_ws/install/quality_of_service_demo_cpp/share/ament_index/resource_index/parent_prefix_path/quality_of_service_demo_cpp
-- Installing: /home/student18/ros2_ws/install/quality_of_service_demo_cpp/share/quality_of_service_demo_cpp/environment/ament_prefix_path.sh
-- Installing: /home/student18/ros2_ws/install/quality_of_service_demo_cpp/share/quality_of_service_demo_cpp/environment/ament_prefix_path.dsv
-- Installing: /home/student18/ros2_ws/install/quality_of_service_demo_cpp/share/quality_of_service_demo_cpp/environment/path.sh
-- Installing: /home/student18/ros2_ws/install/quality_of_service_demo_cpp/share/quality_of_service_demo_cpp/environment/path.dsv
-- Installing: /home/student18/ros2_ws/install/quality_of_service_demo_cpp/share/quality_of_service_demo_cpp/local_setup.bash
-- Installing: /home/student18/ros2_ws/install/quality_of_service_demo_cpp/share/quality_of_service_demo_cpp/local_setup.sh
-- Installing: /home/student18/ros2_ws/install/quality_of_service_demo_cpp/share/quality_of_service_demo_cpp/local_setup.zsh
-- Installing: /home/student18/ros2_ws/install/quality_of_service_demo_cpp/share/quality_of_service_demo_cpp/local_setup.dsv
-- Installing: /home/student18/ros2_ws/install/quality_of_service_demo_cpp/share/quality_of_service_demo_cpp/package.dsv
-- Installing: /home/student18/ros2_ws/install/quality_of_service_demo_cpp/share/ament_index/resource_index/packages/quality_of_service_demo_cpp
-- Installing: /home/student18/ros2_ws/install/quality_of_service_demo_cpp/share/ament_index/resource_index/rclcpp_components/quality_of_service_demo_cpp
-- Installing: /home/student18/ros2_ws/install/quality_of_service_demo_cpp/share/quality_of_service_demo_cpp/cmake/ament_cmake_export_include_directories-extras.cmake
-- Installing: /home/student18/ros2_ws/install/quality_of_service_demo_cpp/share/quality_of_service_demo_cpp/cmake/quality_of_service_demo_cppConfig.cmake
-- Installing: /home/student18/ros2_ws/install/quality_of_service_demo_cpp/share/quality_of_service_demo_cpp/cmake/quality_of_service_demo_cppConfig-version.cmake
-- Installing: /home/student18/ros2_ws/install/quality_of_service_demo_cpp/share/quality_of_service_demo_cpp/package.xml
