[0.020s] Invoking command in '/home/student18/ros2_ws/build/demo_nodes_cpp_native': CMAKE_PREFIX_PATH=${CMAKE_PREFIX_PATH}:/opt/ros/humble /usr/bin/cmake /home/student18/ros2_ws/src/demos/demo_nodes_cpp_native -DCMAKE_INSTALL_PREFIX=/home/student18/ros2_ws/install/demo_nodes_cpp_native
[0.401s] -- The C compiler identification is GNU 11.4.0
[0.528s] -- The CXX compiler identification is GNU 11.4.0
[0.541s] -- Detecting C compiler ABI info
[0.863s] -- Detecting C compiler ABI info - done
[0.895s] -- Check for working C compiler: /usr/bin/cc - skipped
[0.898s] -- Detecting C compile features
[0.903s] -- Detecting C compile features - done
[0.911s] -- Detecting CXX compiler ABI info
[1.154s] -- Detecting CXX compiler ABI info - done
[1.170s] -- Check for working CXX compiler: /usr/bin/c++ - skipped
[1.170s] -- Detecting CXX compile features
[1.173s] -- Detecting CXX compile features - done
[2.909s] -- Found Python3: /usr/bin/python3 (found version "3.10.12") found components: Interpreter 
[3.367s] -- Found rosidl_generator_c: 3.1.6 (/opt/ros/humble/share/rosidl_generator_c/cmake)
[3.389s] -- Found rosidl_adapter: 3.1.6 (/opt/ros/humble/share/rosidl_adapter/cmake)
[3.429s] -- Found rosidl_generator_cpp: 3.1.6 (/opt/ros/humble/share/rosidl_generator_cpp/cmake)
[3.470s] -- Using all available rosidl_typesupport_c: rosidl_typesupport_fastrtps_c;rosidl_typesupport_introspection_c
[3.518s] -- Using all available rosidl_typesupport_cpp: rosidl_typesupport_fastrtps_cpp;rosidl_typesupport_introspection_cpp
[3.915s] -- Found OpenSSL: /usr/lib/x86_64-linux-gnu/libcrypto.so (found version "3.0.2")  
[4.016s] -- Found FastRTPS: /opt/ros/humble/include  
[4.137s] -- Found rclcpp: 16.0.12 (/opt/ros/humble/share/rclcpp/cmake)
[4.332s] -- Found rmw_implementation_cmake: 6.1.2 (/opt/ros/humble/share/rmw_implementation_cmake/cmake)
[4.333s] -- Using RMW implementation 'rmw_fastrtps_cpp' as default
[4.376s] -- Looking for pthread.h
[4.646s] -- Looking for pthread.h - found
[4.646s] -- Performing Test CMAKE_HAVE_LIBC_PTHREAD
[4.898s] -- Performing Test CMAKE_HAVE_LIBC_PTHREAD - Success
[4.900s] -- Found Threads: TRUE  
[5.118s] -- Found rclcpp_components: 16.0.12 (/opt/ros/humble/share/rclcpp_components/cmake)
[5.277s] -- Found ament_lint_auto: 0.12.12 (/opt/ros/humble/share/ament_lint_auto/cmake)
[5.905s] -- Found python_cmake_module: 0.10.0 (/opt/ros/humble/share/python_cmake_module/cmake)
[5.954s] -- Found PythonInterp: /usr/bin/python3 (found suitable version "3.10.12", minimum required is "3.6") 
[5.960s] -- Found PythonLibs: /usr/lib/x86_64-linux-gnu/libpython3.10.so (found suitable version "3.10.12", minimum required is "3.5") 
[5.961s] -- Using PYTHON_EXECUTABLE: /usr/bin/python3
[5.961s] -- Using PYTHON_INCLUDE_DIRS: /usr/include/python3.10
[5.961s] -- Using PYTHON_LIBRARIES: /usr/lib/x86_64-linux-gnu/libpython3.10.so
[6.007s] -- Found PythonExtra: .so  
[6.060s] -- Added test 'copyright' to check source files copyright and LICENSE
[6.065s] -- Added test 'cppcheck' to perform static code analysis on C / C++ code
[6.069s] -- Configured cppcheck include dirs: /home/student18/ros2_ws/src/demos/demo_nodes_cpp_native/include
[6.069s] -- Configured cppcheck exclude dirs and/or files: 
[6.071s] -- Added test 'cpplint' to check C / C++ code against the Google style
[6.071s] -- Configured cpplint exclude dirs and/or files: 
[6.076s] -- Added test 'lint_cmake' to check CMake code style
[6.079s] -- Added test 'uncrustify' to check C / C++ code style
[6.079s] -- Configured uncrustify additional arguments: 
[6.081s] -- Added test 'xmllint' to check XML markup files
[6.086s] -- Configuring done
[6.207s] -- Generating done
[6.229s] -- Build files have been written to: /home/student18/ros2_ws/build/demo_nodes_cpp_native
[6.258s] Invoked command in '/home/student18/ros2_ws/build/demo_nodes_cpp_native' returned '0': CMAKE_PREFIX_PATH=${CMAKE_PREFIX_PATH}:/opt/ros/humble /usr/bin/cmake /home/student18/ros2_ws/src/demos/demo_nodes_cpp_native -DCMAKE_INSTALL_PREFIX=/home/student18/ros2_ws/install/demo_nodes_cpp_native
[6.259s] Invoking command in '/home/student18/ros2_ws/build/demo_nodes_cpp_native': CMAKE_PREFIX_PATH=${CMAKE_PREFIX_PATH}:/opt/ros/humble /usr/bin/cmake --build /home/student18/ros2_ws/build/demo_nodes_cpp_native -- -j4 -l4
[6.454s] [ 25%] [32mBuilding CXX object CMakeFiles/talker_native.dir/src/talker.cpp.o[0m
[22.963s] [ 50%] [32m[1mLinking CXX shared library libtalker_native.so[0m
[23.913s] [ 50%] Built target talker_native
[23.955s] [ 75%] [32mBuilding CXX object CMakeFiles/talker.dir/rclcpp_components/node_main_talker.cpp.o[0m
[32.074s] [100%] [32m[1mLinking CXX executable talker[0m
[32.547s] [100%] Built target talker
[32.607s] Invoked command in '/home/student18/ros2_ws/build/demo_nodes_cpp_native' returned '0': CMAKE_PREFIX_PATH=${CMAKE_PREFIX_PATH}:/opt/ros/humble /usr/bin/cmake --build /home/student18/ros2_ws/build/demo_nodes_cpp_native -- -j4 -l4
[32.611s] Invoking command in '/home/student18/ros2_ws/build/demo_nodes_cpp_native': CMAKE_PREFIX_PATH=${CMAKE_PREFIX_PATH}:/opt/ros/humble /usr/bin/cmake --install /home/student18/ros2_ws/build/demo_nodes_cpp_native
[32.642s] -- Install configuration: ""
[32.643s] -- Installing: /home/student18/ros2_ws/install/demo_nodes_cpp_native/lib/demo_nodes_cpp_native/talker
[32.644s] -- Set runtime path of "/home/student18/ros2_ws/install/demo_nodes_cpp_native/lib/demo_nodes_cpp_native/talker" to ""
[32.645s] -- Installing: /home/student18/ros2_ws/install/demo_nodes_cpp_native/lib/libtalker_native.so
[32.652s] -- Set runtime path of "/home/student18/ros2_ws/install/demo_nodes_cpp_native/lib/libtalker_native.so" to ""
[32.652s] -- Installing: /home/student18/ros2_ws/install/demo_nodes_cpp_native/share/ament_index/resource_index/package_run_dependencies/demo_nodes_cpp_native
[32.654s] -- Installing: /home/student18/ros2_ws/install/demo_nodes_cpp_native/share/ament_index/resource_index/parent_prefix_path/demo_nodes_cpp_native
[32.654s] -- Installing: /home/student18/ros2_ws/install/demo_nodes_cpp_native/share/demo_nodes_cpp_native/environment/ament_prefix_path.sh
[32.655s] -- Installing: /home/student18/ros2_ws/install/demo_nodes_cpp_native/share/demo_nodes_cpp_native/environment/ament_prefix_path.dsv
[32.658s] -- Installing: /home/student18/ros2_ws/install/demo_nodes_cpp_native/share/demo_nodes_cpp_native/environment/path.sh
[32.658s] -- Installing: /home/student18/ros2_ws/install/demo_nodes_cpp_native/share/demo_nodes_cpp_native/environment/path.dsv
[32.659s] -- Installing: /home/student18/ros2_ws/install/demo_nodes_cpp_native/share/demo_nodes_cpp_native/local_setup.bash
[32.659s] -- Installing: /home/student18/ros2_ws/install/demo_nodes_cpp_native/share/demo_nodes_cpp_native/local_setup.sh
[32.660s] -- Installing: /home/student18/ros2_ws/install/demo_nodes_cpp_native/share/demo_nodes_cpp_native/local_setup.zsh
[32.660s] -- Installing: /home/student18/ros2_ws/install/demo_nodes_cpp_native/share/demo_nodes_cpp_native/local_setup.dsv
[32.663s] -- Installing: /home/student18/ros2_ws/install/demo_nodes_cpp_native/share/demo_nodes_cpp_native/package.dsv
[32.663s] -- Installing: /home/student18/ros2_ws/install/demo_nodes_cpp_native/share/ament_index/resource_index/packages/demo_nodes_cpp_native
[32.663s] -- Installing: /home/student18/ros2_ws/install/demo_nodes_cpp_native/share/ament_index/resource_index/rclcpp_components/demo_nodes_cpp_native
[32.665s] -- Installing: /home/student18/ros2_ws/install/demo_nodes_cpp_native/share/demo_nodes_cpp_native/cmake/demo_nodes_cpp_nativeConfig.cmake
[32.665s] -- Installing: /home/student18/ros2_ws/install/demo_nodes_cpp_native/share/demo_nodes_cpp_native/cmake/demo_nodes_cpp_nativeConfig-version.cmake
[32.665s] -- Installing: /home/student18/ros2_ws/install/demo_nodes_cpp_native/share/demo_nodes_cpp_native/package.xml
[32.671s] Invoked command in '/home/student18/ros2_ws/build/demo_nodes_cpp_native' returned '0': CMAKE_PREFIX_PATH=${CMAKE_PREFIX_PATH}:/opt/ros/humble /usr/bin/cmake --install /home/student18/ros2_ws/build/demo_nodes_cpp_native
