[35m[1mConsolidate compiler generated dependencies of target cam2image[0m
[35m[1mConsolidate compiler generated dependencies of target showimage[0m
[35m[1mConsolidate compiler generated dependencies of target image_tools[0m
[ 22%] Built target cam2image
[ 44%] Built target showimage
[100%] Built target image_tools
-- Install configuration: ""
-- Up-to-date: /home/student18/ros2_ws/install/image_tools/lib/image_tools/cam2image
-- Up-to-date: /home/student18/ros2_ws/install/image_tools/lib/image_tools/showimage
-- Up-to-date: /home/student18/ros2_ws/install/image_tools/lib/libimage_tools.so
-- Up-to-date: /home/student18/ros2_ws/install/image_tools/include/image_tools
-- Up-to-date: /home/student18/ros2_ws/install/image_tools/include/image_tools/image_tools
-- Up-to-date: /home/student18/ros2_ws/install/image_tools/include/image_tools/image_tools/visibility_control.h
-- Up-to-date: /home/student18/ros2_ws/install/image_tools/include/image_tools/image_tools/cv_mat_sensor_msgs_image_type_adapter.hpp
-- Up-to-date: /home/student18/ros2_ws/install/image_tools/share/image_tools/environment/library_path.sh
-- Up-to-date: /home/student18/ros2_ws/install/image_tools/share/image_tools/environment/library_path.dsv
-- Up-to-date: /home/student18/ros2_ws/install/image_tools/share/ament_index/resource_index/package_run_dependencies/image_tools
-- Up-to-date: /home/student18/ros2_ws/install/image_tools/share/ament_index/resource_index/parent_prefix_path/image_tools
-- Up-to-date: /home/student18/ros2_ws/install/image_tools/share/image_tools/environment/ament_prefix_path.sh
-- Up-to-date: /home/student18/ros2_ws/install/image_tools/share/image_tools/environment/ament_prefix_path.dsv
-- Up-to-date: /home/student18/ros2_ws/install/image_tools/share/image_tools/environment/path.sh
-- Up-to-date: /home/student18/ros2_ws/install/image_tools/share/image_tools/environment/path.dsv
-- Up-to-date: /home/student18/ros2_ws/install/image_tools/share/image_tools/local_setup.bash
-- Up-to-date: /home/student18/ros2_ws/install/image_tools/share/image_tools/local_setup.sh
-- Up-to-date: /home/student18/ros2_ws/install/image_tools/share/image_tools/local_setup.zsh
-- Up-to-date: /home/student18/ros2_ws/install/image_tools/share/image_tools/local_setup.dsv
-- Installing: /home/student18/ros2_ws/install/image_tools/share/image_tools/package.dsv
-- Up-to-date: /home/student18/ros2_ws/install/image_tools/share/ament_index/resource_index/packages/image_tools
-- Up-to-date: /home/student18/ros2_ws/install/image_tools/share/ament_index/resource_index/rclcpp_components/image_tools
-- Up-to-date: /home/student18/ros2_ws/install/image_tools/share/image_tools/cmake/image_toolsExport.cmake
-- Up-to-date: /home/student18/ros2_ws/install/image_tools/share/image_tools/cmake/image_toolsExport-noconfig.cmake
-- Up-to-date: /home/student18/ros2_ws/install/image_tools/share/image_tools/cmake/ament_cmake_export_libraries-extras.cmake
-- Up-to-date: /home/student18/ros2_ws/install/image_tools/share/image_tools/cmake/ament_cmake_export_targets-extras.cmake
-- Up-to-date: /home/student18/ros2_ws/install/image_tools/share/image_tools/cmake/ament_cmake_export_dependencies-extras.cmake
-- Up-to-date: /home/student18/ros2_ws/install/image_tools/share/image_tools/cmake/image_toolsConfig.cmake
-- Up-to-date: /home/student18/ros2_ws/install/image_tools/share/image_tools/cmake/image_toolsConfig-version.cmake
-- Up-to-date: /home/student18/ros2_ws/install/image_tools/share/image_tools/package.xml
