[0.006s] Invoking command in '/home/student18/ros2_ws/build/image_tools': CMAKE_PREFIX_PATH=/opt/ros/humble /usr/bin/cmake --build /home/student18/ros2_ws/build/image_tools -- -j4 -l4
[0.066s] [35m[1mConsolidate compiler generated dependencies of target cam2image[0m
[0.066s] [35m[1mConsolidate compiler generated dependencies of target showimage[0m
[0.068s] [35m[1mConsolidate compiler generated dependencies of target image_tools[0m
[0.086s] [ 22%] Built target cam2image
[0.094s] [ 44%] Built target showimage
[0.099s] [100%] Built target image_tools
[0.110s] Invoked command in '/home/student18/ros2_ws/build/image_tools' returned '0': CMAKE_PREFIX_PATH=/opt/ros/humble /usr/bin/cmake --build /home/student18/ros2_ws/build/image_tools -- -j4 -l4
[0.112s] Invoking command in '/home/student18/ros2_ws/build/image_tools': CMAKE_PREFIX_PATH=/opt/ros/humble /usr/bin/cmake --install /home/student18/ros2_ws/build/image_tools
[0.120s] -- Install configuration: ""
[0.121s] -- Up-to-date: /home/student18/ros2_ws/install/image_tools/lib/image_tools/cam2image
[0.121s] -- Up-to-date: /home/student18/ros2_ws/install/image_tools/lib/image_tools/showimage
[0.122s] -- Up-to-date: /home/student18/ros2_ws/install/image_tools/lib/libimage_tools.so
[0.122s] -- Up-to-date: /home/student18/ros2_ws/install/image_tools/include/image_tools
[0.122s] -- Up-to-date: /home/student18/ros2_ws/install/image_tools/include/image_tools/image_tools
[0.122s] -- Up-to-date: /home/student18/ros2_ws/install/image_tools/include/image_tools/image_tools/visibility_control.h
[0.123s] -- Up-to-date: /home/student18/ros2_ws/install/image_tools/include/image_tools/image_tools/cv_mat_sensor_msgs_image_type_adapter.hpp
[0.123s] -- Up-to-date: /home/student18/ros2_ws/install/image_tools/share/image_tools/environment/library_path.sh
[0.123s] -- Up-to-date: /home/student18/ros2_ws/install/image_tools/share/image_tools/environment/library_path.dsv
[0.123s] -- Up-to-date: /home/student18/ros2_ws/install/image_tools/share/ament_index/resource_index/package_run_dependencies/image_tools
[0.124s] -- Up-to-date: /home/student18/ros2_ws/install/image_tools/share/ament_index/resource_index/parent_prefix_path/image_tools
[0.124s] -- Up-to-date: /home/student18/ros2_ws/install/image_tools/share/image_tools/environment/ament_prefix_path.sh
[0.124s] -- Up-to-date: /home/student18/ros2_ws/install/image_tools/share/image_tools/environment/ament_prefix_path.dsv
[0.124s] -- Up-to-date: /home/student18/ros2_ws/install/image_tools/share/image_tools/environment/path.sh
[0.125s] -- Up-to-date: /home/student18/ros2_ws/install/image_tools/share/image_tools/environment/path.dsv
[0.125s] -- Up-to-date: /home/student18/ros2_ws/install/image_tools/share/image_tools/local_setup.bash
[0.125s] -- Up-to-date: /home/student18/ros2_ws/install/image_tools/share/image_tools/local_setup.sh
[0.125s] -- Up-to-date: /home/student18/ros2_ws/install/image_tools/share/image_tools/local_setup.zsh
[0.125s] -- Up-to-date: /home/student18/ros2_ws/install/image_tools/share/image_tools/local_setup.dsv
[0.126s] -- Installing: /home/student18/ros2_ws/install/image_tools/share/image_tools/package.dsv
[0.126s] -- Up-to-date: /home/student18/ros2_ws/install/image_tools/share/ament_index/resource_index/packages/image_tools
[0.126s] -- Up-to-date: /home/student18/ros2_ws/install/image_tools/share/ament_index/resource_index/rclcpp_components/image_tools
[0.126s] -- Up-to-date: /home/student18/ros2_ws/install/image_tools/share/image_tools/cmake/image_toolsExport.cmake
[0.126s] -- Up-to-date: /home/student18/ros2_ws/install/image_tools/share/image_tools/cmake/image_toolsExport-noconfig.cmake
[0.126s] -- Up-to-date: /home/student18/ros2_ws/install/image_tools/share/image_tools/cmake/ament_cmake_export_libraries-extras.cmake
[0.126s] -- Up-to-date: /home/student18/ros2_ws/install/image_tools/share/image_tools/cmake/ament_cmake_export_targets-extras.cmake
[0.126s] -- Up-to-date: /home/student18/ros2_ws/install/image_tools/share/image_tools/cmake/ament_cmake_export_dependencies-extras.cmake
[0.126s] -- Up-to-date: /home/student18/ros2_ws/install/image_tools/share/image_tools/cmake/image_toolsConfig.cmake
[0.127s] -- Up-to-date: /home/student18/ros2_ws/install/image_tools/share/image_tools/cmake/image_toolsConfig-version.cmake
[0.127s] -- Up-to-date: /home/student18/ros2_ws/install/image_tools/share/image_tools/package.xml
[0.128s] Invoked command in '/home/student18/ros2_ws/build/image_tools' returned '0': CMAKE_PREFIX_PATH=/opt/ros/humble /usr/bin/cmake --install /home/student18/ros2_ws/build/image_tools
