[0.017s] Invoking command in '/home/student18/ros2_ws/build/turtlesim': CMAKE_PREFIX_PATH=/opt/ros/humble /usr/bin/cmake /home/student18/ros2_ws/src/ros_tutorials/turtlesim -DCMAKE_INSTALL_PREFIX=/home/student18/ros2_ws/install/turtlesim
[0.257s] -- The C compiler identification is GNU 11.4.0
[0.407s] -- The CXX compiler identification is GNU 11.4.0
[0.422s] -- Detecting C compiler ABI info
[0.529s] -- Detecting C compiler ABI info - done
[0.544s] -- Check for working C compiler: /usr/bin/cc - skipped
[0.544s] -- Detecting C compile features
[0.546s] -- Detecting C compile features - done
[0.553s] -- Detecting CXX compiler ABI info
[0.652s] -- Detecting CXX compiler ABI info - done
[0.661s] -- Check for working CXX compiler: /usr/bin/c++ - skipped
[0.661s] -- Detecting CXX compile features
[0.661s] -- Detecting CXX compile features - done
[0.679s] -- Found ament_cmake: 1.3.11 (/opt/ros/humble/share/ament_cmake/cmake)
[1.126s] -- Found Python3: /usr/bin/python3 (found version "3.10.12") found components: Interpreter 
[1.271s] -- Found ament_index_cpp: 1.4.0 (/opt/ros/humble/share/ament_index_cpp/cmake)
[1.275s] -- Found geometry_msgs: 4.9.0 (/opt/ros/humble/share/geometry_msgs/cmake)
[1.351s] -- Found rosidl_generator_c: 3.1.6 (/opt/ros/humble/share/rosidl_generator_c/cmake)
[1.360s] -- Found rosidl_adapter: 3.1.6 (/opt/ros/humble/share/rosidl_adapter/cmake)
[1.376s] -- Found rosidl_generator_cpp: 3.1.6 (/opt/ros/humble/share/rosidl_generator_cpp/cmake)
[1.401s] -- Using all available rosidl_typesupport_c: rosidl_typesupport_fastrtps_c;rosidl_typesupport_introspection_c
[1.430s] -- Using all available rosidl_typesupport_cpp: rosidl_typesupport_fastrtps_cpp;rosidl_typesupport_introspection_cpp
[1.551s] -- Found rclcpp: 16.0.12 (/opt/ros/humble/share/rclcpp/cmake)
[1.636s] -- Found rmw_implementation_cmake: 6.1.2 (/opt/ros/humble/share/rmw_implementation_cmake/cmake)
[1.643s] -- Found rmw_fastrtps_cpp: 6.2.7 (/opt/ros/humble/share/rmw_fastrtps_cpp/cmake)
[1.783s] -- Found OpenSSL: /usr/lib/x86_64-linux-gnu/libcrypto.so (found version "3.0.2")  
[1.811s] -- Found FastRTPS: /opt/ros/humble/include  
[1.852s] -- Using RMW implementation 'rmw_fastrtps_cpp' as default
[1.869s] -- Looking for pthread.h
[1.972s] -- Looking for pthread.h - found
[1.973s] -- Performing Test CMAKE_HAVE_LIBC_PTHREAD
[2.066s] -- Performing Test CMAKE_HAVE_LIBC_PTHREAD - Success
[2.067s] -- Found Threads: TRUE  
[2.138s] -- Found rclcpp_action: 16.0.12 (/opt/ros/humble/share/rclcpp_action/cmake)
[2.215s] -- Found rosidl_default_generators: 1.2.0 (/opt/ros/humble/share/rosidl_default_generators/cmake)
[2.230s] -- Found std_srvs: 4.9.0 (/opt/ros/humble/share/std_srvs/cmake)
[2.643s] -- Found ament_cmake_ros: 0.10.0 (/opt/ros/humble/share/ament_cmake_ros/cmake)
[3.043s] -- Using all available rosidl_typesupport_c: rosidl_typesupport_fastrtps_c;rosidl_typesupport_introspection_c
[3.182s] -- Using all available rosidl_typesupport_cpp: rosidl_typesupport_fastrtps_cpp;rosidl_typesupport_introspection_cpp
[3.207s] -- Found PythonInterp: /usr/bin/python3 (found suitable version "3.10.12", minimum required is "3.6") 
[3.209s] -- Found python_cmake_module: 0.10.0 (/opt/ros/humble/share/python_cmake_module/cmake)
[3.241s] -- Found PythonLibs: /usr/lib/x86_64-linux-gnu/libpython3.10.so (found suitable version "3.10.12", minimum required is "3.5") 
[3.241s] -- Using PYTHON_EXECUTABLE: /usr/bin/python3
[3.241s] -- Using PYTHON_INCLUDE_DIRS: /usr/include/python3.10
[3.241s] -- Using PYTHON_LIBRARIES: /usr/lib/x86_64-linux-gnu/libpython3.10.so
[3.265s] -- Found PythonExtra: .so  
[3.338s] -- Configuring done
[3.415s] -- Generating done
[3.439s] -- Build files have been written to: /home/student18/ros2_ws/build/turtlesim
[3.453s] Invoked command in '/home/student18/ros2_ws/build/turtlesim' returned '0': CMAKE_PREFIX_PATH=/opt/ros/humble /usr/bin/cmake /home/student18/ros2_ws/src/ros_tutorials/turtlesim -DCMAKE_INSTALL_PREFIX=/home/student18/ros2_ws/install/turtlesim
[3.456s] Invoking command in '/home/student18/ros2_ws/build/turtlesim': CMAKE_PREFIX_PATH=/opt/ros/humble /usr/bin/cmake --build /home/student18/ros2_ws/build/turtlesim -- -j4 -l4
[3.518s] [  1%] [34m[1mGenerating C++ code for ROS interfaces[0m
[3.519s] [  2%] [34m[1mGenerating C code for ROS interfaces[0m
[3.547s] [  2%] Built target ament_cmake_python_copy_turtlesim
[3.972s] running egg_info
[4.005s] creating turtlesim.egg-info
[4.005s] writing turtlesim.egg-info/PKG-INFO
[4.005s] writing dependency_links to turtlesim.egg-info/dependency_links.txt
[4.006s] writing top-level names to turtlesim.egg-info/top_level.txt
[4.020s] /usr/lib/python3/dist-packages/pbr/git.py:28: UserWarning: pkg_resources is deprecated as an API. See https://setuptools.pypa.io/en/latest/pkg_resources.html. The pkg_resources package is slated for removal as early as 2025-11-30. Refrain from using this package or pin to Setuptools<81.
[4.020s]   import pkg_resources
[4.183s] writing manifest file 'turtlesim.egg-info/SOURCES.txt'
[4.278s] reading manifest file 'turtlesim.egg-info/SOURCES.txt'
[4.280s] writing manifest file 'turtlesim.egg-info/SOURCES.txt'
[4.329s] [  2%] Built target ament_cmake_python_build_turtlesim_egg
[4.846s] [  2%] Built target turtlesim__cpp
[4.864s] [  3%] [34m[1mGenerating C++ type support dispatch for ROS interfaces[0m
[4.866s] [  4%] [34m[1mGenerating C++ introspection for ROS interfaces[0m
[4.869s] [  5%] [34m[1mGenerating C++ type support for eProsima Fast-RTPS[0m
[5.669s] [  6%] [32mBuilding C object CMakeFiles/turtlesim__rosidl_generator_c.dir/rosidl_generator_c/turtlesim/action/detail/rotate_absolute__functions.c.o[0m
[5.998s] [  7%] [32mBuilding C object CMakeFiles/turtlesim__rosidl_generator_c.dir/rosidl_generator_c/turtlesim/msg/detail/color__functions.c.o[0m
[6.086s] [  8%] [32mBuilding C object CMakeFiles/turtlesim__rosidl_generator_c.dir/rosidl_generator_c/turtlesim/msg/detail/pose__functions.c.o[0m
[6.109s] [  9%] [32mBuilding CXX object CMakeFiles/turtlesim__rosidl_typesupport_cpp.dir/rosidl_typesupport_cpp/turtlesim/action/rotate_absolute__type_support.cpp.o[0m
[6.163s] [ 10%] [32mBuilding C object CMakeFiles/turtlesim__rosidl_generator_c.dir/rosidl_generator_c/turtlesim/srv/detail/kill__functions.c.o[0m
[6.260s] [ 11%] [32mBuilding C object CMakeFiles/turtlesim__rosidl_generator_c.dir/rosidl_generator_c/turtlesim/srv/detail/set_pen__functions.c.o[0m
[6.359s] [ 12%] [32mBuilding C object CMakeFiles/turtlesim__rosidl_generator_c.dir/rosidl_generator_c/turtlesim/srv/detail/spawn__functions.c.o[0m
[6.463s] [ 13%] [32mBuilding C object CMakeFiles/turtlesim__rosidl_generator_c.dir/rosidl_generator_c/turtlesim/srv/detail/teleport_absolute__functions.c.o[0m
[6.489s] [ 14%] [32mBuilding CXX object CMakeFiles/turtlesim__rosidl_typesupport_introspection_cpp.dir/rosidl_typesupport_introspection_cpp/turtlesim/action/detail/rotate_absolute__type_support.cpp.o[0m
[6.561s] [ 15%] [32mBuilding C object CMakeFiles/turtlesim__rosidl_generator_c.dir/rosidl_generator_c/turtlesim/srv/detail/teleport_relative__functions.c.o[0m
[6.665s] [ 16%] [32m[1mLinking C shared library libturtlesim__rosidl_generator_c.so[0m
[6.737s] [ 16%] Built target turtlesim__rosidl_generator_c
[6.767s] [ 17%] [32mBuilding CXX object CMakeFiles/turtlesim__rosidl_typesupport_cpp.dir/rosidl_typesupport_cpp/turtlesim/msg/color__type_support.cpp.o[0m
[6.807s] [ 18%] [32mBuilding CXX object CMakeFiles/turtlesim__rosidl_typesupport_fastrtps_cpp.dir/rosidl_typesupport_fastrtps_cpp/turtlesim/action/detail/dds_fastrtps/rotate_absolute__type_support.cpp.o[0m
[7.103s] [ 19%] [32mBuilding CXX object CMakeFiles/turtlesim__rosidl_typesupport_introspection_cpp.dir/rosidl_typesupport_introspection_cpp/turtlesim/msg/detail/color__type_support.cpp.o[0m
[7.311s] [ 20%] [32mBuilding CXX object CMakeFiles/turtlesim__rosidl_typesupport_cpp.dir/rosidl_typesupport_cpp/turtlesim/msg/pose__type_support.cpp.o[0m
[7.610s] [ 21%] [34m[1mGenerating C type support for eProsima Fast-RTPS[0m
[7.785s] [ 23%] [32mBuilding CXX object CMakeFiles/turtlesim__rosidl_typesupport_cpp.dir/rosidl_typesupport_cpp/turtlesim/srv/kill__type_support.cpp.o[0m
[7.786s] [ 23%] [32mBuilding CXX object CMakeFiles/turtlesim__rosidl_typesupport_introspection_cpp.dir/rosidl_typesupport_introspection_cpp/turtlesim/msg/detail/pose__type_support.cpp.o[0m
[7.939s] [ 24%] [32mBuilding CXX object CMakeFiles/turtlesim__rosidl_typesupport_fastrtps_cpp.dir/rosidl_typesupport_fastrtps_cpp/turtlesim/msg/detail/dds_fastrtps/color__type_support.cpp.o[0m
[8.298s] [ 25%] [32mBuilding CXX object CMakeFiles/turtlesim__rosidl_typesupport_cpp.dir/rosidl_typesupport_cpp/turtlesim/srv/set_pen__type_support.cpp.o[0m
[8.507s] [ 26%] [32mBuilding CXX object CMakeFiles/turtlesim__rosidl_typesupport_introspection_cpp.dir/rosidl_typesupport_introspection_cpp/turtlesim/srv/detail/kill__type_support.cpp.o[0m
[8.723s] [ 27%] [32mBuilding CXX object CMakeFiles/turtlesim__rosidl_typesupport_fastrtps_cpp.dir/rosidl_typesupport_fastrtps_cpp/turtlesim/msg/detail/dds_fastrtps/pose__type_support.cpp.o[0m
[8.781s] [ 28%] [32mBuilding CXX object CMakeFiles/turtlesim__rosidl_typesupport_cpp.dir/rosidl_typesupport_cpp/turtlesim/srv/spawn__type_support.cpp.o[0m
[9.266s] [ 29%] [32mBuilding CXX object CMakeFiles/turtlesim__rosidl_typesupport_introspection_cpp.dir/rosidl_typesupport_introspection_cpp/turtlesim/srv/detail/set_pen__type_support.cpp.o[0m
[9.282s] [ 30%] [32mBuilding CXX object CMakeFiles/turtlesim__rosidl_typesupport_cpp.dir/rosidl_typesupport_cpp/turtlesim/srv/teleport_absolute__type_support.cpp.o[0m
[9.468s] [ 31%] [32mBuilding CXX object CMakeFiles/turtlesim__rosidl_typesupport_fastrtps_c.dir/rosidl_typesupport_fastrtps_c/turtlesim/action/detail/rotate_absolute__type_support_c.cpp.o[0m
[9.503s] [ 32%] [32mBuilding CXX object CMakeFiles/turtlesim__rosidl_typesupport_fastrtps_cpp.dir/rosidl_typesupport_fastrtps_cpp/turtlesim/srv/detail/dds_fastrtps/kill__type_support.cpp.o[0m
[9.807s] [ 33%] [32mBuilding CXX object CMakeFiles/turtlesim__rosidl_typesupport_cpp.dir/rosidl_typesupport_cpp/turtlesim/srv/teleport_relative__type_support.cpp.o[0m
[9.935s] [ 34%] [32mBuilding CXX object CMakeFiles/turtlesim__rosidl_typesupport_introspection_cpp.dir/rosidl_typesupport_introspection_cpp/turtlesim/srv/detail/spawn__type_support.cpp.o[0m
[10.240s] [ 35%] [32mBuilding CXX object CMakeFiles/turtlesim__rosidl_typesupport_fastrtps_c.dir/rosidl_typesupport_fastrtps_c/turtlesim/msg/detail/color__type_support_c.cpp.o[0m
[10.286s] [ 36%] [32mBuilding CXX object CMakeFiles/turtlesim__rosidl_typesupport_fastrtps_cpp.dir/rosidl_typesupport_fastrtps_cpp/turtlesim/srv/detail/dds_fastrtps/set_pen__type_support.cpp.o[0m
[10.338s] [ 37%] [32m[1mLinking CXX shared library libturtlesim__rosidl_typesupport_cpp.so[0m
[10.418s] [ 37%] Built target turtlesim__rosidl_typesupport_cpp
[10.434s] [ 38%] [32mBuilding CXX object CMakeFiles/turtlesim__rosidl_typesupport_introspection_cpp.dir/rosidl_typesupport_introspection_cpp/turtlesim/srv/detail/teleport_absolute__type_support.cpp.o[0m
[10.640s] [ 39%] [34m[1mGenerating C introspection for ROS interfaces[0m
[10.866s] [ 40%] [32mBuilding CXX object CMakeFiles/turtlesim__rosidl_typesupport_fastrtps_c.dir/rosidl_typesupport_fastrtps_c/turtlesim/msg/detail/pose__type_support_c.cpp.o[0m
[11.045s] [ 41%] [32mBuilding CXX object CMakeFiles/turtlesim__rosidl_typesupport_fastrtps_cpp.dir/rosidl_typesupport_fastrtps_cpp/turtlesim/srv/detail/dds_fastrtps/spawn__type_support.cpp.o[0m
[11.169s] [ 42%] [32mBuilding CXX object CMakeFiles/turtlesim__rosidl_typesupport_introspection_cpp.dir/rosidl_typesupport_introspection_cpp/turtlesim/srv/detail/teleport_relative__type_support.cpp.o[0m
[11.495s] [ 43%] [32mBuilding CXX object CMakeFiles/turtlesim__rosidl_typesupport_fastrtps_c.dir/rosidl_typesupport_fastrtps_c/turtlesim/srv/detail/kill__type_support_c.cpp.o[0m
[11.812s] [ 44%] [32mBuilding CXX object CMakeFiles/turtlesim__rosidl_typesupport_fastrtps_cpp.dir/rosidl_typesupport_fastrtps_cpp/turtlesim/srv/detail/dds_fastrtps/teleport_absolute__type_support.cpp.o[0m
[11.921s] [ 45%] [32m[1mLinking CXX shared library libturtlesim__rosidl_typesupport_introspection_cpp.so[0m
[12.060s] [ 45%] Built target turtlesim__rosidl_typesupport_introspection_cpp
[12.079s] [ 46%] [34m[1mGenerating C type support dispatch for ROS interfaces[0m
[12.154s] [ 47%] [32mBuilding CXX object CMakeFiles/turtlesim__rosidl_typesupport_fastrtps_c.dir/rosidl_typesupport_fastrtps_c/turtlesim/srv/detail/set_pen__type_support_c.cpp.o[0m
[12.370s] [ 48%] [32mBuilding C object CMakeFiles/turtlesim__rosidl_typesupport_introspection_c.dir/rosidl_typesupport_introspection_c/turtlesim/action/detail/rotate_absolute__type_support.c.o[0m
[12.476s] [ 49%] [32mBuilding C object CMakeFiles/turtlesim__rosidl_typesupport_introspection_c.dir/rosidl_typesupport_introspection_c/turtlesim/msg/detail/color__type_support.c.o[0m
[12.537s] [ 50%] [32mBuilding C object CMakeFiles/turtlesim__rosidl_typesupport_introspection_c.dir/rosidl_typesupport_introspection_c/turtlesim/msg/detail/pose__type_support.c.o[0m
[12.584s] [ 51%] [32mBuilding CXX object CMakeFiles/turtlesim__rosidl_typesupport_fastrtps_cpp.dir/rosidl_typesupport_fastrtps_cpp/turtlesim/srv/detail/dds_fastrtps/teleport_relative__type_support.cpp.o[0m
[12.598s] [ 52%] [32mBuilding C object CMakeFiles/turtlesim__rosidl_typesupport_introspection_c.dir/rosidl_typesupport_introspection_c/turtlesim/srv/detail/kill__type_support.c.o[0m
[12.665s] [ 53%] [32mBuilding C object CMakeFiles/turtlesim__rosidl_typesupport_introspection_c.dir/rosidl_typesupport_introspection_c/turtlesim/srv/detail/set_pen__type_support.c.o[0m
[12.729s] [ 54%] [32mBuilding C object CMakeFiles/turtlesim__rosidl_typesupport_introspection_c.dir/rosidl_typesupport_introspection_c/turtlesim/srv/detail/spawn__type_support.c.o[0m
[12.795s] [ 55%] [32mBuilding C object CMakeFiles/turtlesim__rosidl_typesupport_introspection_c.dir/rosidl_typesupport_introspection_c/turtlesim/srv/detail/teleport_absolute__type_support.c.o[0m
[12.860s] [ 56%] [32mBuilding C object CMakeFiles/turtlesim__rosidl_typesupport_introspection_c.dir/rosidl_typesupport_introspection_c/turtlesim/srv/detail/teleport_relative__type_support.c.o[0m
[12.864s] [ 57%] [32mBuilding CXX object CMakeFiles/turtlesim__rosidl_typesupport_fastrtps_c.dir/rosidl_typesupport_fastrtps_c/turtlesim/srv/detail/spawn__type_support_c.cpp.o[0m
[12.925s] [ 58%] [32m[1mLinking C shared library libturtlesim__rosidl_typesupport_introspection_c.so[0m
[12.983s] [ 58%] Built target turtlesim__rosidl_typesupport_introspection_c
[13.003s] [ 59%] [34m[1mGenerating include/turtlesim/moc_turtle_frame.cpp[0m
[13.206s] [ 60%] [32mBuilding CXX object CMakeFiles/turtlesim_node.dir/src/turtlesim.cpp.o[0m
[13.214s] [ 61%] [32mBuilding CXX object CMakeFiles/turtlesim__rosidl_typesupport_c.dir/rosidl_typesupport_c/turtlesim/action/rotate_absolute__type_support.cpp.o[0m
[13.310s] [ 62%] [32mBuilding CXX object CMakeFiles/turtlesim__rosidl_typesupport_c.dir/rosidl_typesupport_c/turtlesim/msg/color__type_support.cpp.o[0m
[13.359s] [ 63%] [32m[1mLinking CXX shared library libturtlesim__rosidl_typesupport_fastrtps_cpp.so[0m
[13.363s] [ 64%] [32mBuilding CXX object CMakeFiles/turtlesim__rosidl_typesupport_c.dir/rosidl_typesupport_c/turtlesim/msg/pose__type_support.cpp.o[0m
[13.412s] [ 65%] [32mBuilding CXX object CMakeFiles/turtlesim__rosidl_typesupport_c.dir/rosidl_typesupport_c/turtlesim/srv/kill__type_support.cpp.o[0m
[13.472s] [ 66%] [32mBuilding CXX object CMakeFiles/turtlesim__rosidl_typesupport_c.dir/rosidl_typesupport_c/turtlesim/srv/set_pen__type_support.cpp.o[0m
[13.537s] [ 66%] Built target turtlesim__rosidl_typesupport_fastrtps_cpp
[13.538s] [ 67%] [32mBuilding CXX object CMakeFiles/turtlesim__rosidl_typesupport_fastrtps_c.dir/rosidl_typesupport_fastrtps_c/turtlesim/srv/detail/teleport_absolute__type_support_c.cpp.o[0m
[13.547s] [ 68%] [32mBuilding CXX object CMakeFiles/turtlesim__rosidl_typesupport_c.dir/rosidl_typesupport_c/turtlesim/srv/spawn__type_support.cpp.o[0m
[13.551s] [ 69%] [32mBuilding CXX object CMakeFiles/turtlesim__rosidl_typesupport_c.dir/rosidl_typesupport_c/turtlesim/srv/teleport_absolute__type_support.cpp.o[0m
[13.608s] [ 70%] [32mBuilding CXX object CMakeFiles/turtlesim__rosidl_typesupport_c.dir/rosidl_typesupport_c/turtlesim/srv/teleport_relative__type_support.cpp.o[0m
[13.623s] [ 71%] [32mBuilding CXX object CMakeFiles/turtle_teleop_key.dir/tutorials/teleop_turtle_key.cpp.o[0m
[13.668s] [ 72%] [32m[1mLinking CXX shared library libturtlesim__rosidl_typesupport_c.so[0m
[13.738s] [ 72%] Built target turtlesim__rosidl_typesupport_c
[13.751s] [ 73%] [32mBuilding CXX object CMakeFiles/turtlesim_node.dir/src/turtle.cpp.o[0m
[14.192s] [ 74%] [32mBuilding CXX object CMakeFiles/turtlesim__rosidl_typesupport_fastrtps_c.dir/rosidl_typesupport_fastrtps_c/turtlesim/srv/detail/teleport_relative__type_support_c.cpp.o[0m
[14.847s] [ 75%] [32m[1mLinking CXX shared library libturtlesim__rosidl_typesupport_fastrtps_c.so[0m
[14.994s] [ 75%] Built target turtlesim__rosidl_typesupport_fastrtps_c
[15.031s] [ 76%] [32mBuilding CXX object CMakeFiles/draw_square.dir/tutorials/draw_square.cpp.o[0m
[22.356s] [ 77%] [32mBuilding CXX object CMakeFiles/turtlesim_node.dir/src/turtle_frame.cpp.o[0m
[26.694s] [ 78%] [32m[1mLinking CXX executable turtle_teleop_key[0m
[27.293s] [ 78%] Built target turtle_teleop_key
[27.330s] [ 79%] [32mBuilding CXX object CMakeFiles/mimic.dir/tutorials/mimic.cpp.o[0m
[32.795s] [ 80%] [32m[1mLinking CXX executable draw_square[0m
[33.602s] [ 80%] Built target draw_square
[33.617s] [ 81%] [32mBuilding CXX object CMakeFiles/turtlesim_node.dir/include/turtlesim/moc_turtle_frame.cpp.o[0m
[37.229s] [ 81%] Built target turtlesim
[37.261s] [ 82%] [34m[1mGenerating Python code for ROS interfaces[0m
[41.322s] [ 82%] Built target turtlesim__py
[41.358s] [ 83%] [32mBuilding C object CMakeFiles/turtlesim__rosidl_generator_py.dir/rosidl_generator_py/turtlesim/action/_rotate_absolute_s.c.o[0m
[41.699s] [ 84%] [32mBuilding C object CMakeFiles/turtlesim__rosidl_generator_py.dir/rosidl_generator_py/turtlesim/msg/_color_s.c.o[0m
[41.853s] [ 85%] [32mBuilding C object CMakeFiles/turtlesim__rosidl_generator_py.dir/rosidl_generator_py/turtlesim/msg/_pose_s.c.o[0m
[41.918s] [ 86%] [32mBuilding C object CMakeFiles/turtlesim__rosidl_generator_py.dir/rosidl_generator_py/turtlesim/srv/_kill_s.c.o[0m
[42.061s] [ 87%] [32mBuilding C object CMakeFiles/turtlesim__rosidl_generator_py.dir/rosidl_generator_py/turtlesim/srv/_set_pen_s.c.o[0m
[42.116s] [ 88%] [32mBuilding C object CMakeFiles/turtlesim__rosidl_generator_py.dir/rosidl_generator_py/turtlesim/srv/_spawn_s.c.o[0m
[42.270s] [ 89%] [32mBuilding C object CMakeFiles/turtlesim__rosidl_generator_py.dir/rosidl_generator_py/turtlesim/srv/_teleport_absolute_s.c.o[0m
[42.319s] [ 90%] [32mBuilding C object CMakeFiles/turtlesim__rosidl_generator_py.dir/rosidl_generator_py/turtlesim/srv/_teleport_relative_s.c.o[0m
[42.506s] [ 91%] [32m[1mLinking C shared library rosidl_generator_py/turtlesim/libturtlesim__rosidl_generator_py.so[0m
[42.556s] [ 91%] Built target turtlesim__rosidl_generator_py
[42.589s] [ 92%] [32mBuilding C object CMakeFiles/turtlesim__rosidl_typesupport_fastrtps_c__pyext.dir/rosidl_generator_py/turtlesim/_turtlesim_s.ep.rosidl_typesupport_fastrtps_c.c.o[0m
[42.590s] [ 93%] [32mBuilding C object CMakeFiles/turtlesim__rosidl_typesupport_introspection_c__pyext.dir/rosidl_generator_py/turtlesim/_turtlesim_s.ep.rosidl_typesupport_introspection_c.c.o[0m
[42.939s] [ 94%] [32m[1mLinking C shared library rosidl_generator_py/turtlesim/turtlesim_s__rosidl_typesupport_fastrtps_c.cpython-310-x86_64-linux-gnu.so[0m
[42.946s] [ 95%] [32m[1mLinking C shared library rosidl_generator_py/turtlesim/turtlesim_s__rosidl_typesupport_introspection_c.cpython-310-x86_64-linux-gnu.so[0m
[43.012s] [ 95%] Built target turtlesim__rosidl_typesupport_fastrtps_c__pyext
[43.021s] [ 95%] Built target turtlesim__rosidl_typesupport_introspection_c__pyext
[43.039s] [ 96%] [32mBuilding C object CMakeFiles/turtlesim__rosidl_typesupport_c__pyext.dir/rosidl_generator_py/turtlesim/_turtlesim_s.ep.rosidl_typesupport_c.c.o[0m
[43.350s] [ 97%] [32m[1mLinking C shared library rosidl_generator_py/turtlesim/turtlesim_s__rosidl_typesupport_c.cpython-310-x86_64-linux-gnu.so[0m
[43.423s] [ 97%] Built target turtlesim__rosidl_typesupport_c__pyext
[43.846s] [ 98%] [32m[1mLinking CXX executable turtlesim_node[0m
[44.814s] [100%] [32m[1mLinking CXX executable mimic[0m
[45.391s] [100%] Built target mimic
[46.648s] [100%] Built target turtlesim_node
[46.663s] Invoked command in '/home/student18/ros2_ws/build/turtlesim' returned '0': CMAKE_PREFIX_PATH=/opt/ros/humble /usr/bin/cmake --build /home/student18/ros2_ws/build/turtlesim -- -j4 -l4
[46.674s] Invoking command in '/home/student18/ros2_ws/build/turtlesim': CMAKE_PREFIX_PATH=/opt/ros/humble /usr/bin/cmake --install /home/student18/ros2_ws/build/turtlesim
[46.682s] -- Install configuration: ""
[46.682s] -- Installing: /home/student18/ros2_ws/install/turtlesim/share/ament_index/resource_index/rosidl_interfaces/turtlesim
[46.683s] -- Installing: /home/student18/ros2_ws/install/turtlesim/include/turtlesim/turtlesim
[46.683s] -- Installing: /home/student18/ros2_ws/install/turtlesim/include/turtlesim/turtlesim/srv
[46.683s] -- Installing: /home/student18/ros2_ws/install/turtlesim/include/turtlesim/turtlesim/srv/teleport_absolute.h
[46.683s] -- Installing: /home/student18/ros2_ws/install/turtlesim/include/turtlesim/turtlesim/srv/spawn.h
[46.684s] -- Installing: /home/student18/ros2_ws/install/turtlesim/include/turtlesim/turtlesim/srv/teleport_relative.h
[46.684s] -- Installing: /home/student18/ros2_ws/install/turtlesim/include/turtlesim/turtlesim/srv/kill.h
[46.684s] -- Installing: /home/student18/ros2_ws/install/turtlesim/include/turtlesim/turtlesim/srv/detail
[46.684s] -- Installing: /home/student18/ros2_ws/install/turtlesim/include/turtlesim/turtlesim/srv/detail/set_pen__type_support.h
[46.684s] -- Installing: /home/student18/ros2_ws/install/turtlesim/include/turtlesim/turtlesim/srv/detail/set_pen__struct.h
[46.685s] -- Installing: /home/student18/ros2_ws/install/turtlesim/include/turtlesim/turtlesim/srv/detail/spawn__type_support.h
[46.685s] -- Installing: /home/student18/ros2_ws/install/turtlesim/include/turtlesim/turtlesim/srv/detail/kill__type_support.h
[46.685s] -- Installing: /home/student18/ros2_ws/install/turtlesim/include/turtlesim/turtlesim/srv/detail/teleport_relative__functions.c
[46.685s] -- Installing: /home/student18/ros2_ws/install/turtlesim/include/turtlesim/turtlesim/srv/detail/teleport_absolute__struct.h
[46.686s] -- Installing: /home/student18/ros2_ws/install/turtlesim/include/turtlesim/turtlesim/srv/detail/teleport_absolute__functions.c
[46.686s] -- Installing: /home/student18/ros2_ws/install/turtlesim/include/turtlesim/turtlesim/srv/detail/teleport_relative__struct.h
[46.686s] -- Installing: /home/student18/ros2_ws/install/turtlesim/include/turtlesim/turtlesim/srv/detail/teleport_absolute__functions.h
[46.686s] -- Installing: /home/student18/ros2_ws/install/turtlesim/include/turtlesim/turtlesim/srv/detail/kill__struct.h
[46.686s] -- Installing: /home/student18/ros2_ws/install/turtlesim/include/turtlesim/turtlesim/srv/detail/spawn__struct.h
[46.687s] -- Installing: /home/student18/ros2_ws/install/turtlesim/include/turtlesim/turtlesim/srv/detail/set_pen__functions.h
[46.687s] -- Installing: /home/student18/ros2_ws/install/turtlesim/include/turtlesim/turtlesim/srv/detail/spawn__functions.h
[46.687s] -- Installing: /home/student18/ros2_ws/install/turtlesim/include/turtlesim/turtlesim/srv/detail/spawn__functions.c
[46.687s] -- Installing: /home/student18/ros2_ws/install/turtlesim/include/turtlesim/turtlesim/srv/detail/set_pen__functions.c
[46.688s] -- Installing: /home/student18/ros2_ws/install/turtlesim/include/turtlesim/turtlesim/srv/detail/teleport_relative__functions.h
[46.688s] -- Installing: /home/student18/ros2_ws/install/turtlesim/include/turtlesim/turtlesim/srv/detail/teleport_absolute__type_support.h
[46.688s] -- Installing: /home/student18/ros2_ws/install/turtlesim/include/turtlesim/turtlesim/srv/detail/kill__functions.c
[46.688s] -- Installing: /home/student18/ros2_ws/install/turtlesim/include/turtlesim/turtlesim/srv/detail/teleport_relative__type_support.h
[46.689s] -- Installing: /home/student18/ros2_ws/install/turtlesim/include/turtlesim/turtlesim/srv/detail/kill__functions.h
[46.689s] -- Installing: /home/student18/ros2_ws/install/turtlesim/include/turtlesim/turtlesim/srv/set_pen.h
[46.689s] -- Installing: /home/student18/ros2_ws/install/turtlesim/include/turtlesim/turtlesim/action
[46.689s] -- Installing: /home/student18/ros2_ws/install/turtlesim/include/turtlesim/turtlesim/action/rotate_absolute.h
[46.690s] -- Installing: /home/student18/ros2_ws/install/turtlesim/include/turtlesim/turtlesim/action/detail
[46.690s] -- Installing: /home/student18/ros2_ws/install/turtlesim/include/turtlesim/turtlesim/action/detail/rotate_absolute__struct.h
[46.690s] -- Installing: /home/student18/ros2_ws/install/turtlesim/include/turtlesim/turtlesim/action/detail/rotate_absolute__functions.h
[46.690s] -- Installing: /home/student18/ros2_ws/install/turtlesim/include/turtlesim/turtlesim/action/detail/rotate_absolute__functions.c
[46.691s] -- Installing: /home/student18/ros2_ws/install/turtlesim/include/turtlesim/turtlesim/action/detail/rotate_absolute__type_support.h
[46.691s] -- Installing: /home/student18/ros2_ws/install/turtlesim/include/turtlesim/turtlesim/msg
[46.691s] -- Installing: /home/student18/ros2_ws/install/turtlesim/include/turtlesim/turtlesim/msg/rosidl_generator_c__visibility_control.h
[46.691s] -- Installing: /home/student18/ros2_ws/install/turtlesim/include/turtlesim/turtlesim/msg/color.h
[46.691s] -- Installing: /home/student18/ros2_ws/install/turtlesim/include/turtlesim/turtlesim/msg/pose.h
[46.692s] -- Installing: /home/student18/ros2_ws/install/turtlesim/include/turtlesim/turtlesim/msg/detail
[46.692s] -- Installing: /home/student18/ros2_ws/install/turtlesim/include/turtlesim/turtlesim/msg/detail/pose__functions.c
[46.692s] -- Installing: /home/student18/ros2_ws/install/turtlesim/include/turtlesim/turtlesim/msg/detail/color__functions.c
[46.692s] -- Installing: /home/student18/ros2_ws/install/turtlesim/include/turtlesim/turtlesim/msg/detail/color__functions.h
[46.693s] -- Installing: /home/student18/ros2_ws/install/turtlesim/include/turtlesim/turtlesim/msg/detail/color__struct.h
[46.693s] -- Installing: /home/student18/ros2_ws/install/turtlesim/include/turtlesim/turtlesim/msg/detail/pose__struct.h
[46.693s] -- Installing: /home/student18/ros2_ws/install/turtlesim/include/turtlesim/turtlesim/msg/detail/color__type_support.h
[46.693s] -- Installing: /home/student18/ros2_ws/install/turtlesim/include/turtlesim/turtlesim/msg/detail/pose__type_support.h
[46.693s] -- Installing: /home/student18/ros2_ws/install/turtlesim/include/turtlesim/turtlesim/msg/detail/pose__functions.h
[46.694s] -- Installing: /home/student18/ros2_ws/install/turtlesim/share/turtlesim/environment/library_path.sh
[46.694s] -- Installing: /home/student18/ros2_ws/install/turtlesim/share/turtlesim/environment/library_path.dsv
[46.694s] -- Installing: /home/student18/ros2_ws/install/turtlesim/lib/libturtlesim__rosidl_generator_c.so
[46.695s] -- Set runtime path of "/home/student18/ros2_ws/install/turtlesim/lib/libturtlesim__rosidl_generator_c.so" to ""
[46.695s] -- Up-to-date: /home/student18/ros2_ws/install/turtlesim/include/turtlesim/turtlesim
[46.695s] -- Up-to-date: /home/student18/ros2_ws/install/turtlesim/include/turtlesim/turtlesim/srv
[46.695s] -- Up-to-date: /home/student18/ros2_ws/install/turtlesim/include/turtlesim/turtlesim/srv/detail
[46.696s] -- Installing: /home/student18/ros2_ws/install/turtlesim/include/turtlesim/turtlesim/srv/detail/teleport_relative__rosidl_typesupport_fastrtps_c.h
[46.696s] -- Installing: /home/student18/ros2_ws/install/turtlesim/include/turtlesim/turtlesim/srv/detail/spawn__rosidl_typesupport_fastrtps_c.h
[46.696s] -- Installing: /home/student18/ros2_ws/install/turtlesim/include/turtlesim/turtlesim/srv/detail/kill__rosidl_typesupport_fastrtps_c.h
[46.696s] -- Installing: /home/student18/ros2_ws/install/turtlesim/include/turtlesim/turtlesim/srv/detail/teleport_absolute__rosidl_typesupport_fastrtps_c.h
[46.696s] -- Installing: /home/student18/ros2_ws/install/turtlesim/include/turtlesim/turtlesim/srv/detail/set_pen__rosidl_typesupport_fastrtps_c.h
[46.697s] -- Up-to-date: /home/student18/ros2_ws/install/turtlesim/include/turtlesim/turtlesim/action
[46.697s] -- Up-to-date: /home/student18/ros2_ws/install/turtlesim/include/turtlesim/turtlesim/action/detail
[46.697s] -- Installing: /home/student18/ros2_ws/install/turtlesim/include/turtlesim/turtlesim/action/detail/rotate_absolute__rosidl_typesupport_fastrtps_c.h
[46.697s] -- Up-to-date: /home/student18/ros2_ws/install/turtlesim/include/turtlesim/turtlesim/msg
[46.697s] -- Installing: /home/student18/ros2_ws/install/turtlesim/include/turtlesim/turtlesim/msg/rosidl_typesupport_fastrtps_c__visibility_control.h
[46.697s] -- Up-to-date: /home/student18/ros2_ws/install/turtlesim/include/turtlesim/turtlesim/msg/detail
[46.698s] -- Installing: /home/student18/ros2_ws/install/turtlesim/include/turtlesim/turtlesim/msg/detail/color__rosidl_typesupport_fastrtps_c.h
[46.698s] -- Installing: /home/student18/ros2_ws/install/turtlesim/include/turtlesim/turtlesim/msg/detail/pose__rosidl_typesupport_fastrtps_c.h
[46.698s] -- Installing: /home/student18/ros2_ws/install/turtlesim/lib/libturtlesim__rosidl_typesupport_fastrtps_c.so
[46.698s] -- Set runtime path of "/home/student18/ros2_ws/install/turtlesim/lib/libturtlesim__rosidl_typesupport_fastrtps_c.so" to ""
[46.699s] -- Up-to-date: /home/student18/ros2_ws/install/turtlesim/include/turtlesim/turtlesim
[46.699s] -- Up-to-date: /home/student18/ros2_ws/install/turtlesim/include/turtlesim/turtlesim/srv
[46.699s] -- Installing: /home/student18/ros2_ws/install/turtlesim/include/turtlesim/turtlesim/srv/kill.hpp
[46.699s] -- Installing: /home/student18/ros2_ws/install/turtlesim/include/turtlesim/turtlesim/srv/teleport_relative.hpp
[46.699s] -- Installing: /home/student18/ros2_ws/install/turtlesim/include/turtlesim/turtlesim/srv/teleport_absolute.hpp
[46.699s] -- Installing: /home/student18/ros2_ws/install/turtlesim/include/turtlesim/turtlesim/srv/spawn.hpp
[46.700s] -- Up-to-date: /home/student18/ros2_ws/install/turtlesim/include/turtlesim/turtlesim/srv/detail
[46.700s] -- Installing: /home/student18/ros2_ws/install/turtlesim/include/turtlesim/turtlesim/srv/detail/spawn__struct.hpp
[46.700s] -- Installing: /home/student18/ros2_ws/install/turtlesim/include/turtlesim/turtlesim/srv/detail/teleport_relative__type_support.hpp
[46.700s] -- Installing: /home/student18/ros2_ws/install/turtlesim/include/turtlesim/turtlesim/srv/detail/teleport_absolute__type_support.hpp
[46.700s] -- Installing: /home/student18/ros2_ws/install/turtlesim/include/turtlesim/turtlesim/srv/detail/set_pen__traits.hpp
[46.701s] -- Installing: /home/student18/ros2_ws/install/turtlesim/include/turtlesim/turtlesim/srv/detail/teleport_absolute__builder.hpp
[46.701s] -- Installing: /home/student18/ros2_ws/install/turtlesim/include/turtlesim/turtlesim/srv/detail/spawn__type_support.hpp
[46.701s] -- Installing: /home/student18/ros2_ws/install/turtlesim/include/turtlesim/turtlesim/srv/detail/kill__traits.hpp
[46.701s] -- Installing: /home/student18/ros2_ws/install/turtlesim/include/turtlesim/turtlesim/srv/detail/spawn__builder.hpp
[46.701s] -- Installing: /home/student18/ros2_ws/install/turtlesim/include/turtlesim/turtlesim/srv/detail/teleport_relative__struct.hpp
[46.702s] -- Installing: /home/student18/ros2_ws/install/turtlesim/include/turtlesim/turtlesim/srv/detail/kill__struct.hpp
[46.702s] -- Installing: /home/student18/ros2_ws/install/turtlesim/include/turtlesim/turtlesim/srv/detail/teleport_absolute__traits.hpp
[46.702s] -- Installing: /home/student18/ros2_ws/install/turtlesim/include/turtlesim/turtlesim/srv/detail/teleport_absolute__struct.hpp
[46.702s] -- Installing: /home/student18/ros2_ws/install/turtlesim/include/turtlesim/turtlesim/srv/detail/spawn__traits.hpp
[46.703s] -- Installing: /home/student18/ros2_ws/install/turtlesim/include/turtlesim/turtlesim/srv/detail/teleport_relative__builder.hpp
[46.703s] -- Installing: /home/student18/ros2_ws/install/turtlesim/include/turtlesim/turtlesim/srv/detail/teleport_relative__traits.hpp
[46.703s] -- Installing: /home/student18/ros2_ws/install/turtlesim/include/turtlesim/turtlesim/srv/detail/set_pen__builder.hpp
[46.703s] -- Installing: /home/student18/ros2_ws/install/turtlesim/include/turtlesim/turtlesim/srv/detail/kill__builder.hpp
[46.703s] -- Installing: /home/student18/ros2_ws/install/turtlesim/include/turtlesim/turtlesim/srv/detail/set_pen__type_support.hpp
[46.704s] -- Installing: /home/student18/ros2_ws/install/turtlesim/include/turtlesim/turtlesim/srv/detail/set_pen__struct.hpp
[46.704s] -- Installing: /home/student18/ros2_ws/install/turtlesim/include/turtlesim/turtlesim/srv/detail/kill__type_support.hpp
[46.704s] -- Installing: /home/student18/ros2_ws/install/turtlesim/include/turtlesim/turtlesim/srv/set_pen.hpp
[46.704s] -- Up-to-date: /home/student18/ros2_ws/install/turtlesim/include/turtlesim/turtlesim/action
[46.705s] -- Installing: /home/student18/ros2_ws/install/turtlesim/include/turtlesim/turtlesim/action/rotate_absolute.hpp
[46.705s] -- Up-to-date: /home/student18/ros2_ws/install/turtlesim/include/turtlesim/turtlesim/action/detail
[46.705s] -- Installing: /home/student18/ros2_ws/install/turtlesim/include/turtlesim/turtlesim/action/detail/rotate_absolute__builder.hpp
[46.705s] -- Installing: /home/student18/ros2_ws/install/turtlesim/include/turtlesim/turtlesim/action/detail/rotate_absolute__type_support.hpp
[46.705s] -- Installing: /home/student18/ros2_ws/install/turtlesim/include/turtlesim/turtlesim/action/detail/rotate_absolute__struct.hpp
[46.706s] -- Installing: /home/student18/ros2_ws/install/turtlesim/include/turtlesim/turtlesim/action/detail/rotate_absolute__traits.hpp
[46.706s] -- Up-to-date: /home/student18/ros2_ws/install/turtlesim/include/turtlesim/turtlesim/msg
[46.706s] -- Installing: /home/student18/ros2_ws/install/turtlesim/include/turtlesim/turtlesim/msg/rosidl_generator_cpp__visibility_control.hpp
[46.706s] -- Installing: /home/student18/ros2_ws/install/turtlesim/include/turtlesim/turtlesim/msg/pose.hpp
[46.706s] -- Up-to-date: /home/student18/ros2_ws/install/turtlesim/include/turtlesim/turtlesim/msg/detail
[46.707s] -- Installing: /home/student18/ros2_ws/install/turtlesim/include/turtlesim/turtlesim/msg/detail/pose__type_support.hpp
[46.707s] -- Installing: /home/student18/ros2_ws/install/turtlesim/include/turtlesim/turtlesim/msg/detail/pose__traits.hpp
[46.707s] -- Installing: /home/student18/ros2_ws/install/turtlesim/include/turtlesim/turtlesim/msg/detail/color__traits.hpp
[46.707s] -- Installing: /home/student18/ros2_ws/install/turtlesim/include/turtlesim/turtlesim/msg/detail/pose__struct.hpp
[46.707s] -- Installing: /home/student18/ros2_ws/install/turtlesim/include/turtlesim/turtlesim/msg/detail/pose__builder.hpp
[46.708s] -- Installing: /home/student18/ros2_ws/install/turtlesim/include/turtlesim/turtlesim/msg/detail/color__builder.hpp
[46.708s] -- Installing: /home/student18/ros2_ws/install/turtlesim/include/turtlesim/turtlesim/msg/detail/color__struct.hpp
[46.708s] -- Installing: /home/student18/ros2_ws/install/turtlesim/include/turtlesim/turtlesim/msg/detail/color__type_support.hpp
[46.708s] -- Installing: /home/student18/ros2_ws/install/turtlesim/include/turtlesim/turtlesim/msg/color.hpp
[46.709s] -- Up-to-date: /home/student18/ros2_ws/install/turtlesim/include/turtlesim/turtlesim
[46.709s] -- Up-to-date: /home/student18/ros2_ws/install/turtlesim/include/turtlesim/turtlesim/srv
[46.709s] -- Up-to-date: /home/student18/ros2_ws/install/turtlesim/include/turtlesim/turtlesim/srv/detail
[46.709s] -- Installing: /home/student18/ros2_ws/install/turtlesim/include/turtlesim/turtlesim/srv/detail/dds_fastrtps
[46.709s] -- Installing: /home/student18/ros2_ws/install/turtlesim/include/turtlesim/turtlesim/srv/detail/teleport_relative__rosidl_typesupport_fastrtps_cpp.hpp
[46.709s] -- Installing: /home/student18/ros2_ws/install/turtlesim/include/turtlesim/turtlesim/srv/detail/teleport_absolute__rosidl_typesupport_fastrtps_cpp.hpp
[46.710s] -- Installing: /home/student18/ros2_ws/install/turtlesim/include/turtlesim/turtlesim/srv/detail/set_pen__rosidl_typesupport_fastrtps_cpp.hpp
[46.710s] -- Installing: /home/student18/ros2_ws/install/turtlesim/include/turtlesim/turtlesim/srv/detail/kill__rosidl_typesupport_fastrtps_cpp.hpp
[46.710s] -- Installing: /home/student18/ros2_ws/install/turtlesim/include/turtlesim/turtlesim/srv/detail/spawn__rosidl_typesupport_fastrtps_cpp.hpp
[46.710s] -- Up-to-date: /home/student18/ros2_ws/install/turtlesim/include/turtlesim/turtlesim/action
[46.711s] -- Up-to-date: /home/student18/ros2_ws/install/turtlesim/include/turtlesim/turtlesim/action/detail
[46.711s] -- Installing: /home/student18/ros2_ws/install/turtlesim/include/turtlesim/turtlesim/action/detail/dds_fastrtps
[46.711s] -- Installing: /home/student18/ros2_ws/install/turtlesim/include/turtlesim/turtlesim/action/detail/rotate_absolute__rosidl_typesupport_fastrtps_cpp.hpp
[46.711s] -- Up-to-date: /home/student18/ros2_ws/install/turtlesim/include/turtlesim/turtlesim/msg
[46.711s] -- Installing: /home/student18/ros2_ws/install/turtlesim/include/turtlesim/turtlesim/msg/rosidl_typesupport_fastrtps_cpp__visibility_control.h
[46.712s] -- Up-to-date: /home/student18/ros2_ws/install/turtlesim/include/turtlesim/turtlesim/msg/detail
[46.712s] -- Installing: /home/student18/ros2_ws/install/turtlesim/include/turtlesim/turtlesim/msg/detail/dds_fastrtps
[46.712s] -- Installing: /home/student18/ros2_ws/install/turtlesim/include/turtlesim/turtlesim/msg/detail/color__rosidl_typesupport_fastrtps_cpp.hpp
[46.712s] -- Installing: /home/student18/ros2_ws/install/turtlesim/include/turtlesim/turtlesim/msg/detail/pose__rosidl_typesupport_fastrtps_cpp.hpp
[46.712s] -- Installing: /home/student18/ros2_ws/install/turtlesim/lib/libturtlesim__rosidl_typesupport_fastrtps_cpp.so
[46.713s] -- Set runtime path of "/home/student18/ros2_ws/install/turtlesim/lib/libturtlesim__rosidl_typesupport_fastrtps_cpp.so" to ""
[46.713s] -- Up-to-date: /home/student18/ros2_ws/install/turtlesim/include/turtlesim/turtlesim
[46.713s] -- Up-to-date: /home/student18/ros2_ws/install/turtlesim/include/turtlesim/turtlesim/srv
[46.713s] -- Up-to-date: /home/student18/ros2_ws/install/turtlesim/include/turtlesim/turtlesim/srv/detail
[46.713s] -- Installing: /home/student18/ros2_ws/install/turtlesim/include/turtlesim/turtlesim/srv/detail/spawn__type_support.c
[46.714s] -- Installing: /home/student18/ros2_ws/install/turtlesim/include/turtlesim/turtlesim/srv/detail/spawn__rosidl_typesupport_introspection_c.h
[46.714s] -- Installing: /home/student18/ros2_ws/install/turtlesim/include/turtlesim/turtlesim/srv/detail/set_pen__type_support.c
[46.714s] -- Installing: /home/student18/ros2_ws/install/turtlesim/include/turtlesim/turtlesim/srv/detail/teleport_absolute__rosidl_typesupport_introspection_c.h
[46.714s] -- Installing: /home/student18/ros2_ws/install/turtlesim/include/turtlesim/turtlesim/srv/detail/kill__rosidl_typesupport_introspection_c.h
[46.714s] -- Installing: /home/student18/ros2_ws/install/turtlesim/include/turtlesim/turtlesim/srv/detail/teleport_absolute__type_support.c
[46.715s] -- Installing: /home/student18/ros2_ws/install/turtlesim/include/turtlesim/turtlesim/srv/detail/teleport_relative__type_support.c
[46.715s] -- Installing: /home/student18/ros2_ws/install/turtlesim/include/turtlesim/turtlesim/srv/detail/kill__type_support.c
[46.715s] -- Installing: /home/student18/ros2_ws/install/turtlesim/include/turtlesim/turtlesim/srv/detail/teleport_relative__rosidl_typesupport_introspection_c.h
[46.715s] -- Installing: /home/student18/ros2_ws/install/turtlesim/include/turtlesim/turtlesim/srv/detail/set_pen__rosidl_typesupport_introspection_c.h
[46.715s] -- Up-to-date: /home/student18/ros2_ws/install/turtlesim/include/turtlesim/turtlesim/action
[46.716s] -- Up-to-date: /home/student18/ros2_ws/install/turtlesim/include/turtlesim/turtlesim/action/detail
[46.716s] -- Installing: /home/student18/ros2_ws/install/turtlesim/include/turtlesim/turtlesim/action/detail/rotate_absolute__type_support.c
[46.716s] -- Installing: /home/student18/ros2_ws/install/turtlesim/include/turtlesim/turtlesim/action/detail/rotate_absolute__rosidl_typesupport_introspection_c.h
[46.716s] -- Up-to-date: /home/student18/ros2_ws/install/turtlesim/include/turtlesim/turtlesim/msg
[46.716s] -- Installing: /home/student18/ros2_ws/install/turtlesim/include/turtlesim/turtlesim/msg/rosidl_typesupport_introspection_c__visibility_control.h
[46.717s] -- Up-to-date: /home/student18/ros2_ws/install/turtlesim/include/turtlesim/turtlesim/msg/detail
[46.717s] -- Installing: /home/student18/ros2_ws/install/turtlesim/include/turtlesim/turtlesim/msg/detail/pose__rosidl_typesupport_introspection_c.h
[46.717s] -- Installing: /home/student18/ros2_ws/install/turtlesim/include/turtlesim/turtlesim/msg/detail/color__type_support.c
[46.717s] -- Installing: /home/student18/ros2_ws/install/turtlesim/include/turtlesim/turtlesim/msg/detail/pose__type_support.c
[46.717s] -- Installing: /home/student18/ros2_ws/install/turtlesim/include/turtlesim/turtlesim/msg/detail/color__rosidl_typesupport_introspection_c.h
[46.718s] -- Installing: /home/student18/ros2_ws/install/turtlesim/lib/libturtlesim__rosidl_typesupport_introspection_c.so
[46.718s] -- Set runtime path of "/home/student18/ros2_ws/install/turtlesim/lib/libturtlesim__rosidl_typesupport_introspection_c.so" to ""
[46.718s] -- Installing: /home/student18/ros2_ws/install/turtlesim/lib/libturtlesim__rosidl_typesupport_c.so
[46.719s] -- Set runtime path of "/home/student18/ros2_ws/install/turtlesim/lib/libturtlesim__rosidl_typesupport_c.so" to ""
[46.719s] -- Up-to-date: /home/student18/ros2_ws/install/turtlesim/include/turtlesim/turtlesim
[46.719s] -- Up-to-date: /home/student18/ros2_ws/install/turtlesim/include/turtlesim/turtlesim/srv
[46.719s] -- Up-to-date: /home/student18/ros2_ws/install/turtlesim/include/turtlesim/turtlesim/srv/detail
[46.719s] -- Installing: /home/student18/ros2_ws/install/turtlesim/include/turtlesim/turtlesim/srv/detail/teleport_relative__rosidl_typesupport_introspection_cpp.hpp
[46.720s] -- Installing: /home/student18/ros2_ws/install/turtlesim/include/turtlesim/turtlesim/srv/detail/teleport_absolute__type_support.cpp
[46.720s] -- Installing: /home/student18/ros2_ws/install/turtlesim/include/turtlesim/turtlesim/srv/detail/kill__type_support.cpp
[46.720s] -- Installing: /home/student18/ros2_ws/install/turtlesim/include/turtlesim/turtlesim/srv/detail/teleport_absolute__rosidl_typesupport_introspection_cpp.hpp
[46.720s] -- Installing: /home/student18/ros2_ws/install/turtlesim/include/turtlesim/turtlesim/srv/detail/kill__rosidl_typesupport_introspection_cpp.hpp
[46.721s] -- Installing: /home/student18/ros2_ws/install/turtlesim/include/turtlesim/turtlesim/srv/detail/spawn__type_support.cpp
[46.721s] -- Installing: /home/student18/ros2_ws/install/turtlesim/include/turtlesim/turtlesim/srv/detail/teleport_relative__type_support.cpp
[46.721s] -- Installing: /home/student18/ros2_ws/install/turtlesim/include/turtlesim/turtlesim/srv/detail/set_pen__type_support.cpp
[46.721s] -- Installing: /home/student18/ros2_ws/install/turtlesim/include/turtlesim/turtlesim/srv/detail/set_pen__rosidl_typesupport_introspection_cpp.hpp
[46.722s] -- Installing: /home/student18/ros2_ws/install/turtlesim/include/turtlesim/turtlesim/srv/detail/spawn__rosidl_typesupport_introspection_cpp.hpp
[46.722s] -- Up-to-date: /home/student18/ros2_ws/install/turtlesim/include/turtlesim/turtlesim/action
[46.722s] -- Up-to-date: /home/student18/ros2_ws/install/turtlesim/include/turtlesim/turtlesim/action/detail
[46.722s] -- Installing: /home/student18/ros2_ws/install/turtlesim/include/turtlesim/turtlesim/action/detail/rotate_absolute__type_support.cpp
[46.722s] -- Installing: /home/student18/ros2_ws/install/turtlesim/include/turtlesim/turtlesim/action/detail/rotate_absolute__rosidl_typesupport_introspection_cpp.hpp
[46.723s] -- Up-to-date: /home/student18/ros2_ws/install/turtlesim/include/turtlesim/turtlesim/msg
[46.723s] -- Up-to-date: /home/student18/ros2_ws/install/turtlesim/include/turtlesim/turtlesim/msg/detail
[46.723s] -- Installing: /home/student18/ros2_ws/install/turtlesim/include/turtlesim/turtlesim/msg/detail/color__type_support.cpp
[46.723s] -- Installing: /home/student18/ros2_ws/install/turtlesim/include/turtlesim/turtlesim/msg/detail/color__rosidl_typesupport_introspection_cpp.hpp
[46.723s] -- Installing: /home/student18/ros2_ws/install/turtlesim/include/turtlesim/turtlesim/msg/detail/pose__type_support.cpp
[46.723s] -- Installing: /home/student18/ros2_ws/install/turtlesim/include/turtlesim/turtlesim/msg/detail/pose__rosidl_typesupport_introspection_cpp.hpp
[46.724s] -- Installing: /home/student18/ros2_ws/install/turtlesim/lib/libturtlesim__rosidl_typesupport_introspection_cpp.so
[46.724s] -- Set runtime path of "/home/student18/ros2_ws/install/turtlesim/lib/libturtlesim__rosidl_typesupport_introspection_cpp.so" to ""
[46.725s] -- Installing: /home/student18/ros2_ws/install/turtlesim/lib/libturtlesim__rosidl_typesupport_cpp.so
[46.725s] -- Set runtime path of "/home/student18/ros2_ws/install/turtlesim/lib/libturtlesim__rosidl_typesupport_cpp.so" to ""
[46.725s] -- Installing: /home/student18/ros2_ws/install/turtlesim/share/turtlesim/environment/pythonpath.sh
[46.725s] -- Installing: /home/student18/ros2_ws/install/turtlesim/share/turtlesim/environment/pythonpath.dsv
[46.726s] -- Installing: /home/student18/ros2_ws/install/turtlesim/local/lib/python3.10/dist-packages/turtlesim-1.4.2-py3.10.egg-info
[46.726s] -- Installing: /home/student18/ros2_ws/install/turtlesim/local/lib/python3.10/dist-packages/turtlesim-1.4.2-py3.10.egg-info/dependency_links.txt
[46.726s] -- Installing: /home/student18/ros2_ws/install/turtlesim/local/lib/python3.10/dist-packages/turtlesim-1.4.2-py3.10.egg-info/SOURCES.txt
[46.726s] -- Installing: /home/student18/ros2_ws/install/turtlesim/local/lib/python3.10/dist-packages/turtlesim-1.4.2-py3.10.egg-info/top_level.txt
[46.727s] -- Installing: /home/student18/ros2_ws/install/turtlesim/local/lib/python3.10/dist-packages/turtlesim-1.4.2-py3.10.egg-info/PKG-INFO
[46.727s] -- Installing: /home/student18/ros2_ws/install/turtlesim/local/lib/python3.10/dist-packages/turtlesim
[46.727s] -- Installing: /home/student18/ros2_ws/install/turtlesim/local/lib/python3.10/dist-packages/turtlesim/libturtlesim__rosidl_generator_py.so
[46.727s] -- Installing: /home/student18/ros2_ws/install/turtlesim/local/lib/python3.10/dist-packages/turtlesim/_turtlesim_s.ep.rosidl_typesupport_c.c
[46.728s] -- Installing: /home/student18/ros2_ws/install/turtlesim/local/lib/python3.10/dist-packages/turtlesim/_turtlesim_s.ep.rosidl_typesupport_introspection_c.c
[46.728s] -- Installing: /home/student18/ros2_ws/install/turtlesim/local/lib/python3.10/dist-packages/turtlesim/turtlesim_s__rosidl_typesupport_introspection_c.cpython-310-x86_64-linux-gnu.so
[46.728s] -- Installing: /home/student18/ros2_ws/install/turtlesim/local/lib/python3.10/dist-packages/turtlesim/_turtlesim_s.ep.rosidl_typesupport_fastrtps_c.c
[46.729s] -- Installing: /home/student18/ros2_ws/install/turtlesim/local/lib/python3.10/dist-packages/turtlesim/__init__.py
[46.729s] -- Installing: /home/student18/ros2_ws/install/turtlesim/local/lib/python3.10/dist-packages/turtlesim/turtlesim_s__rosidl_typesupport_c.cpython-310-x86_64-linux-gnu.so
[46.729s] -- Installing: /home/student18/ros2_ws/install/turtlesim/local/lib/python3.10/dist-packages/turtlesim/srv
[46.729s] -- Installing: /home/student18/ros2_ws/install/turtlesim/local/lib/python3.10/dist-packages/turtlesim/srv/_set_pen.py
[46.730s] -- Installing: /home/student18/ros2_ws/install/turtlesim/local/lib/python3.10/dist-packages/turtlesim/srv/_teleport_relative.py
[46.730s] -- Installing: /home/student18/ros2_ws/install/turtlesim/local/lib/python3.10/dist-packages/turtlesim/srv/__init__.py
[46.730s] -- Installing: /home/student18/ros2_ws/install/turtlesim/local/lib/python3.10/dist-packages/turtlesim/srv/_spawn_s.c
[46.730s] -- Installing: /home/student18/ros2_ws/install/turtlesim/local/lib/python3.10/dist-packages/turtlesim/srv/_kill.py
[46.731s] -- Installing: /home/student18/ros2_ws/install/turtlesim/local/lib/python3.10/dist-packages/turtlesim/srv/_teleport_absolute_s.c
[46.731s] -- Installing: /home/student18/ros2_ws/install/turtlesim/local/lib/python3.10/dist-packages/turtlesim/srv/_set_pen_s.c
[46.731s] -- Installing: /home/student18/ros2_ws/install/turtlesim/local/lib/python3.10/dist-packages/turtlesim/srv/_spawn.py
[46.731s] -- Installing: /home/student18/ros2_ws/install/turtlesim/local/lib/python3.10/dist-packages/turtlesim/srv/_teleport_absolute.py
[46.731s] -- Installing: /home/student18/ros2_ws/install/turtlesim/local/lib/python3.10/dist-packages/turtlesim/srv/_kill_s.c
[46.732s] -- Installing: /home/student18/ros2_ws/install/turtlesim/local/lib/python3.10/dist-packages/turtlesim/srv/_teleport_relative_s.c
[46.732s] -- Installing: /home/student18/ros2_ws/install/turtlesim/local/lib/python3.10/dist-packages/turtlesim/turtlesim_s__rosidl_typesupport_fastrtps_c.cpython-310-x86_64-linux-gnu.so
[46.732s] -- Installing: /home/student18/ros2_ws/install/turtlesim/local/lib/python3.10/dist-packages/turtlesim/action
[46.732s] -- Installing: /home/student18/ros2_ws/install/turtlesim/local/lib/python3.10/dist-packages/turtlesim/action/_rotate_absolute_s.c
[46.733s] -- Installing: /home/student18/ros2_ws/install/turtlesim/local/lib/python3.10/dist-packages/turtlesim/action/__init__.py
[46.733s] -- Installing: /home/student18/ros2_ws/install/turtlesim/local/lib/python3.10/dist-packages/turtlesim/action/_rotate_absolute.py
[46.733s] -- Installing: /home/student18/ros2_ws/install/turtlesim/local/lib/python3.10/dist-packages/turtlesim/msg
[46.734s] -- Installing: /home/student18/ros2_ws/install/turtlesim/local/lib/python3.10/dist-packages/turtlesim/msg/_color_s.c
[46.734s] -- Installing: /home/student18/ros2_ws/install/turtlesim/local/lib/python3.10/dist-packages/turtlesim/msg/__init__.py
[46.734s] -- Installing: /home/student18/ros2_ws/install/turtlesim/local/lib/python3.10/dist-packages/turtlesim/msg/_color.py
[46.734s] -- Installing: /home/student18/ros2_ws/install/turtlesim/local/lib/python3.10/dist-packages/turtlesim/msg/_pose_s.c
[46.734s] -- Installing: /home/student18/ros2_ws/install/turtlesim/local/lib/python3.10/dist-packages/turtlesim/msg/_pose.py
[46.793s] Listing '/home/student18/ros2_ws/install/turtlesim/local/lib/python3.10/dist-packages/turtlesim'...
[46.793s] Compiling '/home/student18/ros2_ws/install/turtlesim/local/lib/python3.10/dist-packages/turtlesim/__init__.py'...
[46.793s] Listing '/home/student18/ros2_ws/install/turtlesim/local/lib/python3.10/dist-packages/turtlesim/action'...
[46.793s] Compiling '/home/student18/ros2_ws/install/turtlesim/local/lib/python3.10/dist-packages/turtlesim/action/__init__.py'...
[46.794s] Compiling '/home/student18/ros2_ws/install/turtlesim/local/lib/python3.10/dist-packages/turtlesim/action/_rotate_absolute.py'...
[46.794s] Listing '/home/student18/ros2_ws/install/turtlesim/local/lib/python3.10/dist-packages/turtlesim/msg'...
[46.794s] Compiling '/home/student18/ros2_ws/install/turtlesim/local/lib/python3.10/dist-packages/turtlesim/msg/__init__.py'...
[46.794s] Compiling '/home/student18/ros2_ws/install/turtlesim/local/lib/python3.10/dist-packages/turtlesim/msg/_color.py'...
[46.794s] Compiling '/home/student18/ros2_ws/install/turtlesim/local/lib/python3.10/dist-packages/turtlesim/msg/_pose.py'...
[46.794s] Listing '/home/student18/ros2_ws/install/turtlesim/local/lib/python3.10/dist-packages/turtlesim/srv'...
[46.794s] Compiling '/home/student18/ros2_ws/install/turtlesim/local/lib/python3.10/dist-packages/turtlesim/srv/__init__.py'...
[46.794s] Compiling '/home/student18/ros2_ws/install/turtlesim/local/lib/python3.10/dist-packages/turtlesim/srv/_kill.py'...
[46.794s] Compiling '/home/student18/ros2_ws/install/turtlesim/local/lib/python3.10/dist-packages/turtlesim/srv/_set_pen.py'...
[46.795s] Compiling '/home/student18/ros2_ws/install/turtlesim/local/lib/python3.10/dist-packages/turtlesim/srv/_spawn.py'...
[46.795s] Compiling '/home/student18/ros2_ws/install/turtlesim/local/lib/python3.10/dist-packages/turtlesim/srv/_teleport_absolute.py'...
[46.795s] Compiling '/home/student18/ros2_ws/install/turtlesim/local/lib/python3.10/dist-packages/turtlesim/srv/_teleport_relative.py'...
[46.799s] -- Installing: /home/student18/ros2_ws/install/turtlesim/local/lib/python3.10/dist-packages/turtlesim/turtlesim_s__rosidl_typesupport_fastrtps_c.cpython-310-x86_64-linux-gnu.so
[46.800s] -- Set runtime path of "/home/student18/ros2_ws/install/turtlesim/local/lib/python3.10/dist-packages/turtlesim/turtlesim_s__rosidl_typesupport_fastrtps_c.cpython-310-x86_64-linux-gnu.so" to ""
[46.800s] -- Installing: /home/student18/ros2_ws/install/turtlesim/local/lib/python3.10/dist-packages/turtlesim/turtlesim_s__rosidl_typesupport_introspection_c.cpython-310-x86_64-linux-gnu.so
[46.801s] -- Set runtime path of "/home/student18/ros2_ws/install/turtlesim/local/lib/python3.10/dist-packages/turtlesim/turtlesim_s__rosidl_typesupport_introspection_c.cpython-310-x86_64-linux-gnu.so" to ""
[46.801s] -- Installing: /home/student18/ros2_ws/install/turtlesim/local/lib/python3.10/dist-packages/turtlesim/turtlesim_s__rosidl_typesupport_c.cpython-310-x86_64-linux-gnu.so
[46.802s] -- Set runtime path of "/home/student18/ros2_ws/install/turtlesim/local/lib/python3.10/dist-packages/turtlesim/turtlesim_s__rosidl_typesupport_c.cpython-310-x86_64-linux-gnu.so" to ""
[46.802s] -- Installing: /home/student18/ros2_ws/install/turtlesim/lib/libturtlesim__rosidl_generator_py.so
[46.802s] -- Set runtime path of "/home/student18/ros2_ws/install/turtlesim/lib/libturtlesim__rosidl_generator_py.so" to ""
[46.802s] -- Installing: /home/student18/ros2_ws/install/turtlesim/share/turtlesim/action/RotateAbsolute.idl
[46.803s] -- Installing: /home/student18/ros2_ws/install/turtlesim/share/turtlesim/msg/Color.idl
[46.803s] -- Installing: /home/student18/ros2_ws/install/turtlesim/share/turtlesim/msg/Pose.idl
[46.804s] -- Installing: /home/student18/ros2_ws/install/turtlesim/share/turtlesim/srv/Kill.idl
[46.804s] -- Installing: /home/student18/ros2_ws/install/turtlesim/share/turtlesim/srv/SetPen.idl
[46.804s] -- Installing: /home/student18/ros2_ws/install/turtlesim/share/turtlesim/srv/Spawn.idl
[46.804s] -- Installing: /home/student18/ros2_ws/install/turtlesim/share/turtlesim/srv/TeleportAbsolute.idl
[46.804s] -- Installing: /home/student18/ros2_ws/install/turtlesim/share/turtlesim/srv/TeleportRelative.idl
[46.805s] -- Installing: /home/student18/ros2_ws/install/turtlesim/share/turtlesim/action/RotateAbsolute.action
[46.805s] -- Installing: /home/student18/ros2_ws/install/turtlesim/share/turtlesim/msg/Color.msg
[46.805s] -- Installing: /home/student18/ros2_ws/install/turtlesim/share/turtlesim/msg/Pose.msg
[46.805s] -- Installing: /home/student18/ros2_ws/install/turtlesim/share/turtlesim/srv/Kill.srv
[46.806s] -- Installing: /home/student18/ros2_ws/install/turtlesim/share/turtlesim/srv/Kill_Request.msg
[46.806s] -- Installing: /home/student18/ros2_ws/install/turtlesim/share/turtlesim/srv/Kill_Response.msg
[46.806s] -- Installing: /home/student18/ros2_ws/install/turtlesim/share/turtlesim/srv/SetPen.srv
[46.806s] -- Installing: /home/student18/ros2_ws/install/turtlesim/share/turtlesim/srv/SetPen_Request.msg
[46.807s] -- Installing: /home/student18/ros2_ws/install/turtlesim/share/turtlesim/srv/SetPen_Response.msg
[46.807s] -- Installing: /home/student18/ros2_ws/install/turtlesim/share/turtlesim/srv/Spawn.srv
[46.807s] -- Installing: /home/student18/ros2_ws/install/turtlesim/share/turtlesim/srv/Spawn_Request.msg
[46.807s] -- Installing: /home/student18/ros2_ws/install/turtlesim/share/turtlesim/srv/Spawn_Response.msg
[46.808s] -- Installing: /home/student18/ros2_ws/install/turtlesim/share/turtlesim/srv/TeleportAbsolute.srv
[46.808s] -- Installing: /home/student18/ros2_ws/install/turtlesim/share/turtlesim/srv/TeleportAbsolute_Request.msg
[46.808s] -- Installing: /home/student18/ros2_ws/install/turtlesim/share/turtlesim/srv/TeleportAbsolute_Response.msg
[46.809s] -- Installing: /home/student18/ros2_ws/install/turtlesim/share/turtlesim/srv/TeleportRelative.srv
[46.809s] -- Installing: /home/student18/ros2_ws/install/turtlesim/share/turtlesim/srv/TeleportRelative_Request.msg
[46.810s] -- Installing: /home/student18/ros2_ws/install/turtlesim/share/turtlesim/srv/TeleportRelative_Response.msg
[46.810s] -- Installing: /home/student18/ros2_ws/install/turtlesim/lib/turtlesim/turtlesim_node
[46.818s] -- Set runtime path of "/home/student18/ros2_ws/install/turtlesim/lib/turtlesim/turtlesim_node" to ""
[46.818s] -- Installing: /home/student18/ros2_ws/install/turtlesim/lib/turtlesim/turtle_teleop_key
[46.820s] -- Set runtime path of "/home/student18/ros2_ws/install/turtlesim/lib/turtlesim/turtle_teleop_key" to ""
[46.820s] -- Installing: /home/student18/ros2_ws/install/turtlesim/lib/turtlesim/draw_square
[46.824s] -- Set runtime path of "/home/student18/ros2_ws/install/turtlesim/lib/turtlesim/draw_square" to ""
[46.825s] -- Installing: /home/student18/ros2_ws/install/turtlesim/lib/turtlesim/mimic
[46.828s] -- Set runtime path of "/home/student18/ros2_ws/install/turtlesim/lib/turtlesim/mimic" to ""
[46.829s] -- Installing: /home/student18/ros2_ws/install/turtlesim/share/turtlesim/images
[46.829s] -- Installing: /home/student18/ros2_ws/install/turtlesim/share/turtlesim/images/dashing.png
[46.829s] -- Installing: /home/student18/ros2_ws/install/turtlesim/share/turtlesim/images/humble.png
[46.829s] -- Installing: /home/student18/ros2_ws/install/turtlesim/share/turtlesim/images/ardent.png
[46.829s] -- Installing: /home/student18/ros2_ws/install/turtlesim/share/turtlesim/images/bouncy.png
[46.830s] -- Installing: /home/student18/ros2_ws/install/turtlesim/share/turtlesim/images/galactic.png
[46.830s] -- Installing: /home/student18/ros2_ws/install/turtlesim/share/turtlesim/images/rolling.png
[46.830s] -- Installing: /home/student18/ros2_ws/install/turtlesim/share/turtlesim/images/crystal.png
[46.830s] -- Installing: /home/student18/ros2_ws/install/turtlesim/share/turtlesim/images/eloquent.png
[46.830s] -- Installing: /home/student18/ros2_ws/install/turtlesim/share/turtlesim/images/foxy.png
[46.831s] -- Installing: /home/student18/ros2_ws/install/turtlesim/share/turtlesim/launch
[46.831s] -- Installing: /home/student18/ros2_ws/install/turtlesim/share/turtlesim/launch/multisim.launch.py
[46.831s] -- Installing: /home/student18/ros2_ws/install/turtlesim/share/ament_index/resource_index/package_run_dependencies/turtlesim
[46.832s] -- Installing: /home/student18/ros2_ws/install/turtlesim/share/ament_index/resource_index/parent_prefix_path/turtlesim
[46.832s] -- Installing: /home/student18/ros2_ws/install/turtlesim/share/turtlesim/environment/ament_prefix_path.sh
[46.832s] -- Installing: /home/student18/ros2_ws/install/turtlesim/share/turtlesim/environment/ament_prefix_path.dsv
[46.832s] -- Installing: /home/student18/ros2_ws/install/turtlesim/share/turtlesim/environment/path.sh
[46.833s] -- Installing: /home/student18/ros2_ws/install/turtlesim/share/turtlesim/environment/path.dsv
[46.833s] -- Installing: /home/student18/ros2_ws/install/turtlesim/share/turtlesim/local_setup.bash
[46.833s] -- Installing: /home/student18/ros2_ws/install/turtlesim/share/turtlesim/local_setup.sh
[46.833s] -- Installing: /home/student18/ros2_ws/install/turtlesim/share/turtlesim/local_setup.zsh
[46.834s] -- Installing: /home/student18/ros2_ws/install/turtlesim/share/turtlesim/local_setup.dsv
[46.834s] -- Installing: /home/student18/ros2_ws/install/turtlesim/share/turtlesim/package.dsv
[46.834s] -- Installing: /home/student18/ros2_ws/install/turtlesim/share/ament_index/resource_index/packages/turtlesim
[46.835s] -- Installing: /home/student18/ros2_ws/install/turtlesim/share/turtlesim/cmake/export_turtlesim__rosidl_generator_cExport.cmake
[46.835s] -- Installing: /home/student18/ros2_ws/install/turtlesim/share/turtlesim/cmake/export_turtlesim__rosidl_generator_cExport-noconfig.cmake
[46.835s] -- Installing: /home/student18/ros2_ws/install/turtlesim/share/turtlesim/cmake/export_turtlesim__rosidl_typesupport_fastrtps_cExport.cmake
[46.836s] -- Installing: /home/student18/ros2_ws/install/turtlesim/share/turtlesim/cmake/export_turtlesim__rosidl_typesupport_fastrtps_cExport-noconfig.cmake
[46.836s] -- Installing: /home/student18/ros2_ws/install/turtlesim/share/turtlesim/cmake/export_turtlesim__rosidl_generator_cppExport.cmake
[46.836s] -- Installing: /home/student18/ros2_ws/install/turtlesim/share/turtlesim/cmake/export_turtlesim__rosidl_typesupport_fastrtps_cppExport.cmake
[46.836s] -- Installing: /home/student18/ros2_ws/install/turtlesim/share/turtlesim/cmake/export_turtlesim__rosidl_typesupport_fastrtps_cppExport-noconfig.cmake
[46.837s] -- Installing: /home/student18/ros2_ws/install/turtlesim/share/turtlesim/cmake/turtlesim__rosidl_typesupport_introspection_cExport.cmake
[46.837s] -- Installing: /home/student18/ros2_ws/install/turtlesim/share/turtlesim/cmake/turtlesim__rosidl_typesupport_introspection_cExport-noconfig.cmake
[46.837s] -- Installing: /home/student18/ros2_ws/install/turtlesim/share/turtlesim/cmake/turtlesim__rosidl_typesupport_cExport.cmake
[46.838s] -- Installing: /home/student18/ros2_ws/install/turtlesim/share/turtlesim/cmake/turtlesim__rosidl_typesupport_cExport-noconfig.cmake
[46.838s] -- Installing: /home/student18/ros2_ws/install/turtlesim/share/turtlesim/cmake/turtlesim__rosidl_typesupport_introspection_cppExport.cmake
[46.838s] -- Installing: /home/student18/ros2_ws/install/turtlesim/share/turtlesim/cmake/turtlesim__rosidl_typesupport_introspection_cppExport-noconfig.cmake
[46.839s] -- Installing: /home/student18/ros2_ws/install/turtlesim/share/turtlesim/cmake/turtlesim__rosidl_typesupport_cppExport.cmake
[46.839s] -- Installing: /home/student18/ros2_ws/install/turtlesim/share/turtlesim/cmake/turtlesim__rosidl_typesupport_cppExport-noconfig.cmake
[46.839s] -- Installing: /home/student18/ros2_ws/install/turtlesim/share/turtlesim/cmake/export_turtlesim__rosidl_generator_pyExport.cmake
[46.839s] -- Installing: /home/student18/ros2_ws/install/turtlesim/share/turtlesim/cmake/export_turtlesim__rosidl_generator_pyExport-noconfig.cmake
[46.840s] -- Installing: /home/student18/ros2_ws/install/turtlesim/share/turtlesim/cmake/rosidl_cmake-extras.cmake
[46.840s] -- Installing: /home/student18/ros2_ws/install/turtlesim/share/turtlesim/cmake/ament_cmake_export_dependencies-extras.cmake
[46.840s] -- Installing: /home/student18/ros2_ws/install/turtlesim/share/turtlesim/cmake/ament_cmake_export_include_directories-extras.cmake
[46.840s] -- Installing: /home/student18/ros2_ws/install/turtlesim/share/turtlesim/cmake/ament_cmake_export_libraries-extras.cmake
[46.841s] -- Installing: /home/student18/ros2_ws/install/turtlesim/share/turtlesim/cmake/ament_cmake_export_targets-extras.cmake
[46.841s] -- Installing: /home/student18/ros2_ws/install/turtlesim/share/turtlesim/cmake/rosidl_cmake_export_typesupport_targets-extras.cmake
[46.841s] -- Installing: /home/student18/ros2_ws/install/turtlesim/share/turtlesim/cmake/rosidl_cmake_export_typesupport_libraries-extras.cmake
[46.842s] -- Installing: /home/student18/ros2_ws/install/turtlesim/share/turtlesim/cmake/turtlesimConfig.cmake
[46.842s] -- Installing: /home/student18/ros2_ws/install/turtlesim/share/turtlesim/cmake/turtlesimConfig-version.cmake
[46.842s] -- Installing: /home/student18/ros2_ws/install/turtlesim/share/turtlesim/package.xml
[46.845s] Invoked command in '/home/student18/ros2_ws/build/turtlesim' returned '0': CMAKE_PREFIX_PATH=/opt/ros/humble /usr/bin/cmake --install /home/student18/ros2_ws/build/turtlesim
