[35m[1mConsolidate compiler generated dependencies of target talker[0m
[35m[1mConsolidate compiler generated dependencies of target talker_native[0m
[ 50%] Built target talker
[100%] Built target talker_native
-- Install configuration: ""
-- Up-to-date: /home/student18/ros2_ws/install/demo_nodes_cpp_native/lib/demo_nodes_cpp_native/talker
-- Up-to-date: /home/student18/ros2_ws/install/demo_nodes_cpp_native/lib/libtalker_native.so
-- Up-to-date: /home/student18/ros2_ws/install/demo_nodes_cpp_native/share/ament_index/resource_index/package_run_dependencies/demo_nodes_cpp_native
-- Up-to-date: /home/student18/ros2_ws/install/demo_nodes_cpp_native/share/ament_index/resource_index/parent_prefix_path/demo_nodes_cpp_native
-- Up-to-date: /home/student18/ros2_ws/install/demo_nodes_cpp_native/share/demo_nodes_cpp_native/environment/ament_prefix_path.sh
-- Up-to-date: /home/student18/ros2_ws/install/demo_nodes_cpp_native/share/demo_nodes_cpp_native/environment/ament_prefix_path.dsv
-- Up-to-date: /home/student18/ros2_ws/install/demo_nodes_cpp_native/share/demo_nodes_cpp_native/environment/path.sh
-- Up-to-date: /home/student18/ros2_ws/install/demo_nodes_cpp_native/share/demo_nodes_cpp_native/environment/path.dsv
-- Up-to-date: /home/student18/ros2_ws/install/demo_nodes_cpp_native/share/demo_nodes_cpp_native/local_setup.bash
-- Up-to-date: /home/student18/ros2_ws/install/demo_nodes_cpp_native/share/demo_nodes_cpp_native/local_setup.sh
-- Up-to-date: /home/student18/ros2_ws/install/demo_nodes_cpp_native/share/demo_nodes_cpp_native/local_setup.zsh
-- Up-to-date: /home/student18/ros2_ws/install/demo_nodes_cpp_native/share/demo_nodes_cpp_native/local_setup.dsv
-- Installing: /home/student18/ros2_ws/install/demo_nodes_cpp_native/share/demo_nodes_cpp_native/package.dsv
-- Up-to-date: /home/student18/ros2_ws/install/demo_nodes_cpp_native/share/ament_index/resource_index/packages/demo_nodes_cpp_native
-- Up-to-date: /home/student18/ros2_ws/install/demo_nodes_cpp_native/share/ament_index/resource_index/rclcpp_components/demo_nodes_cpp_native
-- Up-to-date: /home/student18/ros2_ws/install/demo_nodes_cpp_native/share/demo_nodes_cpp_native/cmake/demo_nodes_cpp_nativeConfig.cmake
-- Up-to-date: /home/student18/ros2_ws/install/demo_nodes_cpp_native/share/demo_nodes_cpp_native/cmake/demo_nodes_cpp_nativeConfig-version.cmake
-- Up-to-date: /home/student18/ros2_ws/install/demo_nodes_cpp_native/share/demo_nodes_cpp_native/package.xml
