[0.008s] Invoking command in '/home/student18/ros2_ws/build/demo_nodes_cpp_native': CMAKE_PREFIX_PATH=/opt/ros/humble /usr/bin/cmake --build /home/student18/ros2_ws/build/demo_nodes_cpp_native -- -j4 -l4
[0.060s] [35m[1mConsolidate compiler generated dependencies of target talker[0m
[0.061s] [35m[1mConsolidate compiler generated dependencies of target talker_native[0m
[0.081s] [ 50%] Built target talker
[0.085s] [100%] Built target talker_native
[0.096s] Invoked command in '/home/student18/ros2_ws/build/demo_nodes_cpp_native' returned '0': CMAKE_PREFIX_PATH=/opt/ros/humble /usr/bin/cmake --build /home/student18/ros2_ws/build/demo_nodes_cpp_native -- -j4 -l4
[0.098s] Invoking command in '/home/student18/ros2_ws/build/demo_nodes_cpp_native': CMAKE_PREFIX_PATH=/opt/ros/humble /usr/bin/cmake --install /home/student18/ros2_ws/build/demo_nodes_cpp_native
[0.107s] -- Install configuration: ""
[0.107s] -- Up-to-date: /home/student18/ros2_ws/install/demo_nodes_cpp_native/lib/demo_nodes_cpp_native/talker
[0.107s] -- Up-to-date: /home/student18/ros2_ws/install/demo_nodes_cpp_native/lib/libtalker_native.so
[0.107s] -- Up-to-date: /home/student18/ros2_ws/install/demo_nodes_cpp_native/share/ament_index/resource_index/package_run_dependencies/demo_nodes_cpp_native
[0.108s] -- Up-to-date: /home/student18/ros2_ws/install/demo_nodes_cpp_native/share/ament_index/resource_index/parent_prefix_path/demo_nodes_cpp_native
[0.108s] -- Up-to-date: /home/student18/ros2_ws/install/demo_nodes_cpp_native/share/demo_nodes_cpp_native/environment/ament_prefix_path.sh
[0.108s] -- Up-to-date: /home/student18/ros2_ws/install/demo_nodes_cpp_native/share/demo_nodes_cpp_native/environment/ament_prefix_path.dsv
[0.108s] -- Up-to-date: /home/student18/ros2_ws/install/demo_nodes_cpp_native/share/demo_nodes_cpp_native/environment/path.sh
[0.108s] -- Up-to-date: /home/student18/ros2_ws/install/demo_nodes_cpp_native/share/demo_nodes_cpp_native/environment/path.dsv
[0.108s] -- Up-to-date: /home/student18/ros2_ws/install/demo_nodes_cpp_native/share/demo_nodes_cpp_native/local_setup.bash
[0.109s] -- Up-to-date: /home/student18/ros2_ws/install/demo_nodes_cpp_native/share/demo_nodes_cpp_native/local_setup.sh
[0.109s] -- Up-to-date: /home/student18/ros2_ws/install/demo_nodes_cpp_native/share/demo_nodes_cpp_native/local_setup.zsh
[0.109s] -- Up-to-date: /home/student18/ros2_ws/install/demo_nodes_cpp_native/share/demo_nodes_cpp_native/local_setup.dsv
[0.109s] -- Installing: /home/student18/ros2_ws/install/demo_nodes_cpp_native/share/demo_nodes_cpp_native/package.dsv
[0.110s] -- Up-to-date: /home/student18/ros2_ws/install/demo_nodes_cpp_native/share/ament_index/resource_index/packages/demo_nodes_cpp_native
[0.111s] -- Up-to-date: /home/student18/ros2_ws/install/demo_nodes_cpp_native/share/ament_index/resource_index/rclcpp_components/demo_nodes_cpp_native
[0.111s] -- Up-to-date: /home/student18/ros2_ws/install/demo_nodes_cpp_native/share/demo_nodes_cpp_native/cmake/demo_nodes_cpp_nativeConfig.cmake
[0.112s] -- Up-to-date: /home/student18/ros2_ws/install/demo_nodes_cpp_native/share/demo_nodes_cpp_native/cmake/demo_nodes_cpp_nativeConfig-version.cmake
[0.112s] -- Up-to-date: /home/student18/ros2_ws/install/demo_nodes_cpp_native/share/demo_nodes_cpp_native/package.xml
[0.112s] Invoked command in '/home/student18/ros2_ws/build/demo_nodes_cpp_native' returned '0': CMAKE_PREFIX_PATH=/opt/ros/humble /usr/bin/cmake --install /home/student18/ros2_ws/build/demo_nodes_cpp_native
