[0.021s] Invoking command in '/home/student18/ros2_ws/build/intra_process_demo': CMAKE_PREFIX_PATH=${CMAKE_PREFIX_PATH}:/opt/ros/humble /usr/bin/cmake /home/student18/ros2_ws/src/demos/intra_process_demo -DCMAKE_INSTALL_PREFIX=/home/student18/ros2_ws/install/intra_process_demo
[0.170s] -- The C compiler identification is GNU 11.4.0
[0.263s] -- The CXX compiler identification is GNU 11.4.0
[0.278s] -- Detecting C compiler ABI info
[0.499s] -- Detecting C compiler ABI info - done
[0.555s] -- Check for working C compiler: /usr/bin/cc - skipped
[0.556s] -- Detecting C compile features
[0.557s] -- Detecting C compile features - done
[0.559s] -- Detecting CXX compiler ABI info
[0.842s] -- Detecting CXX compiler ABI info - done
[0.876s] -- Check for working CXX compiler: /usr/bin/c++ - skipped
[0.878s] -- Detecting CXX compile features
[0.882s] -- Detecting CXX compile features - done
[0.892s] -- Found ament_cmake: 1.3.11 (/opt/ros/humble/share/ament_cmake/cmake)
[1.735s] -- Found Python3: /usr/bin/python3 (found version "3.10.12") found components: Interpreter 
[2.022s] -- Found builtin_interfaces: 1.2.1 (/opt/ros/humble/share/builtin_interfaces/cmake)
[2.195s] -- Found rosidl_generator_c: 3.1.6 (/opt/ros/humble/share/rosidl_generator_c/cmake)
[2.207s] -- Found rosidl_adapter: 3.1.6 (/opt/ros/humble/share/rosidl_adapter/cmake)
[2.222s] -- Found rosidl_generator_cpp: 3.1.6 (/opt/ros/humble/share/rosidl_generator_cpp/cmake)
[2.245s] -- Using all available rosidl_typesupport_c: rosidl_typesupport_fastrtps_c;rosidl_typesupport_introspection_c
[2.281s] -- Using all available rosidl_typesupport_cpp: rosidl_typesupport_fastrtps_cpp;rosidl_typesupport_introspection_cpp
[2.310s] -- Found rclcpp: 16.0.12 (/opt/ros/humble/share/rclcpp/cmake)
[2.383s] -- Found rmw_implementation_cmake: 6.1.2 (/opt/ros/humble/share/rmw_implementation_cmake/cmake)
[2.390s] -- Found rmw_fastrtps_cpp: 6.2.7 (/opt/ros/humble/share/rmw_fastrtps_cpp/cmake)
[2.596s] -- Found OpenSSL: /usr/lib/x86_64-linux-gnu/libcrypto.so (found version "3.0.2")  
[2.654s] -- Found FastRTPS: /opt/ros/humble/include  
[2.756s] -- Using RMW implementation 'rmw_fastrtps_cpp' as default
[2.779s] -- Looking for pthread.h
[3.027s] -- Looking for pthread.h - found
[3.032s] -- Performing Test CMAKE_HAVE_LIBC_PTHREAD
[3.274s] -- Performing Test CMAKE_HAVE_LIBC_PTHREAD - Success
[3.282s] -- Found Threads: TRUE  
[3.408s] -- Found sensor_msgs: 4.9.0 (/opt/ros/humble/share/sensor_msgs/cmake)
[3.485s] -- Found OpenCV: /usr (found version "4.5.4") found components: core highgui imgproc videoio 
[3.491s] -- Found ament_lint_auto: 0.12.12 (/opt/ros/humble/share/ament_lint_auto/cmake)
[3.918s] -- Found python_cmake_module: 0.10.0 (/opt/ros/humble/share/python_cmake_module/cmake)
[3.994s] -- Found PythonInterp: /usr/bin/python3 (found suitable version "3.10.12", minimum required is "3.6") 
[4.032s] -- Found PythonLibs: /usr/lib/x86_64-linux-gnu/libpython3.10.so (found suitable version "3.10.12", minimum required is "3.5") 
[4.032s] -- Using PYTHON_EXECUTABLE: /usr/bin/python3
[4.032s] -- Using PYTHON_INCLUDE_DIRS: /usr/include/python3.10
[4.032s] -- Using PYTHON_LIBRARIES: /usr/lib/x86_64-linux-gnu/libpython3.10.so
[4.122s] -- Found PythonExtra: .so  
[4.141s] -- Added test 'copyright' to check source files copyright and LICENSE
[4.149s] -- Added test 'cppcheck' to perform static code analysis on C / C++ code
[4.154s] -- Configured cppcheck include dirs: /home/student18/ros2_ws/src/demos/intra_process_demo/include
[4.154s] -- Configured cppcheck exclude dirs and/or files: 
[4.158s] -- Added test 'cpplint' to check C / C++ code against the Google style
[4.158s] -- Configured cpplint exclude dirs and/or files: 
[4.165s] -- Added test 'lint_cmake' to check CMake code style
[4.170s] -- Added test 'uncrustify' to check C / C++ code style
[4.171s] -- Configured uncrustify additional arguments: 
[4.176s] -- Added test 'xmllint' to check XML markup files
[4.179s] -- Configuring done
[4.306s] -- Generating done
[4.362s] -- Build files have been written to: /home/student18/ros2_ws/build/intra_process_demo
[4.409s] Invoked command in '/home/student18/ros2_ws/build/intra_process_demo' returned '0': CMAKE_PREFIX_PATH=${CMAKE_PREFIX_PATH}:/opt/ros/humble /usr/bin/cmake /home/student18/ros2_ws/src/demos/intra_process_demo -DCMAKE_INSTALL_PREFIX=/home/student18/ros2_ws/install/intra_process_demo
[4.409s] Invoking command in '/home/student18/ros2_ws/build/intra_process_demo': CMAKE_PREFIX_PATH=${CMAKE_PREFIX_PATH}:/opt/ros/humble /usr/bin/cmake --build /home/student18/ros2_ws/build/intra_process_demo -- -j4 -l4
[4.597s] [  7%] [32mBuilding CXX object CMakeFiles/two_node_pipeline.dir/src/two_node_pipeline/two_node_pipeline.cpp.o[0m
[25.183s] [ 14%] [32m[1mLinking CXX executable two_node_pipeline[0m
[26.313s] [ 14%] Built target two_node_pipeline
[26.352s] [ 21%] [32mBuilding CXX object CMakeFiles/image_pipeline_with_two_image_view.dir/src/image_pipeline/image_pipeline_with_two_image_view.cpp.o[0m
[50.331s] [ 28%] [32m[1mLinking CXX executable image_pipeline_with_two_image_view[0m
[51.974s] [ 28%] Built target image_pipeline_with_two_image_view
[52.013s] [ 35%] [32mBuilding CXX object CMakeFiles/camera_node.dir/src/image_pipeline/camera_node.cpp.o[0m
[64.514s] [ 42%] [32m[1mLinking CXX executable camera_node[0m
[65.533s] [ 42%] Built target camera_node
[65.573s] [ 50%] [32mBuilding CXX object CMakeFiles/watermark_node.dir/src/image_pipeline/watermark_node.cpp.o[0m
