[0.802s] Invoking command in '/home/student18/ros2_ws/src/my_package': PYTHONPATH=/home/student18/ros2_ws/build/my_package/prefix_override:/usr/lib/python3/dist-packages/colcon_core/task/python/colcon_distutils_commands:/home/student18/ros2_ws/install/my_package/lib/python3.10/site-packages:${PYTHONPATH} /usr/bin/python3 -W ignore:setup.py install is deprecated -W ignore:easy_install command is deprecated setup.py egg_info --egg-base ../../build/my_package build --build-base /home/student18/ros2_ws/build/my_package/build install --record /home/student18/ros2_ws/build/my_package/install.log --single-version-externally-managed install_data
[1.006s] /usr/local/lib/python3.10/dist-packages/setuptools/_distutils/dist.py:289: UserWarning: Unknown distribution option: 'tests_require'
[1.007s]   warnings.warn(msg)
[1.114s] running egg_info
[1.132s] writing ../../build/my_package/my_package.egg-info/PKG-INFO
[1.133s] writing dependency_links to ../../build/my_package/my_package.egg-info/dependency_links.txt
[1.133s] writing entry points to ../../build/my_package/my_package.egg-info/entry_points.txt
[1.134s] writing requirements to ../../build/my_package/my_package.egg-info/requires.txt
[1.134s] writing top-level names to ../../build/my_package/my_package.egg-info/top_level.txt
[1.142s] /usr/lib/python3/dist-packages/pbr/git.py:28: UserWarning: pkg_resources is deprecated as an API. See https://setuptools.pypa.io/en/latest/pkg_resources.html. The pkg_resources package is slated for removal as early as 2025-11-30. Refrain from using this package or pin to Setuptools<81.
[1.142s]   import pkg_resources
[1.279s] reading manifest file '../../build/my_package/my_package.egg-info/SOURCES.txt'
[1.280s] adding license file 'LICENSE'
[1.281s] writing manifest file '../../build/my_package/my_package.egg-info/SOURCES.txt'
[1.282s] running build
[1.282s] running build_py
[1.282s] copying my_package/__init__.py -> /home/student18/ros2_ws/build/my_package/build/lib/my_package
[1.282s] copying my_package/my_node.py -> /home/student18/ros2_ws/build/my_package/build/lib/my_package
[1.283s] copying my_package/subscriber_node.py -> /home/student18/ros2_ws/build/my_package/build/lib/my_package
[1.283s] copying my_package/publisher_node.py -> /home/student18/ros2_ws/build/my_package/build/lib/my_package
[1.284s] running install
[1.290s] running install_lib
[1.310s] running install_data
[1.310s] copying resource/my_package -> /home/student18/ros2_ws/install/my_package/share/ament_index/resource_index/packages
[1.311s] copying package.xml -> /home/student18/ros2_ws/install/my_package/share/my_package
[1.311s] running install_egg_info
[1.330s] removing '/home/student18/ros2_ws/install/my_package/lib/python3.10/site-packages/my_package-0.0.0-py3.10.egg-info' (and everything under it)
[1.330s] Copying ../../build/my_package/my_package.egg-info to /home/student18/ros2_ws/install/my_package/lib/python3.10/site-packages/my_package-0.0.0-py3.10.egg-info
[1.331s] running install_scripts
[1.372s] Installing my_node script to /home/student18/ros2_ws/install/my_package/lib/my_package
[1.373s] Installing publisher_node script to /home/student18/ros2_ws/install/my_package/lib/my_package
[1.373s] Installing subscriber_node script to /home/student18/ros2_ws/install/my_package/lib/my_package
[1.374s] writing list of installed files to '/home/student18/ros2_ws/build/my_package/install.log'
[1.401s] Invoked command in '/home/student18/ros2_ws/src/my_package' returned '0': PYTHONPATH=/home/student18/ros2_ws/build/my_package/prefix_override:/usr/lib/python3/dist-packages/colcon_core/task/python/colcon_distutils_commands:/home/student18/ros2_ws/install/my_package/lib/python3.10/site-packages:${PYTHONPATH} /usr/bin/python3 -W ignore:setup.py install is deprecated -W ignore:easy_install command is deprecated setup.py egg_info --egg-base ../../build/my_package build --build-base /home/student18/ros2_ws/build/my_package/build install --record /home/student18/ros2_ws/build/my_package/install.log --single-version-externally-managed install_data
