[0.010s] Invoking command in '/home/student18/ros2_ws/build/logging_demo': CMAKE_PREFIX_PATH=/opt/ros/humble /usr/bin/cmake --build /home/student18/ros2_ws/build/logging_demo -- -j4 -l4
[0.076s] [35m[1mConsolidate compiler generated dependencies of target logging_demo__rosidl_generator_c[0m
[0.076s] [35m[1mConsolidate compiler generated dependencies of target logger_usage_component[0m
[0.093s] [  2%] Built target logging_demo__cpp
[0.095s] [ 10%] Built target logging_demo__rosidl_generator_c
[0.108s] [ 16%] Built target logger_usage_component
[0.109s] [ 16%] Built target ament_cmake_python_copy_logging_demo
[0.110s] [35m[1mConsolidate compiler generated dependencies of target logging_demo__rosidl_typesupport_cpp[0m
[0.112s] [35m[1mConsolidate compiler generated dependencies of target logging_demo__rosidl_typesupport_fastrtps_cpp[0m
[0.122s] [35m[1mConsolidate compiler generated dependencies of target logging_demo__rosidl_typesupport_c[0m
[0.126s] [35m[1mConsolidate compiler generated dependencies of target logging_demo__rosidl_typesupport_introspection_c[0m
[0.133s] [ 24%] Built target logging_demo__rosidl_typesupport_cpp
[0.137s] [ 32%] Built target logging_demo__rosidl_typesupport_fastrtps_cpp
[0.141s] [ 40%] Built target logging_demo__rosidl_typesupport_c
[0.143s] [ 48%] Built target logging_demo__rosidl_typesupport_introspection_c
[0.156s] [35m[1mConsolidate compiler generated dependencies of target logger_config_component[0m
[0.157s] [35m[1mConsolidate compiler generated dependencies of target logging_demo__rosidl_typesupport_introspection_cpp[0m
[0.165s] [35m[1mConsolidate compiler generated dependencies of target logging_demo__rosidl_typesupport_fastrtps_c[0m
[0.179s] [ 56%] Built target logging_demo__rosidl_typesupport_introspection_cpp
[0.184s] [ 62%] Built target logger_config_component
[0.189s] [ 70%] Built target logging_demo__rosidl_typesupport_fastrtps_c
[0.197s] [35m[1mConsolidate compiler generated dependencies of target logging_demo_main[0m
[0.216s] [ 75%] Built target logging_demo_main
[0.222s] [ 75%] Built target logging_demo
[0.245s] [ 78%] Built target logging_demo__py
[0.256s] [35m[1mConsolidate compiler generated dependencies of target logging_demo__rosidl_generator_py[0m
[0.271s] [ 83%] Built target logging_demo__rosidl_generator_py
[0.290s] [35m[1mConsolidate compiler generated dependencies of target logging_demo__rosidl_typesupport_fastrtps_c__pyext[0m
[0.290s] [35m[1mConsolidate compiler generated dependencies of target logging_demo__rosidl_typesupport_introspection_c__pyext[0m
[0.291s] [35m[1mConsolidate compiler generated dependencies of target logging_demo__rosidl_typesupport_c__pyext[0m
[0.309s] [ 89%] Built target logging_demo__rosidl_typesupport_fastrtps_c__pyext
[0.310s] [ 94%] Built target logging_demo__rosidl_typesupport_introspection_c__pyext
[0.311s] [100%] Built target logging_demo__rosidl_typesupport_c__pyext
[0.429s] running egg_info
[0.446s] writing logging_demo.egg-info/PKG-INFO
[0.447s] writing dependency_links to logging_demo.egg-info/dependency_links.txt
[0.447s] writing top-level names to logging_demo.egg-info/top_level.txt
[0.454s] /usr/lib/python3/dist-packages/pbr/git.py:28: UserWarning: pkg_resources is deprecated as an API. See https://setuptools.pypa.io/en/latest/pkg_resources.html. The pkg_resources package is slated for removal as early as 2025-11-30. Refrain from using this package or pin to Setuptools<81.
[0.455s]   import pkg_resources
[0.602s] reading manifest file 'logging_demo.egg-info/SOURCES.txt'
[0.603s] writing manifest file 'logging_demo.egg-info/SOURCES.txt'
[0.650s] [100%] Built target ament_cmake_python_build_logging_demo_egg
[0.665s] Invoked command in '/home/student18/ros2_ws/build/logging_demo' returned '0': CMAKE_PREFIX_PATH=/opt/ros/humble /usr/bin/cmake --build /home/student18/ros2_ws/build/logging_demo -- -j4 -l4
[0.667s] Invoking command in '/home/student18/ros2_ws/build/logging_demo': CMAKE_PREFIX_PATH=/opt/ros/humble /usr/bin/cmake --install /home/student18/ros2_ws/build/logging_demo
[0.676s] -- Install configuration: ""
[0.677s] -- Up-to-date: /home/student18/ros2_ws/install/logging_demo/share/ament_index/resource_index/rosidl_interfaces/logging_demo
[0.677s] -- Up-to-date: /home/student18/ros2_ws/install/logging_demo/include/logging_demo/logging_demo
[0.678s] -- Up-to-date: /home/student18/ros2_ws/install/logging_demo/include/logging_demo/logging_demo/srv
[0.678s] -- Up-to-date: /home/student18/ros2_ws/install/logging_demo/include/logging_demo/logging_demo/srv/config_logger.h
[0.679s] -- Up-to-date: /home/student18/ros2_ws/install/logging_demo/include/logging_demo/logging_demo/srv/detail
[0.679s] -- Up-to-date: /home/student18/ros2_ws/install/logging_demo/include/logging_demo/logging_demo/srv/detail/config_logger__functions.c
[0.680s] -- Up-to-date: /home/student18/ros2_ws/install/logging_demo/include/logging_demo/logging_demo/srv/detail/config_logger__type_support.h
[0.680s] -- Up-to-date: /home/student18/ros2_ws/install/logging_demo/include/logging_demo/logging_demo/srv/detail/config_logger__functions.h
[0.681s] -- Up-to-date: /home/student18/ros2_ws/install/logging_demo/include/logging_demo/logging_demo/srv/detail/config_logger__struct.h
[0.681s] -- Up-to-date: /home/student18/ros2_ws/install/logging_demo/include/logging_demo/logging_demo/msg
[0.681s] -- Up-to-date: /home/student18/ros2_ws/install/logging_demo/include/logging_demo/logging_demo/msg/rosidl_generator_c__visibility_control.h
[0.682s] -- Up-to-date: /home/student18/ros2_ws/install/logging_demo/share/logging_demo/environment/library_path.sh
[0.682s] -- Up-to-date: /home/student18/ros2_ws/install/logging_demo/share/logging_demo/environment/library_path.dsv
[0.683s] -- Up-to-date: /home/student18/ros2_ws/install/logging_demo/lib/liblogging_demo__rosidl_generator_c.so
[0.683s] -- Up-to-date: /home/student18/ros2_ws/install/logging_demo/include/logging_demo/logging_demo
[0.684s] -- Up-to-date: /home/student18/ros2_ws/install/logging_demo/include/logging_demo/logging_demo/srv
[0.684s] -- Up-to-date: /home/student18/ros2_ws/install/logging_demo/include/logging_demo/logging_demo/srv/detail
[0.684s] -- Up-to-date: /home/student18/ros2_ws/install/logging_demo/include/logging_demo/logging_demo/srv/detail/config_logger__rosidl_typesupport_fastrtps_c.h
[0.684s] -- Up-to-date: /home/student18/ros2_ws/install/logging_demo/include/logging_demo/logging_demo/msg
[0.684s] -- Up-to-date: /home/student18/ros2_ws/install/logging_demo/include/logging_demo/logging_demo/msg/rosidl_typesupport_fastrtps_c__visibility_control.h
[0.684s] -- Up-to-date: /home/student18/ros2_ws/install/logging_demo/lib/liblogging_demo__rosidl_typesupport_fastrtps_c.so
[0.684s] -- Up-to-date: /home/student18/ros2_ws/install/logging_demo/include/logging_demo/logging_demo
[0.685s] -- Up-to-date: /home/student18/ros2_ws/install/logging_demo/include/logging_demo/logging_demo/srv
[0.685s] -- Up-to-date: /home/student18/ros2_ws/install/logging_demo/include/logging_demo/logging_demo/srv/config_logger.hpp
[0.685s] -- Up-to-date: /home/student18/ros2_ws/install/logging_demo/include/logging_demo/logging_demo/srv/detail
[0.685s] -- Up-to-date: /home/student18/ros2_ws/install/logging_demo/include/logging_demo/logging_demo/srv/detail/config_logger__traits.hpp
[0.685s] -- Up-to-date: /home/student18/ros2_ws/install/logging_demo/include/logging_demo/logging_demo/srv/detail/config_logger__struct.hpp
[0.685s] -- Up-to-date: /home/student18/ros2_ws/install/logging_demo/include/logging_demo/logging_demo/srv/detail/config_logger__builder.hpp
[0.686s] -- Up-to-date: /home/student18/ros2_ws/install/logging_demo/include/logging_demo/logging_demo/srv/detail/config_logger__type_support.hpp
[0.686s] -- Up-to-date: /home/student18/ros2_ws/install/logging_demo/include/logging_demo/logging_demo/msg
[0.686s] -- Up-to-date: /home/student18/ros2_ws/install/logging_demo/include/logging_demo/logging_demo/msg/rosidl_generator_cpp__visibility_control.hpp
[0.686s] -- Up-to-date: /home/student18/ros2_ws/install/logging_demo/include/logging_demo/logging_demo
[0.686s] -- Up-to-date: /home/student18/ros2_ws/install/logging_demo/include/logging_demo/logging_demo/srv
[0.686s] -- Up-to-date: /home/student18/ros2_ws/install/logging_demo/include/logging_demo/logging_demo/srv/detail
[0.686s] -- Up-to-date: /home/student18/ros2_ws/install/logging_demo/include/logging_demo/logging_demo/srv/detail/dds_fastrtps
[0.687s] -- Up-to-date: /home/student18/ros2_ws/install/logging_demo/include/logging_demo/logging_demo/srv/detail/config_logger__rosidl_typesupport_fastrtps_cpp.hpp
[0.687s] -- Up-to-date: /home/student18/ros2_ws/install/logging_demo/include/logging_demo/logging_demo/msg
[0.687s] -- Up-to-date: /home/student18/ros2_ws/install/logging_demo/include/logging_demo/logging_demo/msg/rosidl_typesupport_fastrtps_cpp__visibility_control.h
[0.687s] -- Up-to-date: /home/student18/ros2_ws/install/logging_demo/lib/liblogging_demo__rosidl_typesupport_fastrtps_cpp.so
[0.687s] -- Up-to-date: /home/student18/ros2_ws/install/logging_demo/include/logging_demo/logging_demo
[0.687s] -- Up-to-date: /home/student18/ros2_ws/install/logging_demo/include/logging_demo/logging_demo/srv
[0.688s] -- Up-to-date: /home/student18/ros2_ws/install/logging_demo/include/logging_demo/logging_demo/srv/detail
[0.688s] -- Up-to-date: /home/student18/ros2_ws/install/logging_demo/include/logging_demo/logging_demo/srv/detail/config_logger__type_support.c
[0.688s] -- Up-to-date: /home/student18/ros2_ws/install/logging_demo/include/logging_demo/logging_demo/srv/detail/config_logger__rosidl_typesupport_introspection_c.h
[0.688s] -- Up-to-date: /home/student18/ros2_ws/install/logging_demo/include/logging_demo/logging_demo/msg
[0.688s] -- Up-to-date: /home/student18/ros2_ws/install/logging_demo/include/logging_demo/logging_demo/msg/rosidl_typesupport_introspection_c__visibility_control.h
[0.688s] -- Up-to-date: /home/student18/ros2_ws/install/logging_demo/lib/liblogging_demo__rosidl_typesupport_introspection_c.so
[0.689s] -- Up-to-date: /home/student18/ros2_ws/install/logging_demo/lib/liblogging_demo__rosidl_typesupport_c.so
[0.689s] -- Up-to-date: /home/student18/ros2_ws/install/logging_demo/include/logging_demo/logging_demo
[0.689s] -- Up-to-date: /home/student18/ros2_ws/install/logging_demo/include/logging_demo/logging_demo/srv
[0.689s] -- Up-to-date: /home/student18/ros2_ws/install/logging_demo/include/logging_demo/logging_demo/srv/detail
[0.689s] -- Up-to-date: /home/student18/ros2_ws/install/logging_demo/include/logging_demo/logging_demo/srv/detail/config_logger__type_support.cpp
[0.689s] -- Up-to-date: /home/student18/ros2_ws/install/logging_demo/include/logging_demo/logging_demo/srv/detail/config_logger__rosidl_typesupport_introspection_cpp.hpp
[0.689s] -- Up-to-date: /home/student18/ros2_ws/install/logging_demo/lib/liblogging_demo__rosidl_typesupport_introspection_cpp.so
[0.690s] -- Up-to-date: /home/student18/ros2_ws/install/logging_demo/lib/liblogging_demo__rosidl_typesupport_cpp.so
[0.690s] -- Up-to-date: /home/student18/ros2_ws/install/logging_demo/share/logging_demo/environment/pythonpath.sh
[0.690s] -- Up-to-date: /home/student18/ros2_ws/install/logging_demo/share/logging_demo/environment/pythonpath.dsv
[0.690s] -- Up-to-date: /home/student18/ros2_ws/install/logging_demo/local/lib/python3.10/dist-packages/logging_demo-0.20.5-py3.10.egg-info
[0.690s] -- Installing: /home/student18/ros2_ws/install/logging_demo/local/lib/python3.10/dist-packages/logging_demo-0.20.5-py3.10.egg-info/dependency_links.txt
[0.690s] -- Installing: /home/student18/ros2_ws/install/logging_demo/local/lib/python3.10/dist-packages/logging_demo-0.20.5-py3.10.egg-info/SOURCES.txt
[0.691s] -- Installing: /home/student18/ros2_ws/install/logging_demo/local/lib/python3.10/dist-packages/logging_demo-0.20.5-py3.10.egg-info/top_level.txt
[0.691s] -- Installing: /home/student18/ros2_ws/install/logging_demo/local/lib/python3.10/dist-packages/logging_demo-0.20.5-py3.10.egg-info/PKG-INFO
[0.691s] -- Up-to-date: /home/student18/ros2_ws/install/logging_demo/local/lib/python3.10/dist-packages/logging_demo
[0.691s] -- Up-to-date: /home/student18/ros2_ws/install/logging_demo/local/lib/python3.10/dist-packages/logging_demo/_logging_demo_s.ep.rosidl_typesupport_introspection_c.c
[0.691s] -- Up-to-date: /home/student18/ros2_ws/install/logging_demo/local/lib/python3.10/dist-packages/logging_demo/logging_demo_s__rosidl_typesupport_introspection_c.cpython-310-x86_64-linux-gnu.so
[0.691s] -- Up-to-date: /home/student18/ros2_ws/install/logging_demo/local/lib/python3.10/dist-packages/logging_demo/__init__.py
[0.691s] -- Up-to-date: /home/student18/ros2_ws/install/logging_demo/local/lib/python3.10/dist-packages/logging_demo/logging_demo_s__rosidl_typesupport_c.cpython-310-x86_64-linux-gnu.so
[0.691s] -- Up-to-date: /home/student18/ros2_ws/install/logging_demo/local/lib/python3.10/dist-packages/logging_demo/srv
[0.691s] -- Up-to-date: /home/student18/ros2_ws/install/logging_demo/local/lib/python3.10/dist-packages/logging_demo/srv/_config_logger.py
[0.692s] -- Up-to-date: /home/student18/ros2_ws/install/logging_demo/local/lib/python3.10/dist-packages/logging_demo/srv/__init__.py
[0.692s] -- Up-to-date: /home/student18/ros2_ws/install/logging_demo/local/lib/python3.10/dist-packages/logging_demo/srv/_config_logger_s.c
[0.692s] -- Up-to-date: /home/student18/ros2_ws/install/logging_demo/local/lib/python3.10/dist-packages/logging_demo/_logging_demo_s.ep.rosidl_typesupport_c.c
[0.692s] -- Up-to-date: /home/student18/ros2_ws/install/logging_demo/local/lib/python3.10/dist-packages/logging_demo/liblogging_demo__rosidl_generator_py.so
[0.692s] -- Up-to-date: /home/student18/ros2_ws/install/logging_demo/local/lib/python3.10/dist-packages/logging_demo/_logging_demo_s.ep.rosidl_typesupport_fastrtps_c.c
[0.692s] -- Up-to-date: /home/student18/ros2_ws/install/logging_demo/local/lib/python3.10/dist-packages/logging_demo/logging_demo_s__rosidl_typesupport_fastrtps_c.cpython-310-x86_64-linux-gnu.so
[0.720s] Listing '/home/student18/ros2_ws/install/logging_demo/local/lib/python3.10/dist-packages/logging_demo'...
[0.720s] Listing '/home/student18/ros2_ws/install/logging_demo/local/lib/python3.10/dist-packages/logging_demo/srv'...
[0.726s] -- Up-to-date: /home/student18/ros2_ws/install/logging_demo/local/lib/python3.10/dist-packages/logging_demo/logging_demo_s__rosidl_typesupport_fastrtps_c.cpython-310-x86_64-linux-gnu.so
[0.726s] -- Up-to-date: /home/student18/ros2_ws/install/logging_demo/local/lib/python3.10/dist-packages/logging_demo/logging_demo_s__rosidl_typesupport_introspection_c.cpython-310-x86_64-linux-gnu.so
[0.726s] -- Up-to-date: /home/student18/ros2_ws/install/logging_demo/local/lib/python3.10/dist-packages/logging_demo/logging_demo_s__rosidl_typesupport_c.cpython-310-x86_64-linux-gnu.so
[0.727s] -- Up-to-date: /home/student18/ros2_ws/install/logging_demo/lib/liblogging_demo__rosidl_generator_py.so
[0.727s] -- Up-to-date: /home/student18/ros2_ws/install/logging_demo/share/logging_demo/srv/ConfigLogger.idl
[0.727s] -- Up-to-date: /home/student18/ros2_ws/install/logging_demo/share/logging_demo/srv/ConfigLogger.srv
[0.728s] -- Up-to-date: /home/student18/ros2_ws/install/logging_demo/share/logging_demo/srv/ConfigLogger_Request.msg
[0.728s] -- Up-to-date: /home/student18/ros2_ws/install/logging_demo/share/logging_demo/srv/ConfigLogger_Response.msg
[0.728s] -- Up-to-date: /home/student18/ros2_ws/install/logging_demo/lib/liblogger_config_component.so
[0.729s] -- Up-to-date: /home/student18/ros2_ws/install/logging_demo/lib/liblogger_usage_component.so
[0.729s] -- Up-to-date: /home/student18/ros2_ws/install/logging_demo/lib/logging_demo/logging_demo_main
[0.730s] -- Up-to-date: /home/student18/ros2_ws/install/logging_demo/share/ament_index/resource_index/package_run_dependencies/logging_demo
[0.730s] -- Up-to-date: /home/student18/ros2_ws/install/logging_demo/share/ament_index/resource_index/parent_prefix_path/logging_demo
[0.731s] -- Up-to-date: /home/student18/ros2_ws/install/logging_demo/share/logging_demo/environment/ament_prefix_path.sh
[0.731s] -- Up-to-date: /home/student18/ros2_ws/install/logging_demo/share/logging_demo/environment/ament_prefix_path.dsv
[0.732s] -- Up-to-date: /home/student18/ros2_ws/install/logging_demo/share/logging_demo/environment/path.sh
[0.732s] -- Up-to-date: /home/student18/ros2_ws/install/logging_demo/share/logging_demo/environment/path.dsv
[0.732s] -- Up-to-date: /home/student18/ros2_ws/install/logging_demo/share/logging_demo/local_setup.bash
[0.733s] -- Up-to-date: /home/student18/ros2_ws/install/logging_demo/share/logging_demo/local_setup.sh
[0.733s] -- Up-to-date: /home/student18/ros2_ws/install/logging_demo/share/logging_demo/local_setup.zsh
[0.733s] -- Up-to-date: /home/student18/ros2_ws/install/logging_demo/share/logging_demo/local_setup.dsv
[0.734s] -- Installing: /home/student18/ros2_ws/install/logging_demo/share/logging_demo/package.dsv
[0.735s] -- Up-to-date: /home/student18/ros2_ws/install/logging_demo/share/ament_index/resource_index/packages/logging_demo
[0.736s] -- Up-to-date: /home/student18/ros2_ws/install/logging_demo/share/logging_demo/cmake/export_logging_demo__rosidl_generator_cExport.cmake
[0.736s] -- Up-to-date: /home/student18/ros2_ws/install/logging_demo/share/logging_demo/cmake/export_logging_demo__rosidl_generator_cExport-noconfig.cmake
[0.736s] -- Up-to-date: /home/student18/ros2_ws/install/logging_demo/share/logging_demo/cmake/export_logging_demo__rosidl_typesupport_fastrtps_cExport.cmake
[0.736s] -- Up-to-date: /home/student18/ros2_ws/install/logging_demo/share/logging_demo/cmake/export_logging_demo__rosidl_typesupport_fastrtps_cExport-noconfig.cmake
[0.737s] -- Up-to-date: /home/student18/ros2_ws/install/logging_demo/share/logging_demo/cmake/export_logging_demo__rosidl_generator_cppExport.cmake
[0.737s] -- Up-to-date: /home/student18/ros2_ws/install/logging_demo/share/logging_demo/cmake/export_logging_demo__rosidl_typesupport_fastrtps_cppExport.cmake
[0.737s] -- Up-to-date: /home/student18/ros2_ws/install/logging_demo/share/logging_demo/cmake/export_logging_demo__rosidl_typesupport_fastrtps_cppExport-noconfig.cmake
[0.737s] -- Up-to-date: /home/student18/ros2_ws/install/logging_demo/share/logging_demo/cmake/logging_demo__rosidl_typesupport_introspection_cExport.cmake
[0.737s] -- Up-to-date: /home/student18/ros2_ws/install/logging_demo/share/logging_demo/cmake/logging_demo__rosidl_typesupport_introspection_cExport-noconfig.cmake
[0.738s] -- Up-to-date: /home/student18/ros2_ws/install/logging_demo/share/logging_demo/cmake/logging_demo__rosidl_typesupport_cExport.cmake
[0.738s] -- Up-to-date: /home/student18/ros2_ws/install/logging_demo/share/logging_demo/cmake/logging_demo__rosidl_typesupport_cExport-noconfig.cmake
[0.738s] -- Up-to-date: /home/student18/ros2_ws/install/logging_demo/share/logging_demo/cmake/logging_demo__rosidl_typesupport_introspection_cppExport.cmake
[0.738s] -- Up-to-date: /home/student18/ros2_ws/install/logging_demo/share/logging_demo/cmake/logging_demo__rosidl_typesupport_introspection_cppExport-noconfig.cmake
[0.738s] -- Up-to-date: /home/student18/ros2_ws/install/logging_demo/share/logging_demo/cmake/logging_demo__rosidl_typesupport_cppExport.cmake
[0.739s] -- Up-to-date: /home/student18/ros2_ws/install/logging_demo/share/logging_demo/cmake/logging_demo__rosidl_typesupport_cppExport-noconfig.cmake
[0.739s] -- Up-to-date: /home/student18/ros2_ws/install/logging_demo/share/logging_demo/cmake/export_logging_demo__rosidl_generator_pyExport.cmake
[0.739s] -- Up-to-date: /home/student18/ros2_ws/install/logging_demo/share/logging_demo/cmake/export_logging_demo__rosidl_generator_pyExport-noconfig.cmake
[0.739s] -- Up-to-date: /home/student18/ros2_ws/install/logging_demo/share/ament_index/resource_index/rclcpp_components/logging_demo
[0.739s] -- Up-to-date: /home/student18/ros2_ws/install/logging_demo/share/logging_demo/cmake/rosidl_cmake-extras.cmake
[0.739s] -- Up-to-date: /home/student18/ros2_ws/install/logging_demo/share/logging_demo/cmake/ament_cmake_export_include_directories-extras.cmake
[0.740s] -- Up-to-date: /home/student18/ros2_ws/install/logging_demo/share/logging_demo/cmake/ament_cmake_export_libraries-extras.cmake
[0.740s] -- Up-to-date: /home/student18/ros2_ws/install/logging_demo/share/logging_demo/cmake/ament_cmake_export_targets-extras.cmake
[0.740s] -- Up-to-date: /home/student18/ros2_ws/install/logging_demo/share/logging_demo/cmake/rosidl_cmake_export_typesupport_targets-extras.cmake
[0.740s] -- Up-to-date: /home/student18/ros2_ws/install/logging_demo/share/logging_demo/cmake/ament_cmake_export_dependencies-extras.cmake
[0.740s] -- Up-to-date: /home/student18/ros2_ws/install/logging_demo/share/logging_demo/cmake/rosidl_cmake_export_typesupport_libraries-extras.cmake
[0.740s] -- Up-to-date: /home/student18/ros2_ws/install/logging_demo/share/logging_demo/cmake/logging_demoConfig.cmake
[0.740s] -- Up-to-date: /home/student18/ros2_ws/install/logging_demo/share/logging_demo/cmake/logging_demoConfig-version.cmake
[0.741s] -- Up-to-date: /home/student18/ros2_ws/install/logging_demo/share/logging_demo/package.xml
[0.741s] Invoked command in '/home/student18/ros2_ws/build/logging_demo' returned '0': CMAKE_PREFIX_PATH=/opt/ros/humble /usr/bin/cmake --install /home/student18/ros2_ws/build/logging_demo
