[0.760s] Invoking command in '/home/student18/ros2_ws/src/demos/action_tutorials/action_tutorials_py': AMENT_PREFIX_PATH=/home/student18/ros2_ws/install/action_tutorials_interfaces:${AMENT_PREFIX_PATH} CMAKE_PREFIX_PATH=/home/student18/ros2_ws/install/action_tutorials_interfaces LD_LIBRARY_PATH=/home/student18/ros2_ws/install/action_tutorials_interfaces/lib:${LD_LIBRARY_PATH} PYTHONPATH=/home/student18/ros2_ws/build/action_tutorials_py/prefix_override:/usr/lib/python3/dist-packages/colcon_core/task/python/colcon_distutils_commands:/home/student18/ros2_ws/install/action_tutorials_py/lib/python3.10/site-packages:/home/student18/ros2_ws/install/action_tutorials_interfaces/local/lib/python3.10/dist-packages:${PYTHONPATH} /usr/bin/python3 -W ignore:setup.py install is deprecated -W ignore:easy_install command is deprecated setup.py egg_info --egg-base ../../../../build/action_tutorials_py build --build-base /home/student18/ros2_ws/build/action_tutorials_py/build install --record /home/student18/ros2_ws/build/action_tutorials_py/install.log --single-version-externally-managed install_data
[0.944s] /usr/local/lib/python3.10/dist-packages/setuptools/_distutils/dist.py:289: UserWarning: Unknown distribution option: 'tests_require'
[0.944s]   warnings.warn(msg)
[0.982s] /usr/local/lib/python3.10/dist-packages/setuptools/dist.py:759: SetuptoolsDeprecationWarning: License classifiers are deprecated.
[0.982s] !!
[0.982s] 
[0.982s]         ********************************************************************************
[0.982s]         Please consider removing the following classifiers in favor of a SPDX license expression:
[0.983s] 
[0.983s]         License :: OSI Approved :: Apache Software License
[0.983s] 
[0.983s]         See https://packaging.python.org/en/latest/guides/writing-pyproject-toml/#license for details.
[0.983s]         ********************************************************************************
[0.983s] 
[0.983s] !!
[0.983s]   self._finalize_license_expression()
[1.054s] running egg_info
[1.070s] creating ../../../../build/action_tutorials_py/action_tutorials_py.egg-info
[1.071s] writing ../../../../build/action_tutorials_py/action_tutorials_py.egg-info/PKG-INFO
[1.071s] writing dependency_links to ../../../../build/action_tutorials_py/action_tutorials_py.egg-info/dependency_links.txt
[1.071s] writing entry points to ../../../../build/action_tutorials_py/action_tutorials_py.egg-info/entry_points.txt
[1.072s] writing requirements to ../../../../build/action_tutorials_py/action_tutorials_py.egg-info/requires.txt
[1.072s] writing top-level names to ../../../../build/action_tutorials_py/action_tutorials_py.egg-info/top_level.txt
[1.078s] /usr/lib/python3/dist-packages/pbr/git.py:28: UserWarning: pkg_resources is deprecated as an API. See https://setuptools.pypa.io/en/latest/pkg_resources.html. The pkg_resources package is slated for removal as early as 2025-11-30. Refrain from using this package or pin to Setuptools<81.
[1.078s]   import pkg_resources
[1.179s] writing manifest file '../../../../build/action_tutorials_py/action_tutorials_py.egg-info/SOURCES.txt'
[1.215s] reading manifest file '../../../../build/action_tutorials_py/action_tutorials_py.egg-info/SOURCES.txt'
[1.216s] writing manifest file '../../../../build/action_tutorials_py/action_tutorials_py.egg-info/SOURCES.txt'
[1.217s] running build
[1.217s] running build_py
[1.217s] creating /home/student18/ros2_ws/build/action_tutorials_py/build/lib/action_tutorials_py
[1.218s] copying action_tutorials_py/fibonacci_action_server.py -> /home/student18/ros2_ws/build/action_tutorials_py/build/lib/action_tutorials_py
[1.218s] copying action_tutorials_py/__init__.py -> /home/student18/ros2_ws/build/action_tutorials_py/build/lib/action_tutorials_py
[1.218s] copying action_tutorials_py/fibonacci_action_client.py -> /home/student18/ros2_ws/build/action_tutorials_py/build/lib/action_tutorials_py
[1.219s] running install
[1.223s] running install_lib
[1.240s] creating /home/student18/ros2_ws/install/action_tutorials_py/lib/python3.10/site-packages/action_tutorials_py
[1.241s] copying /home/student18/ros2_ws/build/action_tutorials_py/build/lib/action_tutorials_py/fibonacci_action_server.py -> /home/student18/ros2_ws/install/action_tutorials_py/lib/python3.10/site-packages/action_tutorials_py
[1.241s] copying /home/student18/ros2_ws/build/action_tutorials_py/build/lib/action_tutorials_py/__init__.py -> /home/student18/ros2_ws/install/action_tutorials_py/lib/python3.10/site-packages/action_tutorials_py
[1.242s] copying /home/student18/ros2_ws/build/action_tutorials_py/build/lib/action_tutorials_py/fibonacci_action_client.py -> /home/student18/ros2_ws/install/action_tutorials_py/lib/python3.10/site-packages/action_tutorials_py
[1.242s] byte-compiling /home/student18/ros2_ws/install/action_tutorials_py/lib/python3.10/site-packages/action_tutorials_py/fibonacci_action_server.py to fibonacci_action_server.cpython-310.pyc
[1.243s] byte-compiling /home/student18/ros2_ws/install/action_tutorials_py/lib/python3.10/site-packages/action_tutorials_py/__init__.py to __init__.cpython-310.pyc
[1.243s] byte-compiling /home/student18/ros2_ws/install/action_tutorials_py/lib/python3.10/site-packages/action_tutorials_py/fibonacci_action_client.py to fibonacci_action_client.cpython-310.pyc
[1.243s] running install_data
[1.244s] creating /home/student18/ros2_ws/install/action_tutorials_py/share/ament_index/resource_index/packages
[1.244s] copying resource/action_tutorials_py -> /home/student18/ros2_ws/install/action_tutorials_py/share/ament_index/resource_index/packages
[1.245s] copying package.xml -> /home/student18/ros2_ws/install/action_tutorials_py/share/action_tutorials_py
[1.245s] running install_egg_info
[1.263s] Copying ../../../../build/action_tutorials_py/action_tutorials_py.egg-info to /home/student18/ros2_ws/install/action_tutorials_py/lib/python3.10/site-packages/action_tutorials_py-0.20.5-py3.10.egg-info
[1.264s] running install_scripts
[1.299s] Installing fibonacci_action_client script to /home/student18/ros2_ws/install/action_tutorials_py/lib/action_tutorials_py
[1.299s] Installing fibonacci_action_server script to /home/student18/ros2_ws/install/action_tutorials_py/lib/action_tutorials_py
[1.300s] writing list of installed files to '/home/student18/ros2_ws/build/action_tutorials_py/install.log'
[1.331s] Invoked command in '/home/student18/ros2_ws/src/demos/action_tutorials/action_tutorials_py' returned '0': AMENT_PREFIX_PATH=/home/student18/ros2_ws/install/action_tutorials_interfaces:${AMENT_PREFIX_PATH} CMAKE_PREFIX_PATH=/home/student18/ros2_ws/install/action_tutorials_interfaces LD_LIBRARY_PATH=/home/student18/ros2_ws/install/action_tutorials_interfaces/lib:${LD_LIBRARY_PATH} PYTHONPATH=/home/student18/ros2_ws/build/action_tutorials_py/prefix_override:/usr/lib/python3/dist-packages/colcon_core/task/python/colcon_distutils_commands:/home/student18/ros2_ws/install/action_tutorials_py/lib/python3.10/site-packages:/home/student18/ros2_ws/install/action_tutorials_interfaces/local/lib/python3.10/dist-packages:${PYTHONPATH} /usr/bin/python3 -W ignore:setup.py install is deprecated -W ignore:easy_install command is deprecated setup.py egg_info --egg-base ../../../../build/action_tutorials_py build --build-base /home/student18/ros2_ws/build/action_tutorials_py/build install --record /home/student18/ros2_ws/build/action_tutorials_py/install.log --single-version-externally-managed install_data
