/usr/local/lib/python3.10/dist-packages/setuptools/_distutils/dist.py:289: UserWarning: Unknown distribution option: 'tests_require'
  warnings.warn(msg)
/usr/local/lib/python3.10/dist-packages/setuptools/dist.py:759: SetuptoolsDeprecationWarning: License classifiers are deprecated.
!!

        ********************************************************************************
        Please consider removing the following classifiers in favor of a SPDX license expression:

        License :: OSI Approved :: Apache Software License

        See https://packaging.python.org/en/latest/guides/writing-pyproject-toml/#license for details.
        ********************************************************************************

!!
  self._finalize_license_expression()
running egg_info
creating ../../../build/lifecycle_py/lifecycle_py.egg-info
writing ../../../build/lifecycle_py/lifecycle_py.egg-info/PKG-INFO
writing dependency_links to ../../../build/lifecycle_py/lifecycle_py.egg-info/dependency_links.txt
writing entry points to ../../../build/lifecycle_py/lifecycle_py.egg-info/entry_points.txt
writing requirements to ../../../build/lifecycle_py/lifecycle_py.egg-info/requires.txt
writing top-level names to ../../../build/lifecycle_py/lifecycle_py.egg-info/top_level.txt
/usr/lib/python3/dist-packages/pbr/git.py:28: UserWarning: pkg_resources is deprecated as an API. See https://setuptools.pypa.io/en/latest/pkg_resources.html. The pkg_resources package is slated for removal as early as 2025-11-30. Refrain from using this package or pin to Setuptools<81.
  import pkg_resources
writing manifest file '../../../build/lifecycle_py/lifecycle_py.egg-info/SOURCES.txt'
reading manifest file '../../../build/lifecycle_py/lifecycle_py.egg-info/SOURCES.txt'
writing manifest file '../../../build/lifecycle_py/lifecycle_py.egg-info/SOURCES.txt'
running build
running build_py
creating /home/student18/ros2_ws/build/lifecycle_py/build/lib/lifecycle_py
copying lifecycle_py/__init__.py -> /home/student18/ros2_ws/build/lifecycle_py/build/lib/lifecycle_py
copying lifecycle_py/talker.py -> /home/student18/ros2_ws/build/lifecycle_py/build/lib/lifecycle_py
running install
running install_lib
creating /home/student18/ros2_ws/install/lifecycle_py/lib/python3.10/site-packages/lifecycle_py
copying /home/student18/ros2_ws/build/lifecycle_py/build/lib/lifecycle_py/__init__.py -> /home/student18/ros2_ws/install/lifecycle_py/lib/python3.10/site-packages/lifecycle_py
copying /home/student18/ros2_ws/build/lifecycle_py/build/lib/lifecycle_py/talker.py -> /home/student18/ros2_ws/install/lifecycle_py/lib/python3.10/site-packages/lifecycle_py
byte-compiling /home/student18/ros2_ws/install/lifecycle_py/lib/python3.10/site-packages/lifecycle_py/__init__.py to __init__.cpython-310.pyc
byte-compiling /home/student18/ros2_ws/install/lifecycle_py/lib/python3.10/site-packages/lifecycle_py/talker.py to talker.cpython-310.pyc
running install_data
creating /home/student18/ros2_ws/install/lifecycle_py/share/ament_index/resource_index/packages
copying resource/lifecycle_py -> /home/student18/ros2_ws/install/lifecycle_py/share/ament_index/resource_index/packages
copying package.xml -> /home/student18/ros2_ws/install/lifecycle_py/share/lifecycle_py
running install_egg_info
Copying ../../../build/lifecycle_py/lifecycle_py.egg-info to /home/student18/ros2_ws/install/lifecycle_py/lib/python3.10/site-packages/lifecycle_py-0.20.5-py3.10.egg-info
running install_scripts
Installing lifecycle_talker script to /home/student18/ros2_ws/install/lifecycle_py/lib/lifecycle_py
writing list of installed files to '/home/student18/ros2_ws/build/lifecycle_py/install.log'
