[0.760s] Invoking command in '/home/student18/ros2_ws/src/demos/lifecycle_py': AMENT_PREFIX_PATH=/home/student18/ros2_ws/install/lifecycle:${AMENT_PREFIX_PATH} CMAKE_PREFIX_PATH=/home/student18/ros2_ws/install/lifecycle PYTHONPATH=/home/student18/ros2_ws/build/lifecycle_py/prefix_override:/usr/lib/python3/dist-packages/colcon_core/task/python/colcon_distutils_commands:/home/student18/ros2_ws/install/lifecycle_py/lib/python3.10/site-packages:${PYTHONPATH} /usr/bin/python3 -W ignore:setup.py install is deprecated -W ignore:easy_install command is deprecated setup.py egg_info --egg-base ../../../build/lifecycle_py build --build-base /home/student18/ros2_ws/build/lifecycle_py/build install --record /home/student18/ros2_ws/build/lifecycle_py/install.log --single-version-externally-managed install_data
[0.940s] /usr/local/lib/python3.10/dist-packages/setuptools/_distutils/dist.py:289: UserWarning: Unknown distribution option: 'tests_require'
[0.940s]   warnings.warn(msg)
[0.976s] /usr/local/lib/python3.10/dist-packages/setuptools/dist.py:759: SetuptoolsDeprecationWarning: License classifiers are deprecated.
[0.976s] !!
[0.976s] 
[0.976s]         ********************************************************************************
[0.976s]         Please consider removing the following classifiers in favor of a SPDX license expression:
[0.977s] 
[0.977s]         License :: OSI Approved :: Apache Software License
[0.977s] 
[0.977s]         See https://packaging.python.org/en/latest/guides/writing-pyproject-toml/#license for details.
[0.977s]         ********************************************************************************
[0.977s] 
[0.977s] !!
[0.977s]   self._finalize_license_expression()
[1.046s] running egg_info
[1.062s] creating ../../../build/lifecycle_py/lifecycle_py.egg-info
[1.062s] writing ../../../build/lifecycle_py/lifecycle_py.egg-info/PKG-INFO
[1.063s] writing dependency_links to ../../../build/lifecycle_py/lifecycle_py.egg-info/dependency_links.txt
[1.063s] writing entry points to ../../../build/lifecycle_py/lifecycle_py.egg-info/entry_points.txt
[1.064s] writing requirements to ../../../build/lifecycle_py/lifecycle_py.egg-info/requires.txt
[1.064s] writing top-level names to ../../../build/lifecycle_py/lifecycle_py.egg-info/top_level.txt
[1.071s] /usr/lib/python3/dist-packages/pbr/git.py:28: UserWarning: pkg_resources is deprecated as an API. See https://setuptools.pypa.io/en/latest/pkg_resources.html. The pkg_resources package is slated for removal as early as 2025-11-30. Refrain from using this package or pin to Setuptools<81.
[1.071s]   import pkg_resources
[1.165s] writing manifest file '../../../build/lifecycle_py/lifecycle_py.egg-info/SOURCES.txt'
[1.200s] reading manifest file '../../../build/lifecycle_py/lifecycle_py.egg-info/SOURCES.txt'
[1.203s] writing manifest file '../../../build/lifecycle_py/lifecycle_py.egg-info/SOURCES.txt'
[1.204s] running build
[1.204s] running build_py
[1.204s] creating /home/student18/ros2_ws/build/lifecycle_py/build/lib/lifecycle_py
[1.204s] copying lifecycle_py/__init__.py -> /home/student18/ros2_ws/build/lifecycle_py/build/lib/lifecycle_py
[1.205s] copying lifecycle_py/talker.py -> /home/student18/ros2_ws/build/lifecycle_py/build/lib/lifecycle_py
[1.205s] running install
[1.210s] running install_lib
[1.226s] creating /home/student18/ros2_ws/install/lifecycle_py/lib/python3.10/site-packages/lifecycle_py
[1.226s] copying /home/student18/ros2_ws/build/lifecycle_py/build/lib/lifecycle_py/__init__.py -> /home/student18/ros2_ws/install/lifecycle_py/lib/python3.10/site-packages/lifecycle_py
[1.227s] copying /home/student18/ros2_ws/build/lifecycle_py/build/lib/lifecycle_py/talker.py -> /home/student18/ros2_ws/install/lifecycle_py/lib/python3.10/site-packages/lifecycle_py
[1.227s] byte-compiling /home/student18/ros2_ws/install/lifecycle_py/lib/python3.10/site-packages/lifecycle_py/__init__.py to __init__.cpython-310.pyc
[1.228s] byte-compiling /home/student18/ros2_ws/install/lifecycle_py/lib/python3.10/site-packages/lifecycle_py/talker.py to talker.cpython-310.pyc
[1.229s] running install_data
[1.229s] creating /home/student18/ros2_ws/install/lifecycle_py/share/ament_index/resource_index/packages
[1.229s] copying resource/lifecycle_py -> /home/student18/ros2_ws/install/lifecycle_py/share/ament_index/resource_index/packages
[1.230s] copying package.xml -> /home/student18/ros2_ws/install/lifecycle_py/share/lifecycle_py
[1.230s] running install_egg_info
[1.249s] Copying ../../../build/lifecycle_py/lifecycle_py.egg-info to /home/student18/ros2_ws/install/lifecycle_py/lib/python3.10/site-packages/lifecycle_py-0.20.5-py3.10.egg-info
[1.251s] running install_scripts
[1.316s] Installing lifecycle_talker script to /home/student18/ros2_ws/install/lifecycle_py/lib/lifecycle_py
[1.316s] writing list of installed files to '/home/student18/ros2_ws/build/lifecycle_py/install.log'
[1.353s] Invoked command in '/home/student18/ros2_ws/src/demos/lifecycle_py' returned '0': AMENT_PREFIX_PATH=/home/student18/ros2_ws/install/lifecycle:${AMENT_PREFIX_PATH} CMAKE_PREFIX_PATH=/home/student18/ros2_ws/install/lifecycle PYTHONPATH=/home/student18/ros2_ws/build/lifecycle_py/prefix_override:/usr/lib/python3/dist-packages/colcon_core/task/python/colcon_distutils_commands:/home/student18/ros2_ws/install/lifecycle_py/lib/python3.10/site-packages:${PYTHONPATH} /usr/bin/python3 -W ignore:setup.py install is deprecated -W ignore:easy_install command is deprecated setup.py egg_info --egg-base ../../../build/lifecycle_py build --build-base /home/student18/ros2_ws/build/lifecycle_py/build install --record /home/student18/ros2_ws/build/lifecycle_py/install.log --single-version-externally-managed install_data
