[0.021s] Invoking command in '/home/student18/ros2_ws/build/dummy_sensors': CMAKE_PREFIX_PATH=${CMAKE_PREFIX_PATH}:/opt/ros/humble /usr/bin/cmake /home/student18/ros2_ws/src/demos/dummy_robot/dummy_sensors -DCMAKE_INSTALL_PREFIX=/home/student18/ros2_ws/install/dummy_sensors
[0.115s] -- The C compiler identification is GNU 11.4.0
[0.210s] -- The CXX compiler identification is GNU 11.4.0
[0.225s] -- Detecting C compiler ABI info
[0.389s] -- Detecting C compiler ABI info - done
[0.407s] -- Check for working C compiler: /usr/bin/cc - skipped
[0.408s] -- Detecting C compile features
[0.409s] -- Detecting C compile features - done
[0.415s] -- Detecting CXX compiler ABI info
[0.551s] -- Detecting CXX compiler ABI info - done
[0.567s] -- Check for working CXX compiler: /usr/bin/c++ - skipped
[0.568s] -- Detecting CXX compile features
[0.569s] -- Detecting CXX compile features - done
[0.573s] -- Found ament_cmake: 1.3.11 (/opt/ros/humble/share/ament_cmake/cmake)
[1.323s] -- Found Python3: /usr/bin/python3 (found version "3.10.12") found components: Interpreter 
[1.497s] -- Found rclcpp: 16.0.12 (/opt/ros/humble/share/rclcpp/cmake)
[1.564s] -- Found rosidl_generator_c: 3.1.6 (/opt/ros/humble/share/rosidl_generator_c/cmake)
[1.573s] -- Found rosidl_adapter: 3.1.6 (/opt/ros/humble/share/rosidl_adapter/cmake)
[1.590s] -- Found rosidl_generator_cpp: 3.1.6 (/opt/ros/humble/share/rosidl_generator_cpp/cmake)
[1.610s] -- Using all available rosidl_typesupport_c: rosidl_typesupport_fastrtps_c;rosidl_typesupport_introspection_c
[1.643s] -- Using all available rosidl_typesupport_cpp: rosidl_typesupport_fastrtps_cpp;rosidl_typesupport_introspection_cpp
[1.724s] -- Found rmw_implementation_cmake: 6.1.2 (/opt/ros/humble/share/rmw_implementation_cmake/cmake)
[1.728s] -- Found rmw_fastrtps_cpp: 6.2.7 (/opt/ros/humble/share/rmw_fastrtps_cpp/cmake)
[1.878s] -- Found OpenSSL: /usr/lib/x86_64-linux-gnu/libcrypto.so (found version "3.0.2")  
[1.922s] -- Found FastRTPS: /opt/ros/humble/include  
[1.988s] -- Using RMW implementation 'rmw_fastrtps_cpp' as default
[2.009s] -- Looking for pthread.h
[2.137s] -- Looking for pthread.h - found
[2.139s] -- Performing Test CMAKE_HAVE_LIBC_PTHREAD
[2.265s] -- Performing Test CMAKE_HAVE_LIBC_PTHREAD - Success
[2.265s] -- Found Threads: TRUE  
[2.372s] -- Found sensor_msgs: 4.9.0 (/opt/ros/humble/share/sensor_msgs/cmake)
[2.464s] -- Found ament_lint_auto: 0.12.12 (/opt/ros/humble/share/ament_lint_auto/cmake)
[2.670s] -- Added test 'copyright' to check source files copyright and LICENSE
[2.672s] -- Added test 'cppcheck' to perform static code analysis on C / C++ code
[2.673s] -- Configured cppcheck include dirs: 
[2.674s] -- Configured cppcheck exclude dirs and/or files: 
[2.674s] -- Added test 'cpplint' to check C / C++ code against the Google style
[2.675s] -- Configured cpplint exclude dirs and/or files: 
[2.676s] -- Added test 'lint_cmake' to check CMake code style
[2.678s] -- Added test 'uncrustify' to check C / C++ code style
[2.679s] -- Configured uncrustify additional arguments: 
[2.679s] -- Added test 'xmllint' to check XML markup files
[2.682s] -- Configuring done
[2.709s] -- Generating done
[2.717s] -- Build files have been written to: /home/student18/ros2_ws/build/dummy_sensors
[2.739s] Invoked command in '/home/student18/ros2_ws/build/dummy_sensors' returned '0': CMAKE_PREFIX_PATH=${CMAKE_PREFIX_PATH}:/opt/ros/humble /usr/bin/cmake /home/student18/ros2_ws/src/demos/dummy_robot/dummy_sensors -DCMAKE_INSTALL_PREFIX=/home/student18/ros2_ws/install/dummy_sensors
[2.741s] Invoking command in '/home/student18/ros2_ws/build/dummy_sensors': CMAKE_PREFIX_PATH=${CMAKE_PREFIX_PATH}:/opt/ros/humble /usr/bin/cmake --build /home/student18/ros2_ws/build/dummy_sensors -- -j4 -l4
[2.830s] [ 25%] [32mBuilding CXX object CMakeFiles/dummy_joint_states.dir/src/dummy_joint_states.cpp.o[0m
[2.843s] [ 50%] [32mBuilding CXX object CMakeFiles/dummy_laser.dir/src/dummy_laser.cpp.o[0m
[22.144s] [ 75%] [32m[1mLinking CXX executable dummy_laser[0m
[22.184s] [100%] [32m[1mLinking CXX executable dummy_joint_states[0m
[22.622s] [100%] Built target dummy_joint_states
[22.688s] [100%] Built target dummy_laser
[22.705s] Invoked command in '/home/student18/ros2_ws/build/dummy_sensors' returned '0': CMAKE_PREFIX_PATH=${CMAKE_PREFIX_PATH}:/opt/ros/humble /usr/bin/cmake --build /home/student18/ros2_ws/build/dummy_sensors -- -j4 -l4
[22.709s] Invoking command in '/home/student18/ros2_ws/build/dummy_sensors': CMAKE_PREFIX_PATH=${CMAKE_PREFIX_PATH}:/opt/ros/humble /usr/bin/cmake --install /home/student18/ros2_ws/build/dummy_sensors
[22.721s] -- Install configuration: ""
[22.723s] -- Installing: /home/student18/ros2_ws/install/dummy_sensors/lib/dummy_sensors/dummy_joint_states
[22.724s] -- Set runtime path of "/home/student18/ros2_ws/install/dummy_sensors/lib/dummy_sensors/dummy_joint_states" to ""
[22.724s] -- Installing: /home/student18/ros2_ws/install/dummy_sensors/lib/dummy_sensors/dummy_laser
[22.726s] -- Set runtime path of "/home/student18/ros2_ws/install/dummy_sensors/lib/dummy_sensors/dummy_laser" to ""
[22.727s] -- Installing: /home/student18/ros2_ws/install/dummy_sensors/share/ament_index/resource_index/package_run_dependencies/dummy_sensors
[22.728s] -- Installing: /home/student18/ros2_ws/install/dummy_sensors/share/ament_index/resource_index/parent_prefix_path/dummy_sensors
[22.728s] -- Installing: /home/student18/ros2_ws/install/dummy_sensors/share/dummy_sensors/environment/ament_prefix_path.sh
[22.729s] -- Installing: /home/student18/ros2_ws/install/dummy_sensors/share/dummy_sensors/environment/ament_prefix_path.dsv
[22.729s] -- Installing: /home/student18/ros2_ws/install/dummy_sensors/share/dummy_sensors/environment/path.sh
[22.730s] -- Installing: /home/student18/ros2_ws/install/dummy_sensors/share/dummy_sensors/environment/path.dsv
[22.730s] -- Installing: /home/student18/ros2_ws/install/dummy_sensors/share/dummy_sensors/local_setup.bash
[22.731s] -- Installing: /home/student18/ros2_ws/install/dummy_sensors/share/dummy_sensors/local_setup.sh
[22.731s] -- Installing: /home/student18/ros2_ws/install/dummy_sensors/share/dummy_sensors/local_setup.zsh
[22.732s] -- Installing: /home/student18/ros2_ws/install/dummy_sensors/share/dummy_sensors/local_setup.dsv
[22.732s] -- Installing: /home/student18/ros2_ws/install/dummy_sensors/share/dummy_sensors/package.dsv
[22.733s] -- Installing: /home/student18/ros2_ws/install/dummy_sensors/share/ament_index/resource_index/packages/dummy_sensors
[22.734s] -- Installing: /home/student18/ros2_ws/install/dummy_sensors/share/dummy_sensors/cmake/dummy_sensorsConfig.cmake
[22.734s] -- Installing: /home/student18/ros2_ws/install/dummy_sensors/share/dummy_sensors/cmake/dummy_sensorsConfig-version.cmake
[22.735s] -- Installing: /home/student18/ros2_ws/install/dummy_sensors/share/dummy_sensors/package.xml
[22.741s] Invoked command in '/home/student18/ros2_ws/build/dummy_sensors' returned '0': CMAKE_PREFIX_PATH=${CMAKE_PREFIX_PATH}:/opt/ros/humble /usr/bin/cmake --install /home/student18/ros2_ws/build/dummy_sensors
