[35m[1mConsolidate compiler generated dependencies of target lifecycle_service_client[0m
[35m[1mConsolidate compiler generated dependencies of target lifecycle_listener[0m
[35m[1mConsolidate compiler generated dependencies of target lifecycle_talker[0m
[ 66%] Built target lifecycle_listener
[ 66%] Built target lifecycle_talker
[100%] Built target lifecycle_service_client
-- Install configuration: ""
-- Up-to-date: /home/student18/ros2_ws/install/lifecycle/lib/lifecycle/lifecycle_talker
-- Up-to-date: /home/student18/ros2_ws/install/lifecycle/lib/lifecycle/lifecycle_listener
-- Up-to-date: /home/student18/ros2_ws/install/lifecycle/lib/lifecycle/lifecycle_service_client
-- Up-to-date: /home/student18/ros2_ws/install/lifecycle/share/lifecycle//launch
-- Up-to-date: /home/student18/ros2_ws/install/lifecycle/share/lifecycle//launch/lifecycle_demo.launch.py
-- Up-to-date: /home/student18/ros2_ws/install/lifecycle/share/ament_index/resource_index/package_run_dependencies/lifecycle
-- Up-to-date: /home/student18/ros2_ws/install/lifecycle/share/ament_index/resource_index/parent_prefix_path/lifecycle
-- Up-to-date: /home/student18/ros2_ws/install/lifecycle/share/lifecycle/environment/ament_prefix_path.sh
-- Up-to-date: /home/student18/ros2_ws/install/lifecycle/share/lifecycle/environment/ament_prefix_path.dsv
-- Up-to-date: /home/student18/ros2_ws/install/lifecycle/share/lifecycle/environment/path.sh
-- Up-to-date: /home/student18/ros2_ws/install/lifecycle/share/lifecycle/environment/path.dsv
-- Up-to-date: /home/student18/ros2_ws/install/lifecycle/share/lifecycle/local_setup.bash
-- Up-to-date: /home/student18/ros2_ws/install/lifecycle/share/lifecycle/local_setup.sh
-- Up-to-date: /home/student18/ros2_ws/install/lifecycle/share/lifecycle/local_setup.zsh
-- Up-to-date: /home/student18/ros2_ws/install/lifecycle/share/lifecycle/local_setup.dsv
-- Installing: /home/student18/ros2_ws/install/lifecycle/share/lifecycle/package.dsv
-- Up-to-date: /home/student18/ros2_ws/install/lifecycle/share/ament_index/resource_index/packages/lifecycle
-- Up-to-date: /home/student18/ros2_ws/install/lifecycle/share/lifecycle/cmake/lifecycleConfig.cmake
-- Up-to-date: /home/student18/ros2_ws/install/lifecycle/share/lifecycle/cmake/lifecycleConfig-version.cmake
-- Up-to-date: /home/student18/ros2_ws/install/lifecycle/share/lifecycle/package.xml
