[0.009s] Invoking command in '/home/student18/ros2_ws/build/lifecycle': CMAKE_PREFIX_PATH=/opt/ros/humble /usr/bin/cmake --build /home/student18/ros2_ws/build/lifecycle -- -j4 -l4
[0.065s] [35m[1mConsolidate compiler generated dependencies of target lifecycle_service_client[0m
[0.067s] [35m[1mConsolidate compiler generated dependencies of target lifecycle_listener[0m
[0.068s] [35m[1mConsolidate compiler generated dependencies of target lifecycle_talker[0m
[0.093s] [ 66%] Built target lifecycle_listener
[0.094s] [ 66%] Built target lifecycle_talker
[0.094s] [100%] Built target lifecycle_service_client
[0.106s] Invoked command in '/home/student18/ros2_ws/build/lifecycle' returned '0': CMAKE_PREFIX_PATH=/opt/ros/humble /usr/bin/cmake --build /home/student18/ros2_ws/build/lifecycle -- -j4 -l4
[0.107s] Invoking command in '/home/student18/ros2_ws/build/lifecycle': CMAKE_PREFIX_PATH=/opt/ros/humble /usr/bin/cmake --install /home/student18/ros2_ws/build/lifecycle
[0.117s] -- Install configuration: ""
[0.117s] -- Up-to-date: /home/student18/ros2_ws/install/lifecycle/lib/lifecycle/lifecycle_talker
[0.117s] -- Up-to-date: /home/student18/ros2_ws/install/lifecycle/lib/lifecycle/lifecycle_listener
[0.118s] -- Up-to-date: /home/student18/ros2_ws/install/lifecycle/lib/lifecycle/lifecycle_service_client
[0.118s] -- Up-to-date: /home/student18/ros2_ws/install/lifecycle/share/lifecycle//launch
[0.118s] -- Up-to-date: /home/student18/ros2_ws/install/lifecycle/share/lifecycle//launch/lifecycle_demo.launch.py
[0.118s] -- Up-to-date: /home/student18/ros2_ws/install/lifecycle/share/ament_index/resource_index/package_run_dependencies/lifecycle
[0.118s] -- Up-to-date: /home/student18/ros2_ws/install/lifecycle/share/ament_index/resource_index/parent_prefix_path/lifecycle
[0.119s] -- Up-to-date: /home/student18/ros2_ws/install/lifecycle/share/lifecycle/environment/ament_prefix_path.sh
[0.119s] -- Up-to-date: /home/student18/ros2_ws/install/lifecycle/share/lifecycle/environment/ament_prefix_path.dsv
[0.119s] -- Up-to-date: /home/student18/ros2_ws/install/lifecycle/share/lifecycle/environment/path.sh
[0.119s] -- Up-to-date: /home/student18/ros2_ws/install/lifecycle/share/lifecycle/environment/path.dsv
[0.119s] -- Up-to-date: /home/student18/ros2_ws/install/lifecycle/share/lifecycle/local_setup.bash
[0.119s] -- Up-to-date: /home/student18/ros2_ws/install/lifecycle/share/lifecycle/local_setup.sh
[0.119s] -- Up-to-date: /home/student18/ros2_ws/install/lifecycle/share/lifecycle/local_setup.zsh
[0.120s] -- Up-to-date: /home/student18/ros2_ws/install/lifecycle/share/lifecycle/local_setup.dsv
[0.120s] -- Installing: /home/student18/ros2_ws/install/lifecycle/share/lifecycle/package.dsv
[0.120s] -- Up-to-date: /home/student18/ros2_ws/install/lifecycle/share/ament_index/resource_index/packages/lifecycle
[0.120s] -- Up-to-date: /home/student18/ros2_ws/install/lifecycle/share/lifecycle/cmake/lifecycleConfig.cmake
[0.120s] -- Up-to-date: /home/student18/ros2_ws/install/lifecycle/share/lifecycle/cmake/lifecycleConfig-version.cmake
[0.120s] -- Up-to-date: /home/student18/ros2_ws/install/lifecycle/share/lifecycle/package.xml
[0.121s] Invoked command in '/home/student18/ros2_ws/build/lifecycle' returned '0': CMAKE_PREFIX_PATH=/opt/ros/humble /usr/bin/cmake --install /home/student18/ros2_ws/build/lifecycle
