[0.017s] Invoking command in '/home/student18/ros2_ws/build/quality_of_service_demo_cpp': CMAKE_PREFIX_PATH=${CMAKE_PREFIX_PATH}:/opt/ros/humble /usr/bin/cmake /home/student18/ros2_ws/src/demos/quality_of_service_demo/rclcpp -DCMAKE_INSTALL_PREFIX=/home/student18/ros2_ws/install/quality_of_service_demo_cpp
[0.111s] -- The C compiler identification is GNU 11.4.0
[0.204s] -- The CXX compiler identification is GNU 11.4.0
[0.218s] -- Detecting C compiler ABI info
[0.336s] -- Detecting C compiler ABI info - done
[0.351s] -- Check for working C compiler: /usr/bin/cc - skipped
[0.353s] -- Detecting C compile features
[0.353s] -- Detecting C compile features - done
[0.358s] -- Detecting CXX compiler ABI info
[0.502s] -- Detecting CXX compiler ABI info - done
[0.519s] -- Check for working CXX compiler: /usr/bin/c++ - skipped
[0.519s] -- Detecting CXX compile features
[0.522s] -- Detecting CXX compile features - done
[0.525s] -- Found ament_cmake: 1.3.11 (/opt/ros/humble/share/ament_cmake/cmake)
[1.304s] -- Found Python3: /usr/bin/python3 (found version "3.10.12") found components: Interpreter 
[1.471s] -- Found rclcpp: 16.0.12 (/opt/ros/humble/share/rclcpp/cmake)
[1.541s] -- Found rosidl_generator_c: 3.1.6 (/opt/ros/humble/share/rosidl_generator_c/cmake)
[1.553s] -- Found rosidl_adapter: 3.1.6 (/opt/ros/humble/share/rosidl_adapter/cmake)
[1.566s] -- Found rosidl_generator_cpp: 3.1.6 (/opt/ros/humble/share/rosidl_generator_cpp/cmake)
[1.588s] -- Using all available rosidl_typesupport_c: rosidl_typesupport_fastrtps_c;rosidl_typesupport_introspection_c
[1.621s] -- Using all available rosidl_typesupport_cpp: rosidl_typesupport_fastrtps_cpp;rosidl_typesupport_introspection_cpp
[1.706s] -- Found rmw_implementation_cmake: 6.1.2 (/opt/ros/humble/share/rmw_implementation_cmake/cmake)
[1.711s] -- Found rmw_fastrtps_cpp: 6.2.7 (/opt/ros/humble/share/rmw_fastrtps_cpp/cmake)
[1.856s] -- Found OpenSSL: /usr/lib/x86_64-linux-gnu/libcrypto.so (found version "3.0.2")  
[1.897s] -- Found FastRTPS: /opt/ros/humble/include  
[2.021s] -- Using RMW implementation 'rmw_fastrtps_cpp' as default
[2.037s] -- Looking for pthread.h
[2.158s] -- Looking for pthread.h - found
[2.159s] -- Performing Test CMAKE_HAVE_LIBC_PTHREAD
[2.288s] -- Performing Test CMAKE_HAVE_LIBC_PTHREAD - Success
[2.290s] -- Found Threads: TRUE  
[2.392s] -- Found rclcpp_components: 16.0.12 (/opt/ros/humble/share/rclcpp_components/cmake)
[2.450s] -- Found sensor_msgs: 4.9.0 (/opt/ros/humble/share/sensor_msgs/cmake)
[2.523s] -- Found ament_lint_auto: 0.12.12 (/opt/ros/humble/share/ament_lint_auto/cmake)
[2.743s] -- Added test 'copyright' to check source files copyright and LICENSE
[2.747s] -- Added test 'cppcheck' to perform static code analysis on C / C++ code
[2.747s] -- Configured cppcheck include dirs: /home/student18/ros2_ws/src/demos/quality_of_service_demo/rclcpp/include
[2.748s] -- Configured cppcheck exclude dirs and/or files: 
[2.751s] -- Added test 'cpplint' to check C / C++ code against the Google style
[2.751s] -- Configured cpplint exclude dirs and/or files: 
[2.754s] -- Added test 'lint_cmake' to check CMake code style
[2.757s] -- Added test 'uncrustify' to check C / C++ code style
[2.757s] -- Configured uncrustify additional arguments: 
[2.759s] -- Added test 'xmllint' to check XML markup files
[2.761s] -- Configuring done
[2.842s] -- Generating done
[2.881s] -- Build files have been written to: /home/student18/ros2_ws/build/quality_of_service_demo_cpp
[2.899s] Invoked command in '/home/student18/ros2_ws/build/quality_of_service_demo_cpp' returned '0': CMAKE_PREFIX_PATH=${CMAKE_PREFIX_PATH}:/opt/ros/humble /usr/bin/cmake /home/student18/ros2_ws/src/demos/quality_of_service_demo/rclcpp -DCMAKE_INSTALL_PREFIX=/home/student18/ros2_ws/install/quality_of_service_demo_cpp
[2.903s] Invoking command in '/home/student18/ros2_ws/build/quality_of_service_demo_cpp': CMAKE_PREFIX_PATH=${CMAKE_PREFIX_PATH}:/opt/ros/humble /usr/bin/cmake --build /home/student18/ros2_ws/build/quality_of_service_demo_cpp -- -j4 -l4
[2.995s] [  2%] [32mBuilding CXX object CMakeFiles/liveliness.dir/src/liveliness.cpp.o[0m
[9.087s] [  5%] [32mBuilding CXX object CMakeFiles/liveliness.dir/src/common_nodes.cpp.o[0m
