[0.151s] DEBUG:colcon:Command line arguments: ['/usr/bin/colcon', 'build', '--packages-select', 'my_package']
[0.151s] DEBUG:colcon:Parsed command line arguments: Namespace(log_base=None, log_level=None, verb_name='build', build_base='build', install_base='install', merge_install=False, symlink_install=False, test_result_base=None, continue_on_error=False, executor='parallel', parallel_workers=4, event_handlers=None, ignore_user_meta=False, metas=['./colcon.meta'], base_paths=['.'], packages_ignore=None, packages_ignore_regex=None, paths=None, packages_up_to=None, packages_up_to_regex=None, packages_above=None, packages_above_and_dependencies=None, packages_above_depth=None, packages_select_by_dep=None, packages_skip_by_dep=None, packages_skip_up_to=None, packages_select_build_failed=False, packages_skip_build_finished=False, packages_select_test_failures=False, packages_skip_test_passed=False, packages_select=['my_package'], packages_skip=None, packages_select_regex=None, packages_skip_regex=None, packages_start=None, packages_end=None, cmake_args=None, cmake_target=None, cmake_target_skip_unavailable=False, cmake_clean_cache=False, cmake_clean_first=False, cmake_force_configure=False, ament_cmake_args=None, catkin_cmake_args=None, catkin_skip_building_tests=False, mixin_files=None, mixin=None, verb_parser=<colcon_mixin.mixin.mixin_argument.MixinArgumentDecorator object at 0x721ae64fab90>, verb_extension=<colcon_core.verb.build.BuildVerb object at 0x721ae66bc100>, main=<bound method BuildVerb.main of <colcon_core.verb.build.BuildVerb object at 0x721ae66bc100>>, mixin_verb=('build',))
[0.199s] Level 1:colcon.colcon_core.package_discovery:discover_packages(colcon_meta) check parameters
[0.199s] Level 1:colcon.colcon_core.package_discovery:discover_packages(recursive) check parameters
[0.199s] Level 1:colcon.colcon_core.package_discovery:discover_packages(ignore) check parameters
[0.199s] Level 1:colcon.colcon_core.package_discovery:discover_packages(path) check parameters
[0.199s] Level 1:colcon.colcon_core.package_discovery:discover_packages(colcon_meta) discover
[0.199s] Level 1:colcon.colcon_core.package_discovery:discover_packages(recursive) discover
[0.199s] INFO:colcon.colcon_core.package_discovery:Crawling recursively for packages in '/home/student18/ros2_ws'
[0.199s] Level 1:colcon.colcon_core.package_identification:_identify(.) by extensions ['ignore', 'ignore_ament_install']
[0.200s] Level 1:colcon.colcon_core.package_identification:_identify(.) by extension 'ignore'
[0.200s] Level 1:colcon.colcon_core.package_identification:_identify(.) by extension 'ignore_ament_install'
[0.200s] Level 1:colcon.colcon_core.package_identification:_identify(.) by extensions ['colcon_pkg']
[0.200s] Level 1:colcon.colcon_core.package_identification:_identify(.) by extension 'colcon_pkg'
[0.200s] Level 1:colcon.colcon_core.package_identification:_identify(.) by extensions ['colcon_meta']
[0.200s] Level 1:colcon.colcon_core.package_identification:_identify(.) by extension 'colcon_meta'
[0.200s] Level 1:colcon.colcon_core.package_identification:_identify(.) by extensions ['ros']
[0.200s] Level 1:colcon.colcon_core.package_identification:_identify(.) by extension 'ros'
[0.229s] Level 1:colcon.colcon_core.package_identification:_identify(.) by extensions ['cmake', 'python']
[0.229s] Level 1:colcon.colcon_core.package_identification:_identify(.) by extension 'cmake'
[0.229s] Level 1:colcon.colcon_core.package_identification:_identify(.) by extension 'python'
[0.229s] Level 1:colcon.colcon_core.package_identification:_identify(.) by extensions ['python_setup_py']
[0.229s] Level 1:colcon.colcon_core.package_identification:_identify(.) by extension 'python_setup_py'
[0.230s] Level 1:colcon.colcon_core.package_identification:_identify(build) by extensions ['ignore', 'ignore_ament_install']
[0.230s] Level 1:colcon.colcon_core.package_identification:_identify(build) by extension 'ignore'
[0.230s] Level 1:colcon.colcon_core.package_identification:_identify(build) ignored
[0.230s] Level 1:colcon.colcon_core.package_identification:_identify(install) by extensions ['ignore', 'ignore_ament_install']
[0.230s] Level 1:colcon.colcon_core.package_identification:_identify(install) by extension 'ignore'
[0.230s] Level 1:colcon.colcon_core.package_identification:_identify(install) ignored
[0.230s] Level 1:colcon.colcon_core.package_identification:_identify(log) by extensions ['ignore', 'ignore_ament_install']
[0.230s] Level 1:colcon.colcon_core.package_identification:_identify(log) by extension 'ignore'
[0.230s] Level 1:colcon.colcon_core.package_identification:_identify(log) ignored
[0.230s] Level 1:colcon.colcon_core.package_identification:_identify(src) by extensions ['ignore', 'ignore_ament_install']
[0.230s] Level 1:colcon.colcon_core.package_identification:_identify(src) by extension 'ignore'
[0.230s] Level 1:colcon.colcon_core.package_identification:_identify(src) by extension 'ignore_ament_install'
[0.230s] Level 1:colcon.colcon_core.package_identification:_identify(src) by extensions ['colcon_pkg']
[0.230s] Level 1:colcon.colcon_core.package_identification:_identify(src) by extension 'colcon_pkg'
[0.231s] Level 1:colcon.colcon_core.package_identification:_identify(src) by extensions ['colcon_meta']
[0.231s] Level 1:colcon.colcon_core.package_identification:_identify(src) by extension 'colcon_meta'
[0.231s] Level 1:colcon.colcon_core.package_identification:_identify(src) by extensions ['ros']
[0.231s] Level 1:colcon.colcon_core.package_identification:_identify(src) by extension 'ros'
[0.231s] Level 1:colcon.colcon_core.package_identification:_identify(src) by extensions ['cmake', 'python']
[0.231s] Level 1:colcon.colcon_core.package_identification:_identify(src) by extension 'cmake'
[0.231s] Level 1:colcon.colcon_core.package_identification:_identify(src) by extension 'python'
[0.231s] Level 1:colcon.colcon_core.package_identification:_identify(src) by extensions ['python_setup_py']
[0.231s] Level 1:colcon.colcon_core.package_identification:_identify(src) by extension 'python_setup_py'
[0.231s] Level 1:colcon.colcon_core.package_identification:_identify(src/demos) by extensions ['ignore', 'ignore_ament_install']
[0.231s] Level 1:colcon.colcon_core.package_identification:_identify(src/demos) by extension 'ignore'
[0.231s] Level 1:colcon.colcon_core.package_identification:_identify(src/demos) by extension 'ignore_ament_install'
[0.231s] Level 1:colcon.colcon_core.package_identification:_identify(src/demos) by extensions ['colcon_pkg']
[0.231s] Level 1:colcon.colcon_core.package_identification:_identify(src/demos) by extension 'colcon_pkg'
[0.231s] Level 1:colcon.colcon_core.package_identification:_identify(src/demos) by extensions ['colcon_meta']
[0.231s] Level 1:colcon.colcon_core.package_identification:_identify(src/demos) by extension 'colcon_meta'
[0.231s] Level 1:colcon.colcon_core.package_identification:_identify(src/demos) by extensions ['ros']
[0.231s] Level 1:colcon.colcon_core.package_identification:_identify(src/demos) by extension 'ros'
[0.231s] Level 1:colcon.colcon_core.package_identification:_identify(src/demos) by extensions ['cmake', 'python']
[0.231s] Level 1:colcon.colcon_core.package_identification:_identify(src/demos) by extension 'cmake'
[0.231s] Level 1:colcon.colcon_core.package_identification:_identify(src/demos) by extension 'python'
[0.231s] Level 1:colcon.colcon_core.package_identification:_identify(src/demos) by extensions ['python_setup_py']
[0.231s] Level 1:colcon.colcon_core.package_identification:_identify(src/demos) by extension 'python_setup_py'
[0.232s] Level 1:colcon.colcon_core.package_identification:_identify(src/demos/action_tutorials) by extensions ['ignore', 'ignore_ament_install']
[0.232s] Level 1:colcon.colcon_core.package_identification:_identify(src/demos/action_tutorials) by extension 'ignore'
[0.232s] Level 1:colcon.colcon_core.package_identification:_identify(src/demos/action_tutorials) by extension 'ignore_ament_install'
[0.232s] Level 1:colcon.colcon_core.package_identification:_identify(src/demos/action_tutorials) by extensions ['colcon_pkg']
[0.232s] Level 1:colcon.colcon_core.package_identification:_identify(src/demos/action_tutorials) by extension 'colcon_pkg'
[0.232s] Level 1:colcon.colcon_core.package_identification:_identify(src/demos/action_tutorials) by extensions ['colcon_meta']
[0.232s] Level 1:colcon.colcon_core.package_identification:_identify(src/demos/action_tutorials) by extension 'colcon_meta'
[0.232s] Level 1:colcon.colcon_core.package_identification:_identify(src/demos/action_tutorials) by extensions ['ros']
[0.232s] Level 1:colcon.colcon_core.package_identification:_identify(src/demos/action_tutorials) by extension 'ros'
[0.232s] Level 1:colcon.colcon_core.package_identification:_identify(src/demos/action_tutorials) by extensions ['cmake', 'python']
[0.232s] Level 1:colcon.colcon_core.package_identification:_identify(src/demos/action_tutorials) by extension 'cmake'
[0.232s] Level 1:colcon.colcon_core.package_identification:_identify(src/demos/action_tutorials) by extension 'python'
[0.232s] Level 1:colcon.colcon_core.package_identification:_identify(src/demos/action_tutorials) by extensions ['python_setup_py']
[0.232s] Level 1:colcon.colcon_core.package_identification:_identify(src/demos/action_tutorials) by extension 'python_setup_py'
[0.232s] Level 1:colcon.colcon_core.package_identification:_identify(src/demos/action_tutorials/action_tutorials_cpp) by extensions ['ignore', 'ignore_ament_install']
[0.233s] Level 1:colcon.colcon_core.package_identification:_identify(src/demos/action_tutorials/action_tutorials_cpp) by extension 'ignore'
[0.233s] Level 1:colcon.colcon_core.package_identification:_identify(src/demos/action_tutorials/action_tutorials_cpp) by extension 'ignore_ament_install'
[0.233s] Level 1:colcon.colcon_core.package_identification:_identify(src/demos/action_tutorials/action_tutorials_cpp) by extensions ['colcon_pkg']
[0.233s] Level 1:colcon.colcon_core.package_identification:_identify(src/demos/action_tutorials/action_tutorials_cpp) by extension 'colcon_pkg'
[0.233s] Level 1:colcon.colcon_core.package_identification:_identify(src/demos/action_tutorials/action_tutorials_cpp) by extensions ['colcon_meta']
[0.233s] Level 1:colcon.colcon_core.package_identification:_identify(src/demos/action_tutorials/action_tutorials_cpp) by extension 'colcon_meta'
[0.233s] Level 1:colcon.colcon_core.package_identification:_identify(src/demos/action_tutorials/action_tutorials_cpp) by extensions ['ros']
[0.233s] Level 1:colcon.colcon_core.package_identification:_identify(src/demos/action_tutorials/action_tutorials_cpp) by extension 'ros'
[0.236s] DEBUG:colcon.colcon_core.package_identification:Package 'src/demos/action_tutorials/action_tutorials_cpp' with type 'ros.ament_cmake' and name 'action_tutorials_cpp'
[0.236s] Level 1:colcon.colcon_core.package_identification:_identify(src/demos/action_tutorials/action_tutorials_interfaces) by extensions ['ignore', 'ignore_ament_install']
[0.236s] Level 1:colcon.colcon_core.package_identification:_identify(src/demos/action_tutorials/action_tutorials_interfaces) by extension 'ignore'
[0.236s] Level 1:colcon.colcon_core.package_identification:_identify(src/demos/action_tutorials/action_tutorials_interfaces) by extension 'ignore_ament_install'
[0.236s] Level 1:colcon.colcon_core.package_identification:_identify(src/demos/action_tutorials/action_tutorials_interfaces) by extensions ['colcon_pkg']
[0.236s] Level 1:colcon.colcon_core.package_identification:_identify(src/demos/action_tutorials/action_tutorials_interfaces) by extension 'colcon_pkg'
[0.236s] Level 1:colcon.colcon_core.package_identification:_identify(src/demos/action_tutorials/action_tutorials_interfaces) by extensions ['colcon_meta']
[0.236s] Level 1:colcon.colcon_core.package_identification:_identify(src/demos/action_tutorials/action_tutorials_interfaces) by extension 'colcon_meta'
[0.236s] Level 1:colcon.colcon_core.package_identification:_identify(src/demos/action_tutorials/action_tutorials_interfaces) by extensions ['ros']
[0.236s] Level 1:colcon.colcon_core.package_identification:_identify(src/demos/action_tutorials/action_tutorials_interfaces) by extension 'ros'
[0.237s] DEBUG:colcon.colcon_core.package_identification:Package 'src/demos/action_tutorials/action_tutorials_interfaces' with type 'ros.ament_cmake' and name 'action_tutorials_interfaces'
[0.237s] Level 1:colcon.colcon_core.package_identification:_identify(src/demos/action_tutorials/action_tutorials_py) by extensions ['ignore', 'ignore_ament_install']
[0.237s] Level 1:colcon.colcon_core.package_identification:_identify(src/demos/action_tutorials/action_tutorials_py) by extension 'ignore'
[0.237s] Level 1:colcon.colcon_core.package_identification:_identify(src/demos/action_tutorials/action_tutorials_py) by extension 'ignore_ament_install'
[0.237s] Level 1:colcon.colcon_core.package_identification:_identify(src/demos/action_tutorials/action_tutorials_py) by extensions ['colcon_pkg']
[0.237s] Level 1:colcon.colcon_core.package_identification:_identify(src/demos/action_tutorials/action_tutorials_py) by extension 'colcon_pkg'
[0.237s] Level 1:colcon.colcon_core.package_identification:_identify(src/demos/action_tutorials/action_tutorials_py) by extensions ['colcon_meta']
[0.237s] Level 1:colcon.colcon_core.package_identification:_identify(src/demos/action_tutorials/action_tutorials_py) by extension 'colcon_meta'
[0.237s] Level 1:colcon.colcon_core.package_identification:_identify(src/demos/action_tutorials/action_tutorials_py) by extensions ['ros']
[0.237s] Level 1:colcon.colcon_core.package_identification:_identify(src/demos/action_tutorials/action_tutorials_py) by extension 'ros'
[0.238s] DEBUG:colcon.colcon_core.package_identification:Package 'src/demos/action_tutorials/action_tutorials_py' with type 'ros.ament_python' and name 'action_tutorials_py'
[0.238s] Level 1:colcon.colcon_core.package_identification:_identify(src/demos/composition) by extensions ['ignore', 'ignore_ament_install']
[0.238s] Level 1:colcon.colcon_core.package_identification:_identify(src/demos/composition) by extension 'ignore'
[0.239s] Level 1:colcon.colcon_core.package_identification:_identify(src/demos/composition) by extension 'ignore_ament_install'
[0.239s] Level 1:colcon.colcon_core.package_identification:_identify(src/demos/composition) by extensions ['colcon_pkg']
[0.239s] Level 1:colcon.colcon_core.package_identification:_identify(src/demos/composition) by extension 'colcon_pkg'
[0.239s] Level 1:colcon.colcon_core.package_identification:_identify(src/demos/composition) by extensions ['colcon_meta']
[0.239s] Level 1:colcon.colcon_core.package_identification:_identify(src/demos/composition) by extension 'colcon_meta'
[0.239s] Level 1:colcon.colcon_core.package_identification:_identify(src/demos/composition) by extensions ['ros']
[0.239s] Level 1:colcon.colcon_core.package_identification:_identify(src/demos/composition) by extension 'ros'
[0.240s] DEBUG:colcon.colcon_core.package_identification:Package 'src/demos/composition' with type 'ros.ament_cmake' and name 'composition'
[0.240s] Level 1:colcon.colcon_core.package_identification:_identify(src/demos/demo_nodes_cpp) by extensions ['ignore', 'ignore_ament_install']
[0.240s] Level 1:colcon.colcon_core.package_identification:_identify(src/demos/demo_nodes_cpp) by extension 'ignore'
[0.240s] Level 1:colcon.colcon_core.package_identification:_identify(src/demos/demo_nodes_cpp) by extension 'ignore_ament_install'
[0.240s] Level 1:colcon.colcon_core.package_identification:_identify(src/demos/demo_nodes_cpp) by extensions ['colcon_pkg']
[0.240s] Level 1:colcon.colcon_core.package_identification:_identify(src/demos/demo_nodes_cpp) by extension 'colcon_pkg'
[0.240s] Level 1:colcon.colcon_core.package_identification:_identify(src/demos/demo_nodes_cpp) by extensions ['colcon_meta']
[0.240s] Level 1:colcon.colcon_core.package_identification:_identify(src/demos/demo_nodes_cpp) by extension 'colcon_meta'
[0.240s] Level 1:colcon.colcon_core.package_identification:_identify(src/demos/demo_nodes_cpp) by extensions ['ros']
[0.240s] Level 1:colcon.colcon_core.package_identification:_identify(src/demos/demo_nodes_cpp) by extension 'ros'
[0.241s] DEBUG:colcon.colcon_core.package_identification:Package 'src/demos/demo_nodes_cpp' with type 'ros.ament_cmake' and name 'demo_nodes_cpp'
[0.241s] Level 1:colcon.colcon_core.package_identification:_identify(src/demos/demo_nodes_cpp_native) by extensions ['ignore', 'ignore_ament_install']
[0.241s] Level 1:colcon.colcon_core.package_identification:_identify(src/demos/demo_nodes_cpp_native) by extension 'ignore'
[0.241s] Level 1:colcon.colcon_core.package_identification:_identify(src/demos/demo_nodes_cpp_native) by extension 'ignore_ament_install'
[0.241s] Level 1:colcon.colcon_core.package_identification:_identify(src/demos/demo_nodes_cpp_native) by extensions ['colcon_pkg']
[0.242s] Level 1:colcon.colcon_core.package_identification:_identify(src/demos/demo_nodes_cpp_native) by extension 'colcon_pkg'
[0.242s] Level 1:colcon.colcon_core.package_identification:_identify(src/demos/demo_nodes_cpp_native) by extensions ['colcon_meta']
[0.242s] Level 1:colcon.colcon_core.package_identification:_identify(src/demos/demo_nodes_cpp_native) by extension 'colcon_meta'
[0.242s] Level 1:colcon.colcon_core.package_identification:_identify(src/demos/demo_nodes_cpp_native) by extensions ['ros']
[0.242s] Level 1:colcon.colcon_core.package_identification:_identify(src/demos/demo_nodes_cpp_native) by extension 'ros'
[0.243s] DEBUG:colcon.colcon_core.package_identification:Package 'src/demos/demo_nodes_cpp_native' with type 'ros.ament_cmake' and name 'demo_nodes_cpp_native'
[0.243s] Level 1:colcon.colcon_core.package_identification:_identify(src/demos/demo_nodes_py) by extensions ['ignore', 'ignore_ament_install']
[0.243s] Level 1:colcon.colcon_core.package_identification:_identify(src/demos/demo_nodes_py) by extension 'ignore'
[0.243s] Level 1:colcon.colcon_core.package_identification:_identify(src/demos/demo_nodes_py) by extension 'ignore_ament_install'
[0.243s] Level 1:colcon.colcon_core.package_identification:_identify(src/demos/demo_nodes_py) by extensions ['colcon_pkg']
[0.243s] Level 1:colcon.colcon_core.package_identification:_identify(src/demos/demo_nodes_py) by extension 'colcon_pkg'
[0.243s] Level 1:colcon.colcon_core.package_identification:_identify(src/demos/demo_nodes_py) by extensions ['colcon_meta']
[0.243s] Level 1:colcon.colcon_core.package_identification:_identify(src/demos/demo_nodes_py) by extension 'colcon_meta'
[0.243s] Level 1:colcon.colcon_core.package_identification:_identify(src/demos/demo_nodes_py) by extensions ['ros']
[0.243s] Level 1:colcon.colcon_core.package_identification:_identify(src/demos/demo_nodes_py) by extension 'ros'
[0.244s] DEBUG:colcon.colcon_core.package_identification:Package 'src/demos/demo_nodes_py' with type 'ros.ament_python' and name 'demo_nodes_py'
[0.244s] Level 1:colcon.colcon_core.package_identification:_identify(src/demos/dummy_robot) by extensions ['ignore', 'ignore_ament_install']
[0.244s] Level 1:colcon.colcon_core.package_identification:_identify(src/demos/dummy_robot) by extension 'ignore'
[0.244s] Level 1:colcon.colcon_core.package_identification:_identify(src/demos/dummy_robot) by extension 'ignore_ament_install'
[0.244s] Level 1:colcon.colcon_core.package_identification:_identify(src/demos/dummy_robot) by extensions ['colcon_pkg']
[0.244s] Level 1:colcon.colcon_core.package_identification:_identify(src/demos/dummy_robot) by extension 'colcon_pkg'
[0.244s] Level 1:colcon.colcon_core.package_identification:_identify(src/demos/dummy_robot) by extensions ['colcon_meta']
[0.244s] Level 1:colcon.colcon_core.package_identification:_identify(src/demos/dummy_robot) by extension 'colcon_meta'
[0.244s] Level 1:colcon.colcon_core.package_identification:_identify(src/demos/dummy_robot) by extensions ['ros']
[0.244s] Level 1:colcon.colcon_core.package_identification:_identify(src/demos/dummy_robot) by extension 'ros'
[0.244s] Level 1:colcon.colcon_core.package_identification:_identify(src/demos/dummy_robot) by extensions ['cmake', 'python']
[0.244s] Level 1:colcon.colcon_core.package_identification:_identify(src/demos/dummy_robot) by extension 'cmake'
[0.244s] Level 1:colcon.colcon_core.package_identification:_identify(src/demos/dummy_robot) by extension 'python'
[0.245s] Level 1:colcon.colcon_core.package_identification:_identify(src/demos/dummy_robot) by extensions ['python_setup_py']
[0.245s] Level 1:colcon.colcon_core.package_identification:_identify(src/demos/dummy_robot) by extension 'python_setup_py'
[0.245s] Level 1:colcon.colcon_core.package_identification:_identify(src/demos/dummy_robot/dummy_map_server) by extensions ['ignore', 'ignore_ament_install']
[0.245s] Level 1:colcon.colcon_core.package_identification:_identify(src/demos/dummy_robot/dummy_map_server) by extension 'ignore'
[0.245s] Level 1:colcon.colcon_core.package_identification:_identify(src/demos/dummy_robot/dummy_map_server) by extension 'ignore_ament_install'
[0.245s] Level 1:colcon.colcon_core.package_identification:_identify(src/demos/dummy_robot/dummy_map_server) by extensions ['colcon_pkg']
[0.245s] Level 1:colcon.colcon_core.package_identification:_identify(src/demos/dummy_robot/dummy_map_server) by extension 'colcon_pkg'
[0.245s] Level 1:colcon.colcon_core.package_identification:_identify(src/demos/dummy_robot/dummy_map_server) by extensions ['colcon_meta']
[0.245s] Level 1:colcon.colcon_core.package_identification:_identify(src/demos/dummy_robot/dummy_map_server) by extension 'colcon_meta'
[0.245s] Level 1:colcon.colcon_core.package_identification:_identify(src/demos/dummy_robot/dummy_map_server) by extensions ['ros']
[0.245s] Level 1:colcon.colcon_core.package_identification:_identify(src/demos/dummy_robot/dummy_map_server) by extension 'ros'
[0.246s] DEBUG:colcon.colcon_core.package_identification:Package 'src/demos/dummy_robot/dummy_map_server' with type 'ros.ament_cmake' and name 'dummy_map_server'
[0.246s] Level 1:colcon.colcon_core.package_identification:_identify(src/demos/dummy_robot/dummy_robot_bringup) by extensions ['ignore', 'ignore_ament_install']
[0.246s] Level 1:colcon.colcon_core.package_identification:_identify(src/demos/dummy_robot/dummy_robot_bringup) by extension 'ignore'
[0.246s] Level 1:colcon.colcon_core.package_identification:_identify(src/demos/dummy_robot/dummy_robot_bringup) by extension 'ignore_ament_install'
[0.246s] Level 1:colcon.colcon_core.package_identification:_identify(src/demos/dummy_robot/dummy_robot_bringup) by extensions ['colcon_pkg']
[0.246s] Level 1:colcon.colcon_core.package_identification:_identify(src/demos/dummy_robot/dummy_robot_bringup) by extension 'colcon_pkg'
[0.246s] Level 1:colcon.colcon_core.package_identification:_identify(src/demos/dummy_robot/dummy_robot_bringup) by extensions ['colcon_meta']
[0.246s] Level 1:colcon.colcon_core.package_identification:_identify(src/demos/dummy_robot/dummy_robot_bringup) by extension 'colcon_meta'
[0.246s] Level 1:colcon.colcon_core.package_identification:_identify(src/demos/dummy_robot/dummy_robot_bringup) by extensions ['ros']
[0.246s] Level 1:colcon.colcon_core.package_identification:_identify(src/demos/dummy_robot/dummy_robot_bringup) by extension 'ros'
[0.247s] DEBUG:colcon.colcon_core.package_identification:Package 'src/demos/dummy_robot/dummy_robot_bringup' with type 'ros.ament_cmake' and name 'dummy_robot_bringup'
[0.247s] Level 1:colcon.colcon_core.package_identification:_identify(src/demos/dummy_robot/dummy_sensors) by extensions ['ignore', 'ignore_ament_install']
[0.247s] Level 1:colcon.colcon_core.package_identification:_identify(src/demos/dummy_robot/dummy_sensors) by extension 'ignore'
[0.247s] Level 1:colcon.colcon_core.package_identification:_identify(src/demos/dummy_robot/dummy_sensors) by extension 'ignore_ament_install'
[0.247s] Level 1:colcon.colcon_core.package_identification:_identify(src/demos/dummy_robot/dummy_sensors) by extensions ['colcon_pkg']
[0.247s] Level 1:colcon.colcon_core.package_identification:_identify(src/demos/dummy_robot/dummy_sensors) by extension 'colcon_pkg'
[0.247s] Level 1:colcon.colcon_core.package_identification:_identify(src/demos/dummy_robot/dummy_sensors) by extensions ['colcon_meta']
[0.247s] Level 1:colcon.colcon_core.package_identification:_identify(src/demos/dummy_robot/dummy_sensors) by extension 'colcon_meta'
[0.247s] Level 1:colcon.colcon_core.package_identification:_identify(src/demos/dummy_robot/dummy_sensors) by extensions ['ros']
[0.248s] Level 1:colcon.colcon_core.package_identification:_identify(src/demos/dummy_robot/dummy_sensors) by extension 'ros'
[0.248s] DEBUG:colcon.colcon_core.package_identification:Package 'src/demos/dummy_robot/dummy_sensors' with type 'ros.ament_cmake' and name 'dummy_sensors'
[0.248s] Level 1:colcon.colcon_core.package_identification:_identify(src/demos/image_tools) by extensions ['ignore', 'ignore_ament_install']
[0.248s] Level 1:colcon.colcon_core.package_identification:_identify(src/demos/image_tools) by extension 'ignore'
[0.248s] Level 1:colcon.colcon_core.package_identification:_identify(src/demos/image_tools) by extension 'ignore_ament_install'
[0.249s] Level 1:colcon.colcon_core.package_identification:_identify(src/demos/image_tools) by extensions ['colcon_pkg']
[0.249s] Level 1:colcon.colcon_core.package_identification:_identify(src/demos/image_tools) by extension 'colcon_pkg'
[0.249s] Level 1:colcon.colcon_core.package_identification:_identify(src/demos/image_tools) by extensions ['colcon_meta']
[0.249s] Level 1:colcon.colcon_core.package_identification:_identify(src/demos/image_tools) by extension 'colcon_meta'
[0.249s] Level 1:colcon.colcon_core.package_identification:_identify(src/demos/image_tools) by extensions ['ros']
[0.249s] Level 1:colcon.colcon_core.package_identification:_identify(src/demos/image_tools) by extension 'ros'
[0.250s] DEBUG:colcon.colcon_core.package_identification:Package 'src/demos/image_tools' with type 'ros.ament_cmake' and name 'image_tools'
[0.250s] Level 1:colcon.colcon_core.package_identification:_identify(src/demos/intra_process_demo) by extensions ['ignore', 'ignore_ament_install']
[0.250s] Level 1:colcon.colcon_core.package_identification:_identify(src/demos/intra_process_demo) by extension 'ignore'
[0.250s] Level 1:colcon.colcon_core.package_identification:_identify(src/demos/intra_process_demo) by extension 'ignore_ament_install'
[0.250s] Level 1:colcon.colcon_core.package_identification:_identify(src/demos/intra_process_demo) by extensions ['colcon_pkg']
[0.250s] Level 1:colcon.colcon_core.package_identification:_identify(src/demos/intra_process_demo) by extension 'colcon_pkg'
[0.250s] Level 1:colcon.colcon_core.package_identification:_identify(src/demos/intra_process_demo) by extensions ['colcon_meta']
[0.250s] Level 1:colcon.colcon_core.package_identification:_identify(src/demos/intra_process_demo) by extension 'colcon_meta'
[0.250s] Level 1:colcon.colcon_core.package_identification:_identify(src/demos/intra_process_demo) by extensions ['ros']
[0.250s] Level 1:colcon.colcon_core.package_identification:_identify(src/demos/intra_process_demo) by extension 'ros'
[0.251s] DEBUG:colcon.colcon_core.package_identification:Package 'src/demos/intra_process_demo' with type 'ros.ament_cmake' and name 'intra_process_demo'
[0.251s] Level 1:colcon.colcon_core.package_identification:_identify(src/demos/lifecycle) by extensions ['ignore', 'ignore_ament_install']
[0.251s] Level 1:colcon.colcon_core.package_identification:_identify(src/demos/lifecycle) by extension 'ignore'
[0.251s] Level 1:colcon.colcon_core.package_identification:_identify(src/demos/lifecycle) by extension 'ignore_ament_install'
[0.251s] Level 1:colcon.colcon_core.package_identification:_identify(src/demos/lifecycle) by extensions ['colcon_pkg']
[0.251s] Level 1:colcon.colcon_core.package_identification:_identify(src/demos/lifecycle) by extension 'colcon_pkg'
[0.251s] Level 1:colcon.colcon_core.package_identification:_identify(src/demos/lifecycle) by extensions ['colcon_meta']
[0.251s] Level 1:colcon.colcon_core.package_identification:_identify(src/demos/lifecycle) by extension 'colcon_meta'
[0.251s] Level 1:colcon.colcon_core.package_identification:_identify(src/demos/lifecycle) by extensions ['ros']
[0.251s] Level 1:colcon.colcon_core.package_identification:_identify(src/demos/lifecycle) by extension 'ros'
[0.252s] DEBUG:colcon.colcon_core.package_identification:Package 'src/demos/lifecycle' with type 'ros.ament_cmake' and name 'lifecycle'
[0.252s] Level 1:colcon.colcon_core.package_identification:_identify(src/demos/lifecycle_py) by extensions ['ignore', 'ignore_ament_install']
[0.252s] Level 1:colcon.colcon_core.package_identification:_identify(src/demos/lifecycle_py) by extension 'ignore'
[0.252s] Level 1:colcon.colcon_core.package_identification:_identify(src/demos/lifecycle_py) by extension 'ignore_ament_install'
[0.252s] Level 1:colcon.colcon_core.package_identification:_identify(src/demos/lifecycle_py) by extensions ['colcon_pkg']
[0.252s] Level 1:colcon.colcon_core.package_identification:_identify(src/demos/lifecycle_py) by extension 'colcon_pkg'
[0.252s] Level 1:colcon.colcon_core.package_identification:_identify(src/demos/lifecycle_py) by extensions ['colcon_meta']
[0.252s] Level 1:colcon.colcon_core.package_identification:_identify(src/demos/lifecycle_py) by extension 'colcon_meta'
[0.252s] Level 1:colcon.colcon_core.package_identification:_identify(src/demos/lifecycle_py) by extensions ['ros']
[0.252s] Level 1:colcon.colcon_core.package_identification:_identify(src/demos/lifecycle_py) by extension 'ros'
[0.253s] DEBUG:colcon.colcon_core.package_identification:Package 'src/demos/lifecycle_py' with type 'ros.ament_python' and name 'lifecycle_py'
[0.253s] Level 1:colcon.colcon_core.package_identification:_identify(src/demos/logging_demo) by extensions ['ignore', 'ignore_ament_install']
[0.253s] Level 1:colcon.colcon_core.package_identification:_identify(src/demos/logging_demo) by extension 'ignore'
[0.253s] Level 1:colcon.colcon_core.package_identification:_identify(src/demos/logging_demo) by extension 'ignore_ament_install'
[0.253s] Level 1:colcon.colcon_core.package_identification:_identify(src/demos/logging_demo) by extensions ['colcon_pkg']
[0.253s] Level 1:colcon.colcon_core.package_identification:_identify(src/demos/logging_demo) by extension 'colcon_pkg'
[0.253s] Level 1:colcon.colcon_core.package_identification:_identify(src/demos/logging_demo) by extensions ['colcon_meta']
[0.253s] Level 1:colcon.colcon_core.package_identification:_identify(src/demos/logging_demo) by extension 'colcon_meta'
[0.254s] Level 1:colcon.colcon_core.package_identification:_identify(src/demos/logging_demo) by extensions ['ros']
[0.254s] Level 1:colcon.colcon_core.package_identification:_identify(src/demos/logging_demo) by extension 'ros'
[0.254s] DEBUG:colcon.colcon_core.package_identification:Package 'src/demos/logging_demo' with type 'ros.ament_cmake' and name 'logging_demo'
[0.255s] Level 1:colcon.colcon_core.package_identification:_identify(src/demos/pendulum_control) by extensions ['ignore', 'ignore_ament_install']
[0.255s] Level 1:colcon.colcon_core.package_identification:_identify(src/demos/pendulum_control) by extension 'ignore'
[0.255s] Level 1:colcon.colcon_core.package_identification:_identify(src/demos/pendulum_control) by extension 'ignore_ament_install'
[0.255s] Level 1:colcon.colcon_core.package_identification:_identify(src/demos/pendulum_control) by extensions ['colcon_pkg']
[0.255s] Level 1:colcon.colcon_core.package_identification:_identify(src/demos/pendulum_control) by extension 'colcon_pkg'
[0.255s] Level 1:colcon.colcon_core.package_identification:_identify(src/demos/pendulum_control) by extensions ['colcon_meta']
[0.255s] Level 1:colcon.colcon_core.package_identification:_identify(src/demos/pendulum_control) by extension 'colcon_meta'
[0.255s] Level 1:colcon.colcon_core.package_identification:_identify(src/demos/pendulum_control) by extensions ['ros']
[0.255s] Level 1:colcon.colcon_core.package_identification:_identify(src/demos/pendulum_control) by extension 'ros'
[0.256s] DEBUG:colcon.colcon_core.package_identification:Package 'src/demos/pendulum_control' with type 'ros.ament_cmake' and name 'pendulum_control'
[0.256s] Level 1:colcon.colcon_core.package_identification:_identify(src/demos/pendulum_msgs) by extensions ['ignore', 'ignore_ament_install']
[0.256s] Level 1:colcon.colcon_core.package_identification:_identify(src/demos/pendulum_msgs) by extension 'ignore'
[0.256s] Level 1:colcon.colcon_core.package_identification:_identify(src/demos/pendulum_msgs) by extension 'ignore_ament_install'
[0.256s] Level 1:colcon.colcon_core.package_identification:_identify(src/demos/pendulum_msgs) by extensions ['colcon_pkg']
[0.256s] Level 1:colcon.colcon_core.package_identification:_identify(src/demos/pendulum_msgs) by extension 'colcon_pkg'
[0.256s] Level 1:colcon.colcon_core.package_identification:_identify(src/demos/pendulum_msgs) by extensions ['colcon_meta']
[0.256s] Level 1:colcon.colcon_core.package_identification:_identify(src/demos/pendulum_msgs) by extension 'colcon_meta'
[0.256s] Level 1:colcon.colcon_core.package_identification:_identify(src/demos/pendulum_msgs) by extensions ['ros']
[0.256s] Level 1:colcon.colcon_core.package_identification:_identify(src/demos/pendulum_msgs) by extension 'ros'
[0.257s] DEBUG:colcon.colcon_core.package_identification:Package 'src/demos/pendulum_msgs' with type 'ros.ament_cmake' and name 'pendulum_msgs'
[0.257s] Level 1:colcon.colcon_core.package_identification:_identify(src/demos/quality_of_service_demo) by extensions ['ignore', 'ignore_ament_install']
[0.257s] Level 1:colcon.colcon_core.package_identification:_identify(src/demos/quality_of_service_demo) by extension 'ignore'
[0.257s] Level 1:colcon.colcon_core.package_identification:_identify(src/demos/quality_of_service_demo) by extension 'ignore_ament_install'
[0.257s] Level 1:colcon.colcon_core.package_identification:_identify(src/demos/quality_of_service_demo) by extensions ['colcon_pkg']
[0.257s] Level 1:colcon.colcon_core.package_identification:_identify(src/demos/quality_of_service_demo) by extension 'colcon_pkg'
[0.257s] Level 1:colcon.colcon_core.package_identification:_identify(src/demos/quality_of_service_demo) by extensions ['colcon_meta']
[0.257s] Level 1:colcon.colcon_core.package_identification:_identify(src/demos/quality_of_service_demo) by extension 'colcon_meta'
[0.257s] Level 1:colcon.colcon_core.package_identification:_identify(src/demos/quality_of_service_demo) by extensions ['ros']
[0.257s] Level 1:colcon.colcon_core.package_identification:_identify(src/demos/quality_of_service_demo) by extension 'ros'
[0.257s] Level 1:colcon.colcon_core.package_identification:_identify(src/demos/quality_of_service_demo) by extensions ['cmake', 'python']
[0.257s] Level 1:colcon.colcon_core.package_identification:_identify(src/demos/quality_of_service_demo) by extension 'cmake'
[0.257s] Level 1:colcon.colcon_core.package_identification:_identify(src/demos/quality_of_service_demo) by extension 'python'
[0.258s] Level 1:colcon.colcon_core.package_identification:_identify(src/demos/quality_of_service_demo) by extensions ['python_setup_py']
[0.258s] Level 1:colcon.colcon_core.package_identification:_identify(src/demos/quality_of_service_demo) by extension 'python_setup_py'
[0.258s] Level 1:colcon.colcon_core.package_identification:_identify(src/demos/quality_of_service_demo/rclcpp) by extensions ['ignore', 'ignore_ament_install']
[0.258s] Level 1:colcon.colcon_core.package_identification:_identify(src/demos/quality_of_service_demo/rclcpp) by extension 'ignore'
[0.258s] Level 1:colcon.colcon_core.package_identification:_identify(src/demos/quality_of_service_demo/rclcpp) by extension 'ignore_ament_install'
[0.258s] Level 1:colcon.colcon_core.package_identification:_identify(src/demos/quality_of_service_demo/rclcpp) by extensions ['colcon_pkg']
[0.258s] Level 1:colcon.colcon_core.package_identification:_identify(src/demos/quality_of_service_demo/rclcpp) by extension 'colcon_pkg'
[0.258s] Level 1:colcon.colcon_core.package_identification:_identify(src/demos/quality_of_service_demo/rclcpp) by extensions ['colcon_meta']
[0.258s] Level 1:colcon.colcon_core.package_identification:_identify(src/demos/quality_of_service_demo/rclcpp) by extension 'colcon_meta'
[0.258s] Level 1:colcon.colcon_core.package_identification:_identify(src/demos/quality_of_service_demo/rclcpp) by extensions ['ros']
[0.258s] Level 1:colcon.colcon_core.package_identification:_identify(src/demos/quality_of_service_demo/rclcpp) by extension 'ros'
[0.259s] DEBUG:colcon.colcon_core.package_identification:Package 'src/demos/quality_of_service_demo/rclcpp' with type 'ros.ament_cmake' and name 'quality_of_service_demo_cpp'
[0.259s] Level 1:colcon.colcon_core.package_identification:_identify(src/demos/quality_of_service_demo/rclpy) by extensions ['ignore', 'ignore_ament_install']
[0.259s] Level 1:colcon.colcon_core.package_identification:_identify(src/demos/quality_of_service_demo/rclpy) by extension 'ignore'
[0.259s] Level 1:colcon.colcon_core.package_identification:_identify(src/demos/quality_of_service_demo/rclpy) by extension 'ignore_ament_install'
[0.259s] Level 1:colcon.colcon_core.package_identification:_identify(src/demos/quality_of_service_demo/rclpy) by extensions ['colcon_pkg']
[0.259s] Level 1:colcon.colcon_core.package_identification:_identify(src/demos/quality_of_service_demo/rclpy) by extension 'colcon_pkg'
[0.259s] Level 1:colcon.colcon_core.package_identification:_identify(src/demos/quality_of_service_demo/rclpy) by extensions ['colcon_meta']
[0.259s] Level 1:colcon.colcon_core.package_identification:_identify(src/demos/quality_of_service_demo/rclpy) by extension 'colcon_meta'
[0.259s] Level 1:colcon.colcon_core.package_identification:_identify(src/demos/quality_of_service_demo/rclpy) by extensions ['ros']
[0.259s] Level 1:colcon.colcon_core.package_identification:_identify(src/demos/quality_of_service_demo/rclpy) by extension 'ros'
[0.260s] DEBUG:colcon.colcon_core.package_identification:Package 'src/demos/quality_of_service_demo/rclpy' with type 'ros.ament_python' and name 'quality_of_service_demo_py'
[0.260s] Level 1:colcon.colcon_core.package_identification:_identify(src/demos/topic_monitor) by extensions ['ignore', 'ignore_ament_install']
[0.260s] Level 1:colcon.colcon_core.package_identification:_identify(src/demos/topic_monitor) by extension 'ignore'
[0.260s] Level 1:colcon.colcon_core.package_identification:_identify(src/demos/topic_monitor) by extension 'ignore_ament_install'
[0.260s] Level 1:colcon.colcon_core.package_identification:_identify(src/demos/topic_monitor) by extensions ['colcon_pkg']
[0.260s] Level 1:colcon.colcon_core.package_identification:_identify(src/demos/topic_monitor) by extension 'colcon_pkg'
[0.260s] Level 1:colcon.colcon_core.package_identification:_identify(src/demos/topic_monitor) by extensions ['colcon_meta']
[0.260s] Level 1:colcon.colcon_core.package_identification:_identify(src/demos/topic_monitor) by extension 'colcon_meta'
[0.260s] Level 1:colcon.colcon_core.package_identification:_identify(src/demos/topic_monitor) by extensions ['ros']
[0.260s] Level 1:colcon.colcon_core.package_identification:_identify(src/demos/topic_monitor) by extension 'ros'
[0.261s] DEBUG:colcon.colcon_core.package_identification:Package 'src/demos/topic_monitor' with type 'ros.ament_python' and name 'topic_monitor'
[0.261s] Level 1:colcon.colcon_core.package_identification:_identify(src/demos/topic_statistics_demo) by extensions ['ignore', 'ignore_ament_install']
[0.261s] Level 1:colcon.colcon_core.package_identification:_identify(src/demos/topic_statistics_demo) by extension 'ignore'
[0.261s] Level 1:colcon.colcon_core.package_identification:_identify(src/demos/topic_statistics_demo) by extension 'ignore_ament_install'
[0.261s] Level 1:colcon.colcon_core.package_identification:_identify(src/demos/topic_statistics_demo) by extensions ['colcon_pkg']
[0.261s] Level 1:colcon.colcon_core.package_identification:_identify(src/demos/topic_statistics_demo) by extension 'colcon_pkg'
[0.261s] Level 1:colcon.colcon_core.package_identification:_identify(src/demos/topic_statistics_demo) by extensions ['colcon_meta']
[0.262s] Level 1:colcon.colcon_core.package_identification:_identify(src/demos/topic_statistics_demo) by extension 'colcon_meta'
[0.262s] Level 1:colcon.colcon_core.package_identification:_identify(src/demos/topic_statistics_demo) by extensions ['ros']
[0.262s] Level 1:colcon.colcon_core.package_identification:_identify(src/demos/topic_statistics_demo) by extension 'ros'
[0.262s] DEBUG:colcon.colcon_core.package_identification:Package 'src/demos/topic_statistics_demo' with type 'ros.ament_cmake' and name 'topic_statistics_demo'
[0.262s] Level 1:colcon.colcon_core.package_identification:_identify(src/ros_tutorials) by extensions ['ignore', 'ignore_ament_install']
[0.262s] Level 1:colcon.colcon_core.package_identification:_identify(src/ros_tutorials) by extension 'ignore'
[0.262s] Level 1:colcon.colcon_core.package_identification:_identify(src/ros_tutorials) by extension 'ignore_ament_install'
[0.263s] Level 1:colcon.colcon_core.package_identification:_identify(src/ros_tutorials) by extensions ['colcon_pkg']
[0.263s] Level 1:colcon.colcon_core.package_identification:_identify(src/ros_tutorials) by extension 'colcon_pkg'
[0.263s] Level 1:colcon.colcon_core.package_identification:_identify(src/ros_tutorials) by extensions ['colcon_meta']
[0.263s] Level 1:colcon.colcon_core.package_identification:_identify(src/ros_tutorials) by extension 'colcon_meta'
[0.263s] Level 1:colcon.colcon_core.package_identification:_identify(src/ros_tutorials) by extensions ['ros']
[0.263s] Level 1:colcon.colcon_core.package_identification:_identify(src/ros_tutorials) by extension 'ros'
[0.263s] Level 1:colcon.colcon_core.package_identification:_identify(src/ros_tutorials) by extensions ['cmake', 'python']
[0.263s] Level 1:colcon.colcon_core.package_identification:_identify(src/ros_tutorials) by extension 'cmake'
[0.263s] Level 1:colcon.colcon_core.package_identification:_identify(src/ros_tutorials) by extension 'python'
[0.263s] Level 1:colcon.colcon_core.package_identification:_identify(src/ros_tutorials) by extensions ['python_setup_py']
[0.263s] Level 1:colcon.colcon_core.package_identification:_identify(src/ros_tutorials) by extension 'python_setup_py'
[0.263s] Level 1:colcon.colcon_core.package_identification:_identify(src/ros_tutorials/ros_tutorials) by extensions ['ignore', 'ignore_ament_install']
[0.263s] Level 1:colcon.colcon_core.package_identification:_identify(src/ros_tutorials/ros_tutorials) by extension 'ignore'
[0.263s] Level 1:colcon.colcon_core.package_identification:_identify(src/ros_tutorials/ros_tutorials) ignored
[0.263s] Level 1:colcon.colcon_core.package_identification:_identify(src/ros_tutorials/roscpp_tutorials) by extensions ['ignore', 'ignore_ament_install']
[0.263s] Level 1:colcon.colcon_core.package_identification:_identify(src/ros_tutorials/roscpp_tutorials) by extension 'ignore'
[0.263s] Level 1:colcon.colcon_core.package_identification:_identify(src/ros_tutorials/roscpp_tutorials) ignored
[0.263s] Level 1:colcon.colcon_core.package_identification:_identify(src/ros_tutorials/rospy_tutorials) by extensions ['ignore', 'ignore_ament_install']
[0.264s] Level 1:colcon.colcon_core.package_identification:_identify(src/ros_tutorials/rospy_tutorials) by extension 'ignore'
[0.264s] Level 1:colcon.colcon_core.package_identification:_identify(src/ros_tutorials/rospy_tutorials) ignored
[0.264s] Level 1:colcon.colcon_core.package_identification:_identify(src/ros_tutorials/turtlesim) by extensions ['ignore', 'ignore_ament_install']
[0.264s] Level 1:colcon.colcon_core.package_identification:_identify(src/ros_tutorials/turtlesim) by extension 'ignore'
[0.264s] Level 1:colcon.colcon_core.package_identification:_identify(src/ros_tutorials/turtlesim) by extension 'ignore_ament_install'
[0.264s] Level 1:colcon.colcon_core.package_identification:_identify(src/ros_tutorials/turtlesim) by extensions ['colcon_pkg']
[0.264s] Level 1:colcon.colcon_core.package_identification:_identify(src/ros_tutorials/turtlesim) by extension 'colcon_pkg'
[0.264s] Level 1:colcon.colcon_core.package_identification:_identify(src/ros_tutorials/turtlesim) by extensions ['colcon_meta']
[0.264s] Level 1:colcon.colcon_core.package_identification:_identify(src/ros_tutorials/turtlesim) by extension 'colcon_meta'
[0.264s] Level 1:colcon.colcon_core.package_identification:_identify(src/ros_tutorials/turtlesim) by extensions ['ros']
[0.264s] Level 1:colcon.colcon_core.package_identification:_identify(src/ros_tutorials/turtlesim) by extension 'ros'
[0.265s] DEBUG:colcon.colcon_core.package_identification:Package 'src/ros_tutorials/turtlesim' with type 'ros.ament_cmake' and name 'turtlesim'
[0.265s] Level 1:colcon.colcon_core.package_discovery:discover_packages(recursive) using defaults
[0.265s] Level 1:colcon.colcon_core.package_discovery:discover_packages(ignore) discover
[0.265s] Level 1:colcon.colcon_core.package_discovery:discover_packages(ignore) using defaults
[0.265s] Level 1:colcon.colcon_core.package_discovery:discover_packages(path) discover
[0.265s] Level 1:colcon.colcon_core.package_discovery:discover_packages(path) using defaults
[0.266s] WARNING:colcon.colcon_core.package_selection:ignoring unknown package 'my_package' in --packages-select
[0.293s] INFO:colcon.colcon_core.package_selection:Skipping not selected package 'action_tutorials_interfaces' in 'src/demos/action_tutorials/action_tutorials_interfaces'
[0.293s] INFO:colcon.colcon_core.package_selection:Skipping not selected package 'composition' in 'src/demos/composition'
[0.293s] INFO:colcon.colcon_core.package_selection:Skipping not selected package 'demo_nodes_cpp' in 'src/demos/demo_nodes_cpp'
[0.293s] INFO:colcon.colcon_core.package_selection:Skipping not selected package 'demo_nodes_cpp_native' in 'src/demos/demo_nodes_cpp_native'
[0.293s] INFO:colcon.colcon_core.package_selection:Skipping not selected package 'demo_nodes_py' in 'src/demos/demo_nodes_py'
[0.293s] INFO:colcon.colcon_core.package_selection:Skipping not selected package 'dummy_map_server' in 'src/demos/dummy_robot/dummy_map_server'
[0.293s] INFO:colcon.colcon_core.package_selection:Skipping not selected package 'dummy_sensors' in 'src/demos/dummy_robot/dummy_sensors'
[0.293s] INFO:colcon.colcon_core.package_selection:Skipping not selected package 'image_tools' in 'src/demos/image_tools'
[0.293s] INFO:colcon.colcon_core.package_selection:Skipping not selected package 'intra_process_demo' in 'src/demos/intra_process_demo'
[0.293s] INFO:colcon.colcon_core.package_selection:Skipping not selected package 'lifecycle' in 'src/demos/lifecycle'
[0.293s] INFO:colcon.colcon_core.package_selection:Skipping not selected package 'logging_demo' in 'src/demos/logging_demo'
[0.293s] INFO:colcon.colcon_core.package_selection:Skipping not selected package 'pendulum_msgs' in 'src/demos/pendulum_msgs'
[0.293s] INFO:colcon.colcon_core.package_selection:Skipping not selected package 'quality_of_service_demo_cpp' in 'src/demos/quality_of_service_demo/rclcpp'
[0.293s] INFO:colcon.colcon_core.package_selection:Skipping not selected package 'quality_of_service_demo_py' in 'src/demos/quality_of_service_demo/rclpy'
[0.293s] INFO:colcon.colcon_core.package_selection:Skipping not selected package 'topic_monitor' in 'src/demos/topic_monitor'
[0.293s] INFO:colcon.colcon_core.package_selection:Skipping not selected package 'topic_statistics_demo' in 'src/demos/topic_statistics_demo'
[0.293s] INFO:colcon.colcon_core.package_selection:Skipping not selected package 'turtlesim' in 'src/ros_tutorials/turtlesim'
[0.293s] INFO:colcon.colcon_core.package_selection:Skipping not selected package 'action_tutorials_cpp' in 'src/demos/action_tutorials/action_tutorials_cpp'
[0.293s] INFO:colcon.colcon_core.package_selection:Skipping not selected package 'action_tutorials_py' in 'src/demos/action_tutorials/action_tutorials_py'
[0.293s] INFO:colcon.colcon_core.package_selection:Skipping not selected package 'dummy_robot_bringup' in 'src/demos/dummy_robot/dummy_robot_bringup'
[0.293s] INFO:colcon.colcon_core.package_selection:Skipping not selected package 'lifecycle_py' in 'src/demos/lifecycle_py'
[0.293s] INFO:colcon.colcon_core.package_selection:Skipping not selected package 'pendulum_control' in 'src/demos/pendulum_control'
[0.293s] INFO:colcon.colcon_core.executor:Executing jobs using 'parallel' executor
[0.295s] DEBUG:colcon.colcon_parallel_executor.executor.parallel:run_until_complete
[0.295s] DEBUG:colcon.colcon_parallel_executor.executor.parallel:closing loop
[0.296s] DEBUG:colcon.colcon_parallel_executor.executor.parallel:loop closed
[0.296s] DEBUG:colcon.colcon_parallel_executor.executor.parallel:run_until_complete finished with '0'
[0.296s] DEBUG:colcon.colcon_core.event_reactor:joining thread
[0.302s] INFO:colcon.colcon_core.plugin_system:Skipping extension 'colcon_notification.desktop_notification.notify_send': Could not find 'notify-send'
[0.302s] INFO:colcon.colcon_core.plugin_system:Skipping extension 'colcon_notification.desktop_notification.terminal_notifier': Not used on non-Darwin systems
[0.302s] INFO:colcon.colcon_core.plugin_system:Skipping extension 'colcon_notification.desktop_notification.win32': Not used on non-Windows systems
[0.302s] INFO:colcon.colcon_notification.desktop_notification:Sending desktop notification using 'notify2'
[0.302s] DEBUG:colcon.colcon_notification.desktop_notification.notify2:Failed to initialize notify2: org.freedesktop.DBus.Error.NotSupported: Unable to autolaunch a dbus-daemon without a $DISPLAY for X11
[0.302s] DEBUG:colcon.colcon_core.event_reactor:joined thread
[0.304s] INFO:colcon.colcon_core.plugin_system:Skipping extension 'colcon_core.shell.bat': Not used on non-Windows systems
[0.304s] INFO:colcon.colcon_core.shell:Creating prefix script '/home/student18/ros2_ws/install/local_setup.ps1'
[0.306s] INFO:colcon.colcon_core.shell:Creating prefix util module '/home/student18/ros2_ws/install/_local_setup_util_ps1.py'
[0.307s] INFO:colcon.colcon_core.shell:Creating prefix chain script '/home/student18/ros2_ws/install/setup.ps1'
[0.310s] INFO:colcon.colcon_core.shell:Creating prefix script '/home/student18/ros2_ws/install/local_setup.sh'
[0.311s] INFO:colcon.colcon_core.shell:Creating prefix util module '/home/student18/ros2_ws/install/_local_setup_util_sh.py'
[0.312s] INFO:colcon.colcon_core.shell:Creating prefix chain script '/home/student18/ros2_ws/install/setup.sh'
[0.314s] INFO:colcon.colcon_core.shell:Creating prefix script '/home/student18/ros2_ws/install/local_setup.bash'
[0.315s] INFO:colcon.colcon_core.shell:Creating prefix chain script '/home/student18/ros2_ws/install/setup.bash'
[0.317s] INFO:colcon.colcon_core.shell:Creating prefix script '/home/student18/ros2_ws/install/local_setup.zsh'
[0.317s] INFO:colcon.colcon_core.shell:Creating prefix chain script '/home/student18/ros2_ws/install/setup.zsh'
