[0.024s] Invoking command in '/home/student18/ros2_ws/build/lifecycle': CMAKE_PREFIX_PATH=${CMAKE_PREFIX_PATH}:/opt/ros/humble /usr/bin/cmake /home/student18/ros2_ws/src/demos/lifecycle -DCMAKE_INSTALL_PREFIX=/home/student18/ros2_ws/install/lifecycle
[0.119s] -- The C compiler identification is GNU 11.4.0
[0.224s] -- The CXX compiler identification is GNU 11.4.0
[0.237s] -- Detecting C compiler ABI info
[0.382s] -- Detecting C compiler ABI info - done
[0.400s] -- Check for working C compiler: /usr/bin/cc - skipped
[0.401s] -- Detecting C compile features
[0.402s] -- Detecting C compile features - done
[0.407s] -- Detecting CXX compiler ABI info
[0.549s] -- Detecting CXX compiler ABI info - done
[0.569s] -- Check for working CXX compiler: /usr/bin/c++ - skipped
[0.570s] -- Detecting CXX compile features
[0.572s] -- Detecting CXX compile features - done
[0.575s] -- Found ament_cmake: 1.3.11 (/opt/ros/humble/share/ament_cmake/cmake)
[1.274s] -- Found Python3: /usr/bin/python3 (found version "3.10.12") found components: Interpreter 
[1.468s] -- Found rclcpp_lifecycle: 16.0.12 (/opt/ros/humble/share/rclcpp_lifecycle/cmake)
[1.544s] -- Found rosidl_generator_c: 3.1.6 (/opt/ros/humble/share/rosidl_generator_c/cmake)
[1.554s] -- Found rosidl_adapter: 3.1.6 (/opt/ros/humble/share/rosidl_adapter/cmake)
[1.568s] -- Found rosidl_generator_cpp: 3.1.6 (/opt/ros/humble/share/rosidl_generator_cpp/cmake)
[1.591s] -- Using all available rosidl_typesupport_c: rosidl_typesupport_fastrtps_c;rosidl_typesupport_introspection_c
[1.622s] -- Using all available rosidl_typesupport_cpp: rosidl_typesupport_fastrtps_cpp;rosidl_typesupport_introspection_cpp
[1.711s] -- Found rmw_implementation_cmake: 6.1.2 (/opt/ros/humble/share/rmw_implementation_cmake/cmake)
[1.715s] -- Found rmw_fastrtps_cpp: 6.2.7 (/opt/ros/humble/share/rmw_fastrtps_cpp/cmake)
[1.868s] -- Found OpenSSL: /usr/lib/x86_64-linux-gnu/libcrypto.so (found version "3.0.2")  
[1.907s] -- Found FastRTPS: /opt/ros/humble/include  
[1.973s] -- Using RMW implementation 'rmw_fastrtps_cpp' as default
[1.987s] -- Looking for pthread.h
[2.118s] -- Looking for pthread.h - found
[2.121s] -- Performing Test CMAKE_HAVE_LIBC_PTHREAD
[2.254s] -- Performing Test CMAKE_HAVE_LIBC_PTHREAD - Success
[2.257s] -- Found Threads: TRUE  
[2.451s] -- Found ament_lint_auto: 0.12.12 (/opt/ros/humble/share/ament_lint_auto/cmake)
[2.674s] -- Found launch_testing_ament_cmake: 1.0.9 (/opt/ros/humble/share/launch_testing_ament_cmake/cmake)
[2.677s] -- Found python_cmake_module: 0.10.0 (/opt/ros/humble/share/python_cmake_module/cmake)
[2.713s] -- Found PythonInterp: /usr/bin/python3 (found suitable version "3.10.12", minimum required is "3.6") 
[2.720s] -- Found PythonLibs: /usr/lib/x86_64-linux-gnu/libpython3.10.so (found suitable version "3.10.12", minimum required is "3.5") 
[2.721s] -- Using PYTHON_EXECUTABLE: /usr/bin/python3
[2.721s] -- Using PYTHON_INCLUDE_DIRS: /usr/include/python3.10
[2.721s] -- Using PYTHON_LIBRARIES: /usr/lib/x86_64-linux-gnu/libpython3.10.so
[2.766s] -- Found PythonExtra: .so  
[2.774s] -- Added test 'copyright' to check source files copyright and LICENSE
[2.776s] -- Added test 'cppcheck' to perform static code analysis on C / C++ code
[2.777s] -- Configured cppcheck include dirs: 
[2.778s] -- Configured cppcheck exclude dirs and/or files: 
[2.779s] -- Added test 'cpplint' to check C / C++ code against the Google style
[2.779s] -- Configured cpplint exclude dirs and/or files: 
[2.780s] -- Added test 'flake8' to check Python code syntax and style conventions
[2.783s] -- Added test 'lint_cmake' to check CMake code style
[2.783s] -- Added test 'pep257' to check Python code against some of the docstring style conventions in PEP 257
[2.786s] -- Added test 'uncrustify' to check C / C++ code style
[2.786s] -- Configured uncrustify additional arguments: 
[2.786s] -- Added test 'xmllint' to check XML markup files
[2.788s] -- Configuring done
[2.817s] -- Generating done
[2.834s] -- Build files have been written to: /home/student18/ros2_ws/build/lifecycle
[2.854s] Invoked command in '/home/student18/ros2_ws/build/lifecycle' returned '0': CMAKE_PREFIX_PATH=${CMAKE_PREFIX_PATH}:/opt/ros/humble /usr/bin/cmake /home/student18/ros2_ws/src/demos/lifecycle -DCMAKE_INSTALL_PREFIX=/home/student18/ros2_ws/install/lifecycle
[2.858s] Invoking command in '/home/student18/ros2_ws/build/lifecycle': CMAKE_PREFIX_PATH=${CMAKE_PREFIX_PATH}:/opt/ros/humble /usr/bin/cmake --build /home/student18/ros2_ws/build/lifecycle -- -j4 -l4
[3.028s] [ 16%] [32mBuilding CXX object CMakeFiles/lifecycle_talker.dir/src/lifecycle_talker.cpp.o[0m
[3.028s] [ 33%] [32mBuilding CXX object CMakeFiles/lifecycle_listener.dir/src/lifecycle_listener.cpp.o[0m
[3.037s] [ 50%] [32mBuilding CXX object CMakeFiles/lifecycle_service_client.dir/src/lifecycle_service_client.cpp.o[0m
[17.523s] [ 66%] [32m[1mLinking CXX executable lifecycle_talker[0m
[18.474s] [ 66%] Built target lifecycle_talker
[20.377s] [ 83%] [32m[1mLinking CXX executable lifecycle_service_client[0m
[21.133s] [ 83%] Built target lifecycle_service_client
[61.637s] [100%] [32m[1mLinking CXX executable lifecycle_listener[0m
[63.456s] [100%] Built target lifecycle_listener
[63.511s] Invoked command in '/home/student18/ros2_ws/build/lifecycle' returned '0': CMAKE_PREFIX_PATH=${CMAKE_PREFIX_PATH}:/opt/ros/humble /usr/bin/cmake --build /home/student18/ros2_ws/build/lifecycle -- -j4 -l4
[63.511s] Invoking command in '/home/student18/ros2_ws/build/lifecycle': CMAKE_PREFIX_PATH=${CMAKE_PREFIX_PATH}:/opt/ros/humble /usr/bin/cmake --install /home/student18/ros2_ws/build/lifecycle
[63.540s] -- Install configuration: ""
[63.540s] -- Installing: /home/student18/ros2_ws/install/lifecycle/lib/lifecycle/lifecycle_talker
[63.541s] -- Set runtime path of "/home/student18/ros2_ws/install/lifecycle/lib/lifecycle/lifecycle_talker" to ""
[63.541s] -- Installing: /home/student18/ros2_ws/install/lifecycle/lib/lifecycle/lifecycle_listener
[63.547s] -- Set runtime path of "/home/student18/ros2_ws/install/lifecycle/lib/lifecycle/lifecycle_listener" to ""
[63.547s] -- Installing: /home/student18/ros2_ws/install/lifecycle/lib/lifecycle/lifecycle_service_client
[63.550s] -- Set runtime path of "/home/student18/ros2_ws/install/lifecycle/lib/lifecycle/lifecycle_service_client" to ""
[63.550s] -- Installing: /home/student18/ros2_ws/install/lifecycle/share/lifecycle//launch
[63.550s] -- Installing: /home/student18/ros2_ws/install/lifecycle/share/lifecycle//launch/lifecycle_demo.launch.py
[63.551s] -- Installing: /home/student18/ros2_ws/install/lifecycle/share/ament_index/resource_index/package_run_dependencies/lifecycle
[63.551s] -- Installing: /home/student18/ros2_ws/install/lifecycle/share/ament_index/resource_index/parent_prefix_path/lifecycle
[63.551s] -- Installing: /home/student18/ros2_ws/install/lifecycle/share/lifecycle/environment/ament_prefix_path.sh
[63.552s] -- Installing: /home/student18/ros2_ws/install/lifecycle/share/lifecycle/environment/ament_prefix_path.dsv
[63.552s] -- Installing: /home/student18/ros2_ws/install/lifecycle/share/lifecycle/environment/path.sh
[63.552s] -- Installing: /home/student18/ros2_ws/install/lifecycle/share/lifecycle/environment/path.dsv
[63.555s] -- Installing: /home/student18/ros2_ws/install/lifecycle/share/lifecycle/local_setup.bash
[63.555s] -- Installing: /home/student18/ros2_ws/install/lifecycle/share/lifecycle/local_setup.sh
[63.555s] -- Installing: /home/student18/ros2_ws/install/lifecycle/share/lifecycle/local_setup.zsh
[63.558s] -- Installing: /home/student18/ros2_ws/install/lifecycle/share/lifecycle/local_setup.dsv
[63.558s] -- Installing: /home/student18/ros2_ws/install/lifecycle/share/lifecycle/package.dsv
[63.558s] -- Installing: /home/student18/ros2_ws/install/lifecycle/share/ament_index/resource_index/packages/lifecycle
[63.558s] -- Installing: /home/student18/ros2_ws/install/lifecycle/share/lifecycle/cmake/lifecycleConfig.cmake
[63.559s] -- Installing: /home/student18/ros2_ws/install/lifecycle/share/lifecycle/cmake/lifecycleConfig-version.cmake
[63.559s] -- Installing: /home/student18/ros2_ws/install/lifecycle/share/lifecycle/package.xml
[63.568s] Invoked command in '/home/student18/ros2_ws/build/lifecycle' returned '0': CMAKE_PREFIX_PATH=${CMAKE_PREFIX_PATH}:/opt/ros/humble /usr/bin/cmake --install /home/student18/ros2_ws/build/lifecycle
