/usr/local/lib/python3.10/dist-packages/setuptools/_distutils/dist.py:289: UserWarning: Unknown distribution option: 'tests_require'
  warnings.warn(msg)
/usr/local/lib/python3.10/dist-packages/setuptools/dist.py:759: SetuptoolsDeprecationWarning: License classifiers are deprecated.
!!

        ********************************************************************************
        Please consider removing the following classifiers in favor of a SPDX license expression:

        License :: OSI Approved :: Apache Software License

        See https://packaging.python.org/en/latest/guides/writing-pyproject-toml/#license for details.
        ********************************************************************************

!!
  self._finalize_license_expression()
running egg_info
creating ../../../../build/quality_of_service_demo_py/quality_of_service_demo_py.egg-info
writing ../../../../build/quality_of_service_demo_py/quality_of_service_demo_py.egg-info/PKG-INFO
writing dependency_links to ../../../../build/quality_of_service_demo_py/quality_of_service_demo_py.egg-info/dependency_links.txt
writing entry points to ../../../../build/quality_of_service_demo_py/quality_of_service_demo_py.egg-info/entry_points.txt
writing requirements to ../../../../build/quality_of_service_demo_py/quality_of_service_demo_py.egg-info/requires.txt
writing top-level names to ../../../../build/quality_of_service_demo_py/quality_of_service_demo_py.egg-info/top_level.txt
/usr/lib/python3/dist-packages/pbr/git.py:28: UserWarning: pkg_resources is deprecated as an API. See https://setuptools.pypa.io/en/latest/pkg_resources.html. The pkg_resources package is slated for removal as early as 2025-11-30. Refrain from using this package or pin to Setuptools<81.
  import pkg_resources
writing manifest file '../../../../build/quality_of_service_demo_py/quality_of_service_demo_py.egg-info/SOURCES.txt'
reading manifest file '../../../../build/quality_of_service_demo_py/quality_of_service_demo_py.egg-info/SOURCES.txt'
writing manifest file '../../../../build/quality_of_service_demo_py/quality_of_service_demo_py.egg-info/SOURCES.txt'
running build
running build_py
creating /home/student18/ros2_ws/build/quality_of_service_demo_py/build/lib/quality_of_service_demo_py
copying quality_of_service_demo_py/qos_overrides_listener.py -> /home/student18/ros2_ws/build/quality_of_service_demo_py/build/lib/quality_of_service_demo_py
copying quality_of_service_demo_py/deadline.py -> /home/student18/ros2_ws/build/quality_of_service_demo_py/build/lib/quality_of_service_demo_py
copying quality_of_service_demo_py/message_lost_listener.py -> /home/student18/ros2_ws/build/quality_of_service_demo_py/build/lib/quality_of_service_demo_py
copying quality_of_service_demo_py/common_nodes.py -> /home/student18/ros2_ws/build/quality_of_service_demo_py/build/lib/quality_of_service_demo_py
copying quality_of_service_demo_py/__init__.py -> /home/student18/ros2_ws/build/quality_of_service_demo_py/build/lib/quality_of_service_demo_py
copying quality_of_service_demo_py/lifespan.py -> /home/student18/ros2_ws/build/quality_of_service_demo_py/build/lib/quality_of_service_demo_py
copying quality_of_service_demo_py/qos_overrides_talker.py -> /home/student18/ros2_ws/build/quality_of_service_demo_py/build/lib/quality_of_service_demo_py
copying quality_of_service_demo_py/liveliness.py -> /home/student18/ros2_ws/build/quality_of_service_demo_py/build/lib/quality_of_service_demo_py
copying quality_of_service_demo_py/incompatible_qos.py -> /home/student18/ros2_ws/build/quality_of_service_demo_py/build/lib/quality_of_service_demo_py
running install
running install_lib
creating /home/student18/ros2_ws/install/quality_of_service_demo_py/lib/python3.10/site-packages/quality_of_service_demo_py
copying /home/student18/ros2_ws/build/quality_of_service_demo_py/build/lib/quality_of_service_demo_py/qos_overrides_listener.py -> /home/student18/ros2_ws/install/quality_of_service_demo_py/lib/python3.10/site-packages/quality_of_service_demo_py
copying /home/student18/ros2_ws/build/quality_of_service_demo_py/build/lib/quality_of_service_demo_py/deadline.py -> /home/student18/ros2_ws/install/quality_of_service_demo_py/lib/python3.10/site-packages/quality_of_service_demo_py
copying /home/student18/ros2_ws/build/quality_of_service_demo_py/build/lib/quality_of_service_demo_py/message_lost_listener.py -> /home/student18/ros2_ws/install/quality_of_service_demo_py/lib/python3.10/site-packages/quality_of_service_demo_py
copying /home/student18/ros2_ws/build/quality_of_service_demo_py/build/lib/quality_of_service_demo_py/common_nodes.py -> /home/student18/ros2_ws/install/quality_of_service_demo_py/lib/python3.10/site-packages/quality_of_service_demo_py
copying /home/student18/ros2_ws/build/quality_of_service_demo_py/build/lib/quality_of_service_demo_py/__init__.py -> /home/student18/ros2_ws/install/quality_of_service_demo_py/lib/python3.10/site-packages/quality_of_service_demo_py
copying /home/student18/ros2_ws/build/quality_of_service_demo_py/build/lib/quality_of_service_demo_py/lifespan.py -> /home/student18/ros2_ws/install/quality_of_service_demo_py/lib/python3.10/site-packages/quality_of_service_demo_py
copying /home/student18/ros2_ws/build/quality_of_service_demo_py/build/lib/quality_of_service_demo_py/qos_overrides_talker.py -> /home/student18/ros2_ws/install/quality_of_service_demo_py/lib/python3.10/site-packages/quality_of_service_demo_py
copying /home/student18/ros2_ws/build/quality_of_service_demo_py/build/lib/quality_of_service_demo_py/liveliness.py -> /home/student18/ros2_ws/install/quality_of_service_demo_py/lib/python3.10/site-packages/quality_of_service_demo_py
copying /home/student18/ros2_ws/build/quality_of_service_demo_py/build/lib/quality_of_service_demo_py/incompatible_qos.py -> /home/student18/ros2_ws/install/quality_of_service_demo_py/lib/python3.10/site-packages/quality_of_service_demo_py
byte-compiling /home/student18/ros2_ws/install/quality_of_service_demo_py/lib/python3.10/site-packages/quality_of_service_demo_py/qos_overrides_listener.py to qos_overrides_listener.cpython-310.pyc
byte-compiling /home/student18/ros2_ws/install/quality_of_service_demo_py/lib/python3.10/site-packages/quality_of_service_demo_py/deadline.py to deadline.cpython-310.pyc
byte-compiling /home/student18/ros2_ws/install/quality_of_service_demo_py/lib/python3.10/site-packages/quality_of_service_demo_py/message_lost_listener.py to message_lost_listener.cpython-310.pyc
byte-compiling /home/student18/ros2_ws/install/quality_of_service_demo_py/lib/python3.10/site-packages/quality_of_service_demo_py/common_nodes.py to common_nodes.cpython-310.pyc
byte-compiling /home/student18/ros2_ws/install/quality_of_service_demo_py/lib/python3.10/site-packages/quality_of_service_demo_py/__init__.py to __init__.cpython-310.pyc
byte-compiling /home/student18/ros2_ws/install/quality_of_service_demo_py/lib/python3.10/site-packages/quality_of_service_demo_py/lifespan.py to lifespan.cpython-310.pyc
byte-compiling /home/student18/ros2_ws/install/quality_of_service_demo_py/lib/python3.10/site-packages/quality_of_service_demo_py/qos_overrides_talker.py to qos_overrides_talker.cpython-310.pyc
byte-compiling /home/student18/ros2_ws/install/quality_of_service_demo_py/lib/python3.10/site-packages/quality_of_service_demo_py/liveliness.py to liveliness.cpython-310.pyc
byte-compiling /home/student18/ros2_ws/install/quality_of_service_demo_py/lib/python3.10/site-packages/quality_of_service_demo_py/incompatible_qos.py to incompatible_qos.cpython-310.pyc
running install_data
creating /home/student18/ros2_ws/install/quality_of_service_demo_py/share/ament_index/resource_index/packages
copying resource/quality_of_service_demo_py -> /home/student18/ros2_ws/install/quality_of_service_demo_py/share/ament_index/resource_index/packages
copying package.xml -> /home/student18/ros2_ws/install/quality_of_service_demo_py/share/quality_of_service_demo_py
running install_egg_info
Copying ../../../../build/quality_of_service_demo_py/quality_of_service_demo_py.egg-info to /home/student18/ros2_ws/install/quality_of_service_demo_py/lib/python3.10/site-packages/quality_of_service_demo_py-0.20.5-py3.10.egg-info
running install_scripts
Installing deadline script to /home/student18/ros2_ws/install/quality_of_service_demo_py/lib/quality_of_service_demo_py
Installing incompatible_qos script to /home/student18/ros2_ws/install/quality_of_service_demo_py/lib/quality_of_service_demo_py
Installing lifespan script to /home/student18/ros2_ws/install/quality_of_service_demo_py/lib/quality_of_service_demo_py
Installing liveliness script to /home/student18/ros2_ws/install/quality_of_service_demo_py/lib/quality_of_service_demo_py
Installing message_lost_listener script to /home/student18/ros2_ws/install/quality_of_service_demo_py/lib/quality_of_service_demo_py
Installing qos_overrides_listener script to /home/student18/ros2_ws/install/quality_of_service_demo_py/lib/quality_of_service_demo_py
Installing qos_overrides_talker script to /home/student18/ros2_ws/install/quality_of_service_demo_py/lib/quality_of_service_demo_py
writing list of installed files to '/home/student18/ros2_ws/build/quality_of_service_demo_py/install.log'
