[0.748s] Invoking command in '/home/student18/ros2_ws/src/demos/quality_of_service_demo/rclpy': PYTHONPATH=/home/student18/ros2_ws/build/quality_of_service_demo_py/prefix_override:/usr/lib/python3/dist-packages/colcon_core/task/python/colcon_distutils_commands:/home/student18/ros2_ws/install/quality_of_service_demo_py/lib/python3.10/site-packages:${PYTHONPATH} /usr/bin/python3 -W ignore:setup.py install is deprecated -W ignore:easy_install command is deprecated setup.py egg_info --egg-base ../../../../build/quality_of_service_demo_py build --build-base /home/student18/ros2_ws/build/quality_of_service_demo_py/build install --record /home/student18/ros2_ws/build/quality_of_service_demo_py/install.log --single-version-externally-managed install_data
[0.922s] /usr/local/lib/python3.10/dist-packages/setuptools/_distutils/dist.py:289: UserWarning: Unknown distribution option: 'tests_require'
[0.923s]   warnings.warn(msg)
[0.957s] /usr/local/lib/python3.10/dist-packages/setuptools/dist.py:759: SetuptoolsDeprecationWarning: License classifiers are deprecated.
[0.957s] !!
[0.957s] 
[0.958s]         ********************************************************************************
[0.958s]         Please consider removing the following classifiers in favor of a SPDX license expression:
[0.958s] 
[0.958s]         License :: OSI Approved :: Apache Software License
[0.959s] 
[0.959s]         See https://packaging.python.org/en/latest/guides/writing-pyproject-toml/#license for details.
[0.959s]         ********************************************************************************
[0.959s] 
[0.959s] !!
[0.960s]   self._finalize_license_expression()
[1.027s] running egg_info
[1.045s] creating ../../../../build/quality_of_service_demo_py/quality_of_service_demo_py.egg-info
[1.045s] writing ../../../../build/quality_of_service_demo_py/quality_of_service_demo_py.egg-info/PKG-INFO
[1.045s] writing dependency_links to ../../../../build/quality_of_service_demo_py/quality_of_service_demo_py.egg-info/dependency_links.txt
[1.046s] writing entry points to ../../../../build/quality_of_service_demo_py/quality_of_service_demo_py.egg-info/entry_points.txt
[1.046s] writing requirements to ../../../../build/quality_of_service_demo_py/quality_of_service_demo_py.egg-info/requires.txt
[1.047s] writing top-level names to ../../../../build/quality_of_service_demo_py/quality_of_service_demo_py.egg-info/top_level.txt
[1.053s] /usr/lib/python3/dist-packages/pbr/git.py:28: UserWarning: pkg_resources is deprecated as an API. See https://setuptools.pypa.io/en/latest/pkg_resources.html. The pkg_resources package is slated for removal as early as 2025-11-30. Refrain from using this package or pin to Setuptools<81.
[1.053s]   import pkg_resources
[1.148s] writing manifest file '../../../../build/quality_of_service_demo_py/quality_of_service_demo_py.egg-info/SOURCES.txt'
[1.187s] reading manifest file '../../../../build/quality_of_service_demo_py/quality_of_service_demo_py.egg-info/SOURCES.txt'
[1.188s] writing manifest file '../../../../build/quality_of_service_demo_py/quality_of_service_demo_py.egg-info/SOURCES.txt'
[1.188s] running build
[1.189s] running build_py
[1.189s] creating /home/student18/ros2_ws/build/quality_of_service_demo_py/build/lib/quality_of_service_demo_py
[1.190s] copying quality_of_service_demo_py/qos_overrides_listener.py -> /home/student18/ros2_ws/build/quality_of_service_demo_py/build/lib/quality_of_service_demo_py
[1.190s] copying quality_of_service_demo_py/deadline.py -> /home/student18/ros2_ws/build/quality_of_service_demo_py/build/lib/quality_of_service_demo_py
[1.190s] copying quality_of_service_demo_py/message_lost_listener.py -> /home/student18/ros2_ws/build/quality_of_service_demo_py/build/lib/quality_of_service_demo_py
[1.190s] copying quality_of_service_demo_py/common_nodes.py -> /home/student18/ros2_ws/build/quality_of_service_demo_py/build/lib/quality_of_service_demo_py
[1.191s] copying quality_of_service_demo_py/__init__.py -> /home/student18/ros2_ws/build/quality_of_service_demo_py/build/lib/quality_of_service_demo_py
[1.191s] copying quality_of_service_demo_py/lifespan.py -> /home/student18/ros2_ws/build/quality_of_service_demo_py/build/lib/quality_of_service_demo_py
[1.191s] copying quality_of_service_demo_py/qos_overrides_talker.py -> /home/student18/ros2_ws/build/quality_of_service_demo_py/build/lib/quality_of_service_demo_py
[1.192s] copying quality_of_service_demo_py/liveliness.py -> /home/student18/ros2_ws/build/quality_of_service_demo_py/build/lib/quality_of_service_demo_py
[1.192s] copying quality_of_service_demo_py/incompatible_qos.py -> /home/student18/ros2_ws/build/quality_of_service_demo_py/build/lib/quality_of_service_demo_py
[1.192s] running install
[1.196s] running install_lib
[1.215s] creating /home/student18/ros2_ws/install/quality_of_service_demo_py/lib/python3.10/site-packages/quality_of_service_demo_py
[1.215s] copying /home/student18/ros2_ws/build/quality_of_service_demo_py/build/lib/quality_of_service_demo_py/qos_overrides_listener.py -> /home/student18/ros2_ws/install/quality_of_service_demo_py/lib/python3.10/site-packages/quality_of_service_demo_py
[1.216s] copying /home/student18/ros2_ws/build/quality_of_service_demo_py/build/lib/quality_of_service_demo_py/deadline.py -> /home/student18/ros2_ws/install/quality_of_service_demo_py/lib/python3.10/site-packages/quality_of_service_demo_py
[1.216s] copying /home/student18/ros2_ws/build/quality_of_service_demo_py/build/lib/quality_of_service_demo_py/message_lost_listener.py -> /home/student18/ros2_ws/install/quality_of_service_demo_py/lib/python3.10/site-packages/quality_of_service_demo_py
[1.217s] copying /home/student18/ros2_ws/build/quality_of_service_demo_py/build/lib/quality_of_service_demo_py/common_nodes.py -> /home/student18/ros2_ws/install/quality_of_service_demo_py/lib/python3.10/site-packages/quality_of_service_demo_py
[1.217s] copying /home/student18/ros2_ws/build/quality_of_service_demo_py/build/lib/quality_of_service_demo_py/__init__.py -> /home/student18/ros2_ws/install/quality_of_service_demo_py/lib/python3.10/site-packages/quality_of_service_demo_py
[1.218s] copying /home/student18/ros2_ws/build/quality_of_service_demo_py/build/lib/quality_of_service_demo_py/lifespan.py -> /home/student18/ros2_ws/install/quality_of_service_demo_py/lib/python3.10/site-packages/quality_of_service_demo_py
[1.218s] copying /home/student18/ros2_ws/build/quality_of_service_demo_py/build/lib/quality_of_service_demo_py/qos_overrides_talker.py -> /home/student18/ros2_ws/install/quality_of_service_demo_py/lib/python3.10/site-packages/quality_of_service_demo_py
[1.218s] copying /home/student18/ros2_ws/build/quality_of_service_demo_py/build/lib/quality_of_service_demo_py/liveliness.py -> /home/student18/ros2_ws/install/quality_of_service_demo_py/lib/python3.10/site-packages/quality_of_service_demo_py
[1.219s] copying /home/student18/ros2_ws/build/quality_of_service_demo_py/build/lib/quality_of_service_demo_py/incompatible_qos.py -> /home/student18/ros2_ws/install/quality_of_service_demo_py/lib/python3.10/site-packages/quality_of_service_demo_py
[1.219s] byte-compiling /home/student18/ros2_ws/install/quality_of_service_demo_py/lib/python3.10/site-packages/quality_of_service_demo_py/qos_overrides_listener.py to qos_overrides_listener.cpython-310.pyc
[1.219s] byte-compiling /home/student18/ros2_ws/install/quality_of_service_demo_py/lib/python3.10/site-packages/quality_of_service_demo_py/deadline.py to deadline.cpython-310.pyc
[1.220s] byte-compiling /home/student18/ros2_ws/install/quality_of_service_demo_py/lib/python3.10/site-packages/quality_of_service_demo_py/message_lost_listener.py to message_lost_listener.cpython-310.pyc
[1.220s] byte-compiling /home/student18/ros2_ws/install/quality_of_service_demo_py/lib/python3.10/site-packages/quality_of_service_demo_py/common_nodes.py to common_nodes.cpython-310.pyc
[1.221s] byte-compiling /home/student18/ros2_ws/install/quality_of_service_demo_py/lib/python3.10/site-packages/quality_of_service_demo_py/__init__.py to __init__.cpython-310.pyc
[1.221s] byte-compiling /home/student18/ros2_ws/install/quality_of_service_demo_py/lib/python3.10/site-packages/quality_of_service_demo_py/lifespan.py to lifespan.cpython-310.pyc
[1.222s] byte-compiling /home/student18/ros2_ws/install/quality_of_service_demo_py/lib/python3.10/site-packages/quality_of_service_demo_py/qos_overrides_talker.py to qos_overrides_talker.cpython-310.pyc
[1.222s] byte-compiling /home/student18/ros2_ws/install/quality_of_service_demo_py/lib/python3.10/site-packages/quality_of_service_demo_py/liveliness.py to liveliness.cpython-310.pyc
[1.224s] byte-compiling /home/student18/ros2_ws/install/quality_of_service_demo_py/lib/python3.10/site-packages/quality_of_service_demo_py/incompatible_qos.py to incompatible_qos.cpython-310.pyc
[1.225s] running install_data
[1.225s] creating /home/student18/ros2_ws/install/quality_of_service_demo_py/share/ament_index/resource_index/packages
[1.225s] copying resource/quality_of_service_demo_py -> /home/student18/ros2_ws/install/quality_of_service_demo_py/share/ament_index/resource_index/packages
[1.226s] copying package.xml -> /home/student18/ros2_ws/install/quality_of_service_demo_py/share/quality_of_service_demo_py
[1.226s] running install_egg_info
[1.243s] Copying ../../../../build/quality_of_service_demo_py/quality_of_service_demo_py.egg-info to /home/student18/ros2_ws/install/quality_of_service_demo_py/lib/python3.10/site-packages/quality_of_service_demo_py-0.20.5-py3.10.egg-info
[1.244s] running install_scripts
[1.280s] Installing deadline script to /home/student18/ros2_ws/install/quality_of_service_demo_py/lib/quality_of_service_demo_py
[1.280s] Installing incompatible_qos script to /home/student18/ros2_ws/install/quality_of_service_demo_py/lib/quality_of_service_demo_py
[1.281s] Installing lifespan script to /home/student18/ros2_ws/install/quality_of_service_demo_py/lib/quality_of_service_demo_py
[1.281s] Installing liveliness script to /home/student18/ros2_ws/install/quality_of_service_demo_py/lib/quality_of_service_demo_py
[1.281s] Installing message_lost_listener script to /home/student18/ros2_ws/install/quality_of_service_demo_py/lib/quality_of_service_demo_py
[1.282s] Installing qos_overrides_listener script to /home/student18/ros2_ws/install/quality_of_service_demo_py/lib/quality_of_service_demo_py
[1.282s] Installing qos_overrides_talker script to /home/student18/ros2_ws/install/quality_of_service_demo_py/lib/quality_of_service_demo_py
[1.282s] writing list of installed files to '/home/student18/ros2_ws/build/quality_of_service_demo_py/install.log'
[1.308s] Invoked command in '/home/student18/ros2_ws/src/demos/quality_of_service_demo/rclpy' returned '0': PYTHONPATH=/home/student18/ros2_ws/build/quality_of_service_demo_py/prefix_override:/usr/lib/python3/dist-packages/colcon_core/task/python/colcon_distutils_commands:/home/student18/ros2_ws/install/quality_of_service_demo_py/lib/python3.10/site-packages:${PYTHONPATH} /usr/bin/python3 -W ignore:setup.py install is deprecated -W ignore:easy_install command is deprecated setup.py egg_info --egg-base ../../../../build/quality_of_service_demo_py build --build-base /home/student18/ros2_ws/build/quality_of_service_demo_py/build install --record /home/student18/ros2_ws/build/quality_of_service_demo_py/install.log --single-version-externally-managed install_data
