[0.838s] Invoking command in '/home/student18/ros2_ws/src/my_package': PYTHONPATH=/home/student18/ros2_ws/build/my_package/prefix_override:/usr/lib/python3/dist-packages/colcon_core/task/python/colcon_distutils_commands:/home/student18/ros2_ws/install/my_package/lib/python3.10/site-packages:${PYTHONPATH} /usr/bin/python3 -W ignore:setup.py install is deprecated -W ignore:easy_install command is deprecated setup.py egg_info --egg-base ../../build/my_package build --build-base /home/student18/ros2_ws/build/my_package/build install --record /home/student18/ros2_ws/build/my_package/install.log --single-version-externally-managed install_data
[1.042s] /usr/local/lib/python3.10/dist-packages/setuptools/_distutils/dist.py:289: UserWarning: Unknown distribution option: 'tests_require'
[1.042s]   warnings.warn(msg)
[1.185s] running egg_info
[1.203s] writing ../../build/my_package/my_package.egg-info/PKG-INFO
[1.204s] writing dependency_links to ../../build/my_package/my_package.egg-info/dependency_links.txt
[1.204s] writing entry points to ../../build/my_package/my_package.egg-info/entry_points.txt
[1.204s] writing requirements to ../../build/my_package/my_package.egg-info/requires.txt
[1.204s] writing top-level names to ../../build/my_package/my_package.egg-info/top_level.txt
[1.222s] /usr/lib/python3/dist-packages/pbr/git.py:28: UserWarning: pkg_resources is deprecated as an API. See https://setuptools.pypa.io/en/latest/pkg_resources.html. The pkg_resources package is slated for removal as early as 2025-11-30. Refrain from using this package or pin to Setuptools<81.
[1.222s]   import pkg_resources
[1.375s] reading manifest file '../../build/my_package/my_package.egg-info/SOURCES.txt'
[1.376s] adding license file 'LICENSE'
[1.377s] writing manifest file '../../build/my_package/my_package.egg-info/SOURCES.txt'
[1.377s] running build
[1.378s] running build_py
[1.378s] copying my_package/__init__.py -> /home/student18/ros2_ws/build/my_package/build/lib/my_package
[1.378s] copying my_package/my_node.py -> /home/student18/ros2_ws/build/my_package/build/lib/my_package
[1.379s] running install
[1.384s] running install_lib
[1.402s] running install_data
[1.403s] copying resource/my_package -> /home/student18/ros2_ws/install/my_package/share/ament_index/resource_index/packages
[1.403s] copying package.xml -> /home/student18/ros2_ws/install/my_package/share/my_package
[1.403s] running install_egg_info
[1.424s] removing '/home/student18/ros2_ws/install/my_package/lib/python3.10/site-packages/my_package-0.0.0-py3.10.egg-info' (and everything under it)
[1.424s] Copying ../../build/my_package/my_package.egg-info to /home/student18/ros2_ws/install/my_package/lib/python3.10/site-packages/my_package-0.0.0-py3.10.egg-info
[1.425s] running install_scripts
[1.465s] Installing my_node script to /home/student18/ros2_ws/install/my_package/lib/my_package
[1.465s] writing list of installed files to '/home/student18/ros2_ws/build/my_package/install.log'
[1.497s] Invoked command in '/home/student18/ros2_ws/src/my_package' returned '0': PYTHONPATH=/home/student18/ros2_ws/build/my_package/prefix_override:/usr/lib/python3/dist-packages/colcon_core/task/python/colcon_distutils_commands:/home/student18/ros2_ws/install/my_package/lib/python3.10/site-packages:${PYTHONPATH} /usr/bin/python3 -W ignore:setup.py install is deprecated -W ignore:easy_install command is deprecated setup.py egg_info --egg-base ../../build/my_package build --build-base /home/student18/ros2_ws/build/my_package/build install --record /home/student18/ros2_ws/build/my_package/install.log --single-version-externally-managed install_data
