[35m[1mConsolidate compiler generated dependencies of target image_pipeline_with_two_image_view[0m
[35m[1mConsolidate compiler generated dependencies of target two_node_pipeline[0m
[35m[1mConsolidate compiler generated dependencies of target cyclic_pipeline[0m
[35m[1mConsolidate compiler generated dependencies of target image_pipeline_all_in_one[0m
[ 21%] Built target image_pipeline_with_two_image_view
[ 28%] Built target two_node_pipeline
[ 50%] Built target image_pipeline_all_in_one
[ 57%] Built target cyclic_pipeline
[35m[1mConsolidate compiler generated dependencies of target camera_node[0m
[35m[1mConsolidate compiler generated dependencies of target watermark_node[0m
[35m[1mConsolidate compiler generated dependencies of target image_view_node[0m
[ 71%] Built target watermark_node
[ 92%] Built target camera_node
[100%] Built target image_view_node
-- Install configuration: ""
-- Installing: /home/student18/ros2_ws/install/intra_process_demo/lib/intra_process_demo/two_node_pipeline
-- Set runtime path of "/home/student18/ros2_ws/install/intra_process_demo/lib/intra_process_demo/two_node_pipeline" to ""
-- Installing: /home/student18/ros2_ws/install/intra_process_demo/lib/intra_process_demo/cyclic_pipeline
-- Set runtime path of "/home/student18/ros2_ws/install/intra_process_demo/lib/intra_process_demo/cyclic_pipeline" to ""
-- Installing: /home/student18/ros2_ws/install/intra_process_demo/lib/intra_process_demo/image_pipeline_all_in_one
-- Set runtime path of "/home/student18/ros2_ws/install/intra_process_demo/lib/intra_process_demo/image_pipeline_all_in_one" to ""
-- Installing: /home/student18/ros2_ws/install/intra_process_demo/lib/intra_process_demo/image_pipeline_with_two_image_view
-- Set runtime path of "/home/student18/ros2_ws/install/intra_process_demo/lib/intra_process_demo/image_pipeline_with_two_image_view" to ""
-- Installing: /home/student18/ros2_ws/install/intra_process_demo/lib/intra_process_demo/camera_node
-- Set runtime path of "/home/student18/ros2_ws/install/intra_process_demo/lib/intra_process_demo/camera_node" to ""
-- Installing: /home/student18/ros2_ws/install/intra_process_demo/lib/intra_process_demo/watermark_node
-- Set runtime path of "/home/student18/ros2_ws/install/intra_process_demo/lib/intra_process_demo/watermark_node" to ""
-- Installing: /home/student18/ros2_ws/install/intra_process_demo/lib/intra_process_demo/image_view_node
-- Set runtime path of "/home/student18/ros2_ws/install/intra_process_demo/lib/intra_process_demo/image_view_node" to ""
-- Installing: /home/student18/ros2_ws/install/intra_process_demo/include/intra_process_demo
-- Installing: /home/student18/ros2_ws/install/intra_process_demo/include/intra_process_demo/image_pipeline
-- Installing: /home/student18/ros2_ws/install/intra_process_demo/include/intra_process_demo/image_pipeline/watermark_node.hpp
-- Installing: /home/student18/ros2_ws/install/intra_process_demo/include/intra_process_demo/image_pipeline/image_view_node.hpp
-- Installing: /home/student18/ros2_ws/install/intra_process_demo/include/intra_process_demo/image_pipeline/camera_node.hpp
-- Installing: /home/student18/ros2_ws/install/intra_process_demo/include/intra_process_demo/image_pipeline/common.hpp
-- Installing: /home/student18/ros2_ws/install/intra_process_demo/share/ament_index/resource_index/package_run_dependencies/intra_process_demo
-- Installing: /home/student18/ros2_ws/install/intra_process_demo/share/ament_index/resource_index/parent_prefix_path/intra_process_demo
-- Installing: /home/student18/ros2_ws/install/intra_process_demo/share/intra_process_demo/environment/ament_prefix_path.sh
-- Installing: /home/student18/ros2_ws/install/intra_process_demo/share/intra_process_demo/environment/ament_prefix_path.dsv
-- Installing: /home/student18/ros2_ws/install/intra_process_demo/share/intra_process_demo/environment/path.sh
-- Installing: /home/student18/ros2_ws/install/intra_process_demo/share/intra_process_demo/environment/path.dsv
-- Installing: /home/student18/ros2_ws/install/intra_process_demo/share/intra_process_demo/local_setup.bash
-- Installing: /home/student18/ros2_ws/install/intra_process_demo/share/intra_process_demo/local_setup.sh
-- Installing: /home/student18/ros2_ws/install/intra_process_demo/share/intra_process_demo/local_setup.zsh
-- Installing: /home/student18/ros2_ws/install/intra_process_demo/share/intra_process_demo/local_setup.dsv
-- Installing: /home/student18/ros2_ws/install/intra_process_demo/share/intra_process_demo/package.dsv
-- Installing: /home/student18/ros2_ws/install/intra_process_demo/share/ament_index/resource_index/packages/intra_process_demo
-- Installing: /home/student18/ros2_ws/install/intra_process_demo/share/intra_process_demo/cmake/ament_cmake_export_include_directories-extras.cmake
-- Installing: /home/student18/ros2_ws/install/intra_process_demo/share/intra_process_demo/cmake/intra_process_demoConfig.cmake
-- Installing: /home/student18/ros2_ws/install/intra_process_demo/share/intra_process_demo/cmake/intra_process_demoConfig-version.cmake
-- Installing: /home/student18/ros2_ws/install/intra_process_demo/share/intra_process_demo/package.xml
