[0.000000] (-) TimerEvent: {}
[0.000741] (-) JobUnselected: {'identifier': 'action_tutorials_cpp'}
[0.001178] (-) JobUnselected: {'identifier': 'action_tutorials_interfaces'}
[0.001248] (-) JobUnselected: {'identifier': 'action_tutorials_py'}
[0.001316] (-) JobUnselected: {'identifier': 'composition'}
[0.001364] (-) JobUnselected: {'identifier': 'demo_nodes_cpp'}
[0.001411] (-) JobUnselected: {'identifier': 'demo_nodes_cpp_native'}
[0.001678] (-) JobUnselected: {'identifier': 'demo_nodes_py'}
[0.001725] (-) JobUnselected: {'identifier': 'dummy_map_server'}
[0.001777] (-) JobUnselected: {'identifier': 'dummy_robot_bringup'}
[0.001816] (-) JobUnselected: {'identifier': 'dummy_sensors'}
[0.001862] (-) JobUnselected: {'identifier': 'image_tools'}
[0.002283] (-) JobUnselected: {'identifier': 'intra_process_demo'}
[0.002333] (-) JobUnselected: {'identifier': 'lifecycle'}
[0.002367] (-) JobUnselected: {'identifier': 'lifecycle_py'}
[0.002398] (-) JobUnselected: {'identifier': 'logging_demo'}
[0.002429] (-) JobUnselected: {'identifier': 'pendulum_control'}
[0.002458] (-) JobUnselected: {'identifier': 'pendulum_msgs'}
[0.002487] (-) JobUnselected: {'identifier': 'quality_of_service_demo_cpp'}
[0.002518] (-) JobUnselected: {'identifier': 'quality_of_service_demo_py'}
[0.002549] (-) JobUnselected: {'identifier': 'topic_monitor'}
[0.002578] (-) JobUnselected: {'identifier': 'topic_statistics_demo'}
[0.002606] (-) JobUnselected: {'identifier': 'turtlesim'}
[0.002640] (my_package) JobQueued: {'identifier': 'my_package', 'dependencies': OrderedDict()}
[0.002678] (my_package) JobStarted: {'identifier': 'my_package'}
[0.099677] (-) TimerEvent: {}
[0.200150] (-) TimerEvent: {}
[0.300588] (-) TimerEvent: {}
[0.400967] (-) TimerEvent: {}
[0.501380] (-) TimerEvent: {}
[0.601801] (-) TimerEvent: {}
[0.617834] (my_package) Command: {'cmd': ['/usr/bin/python3', '-W', 'ignore:setup.py install is deprecated', '-W', 'ignore:easy_install command is deprecated', 'setup.py', 'egg_info', '--egg-base', '../../build/my_package', 'build', '--build-base', '/home/student18/ros2_ws/build/my_package/build', 'install', '--record', '/home/student18/ros2_ws/build/my_package/install.log', '--single-version-externally-managed', 'install_data'], 'cwd': '/home/student18/ros2_ws/src/my_package', 'env': {'USER': 'student18', 'SSH_CLIENT': '172.16.20.120 54661 22', 'GIT_ASKPASS': '/home/student18/.vscode-server/cli/servers/Stable-dc96b837cf6bb4af9cd736aa3af08cf8279f7685/server/extensions/git/dist/askpass.sh', 'SHLVL': '0', 'BROWSER': '/home/student18/.vscode-server/cli/servers/Stable-dc96b837cf6bb4af9cd736aa3af08cf8279f7685/server/bin/helpers/browser.sh', 'MOTD_SHOWN': 'pam', 'HOME': '/home/student18', 'OLDPWD': '/home/student18/ros2_ws', 'TERM_PROGRAM_VERSION': '1.89.1', 'VSCODE_IPC_HOOK_CLI': '/tmp/vscode-ipc-ec705f9e-c640-4ca0-9e6b-a919a526ebb9.sock', 'VSCODE_GIT_ASKPASS_MAIN': '/home/student18/.vscode-server/cli/servers/Stable-dc96b837cf6bb4af9cd736aa3af08cf8279f7685/server/extensions/git/dist/askpass-main.js', 'SSL_CERT_FILE': '/usr/lib/ssl/certs/ca-certificates.crt', 'VSCODE_GIT_ASKPASS_NODE': '/home/student18/.vscode-server/cli/servers/Stable-dc96b837cf6bb4af9cd736aa3af08cf8279f7685/server/node', 'LC_CTYPE': 'C.UTF-8', 'COLORTERM': 'truecolor', 'LOGNAME': 'student18', '_': '/home/student18/ros2_ws', 'TERM': 'xterm-256color', 'PATH': '/home/student18/.vscode-server/cli/servers/Stable-dc96b837cf6bb4af9cd736aa3af08cf8279f7685/server/bin/remote-cli:/usr/local/sbin:/usr/local/bin:/usr/sbin:/usr/bin:/sbin:/bin:/usr/games:/usr/local/games:/snap/bin', 'SSL_CERT_DIR': '/usr/lib/ssl/certs', 'LANG': 'en_US.UTF-8', 'TERM_PROGRAM': 'vscode', 'VSCODE_GIT_IPC_HANDLE': '/tmp/vscode-git-a5d623fe29.sock', 'SHELL': '/bin/sh', 'VSCODE_GIT_ASKPASS_EXTRA_ARGS': '', 'PWD': '/home/student18/ros2_ws/build/my_package', 'SSH_CONNECTION': '172.16.20.120 54661 172.18.0.28 22', 'COLCON': '1', 'PYTHONPATH': '/home/student18/ros2_ws/build/my_package/prefix_override:/usr/lib/python3/dist-packages/colcon_core/task/python/colcon_distutils_commands:/home/student18/ros2_ws/install/my_package/lib/python3.10/site-packages:'}, 'shell': False}
[0.702062] (-) TimerEvent: {}
[0.804002] (my_package) StderrLine: {'line': b"/usr/local/lib/python3.10/dist-packages/setuptools/_distutils/dist.py:289: UserWarning: Unknown distribution option: 'tests_require'\n"}
[0.804389] (-) TimerEvent: {}
[0.805506] (my_package) StderrLine: {'line': b'  warnings.warn(msg)\n'}
[0.894790] (my_package) StdoutLine: {'line': b'running egg_info\n'}
[0.904499] (-) TimerEvent: {}
[0.906781] (my_package) StdoutLine: {'line': b'writing ../../build/my_package/my_package.egg-info/PKG-INFO\n'}
[0.908408] (my_package) StdoutLine: {'line': b'writing dependency_links to ../../build/my_package/my_package.egg-info/dependency_links.txt\n'}
[0.908688] (my_package) StdoutLine: {'line': b'writing entry points to ../../build/my_package/my_package.egg-info/entry_points.txt\n'}
[0.908831] (my_package) StdoutLine: {'line': b'writing requirements to ../../build/my_package/my_package.egg-info/requires.txt\n'}
[0.908972] (my_package) StdoutLine: {'line': b'writing top-level names to ../../build/my_package/my_package.egg-info/top_level.txt\n'}
[0.916843] (my_package) StderrLine: {'line': b'/usr/lib/python3/dist-packages/pbr/git.py:28: UserWarning: pkg_resources is deprecated as an API. See https://setuptools.pypa.io/en/latest/pkg_resources.html. The pkg_resources package is slated for removal as early as 2025-11-30. Refrain from using this package or pin to Setuptools<81.\n'}
[0.917255] (my_package) StderrLine: {'line': b'  import pkg_resources\n'}
[1.004637] (-) TimerEvent: {}
[1.018741] (my_package) StdoutLine: {'line': b"reading manifest file '../../build/my_package/my_package.egg-info/SOURCES.txt'\n"}
[1.020537] (my_package) StdoutLine: {'line': b"adding license file 'LICENSE'\n"}
[1.021300] (my_package) StdoutLine: {'line': b"writing manifest file '../../build/my_package/my_package.egg-info/SOURCES.txt'\n"}
[1.021497] (my_package) StdoutLine: {'line': b'running build\n'}
[1.021660] (my_package) StdoutLine: {'line': b'running build_py\n'}
[1.021900] (my_package) StdoutLine: {'line': b'copying my_package/__init__.py -> /home/student18/ros2_ws/build/my_package/build/lib/my_package\n'}
[1.022039] (my_package) StdoutLine: {'line': b'copying my_package/my_node.py -> /home/student18/ros2_ws/build/my_package/build/lib/my_package\n'}
[1.022157] (my_package) StdoutLine: {'line': b'copying my_package/subscriber_node.py -> /home/student18/ros2_ws/build/my_package/build/lib/my_package\n'}
[1.022373] (my_package) StdoutLine: {'line': b'copying my_package/publisher_node.py -> /home/student18/ros2_ws/build/my_package/build/lib/my_package\n'}
[1.022668] (my_package) StdoutLine: {'line': b'running install\n'}
[1.027431] (my_package) StdoutLine: {'line': b'running install_lib\n'}
[1.039346] (my_package) StdoutLine: {'line': b'running install_data\n'}
[1.039699] (my_package) StdoutLine: {'line': b'copying resource/my_package -> /home/student18/ros2_ws/install/my_package/share/ament_index/resource_index/packages\n'}
[1.040051] (my_package) StdoutLine: {'line': b'copying package.xml -> /home/student18/ros2_ws/install/my_package/share/my_package\n'}
[1.040281] (my_package) StdoutLine: {'line': b'running install_egg_info\n'}
[1.054054] (my_package) StdoutLine: {'line': b"removing '/home/student18/ros2_ws/install/my_package/lib/python3.10/site-packages/my_package-0.0.0-py3.10.egg-info' (and everything under it)\n"}
[1.054502] (my_package) StdoutLine: {'line': b'Copying ../../build/my_package/my_package.egg-info to /home/student18/ros2_ws/install/my_package/lib/python3.10/site-packages/my_package-0.0.0-py3.10.egg-info\n'}
[1.055553] (my_package) StdoutLine: {'line': b'running install_scripts\n'}
[1.080077] (my_package) StdoutLine: {'line': b'Installing my_node script to /home/student18/ros2_ws/install/my_package/lib/my_package\n'}
[1.080389] (my_package) StdoutLine: {'line': b'Installing publisher_node script to /home/student18/ros2_ws/install/my_package/lib/my_package\n'}
[1.080652] (my_package) StdoutLine: {'line': b'Installing subscriber_node script to /home/student18/ros2_ws/install/my_package/lib/my_package\n'}
[1.081267] (my_package) StdoutLine: {'line': b"writing list of installed files to '/home/student18/ros2_ws/build/my_package/install.log'\n"}
[1.104819] (-) TimerEvent: {}
[1.107768] (my_package) CommandEnded: {'returncode': 0}
[1.121673] (my_package) JobEnded: {'identifier': 'my_package', 'rc': 0}
[1.123576] (-) EventReactorShutdown: {}
