[0.012s] Invoking command in '/home/student18/ros2_ws/build/demo_nodes_cpp': CMAKE_PREFIX_PATH=${CMAKE_PREFIX_PATH}:/opt/ros/humble /usr/bin/cmake /home/student18/ros2_ws/src/demos/demo_nodes_cpp -DCMAKE_INSTALL_PREFIX=/home/student18/ros2_ws/install/demo_nodes_cpp
[0.113s] -- The C compiler identification is GNU 11.4.0
[0.222s] -- The CXX compiler identification is GNU 11.4.0
[0.233s] -- Detecting C compiler ABI info
[0.356s] -- Detecting C compiler ABI info - done
[0.388s] -- Check for working C compiler: /usr/bin/cc - skipped
[0.388s] -- Detecting C compile features
[0.389s] -- Detecting C compile features - done
[0.399s] -- Detecting CXX compiler ABI info
[0.572s] -- Detecting CXX compiler ABI info - done
[0.612s] -- Check for working CXX compiler: /usr/bin/c++ - skipped
[0.615s] -- Detecting CXX compile features
[0.615s] -- Detecting CXX compile features - done
[0.623s] -- Found ament_cmake: 1.3.11 (/opt/ros/humble/share/ament_cmake/cmake)
[2.144s] -- Found Python3: /usr/bin/python3 (found version "3.10.12") found components: Interpreter 
[2.679s] -- Found example_interfaces: 0.9.3 (/opt/ros/humble/share/example_interfaces/cmake)
[2.739s] -- Found rosidl_generator_c: 3.1.6 (/opt/ros/humble/share/rosidl_generator_c/cmake)
[2.750s] -- Found rosidl_adapter: 3.1.6 (/opt/ros/humble/share/rosidl_adapter/cmake)
[2.774s] -- Found rosidl_generator_cpp: 3.1.6 (/opt/ros/humble/share/rosidl_generator_cpp/cmake)
[2.822s] -- Using all available rosidl_typesupport_c: rosidl_typesupport_fastrtps_c;rosidl_typesupport_introspection_c
[2.866s] -- Using all available rosidl_typesupport_cpp: rosidl_typesupport_fastrtps_cpp;rosidl_typesupport_introspection_cpp
[2.975s] -- Found rclcpp: 16.0.12 (/opt/ros/humble/share/rclcpp/cmake)
[3.048s] -- Found rmw_implementation_cmake: 6.1.2 (/opt/ros/humble/share/rmw_implementation_cmake/cmake)
[3.057s] -- Found rmw_fastrtps_cpp: 6.2.7 (/opt/ros/humble/share/rmw_fastrtps_cpp/cmake)
[3.382s] -- Found OpenSSL: /usr/lib/x86_64-linux-gnu/libcrypto.so (found version "3.0.2")  
[3.449s] -- Found FastRTPS: /opt/ros/humble/include  
[3.589s] -- Using RMW implementation 'rmw_fastrtps_cpp' as default
[3.623s] -- Looking for pthread.h
[4.043s] -- Looking for pthread.h - found
[4.043s] -- Performing Test CMAKE_HAVE_LIBC_PTHREAD
[4.475s] -- Performing Test CMAKE_HAVE_LIBC_PTHREAD - Success
[4.496s] -- Found Threads: TRUE  
[4.925s] -- Found rclcpp_components: 16.0.12 (/opt/ros/humble/share/rclcpp_components/cmake)
[5.319s] -- Found ament_lint_auto: 0.12.12 (/opt/ros/humble/share/ament_lint_auto/cmake)
[6.056s] -- Found python_cmake_module: 0.10.0 (/opt/ros/humble/share/python_cmake_module/cmake)
[6.099s] -- Found PythonInterp: /usr/bin/python3 (found suitable version "3.10.12", minimum required is "3.6") 
[6.105s] -- Found PythonLibs: /usr/lib/x86_64-linux-gnu/libpython3.10.so (found suitable version "3.10.12", minimum required is "3.5") 
[6.105s] -- Using PYTHON_EXECUTABLE: /usr/bin/python3
[6.105s] -- Using PYTHON_INCLUDE_DIRS: /usr/include/python3.10
[6.105s] -- Using PYTHON_LIBRARIES: /usr/lib/x86_64-linux-gnu/libpython3.10.so
[6.148s] -- Found PythonExtra: .so  
[6.188s] -- Added test 'copyright' to check source files copyright and LICENSE
[6.196s] -- Added test 'cppcheck' to perform static code analysis on C / C++ code
[6.206s] -- Configured cppcheck include dirs: /home/student18/ros2_ws/src/demos/demo_nodes_cpp/include
[6.206s] -- Configured cppcheck exclude dirs and/or files: 
[6.211s] -- Added test 'cpplint' to check C / C++ code against the Google style
[6.211s] -- Configured cpplint exclude dirs and/or files: 
[6.211s] -- Added test 'flake8' to check Python code syntax and style conventions
[6.218s] -- Added test 'lint_cmake' to check CMake code style
[6.218s] -- Added test 'pep257' to check Python code against some of the docstring style conventions in PEP 257
[6.230s] -- Added test 'uncrustify' to check C / C++ code style
[6.230s] -- Configured uncrustify additional arguments: 
[6.233s] -- Added test 'xmllint' to check XML markup files
[6.237s] -- Configuring done
[6.737s] -- Generating done
[7.171s] -- Build files have been written to: /home/student18/ros2_ws/build/demo_nodes_cpp
[7.292s] Invoked command in '/home/student18/ros2_ws/build/demo_nodes_cpp' returned '0': CMAKE_PREFIX_PATH=${CMAKE_PREFIX_PATH}:/opt/ros/humble /usr/bin/cmake /home/student18/ros2_ws/src/demos/demo_nodes_cpp -DCMAKE_INSTALL_PREFIX=/home/student18/ros2_ws/install/demo_nodes_cpp
[7.297s] Invoking command in '/home/student18/ros2_ws/build/demo_nodes_cpp': CMAKE_PREFIX_PATH=${CMAKE_PREFIX_PATH}:/opt/ros/humble /usr/bin/cmake --build /home/student18/ros2_ws/build/demo_nodes_cpp -- -j4 -l4
[7.444s] [  1%] [32mBuilding CXX object CMakeFiles/add_two_ints_client.dir/src/services/add_two_ints_client.cpp.o[0m
[7.476s] [  2%] [32mBuilding CXX object CMakeFiles/list_parameters_async.dir/src/parameters/list_parameters_async.cpp.o[0m
[7.551s] [  4%] [32mBuilding CXX object CMakeFiles/allocator_tutorial.dir/src/topics/allocator_tutorial.cpp.o[0m
[8.642s] [  5%] [32mBuilding CXX object CMakeFiles/parameter_events.dir/src/parameters/parameter_events.cpp.o[0m
[33.162s] [  7%] [32m[1mLinking CXX executable list_parameters_async[0m
[34.368s] [  7%] Built target list_parameters_async
[38.304s] [  8%] [32m[1mLinking CXX executable add_two_ints_client[0m
[38.697s] [  8%] Built target add_two_ints_client
[50.923s] [ 10%] [32m[1mLinking CXX executable parameter_events[0m
[52.328s] [ 10%] Built target parameter_events
[62.390s] [ 11%] [32m[1mLinking CXX executable allocator_tutorial[0m
[63.460s] [ 11%] Built target allocator_tutorial
[63.508s] [ 13%] [32mBuilding CXX object CMakeFiles/timers_library.dir/src/timers/one_off_timer.cpp.o[0m
[72.190s] [ 14%] [32mBuilding CXX object CMakeFiles/timers_library.dir/src/timers/reuse_timer.cpp.o[0m
[80.533s] [ 16%] [32m[1mLinking CXX shared library libtimers_library.so[0m
[80.920s] [ 16%] Built target timers_library
[81.001s] [ 17%] [32mBuilding CXX object CMakeFiles/services_library.dir/src/services/add_two_ints_server.cpp.o[0m
[91.633s] [ 19%] [32mBuilding CXX object CMakeFiles/services_library.dir/src/services/add_two_ints_client.cpp.o[0m
[101.891s] [ 20%] [32mBuilding CXX object CMakeFiles/services_library.dir/src/services/add_two_ints_client_async.cpp.o[0m
[109.074s] [ 22%] [32m[1mLinking CXX shared library libservices_library.so[0m
[109.464s] [ 22%] Built target services_library
[109.501s] [ 23%] [32mBuilding CXX object CMakeFiles/parameters_library.dir/src/parameters/list_parameters.cpp.o[0m
[116.027s] [ 25%] [32mBuilding CXX object CMakeFiles/parameters_library.dir/src/parameters/parameter_blackboard.cpp.o[0m
[122.090s] [ 26%] [32mBuilding CXX object CMakeFiles/parameters_library.dir/src/parameters/set_and_get_parameters.cpp.o[0m
[128.881s] [ 27%] [32mBuilding CXX object CMakeFiles/parameters_library.dir/src/parameters/parameter_events_async.cpp.o[0m
