/home/student18/ros2_ws/install/demo_nodes_py/lib/python3.10/site-packages/demo_nodes_py/__init__.py
/home/student18/ros2_ws/install/demo_nodes_py/lib/python3.10/site-packages/demo_nodes_py/topics/listener_qos.py
/home/student18/ros2_ws/install/demo_nodes_py/lib/python3.10/site-packages/demo_nodes_py/topics/__init__.py
/home/student18/ros2_ws/install/demo_nodes_py/lib/python3.10/site-packages/demo_nodes_py/topics/talker_qos.py
/home/student18/ros2_ws/install/demo_nodes_py/lib/python3.10/site-packages/demo_nodes_py/topics/listener_serialized.py
/home/student18/ros2_ws/install/demo_nodes_py/lib/python3.10/site-packages/demo_nodes_py/topics/listener.py
/home/student18/ros2_ws/install/demo_nodes_py/lib/python3.10/site-packages/demo_nodes_py/topics/talker.py
/home/student18/ros2_ws/install/demo_nodes_py/lib/python3.10/site-packages/demo_nodes_py/services/add_two_ints_client.py
/home/student18/ros2_ws/install/demo_nodes_py/lib/python3.10/site-packages/demo_nodes_py/services/add_two_ints_client_async.py
/home/student18/ros2_ws/install/demo_nodes_py/lib/python3.10/site-packages/demo_nodes_py/services/__init__.py
/home/student18/ros2_ws/install/demo_nodes_py/lib/python3.10/site-packages/demo_nodes_py/services/add_two_ints_server.py
/home/student18/ros2_ws/install/demo_nodes_py/lib/python3.10/site-packages/demo_nodes_py/__pycache__/__init__.cpython-310.pyc
/home/student18/ros2_ws/install/demo_nodes_py/lib/python3.10/site-packages/demo_nodes_py/topics/__pycache__/listener_qos.cpython-310.pyc
/home/student18/ros2_ws/install/demo_nodes_py/lib/python3.10/site-packages/demo_nodes_py/topics/__pycache__/__init__.cpython-310.pyc
/home/student18/ros2_ws/install/demo_nodes_py/lib/python3.10/site-packages/demo_nodes_py/topics/__pycache__/talker_qos.cpython-310.pyc
/home/student18/ros2_ws/install/demo_nodes_py/lib/python3.10/site-packages/demo_nodes_py/topics/__pycache__/listener_serialized.cpython-310.pyc
/home/student18/ros2_ws/install/demo_nodes_py/lib/python3.10/site-packages/demo_nodes_py/topics/__pycache__/listener.cpython-310.pyc
/home/student18/ros2_ws/install/demo_nodes_py/lib/python3.10/site-packages/demo_nodes_py/topics/__pycache__/talker.cpython-310.pyc
/home/student18/ros2_ws/install/demo_nodes_py/lib/python3.10/site-packages/demo_nodes_py/services/__pycache__/add_two_ints_client.cpython-310.pyc
/home/student18/ros2_ws/install/demo_nodes_py/lib/python3.10/site-packages/demo_nodes_py/services/__pycache__/add_two_ints_client_async.cpython-310.pyc
/home/student18/ros2_ws/install/demo_nodes_py/lib/python3.10/site-packages/demo_nodes_py/services/__pycache__/__init__.cpython-310.pyc
/home/student18/ros2_ws/install/demo_nodes_py/lib/python3.10/site-packages/demo_nodes_py/services/__pycache__/add_two_ints_server.cpython-310.pyc
/home/student18/ros2_ws/install/demo_nodes_py/share/ament_index/resource_index/packages/demo_nodes_py
/home/student18/ros2_ws/install/demo_nodes_py/share/demo_nodes_py/package.xml
/home/student18/ros2_ws/install/demo_nodes_py/lib/python3.10/site-packages/demo_nodes_py-0.20.5-py3.10.egg-info/zip-safe
/home/student18/ros2_ws/install/demo_nodes_py/lib/python3.10/site-packages/demo_nodes_py-0.20.5-py3.10.egg-info/entry_points.txt
/home/student18/ros2_ws/install/demo_nodes_py/lib/python3.10/site-packages/demo_nodes_py-0.20.5-py3.10.egg-info/dependency_links.txt
/home/student18/ros2_ws/install/demo_nodes_py/lib/python3.10/site-packages/demo_nodes_py-0.20.5-py3.10.egg-info/requires.txt
/home/student18/ros2_ws/install/demo_nodes_py/lib/python3.10/site-packages/demo_nodes_py-0.20.5-py3.10.egg-info/SOURCES.txt
/home/student18/ros2_ws/install/demo_nodes_py/lib/python3.10/site-packages/demo_nodes_py-0.20.5-py3.10.egg-info/top_level.txt
/home/student18/ros2_ws/install/demo_nodes_py/lib/python3.10/site-packages/demo_nodes_py-0.20.5-py3.10.egg-info/PKG-INFO
/home/student18/ros2_ws/install/demo_nodes_py/lib/demo_nodes_py/add_two_ints_client
/home/student18/ros2_ws/install/demo_nodes_py/lib/demo_nodes_py/add_two_ints_client_async
/home/student18/ros2_ws/install/demo_nodes_py/lib/demo_nodes_py/add_two_ints_server
/home/student18/ros2_ws/install/demo_nodes_py/lib/demo_nodes_py/listener
/home/student18/ros2_ws/install/demo_nodes_py/lib/demo_nodes_py/listener_qos
/home/student18/ros2_ws/install/demo_nodes_py/lib/demo_nodes_py/listener_serialized
/home/student18/ros2_ws/install/demo_nodes_py/lib/demo_nodes_py/talker
/home/student18/ros2_ws/install/demo_nodes_py/lib/demo_nodes_py/talker_qos
