[35m[1mConsolidate compiler generated dependencies of target add_two_ints_client[0m
[35m[1mConsolidate compiler generated dependencies of target allocator_tutorial[0m
[35m[1mConsolidate compiler generated dependencies of target parameter_events[0m
[35m[1mConsolidate compiler generated dependencies of target list_parameters_async[0m
[  7%] Built target parameter_events
[  7%] Built target list_parameters_async
[  8%] Built target allocator_tutorial
[ 11%] Built target add_two_ints_client
[35m[1mConsolidate compiler generated dependencies of target parameter_event_handler[0m
[35m[1mConsolidate compiler generated dependencies of target set_and_get_parameters_async[0m
[35m[1mConsolidate compiler generated dependencies of target timers_library[0m
[35m[1mConsolidate compiler generated dependencies of target services_library[0m
[ 14%] Built target parameter_event_handler
[ 17%] Built target set_and_get_parameters_async
[ 22%] Built target timers_library
[ 27%] Built target services_library
[35m[1mConsolidate compiler generated dependencies of target parameters_library[0m
[35m[1mConsolidate compiler generated dependencies of target one_off_timer[0m
[35m[1mConsolidate compiler generated dependencies of target topics_library[0m
[35m[1mConsolidate compiler generated dependencies of target reuse_timer[0m
[ 30%] Built target one_off_timer
[ 39%] Built target parameters_library
[ 42%] Built target reuse_timer
[35m[1mConsolidate compiler generated dependencies of target add_two_ints_server[0m
[35m[1mConsolidate compiler generated dependencies of target add_two_ints_client_async[0m
[35m[1mConsolidate compiler generated dependencies of target list_parameters[0m
[ 55%] Built target topics_library
[ 58%] Built target add_two_ints_server
[35m[1mConsolidate compiler generated dependencies of target parameter_blackboard[0m
[ 61%] Built target add_two_ints_client_async
[ 64%] Built target list_parameters
[35m[1mConsolidate compiler generated dependencies of target set_and_get_parameters[0m
[35m[1mConsolidate compiler generated dependencies of target parameter_events_async[0m
[35m[1mConsolidate compiler generated dependencies of target even_parameters_node[0m
[ 67%] Built target parameter_blackboard
[ 70%] Built target set_and_get_parameters
[35m[1mConsolidate compiler generated dependencies of target content_filtering_publisher[0m
[ 73%] Built target parameter_events_async
[ 76%] Built target even_parameters_node
[35m[1mConsolidate compiler generated dependencies of target content_filtering_subscriber[0m
[35m[1mConsolidate compiler generated dependencies of target talker[0m
[35m[1mConsolidate compiler generated dependencies of target talker_loaned_message[0m
[ 79%] Built target content_filtering_publisher
[ 82%] Built target content_filtering_subscriber
[ 85%] Built target talker
[35m[1mConsolidate compiler generated dependencies of target talker_serialized_message[0m
[ 88%] Built target talker_loaned_message
[35m[1mConsolidate compiler generated dependencies of target listener_serialized_message[0m
[35m[1mConsolidate compiler generated dependencies of target listener[0m
[ 91%] Built target talker_serialized_message
[35m[1mConsolidate compiler generated dependencies of target listener_best_effort[0m
[ 94%] Built target listener
[ 97%] Built target listener_serialized_message
[100%] Built target listener_best_effort
-- Install configuration: ""
-- Installing: /home/student18/ros2_ws/install/demo_nodes_cpp/lib/demo_nodes_cpp/allocator_tutorial
-- Set runtime path of "/home/student18/ros2_ws/install/demo_nodes_cpp/lib/demo_nodes_cpp/allocator_tutorial" to ""
-- Installing: /home/student18/ros2_ws/install/demo_nodes_cpp/lib/demo_nodes_cpp/add_two_ints_client
-- Set runtime path of "/home/student18/ros2_ws/install/demo_nodes_cpp/lib/demo_nodes_cpp/add_two_ints_client" to ""
-- Installing: /home/student18/ros2_ws/install/demo_nodes_cpp/lib/demo_nodes_cpp/list_parameters_async
-- Set runtime path of "/home/student18/ros2_ws/install/demo_nodes_cpp/lib/demo_nodes_cpp/list_parameters_async" to ""
-- Installing: /home/student18/ros2_ws/install/demo_nodes_cpp/lib/demo_nodes_cpp/parameter_events
-- Set runtime path of "/home/student18/ros2_ws/install/demo_nodes_cpp/lib/demo_nodes_cpp/parameter_events" to ""
-- Installing: /home/student18/ros2_ws/install/demo_nodes_cpp/lib/demo_nodes_cpp/parameter_event_handler
-- Set runtime path of "/home/student18/ros2_ws/install/demo_nodes_cpp/lib/demo_nodes_cpp/parameter_event_handler" to ""
-- Installing: /home/student18/ros2_ws/install/demo_nodes_cpp/lib/demo_nodes_cpp/set_and_get_parameters_async
-- Set runtime path of "/home/student18/ros2_ws/install/demo_nodes_cpp/lib/demo_nodes_cpp/set_and_get_parameters_async" to ""
-- Installing: /home/student18/ros2_ws/install/demo_nodes_cpp/lib/demo_nodes_cpp/one_off_timer
-- Set runtime path of "/home/student18/ros2_ws/install/demo_nodes_cpp/lib/demo_nodes_cpp/one_off_timer" to ""
-- Installing: /home/student18/ros2_ws/install/demo_nodes_cpp/lib/demo_nodes_cpp/reuse_timer
-- Set runtime path of "/home/student18/ros2_ws/install/demo_nodes_cpp/lib/demo_nodes_cpp/reuse_timer" to ""
-- Installing: /home/student18/ros2_ws/install/demo_nodes_cpp/lib/demo_nodes_cpp/add_two_ints_server
-- Set runtime path of "/home/student18/ros2_ws/install/demo_nodes_cpp/lib/demo_nodes_cpp/add_two_ints_server" to ""
-- Installing: /home/student18/ros2_ws/install/demo_nodes_cpp/lib/demo_nodes_cpp/add_two_ints_client_async
-- Set runtime path of "/home/student18/ros2_ws/install/demo_nodes_cpp/lib/demo_nodes_cpp/add_two_ints_client_async" to ""
-- Installing: /home/student18/ros2_ws/install/demo_nodes_cpp/lib/demo_nodes_cpp/list_parameters
-- Set runtime path of "/home/student18/ros2_ws/install/demo_nodes_cpp/lib/demo_nodes_cpp/list_parameters" to ""
-- Installing: /home/student18/ros2_ws/install/demo_nodes_cpp/lib/demo_nodes_cpp/parameter_blackboard
-- Set runtime path of "/home/student18/ros2_ws/install/demo_nodes_cpp/lib/demo_nodes_cpp/parameter_blackboard" to ""
-- Installing: /home/student18/ros2_ws/install/demo_nodes_cpp/lib/demo_nodes_cpp/set_and_get_parameters
-- Set runtime path of "/home/student18/ros2_ws/install/demo_nodes_cpp/lib/demo_nodes_cpp/set_and_get_parameters" to ""
-- Installing: /home/student18/ros2_ws/install/demo_nodes_cpp/lib/demo_nodes_cpp/parameter_events_async
-- Set runtime path of "/home/student18/ros2_ws/install/demo_nodes_cpp/lib/demo_nodes_cpp/parameter_events_async" to ""
-- Installing: /home/student18/ros2_ws/install/demo_nodes_cpp/lib/demo_nodes_cpp/even_parameters_node
-- Set runtime path of "/home/student18/ros2_ws/install/demo_nodes_cpp/lib/demo_nodes_cpp/even_parameters_node" to ""
-- Installing: /home/student18/ros2_ws/install/demo_nodes_cpp/lib/demo_nodes_cpp/content_filtering_publisher
-- Set runtime path of "/home/student18/ros2_ws/install/demo_nodes_cpp/lib/demo_nodes_cpp/content_filtering_publisher" to ""
-- Installing: /home/student18/ros2_ws/install/demo_nodes_cpp/lib/demo_nodes_cpp/content_filtering_subscriber
-- Set runtime path of "/home/student18/ros2_ws/install/demo_nodes_cpp/lib/demo_nodes_cpp/content_filtering_subscriber" to ""
-- Installing: /home/student18/ros2_ws/install/demo_nodes_cpp/lib/demo_nodes_cpp/talker
-- Set runtime path of "/home/student18/ros2_ws/install/demo_nodes_cpp/lib/demo_nodes_cpp/talker" to ""
-- Installing: /home/student18/ros2_ws/install/demo_nodes_cpp/lib/demo_nodes_cpp/talker_loaned_message
-- Set runtime path of "/home/student18/ros2_ws/install/demo_nodes_cpp/lib/demo_nodes_cpp/talker_loaned_message" to ""
-- Installing: /home/student18/ros2_ws/install/demo_nodes_cpp/lib/demo_nodes_cpp/talker_serialized_message
-- Set runtime path of "/home/student18/ros2_ws/install/demo_nodes_cpp/lib/demo_nodes_cpp/talker_serialized_message" to ""
-- Installing: /home/student18/ros2_ws/install/demo_nodes_cpp/lib/demo_nodes_cpp/listener
-- Set runtime path of "/home/student18/ros2_ws/install/demo_nodes_cpp/lib/demo_nodes_cpp/listener" to ""
-- Installing: /home/student18/ros2_ws/install/demo_nodes_cpp/lib/demo_nodes_cpp/listener_serialized_message
-- Set runtime path of "/home/student18/ros2_ws/install/demo_nodes_cpp/lib/demo_nodes_cpp/listener_serialized_message" to ""
-- Installing: /home/student18/ros2_ws/install/demo_nodes_cpp/lib/demo_nodes_cpp/listener_best_effort
-- Set runtime path of "/home/student18/ros2_ws/install/demo_nodes_cpp/lib/demo_nodes_cpp/listener_best_effort" to ""
-- Installing: /home/student18/ros2_ws/install/demo_nodes_cpp/lib/libtimers_library.so
-- Set runtime path of "/home/student18/ros2_ws/install/demo_nodes_cpp/lib/libtimers_library.so" to ""
-- Installing: /home/student18/ros2_ws/install/demo_nodes_cpp/lib/libservices_library.so
-- Set runtime path of "/home/student18/ros2_ws/install/demo_nodes_cpp/lib/libservices_library.so" to ""
-- Installing: /home/student18/ros2_ws/install/demo_nodes_cpp/lib/libparameters_library.so
-- Set runtime path of "/home/student18/ros2_ws/install/demo_nodes_cpp/lib/libparameters_library.so" to ""
-- Installing: /home/student18/ros2_ws/install/demo_nodes_cpp/lib/libtopics_library.so
-- Set runtime path of "/home/student18/ros2_ws/install/demo_nodes_cpp/lib/libtopics_library.so" to ""
-- Installing: /home/student18/ros2_ws/install/demo_nodes_cpp/share/demo_nodes_cpp//launch
-- Installing: /home/student18/ros2_ws/install/demo_nodes_cpp/share/demo_nodes_cpp//launch/topics
-- Installing: /home/student18/ros2_ws/install/demo_nodes_cpp/share/demo_nodes_cpp//launch/topics/talker_listener_best_effort.launch.xml
-- Installing: /home/student18/ros2_ws/install/demo_nodes_cpp/share/demo_nodes_cpp//launch/topics/talker_listener_best_effort.launch.py
-- Installing: /home/student18/ros2_ws/install/demo_nodes_cpp/share/demo_nodes_cpp//launch/topics/talker_listener.launch.xml
-- Installing: /home/student18/ros2_ws/install/demo_nodes_cpp/share/demo_nodes_cpp//launch/topics/talker_listener.launch.py
-- Installing: /home/student18/ros2_ws/install/demo_nodes_cpp/share/demo_nodes_cpp//launch/services
-- Installing: /home/student18/ros2_ws/install/demo_nodes_cpp/share/demo_nodes_cpp//launch/services/add_two_ints_async.launch.py
-- Installing: /home/student18/ros2_ws/install/demo_nodes_cpp/share/demo_nodes_cpp//launch/services/add_two_ints.launch.xml
-- Installing: /home/student18/ros2_ws/install/demo_nodes_cpp/share/demo_nodes_cpp//launch/services/add_two_ints.launch.py
-- Installing: /home/student18/ros2_ws/install/demo_nodes_cpp/share/demo_nodes_cpp//launch/services/add_two_ints_async.launch.xml
-- Installing: /home/student18/ros2_ws/install/demo_nodes_cpp/share/ament_index/resource_index/package_run_dependencies/demo_nodes_cpp
-- Installing: /home/student18/ros2_ws/install/demo_nodes_cpp/share/ament_index/resource_index/parent_prefix_path/demo_nodes_cpp
-- Installing: /home/student18/ros2_ws/install/demo_nodes_cpp/share/demo_nodes_cpp/environment/ament_prefix_path.sh
-- Installing: /home/student18/ros2_ws/install/demo_nodes_cpp/share/demo_nodes_cpp/environment/ament_prefix_path.dsv
-- Installing: /home/student18/ros2_ws/install/demo_nodes_cpp/share/demo_nodes_cpp/environment/path.sh
-- Installing: /home/student18/ros2_ws/install/demo_nodes_cpp/share/demo_nodes_cpp/environment/path.dsv
-- Installing: /home/student18/ros2_ws/install/demo_nodes_cpp/share/demo_nodes_cpp/local_setup.bash
-- Installing: /home/student18/ros2_ws/install/demo_nodes_cpp/share/demo_nodes_cpp/local_setup.sh
-- Installing: /home/student18/ros2_ws/install/demo_nodes_cpp/share/demo_nodes_cpp/local_setup.zsh
-- Installing: /home/student18/ros2_ws/install/demo_nodes_cpp/share/demo_nodes_cpp/local_setup.dsv
-- Installing: /home/student18/ros2_ws/install/demo_nodes_cpp/share/demo_nodes_cpp/package.dsv
-- Installing: /home/student18/ros2_ws/install/demo_nodes_cpp/share/ament_index/resource_index/packages/demo_nodes_cpp
-- Installing: /home/student18/ros2_ws/install/demo_nodes_cpp/share/ament_index/resource_index/rclcpp_components/demo_nodes_cpp
-- Installing: /home/student18/ros2_ws/install/demo_nodes_cpp/share/demo_nodes_cpp/cmake/demo_nodes_cppConfig.cmake
-- Installing: /home/student18/ros2_ws/install/demo_nodes_cpp/share/demo_nodes_cpp/cmake/demo_nodes_cppConfig-version.cmake
-- Installing: /home/student18/ros2_ws/install/demo_nodes_cpp/share/demo_nodes_cpp/package.xml
