[35m[1mConsolidate compiler generated dependencies of target talker_component[0m
[35m[1mConsolidate compiler generated dependencies of target listener_component[0m
[35m[1mConsolidate compiler generated dependencies of target node_like_listener_component[0m
[35m[1mConsolidate compiler generated dependencies of target server_component[0m
[ 12%] Built target talker_component
[ 25%] Built target listener_component
[ 37%] Built target node_like_listener_component
[ 50%] Built target server_component
[35m[1mConsolidate compiler generated dependencies of target client_component[0m
[35m[1mConsolidate compiler generated dependencies of target dlopen_composition[0m
[ 62%] Built target client_component
[ 75%] Built target dlopen_composition
[35m[1mConsolidate compiler generated dependencies of target manual_composition[0m
[35m[1mConsolidate compiler generated dependencies of target linktime_composition[0m
[ 87%] Built target manual_composition
[100%] Built target linktime_composition
-- Install configuration: ""
-- Up-to-date: /home/student18/ros2_ws/install/composition/share/composition/environment/library_path.sh
-- Up-to-date: /home/student18/ros2_ws/install/composition/share/composition/environment/library_path.dsv
-- Up-to-date: /home/student18/ros2_ws/install/composition/lib/libtalker_component.so
-- Up-to-date: /home/student18/ros2_ws/install/composition/lib/liblistener_component.so
-- Up-to-date: /home/student18/ros2_ws/install/composition/lib/libnode_like_listener_component.so
-- Up-to-date: /home/student18/ros2_ws/install/composition/lib/libserver_component.so
-- Up-to-date: /home/student18/ros2_ws/install/composition/lib/libclient_component.so
-- Up-to-date: /home/student18/ros2_ws/install/composition/lib/composition/manual_composition
-- Up-to-date: /home/student18/ros2_ws/install/composition/lib/composition/linktime_composition
-- Up-to-date: /home/student18/ros2_ws/install/composition/lib/composition/dlopen_composition
-- Up-to-date: /home/student18/ros2_ws/install/composition/share/composition/launch
-- Up-to-date: /home/student18/ros2_ws/install/composition/share/composition/launch/composition_demo.launch.py
-- Up-to-date: /home/student18/ros2_ws/install/composition/share/ament_index/resource_index/package_run_dependencies/composition
-- Up-to-date: /home/student18/ros2_ws/install/composition/share/ament_index/resource_index/parent_prefix_path/composition
-- Up-to-date: /home/student18/ros2_ws/install/composition/share/composition/environment/ament_prefix_path.sh
-- Up-to-date: /home/student18/ros2_ws/install/composition/share/composition/environment/ament_prefix_path.dsv
-- Up-to-date: /home/student18/ros2_ws/install/composition/share/composition/environment/path.sh
-- Up-to-date: /home/student18/ros2_ws/install/composition/share/composition/environment/path.dsv
-- Up-to-date: /home/student18/ros2_ws/install/composition/share/composition/local_setup.bash
-- Up-to-date: /home/student18/ros2_ws/install/composition/share/composition/local_setup.sh
-- Up-to-date: /home/student18/ros2_ws/install/composition/share/composition/local_setup.zsh
-- Up-to-date: /home/student18/ros2_ws/install/composition/share/composition/local_setup.dsv
-- Installing: /home/student18/ros2_ws/install/composition/share/composition/package.dsv
-- Up-to-date: /home/student18/ros2_ws/install/composition/share/ament_index/resource_index/packages/composition
-- Up-to-date: /home/student18/ros2_ws/install/composition/share/ament_index/resource_index/rclcpp_components/composition
-- Up-to-date: /home/student18/ros2_ws/install/composition/share/composition/cmake/compositionConfig.cmake
-- Up-to-date: /home/student18/ros2_ws/install/composition/share/composition/cmake/compositionConfig-version.cmake
-- Up-to-date: /home/student18/ros2_ws/install/composition/share/composition/package.xml
