[0.009s] Invoking command in '/home/student18/ros2_ws/build/composition': CMAKE_PREFIX_PATH=/opt/ros/humble /usr/bin/cmake --build /home/student18/ros2_ws/build/composition -- -j4 -l4
[0.058s] [35m[1mConsolidate compiler generated dependencies of target talker_component[0m
[0.066s] [35m[1mConsolidate compiler generated dependencies of target listener_component[0m
[0.070s] [35m[1mConsolidate compiler generated dependencies of target node_like_listener_component[0m
[0.073s] [35m[1mConsolidate compiler generated dependencies of target server_component[0m
[0.092s] [ 12%] Built target talker_component
[0.098s] [ 25%] Built target listener_component
[0.100s] [ 37%] Built target node_like_listener_component
[0.101s] [ 50%] Built target server_component
[0.109s] [35m[1mConsolidate compiler generated dependencies of target client_component[0m
[0.116s] [35m[1mConsolidate compiler generated dependencies of target dlopen_composition[0m
[0.134s] [ 62%] Built target client_component
[0.136s] [ 75%] Built target dlopen_composition
[0.146s] [35m[1mConsolidate compiler generated dependencies of target manual_composition[0m
[0.147s] [35m[1mConsolidate compiler generated dependencies of target linktime_composition[0m
[0.167s] [ 87%] Built target manual_composition
[0.168s] [100%] Built target linktime_composition
[0.179s] Invoked command in '/home/student18/ros2_ws/build/composition' returned '0': CMAKE_PREFIX_PATH=/opt/ros/humble /usr/bin/cmake --build /home/student18/ros2_ws/build/composition -- -j4 -l4
[0.181s] Invoking command in '/home/student18/ros2_ws/build/composition': CMAKE_PREFIX_PATH=/opt/ros/humble /usr/bin/cmake --install /home/student18/ros2_ws/build/composition
[0.189s] -- Install configuration: ""
[0.189s] -- Up-to-date: /home/student18/ros2_ws/install/composition/share/composition/environment/library_path.sh
[0.189s] -- Up-to-date: /home/student18/ros2_ws/install/composition/share/composition/environment/library_path.dsv
[0.190s] -- Up-to-date: /home/student18/ros2_ws/install/composition/lib/libtalker_component.so
[0.190s] -- Up-to-date: /home/student18/ros2_ws/install/composition/lib/liblistener_component.so
[0.191s] -- Up-to-date: /home/student18/ros2_ws/install/composition/lib/libnode_like_listener_component.so
[0.192s] -- Up-to-date: /home/student18/ros2_ws/install/composition/lib/libserver_component.so
[0.192s] -- Up-to-date: /home/student18/ros2_ws/install/composition/lib/libclient_component.so
[0.192s] -- Up-to-date: /home/student18/ros2_ws/install/composition/lib/composition/manual_composition
[0.193s] -- Up-to-date: /home/student18/ros2_ws/install/composition/lib/composition/linktime_composition
[0.193s] -- Up-to-date: /home/student18/ros2_ws/install/composition/lib/composition/dlopen_composition
[0.194s] -- Up-to-date: /home/student18/ros2_ws/install/composition/share/composition/launch
[0.194s] -- Up-to-date: /home/student18/ros2_ws/install/composition/share/composition/launch/composition_demo.launch.py
[0.194s] -- Up-to-date: /home/student18/ros2_ws/install/composition/share/ament_index/resource_index/package_run_dependencies/composition
[0.195s] -- Up-to-date: /home/student18/ros2_ws/install/composition/share/ament_index/resource_index/parent_prefix_path/composition
[0.195s] -- Up-to-date: /home/student18/ros2_ws/install/composition/share/composition/environment/ament_prefix_path.sh
[0.195s] -- Up-to-date: /home/student18/ros2_ws/install/composition/share/composition/environment/ament_prefix_path.dsv
[0.195s] -- Up-to-date: /home/student18/ros2_ws/install/composition/share/composition/environment/path.sh
[0.196s] -- Up-to-date: /home/student18/ros2_ws/install/composition/share/composition/environment/path.dsv
[0.196s] -- Up-to-date: /home/student18/ros2_ws/install/composition/share/composition/local_setup.bash
[0.196s] -- Up-to-date: /home/student18/ros2_ws/install/composition/share/composition/local_setup.sh
[0.197s] -- Up-to-date: /home/student18/ros2_ws/install/composition/share/composition/local_setup.zsh
[0.198s] -- Up-to-date: /home/student18/ros2_ws/install/composition/share/composition/local_setup.dsv
[0.198s] -- Installing: /home/student18/ros2_ws/install/composition/share/composition/package.dsv
[0.198s] -- Up-to-date: /home/student18/ros2_ws/install/composition/share/ament_index/resource_index/packages/composition
[0.199s] -- Up-to-date: /home/student18/ros2_ws/install/composition/share/ament_index/resource_index/rclcpp_components/composition
[0.199s] -- Up-to-date: /home/student18/ros2_ws/install/composition/share/composition/cmake/compositionConfig.cmake
[0.199s] -- Up-to-date: /home/student18/ros2_ws/install/composition/share/composition/cmake/compositionConfig-version.cmake
[0.199s] -- Up-to-date: /home/student18/ros2_ws/install/composition/share/composition/package.xml
[0.200s] Invoked command in '/home/student18/ros2_ws/build/composition' returned '0': CMAKE_PREFIX_PATH=/opt/ros/humble /usr/bin/cmake --install /home/student18/ros2_ws/build/composition
