[0.743s] Invoking command in '/home/student18/ros2_ws/src/demos/topic_monitor': PYTHONPATH=/home/student18/ros2_ws/build/topic_monitor/prefix_override:/usr/lib/python3/dist-packages/colcon_core/task/python/colcon_distutils_commands:/home/student18/ros2_ws/install/topic_monitor/lib/python3.10/site-packages:${PYTHONPATH} /usr/bin/python3 -W ignore:setup.py install is deprecated -W ignore:easy_install command is deprecated setup.py egg_info --egg-base ../../../build/topic_monitor build --build-base /home/student18/ros2_ws/build/topic_monitor/build install --record /home/student18/ros2_ws/build/topic_monitor/install.log --single-version-externally-managed install_data
[0.917s] /usr/local/lib/python3.10/dist-packages/setuptools/_distutils/dist.py:289: UserWarning: Unknown distribution option: 'tests_require'
[0.917s]   warnings.warn(msg)
[0.950s] /usr/local/lib/python3.10/dist-packages/setuptools/dist.py:759: SetuptoolsDeprecationWarning: License classifiers are deprecated.
[0.950s] !!
[0.950s] 
[0.951s]         ********************************************************************************
[0.951s]         Please consider removing the following classifiers in favor of a SPDX license expression:
[0.951s] 
[0.951s]         License :: OSI Approved :: Apache Software License
[0.951s] 
[0.951s]         See https://packaging.python.org/en/latest/guides/writing-pyproject-toml/#license for details.
[0.951s]         ********************************************************************************
[0.951s] 
[0.952s] !!
[0.952s]   self._finalize_license_expression()
[1.017s] running egg_info
[1.034s] creating ../../../build/topic_monitor/topic_monitor.egg-info
[1.035s] writing ../../../build/topic_monitor/topic_monitor.egg-info/PKG-INFO
[1.035s] writing dependency_links to ../../../build/topic_monitor/topic_monitor.egg-info/dependency_links.txt
[1.036s] writing entry points to ../../../build/topic_monitor/topic_monitor.egg-info/entry_points.txt
[1.036s] writing requirements to ../../../build/topic_monitor/topic_monitor.egg-info/requires.txt
[1.036s] writing top-level names to ../../../build/topic_monitor/topic_monitor.egg-info/top_level.txt
[1.043s] /usr/lib/python3/dist-packages/pbr/git.py:28: UserWarning: pkg_resources is deprecated as an API. See https://setuptools.pypa.io/en/latest/pkg_resources.html. The pkg_resources package is slated for removal as early as 2025-11-30. Refrain from using this package or pin to Setuptools<81.
[1.043s]   import pkg_resources
[1.142s] writing manifest file '../../../build/topic_monitor/topic_monitor.egg-info/SOURCES.txt'
[1.207s] reading manifest file '../../../build/topic_monitor/topic_monitor.egg-info/SOURCES.txt'
[1.209s] writing manifest file '../../../build/topic_monitor/topic_monitor.egg-info/SOURCES.txt'
[1.209s] running build
[1.209s] running build_py
[1.210s] creating /home/student18/ros2_ws/build/topic_monitor/build/lib/topic_monitor
[1.210s] copying topic_monitor/__init__.py -> /home/student18/ros2_ws/build/topic_monitor/build/lib/topic_monitor
[1.210s] creating /home/student18/ros2_ws/build/topic_monitor/build/lib/topic_monitor/scripts
[1.210s] copying topic_monitor/scripts/__init__.py -> /home/student18/ros2_ws/build/topic_monitor/build/lib/topic_monitor/scripts
[1.210s] copying topic_monitor/scripts/topic_monitor.py -> /home/student18/ros2_ws/build/topic_monitor/build/lib/topic_monitor/scripts
[1.210s] copying topic_monitor/scripts/data_publisher.py -> /home/student18/ros2_ws/build/topic_monitor/build/lib/topic_monitor/scripts
[1.211s] running install
[1.217s] running install_lib
[1.234s] creating /home/student18/ros2_ws/install/topic_monitor/lib/python3.10/site-packages/topic_monitor
[1.234s] copying /home/student18/ros2_ws/build/topic_monitor/build/lib/topic_monitor/__init__.py -> /home/student18/ros2_ws/install/topic_monitor/lib/python3.10/site-packages/topic_monitor
[1.235s] creating /home/student18/ros2_ws/install/topic_monitor/lib/python3.10/site-packages/topic_monitor/scripts
[1.235s] copying /home/student18/ros2_ws/build/topic_monitor/build/lib/topic_monitor/scripts/__init__.py -> /home/student18/ros2_ws/install/topic_monitor/lib/python3.10/site-packages/topic_monitor/scripts
[1.235s] copying /home/student18/ros2_ws/build/topic_monitor/build/lib/topic_monitor/scripts/topic_monitor.py -> /home/student18/ros2_ws/install/topic_monitor/lib/python3.10/site-packages/topic_monitor/scripts
[1.235s] copying /home/student18/ros2_ws/build/topic_monitor/build/lib/topic_monitor/scripts/data_publisher.py -> /home/student18/ros2_ws/install/topic_monitor/lib/python3.10/site-packages/topic_monitor/scripts
[1.236s] byte-compiling /home/student18/ros2_ws/install/topic_monitor/lib/python3.10/site-packages/topic_monitor/__init__.py to __init__.cpython-310.pyc
[1.236s] byte-compiling /home/student18/ros2_ws/install/topic_monitor/lib/python3.10/site-packages/topic_monitor/scripts/__init__.py to __init__.cpython-310.pyc
[1.237s] byte-compiling /home/student18/ros2_ws/install/topic_monitor/lib/python3.10/site-packages/topic_monitor/scripts/topic_monitor.py to topic_monitor.cpython-310.pyc
[1.239s] byte-compiling /home/student18/ros2_ws/install/topic_monitor/lib/python3.10/site-packages/topic_monitor/scripts/data_publisher.py to data_publisher.cpython-310.pyc
[1.240s] running install_data
[1.241s] creating /home/student18/ros2_ws/install/topic_monitor/share/ament_index/resource_index/packages
[1.241s] copying resource/topic_monitor -> /home/student18/ros2_ws/install/topic_monitor/share/ament_index/resource_index/packages
[1.241s] copying package.xml -> /home/student18/ros2_ws/install/topic_monitor/share/topic_monitor
[1.242s] creating /home/student18/ros2_ws/install/topic_monitor/share/topic_monitor/launch
[1.242s] copying launch/fragmentation_demo.launch.py -> /home/student18/ros2_ws/install/topic_monitor/share/topic_monitor/launch
[1.242s] copying launch/reliability_demo.launch.py -> /home/student18/ros2_ws/install/topic_monitor/share/topic_monitor/launch
[1.242s] copying launch/depth_demo.launch.py -> /home/student18/ros2_ws/install/topic_monitor/share/topic_monitor/launch
[1.243s] running install_egg_info
[1.261s] Copying ../../../build/topic_monitor/topic_monitor.egg-info to /home/student18/ros2_ws/install/topic_monitor/lib/python3.10/site-packages/topic_monitor-0.20.5-py3.10.egg-info
[1.263s] running install_scripts
[1.300s] Installing data_publisher script to /home/student18/ros2_ws/install/topic_monitor/lib/topic_monitor
[1.300s] Installing topic_monitor script to /home/student18/ros2_ws/install/topic_monitor/lib/topic_monitor
[1.301s] writing list of installed files to '/home/student18/ros2_ws/build/topic_monitor/install.log'
[1.330s] Invoked command in '/home/student18/ros2_ws/src/demos/topic_monitor' returned '0': PYTHONPATH=/home/student18/ros2_ws/build/topic_monitor/prefix_override:/usr/lib/python3/dist-packages/colcon_core/task/python/colcon_distutils_commands:/home/student18/ros2_ws/install/topic_monitor/lib/python3.10/site-packages:${PYTHONPATH} /usr/bin/python3 -W ignore:setup.py install is deprecated -W ignore:easy_install command is deprecated setup.py egg_info --egg-base ../../../build/topic_monitor build --build-base /home/student18/ros2_ws/build/topic_monitor/build install --record /home/student18/ros2_ws/build/topic_monitor/install.log --single-version-externally-managed install_data
