[35m[1mConsolidate compiler generated dependencies of target dummy_laser[0m
[35m[1mConsolidate compiler generated dependencies of target dummy_joint_states[0m
[ 50%] Built target dummy_joint_states
[100%] Built target dummy_laser
-- Install configuration: ""
-- Up-to-date: /home/student18/ros2_ws/install/dummy_sensors/lib/dummy_sensors/dummy_joint_states
-- Up-to-date: /home/student18/ros2_ws/install/dummy_sensors/lib/dummy_sensors/dummy_laser
-- Up-to-date: /home/student18/ros2_ws/install/dummy_sensors/share/ament_index/resource_index/package_run_dependencies/dummy_sensors
-- Up-to-date: /home/student18/ros2_ws/install/dummy_sensors/share/ament_index/resource_index/parent_prefix_path/dummy_sensors
-- Up-to-date: /home/student18/ros2_ws/install/dummy_sensors/share/dummy_sensors/environment/ament_prefix_path.sh
-- Up-to-date: /home/student18/ros2_ws/install/dummy_sensors/share/dummy_sensors/environment/ament_prefix_path.dsv
-- Up-to-date: /home/student18/ros2_ws/install/dummy_sensors/share/dummy_sensors/environment/path.sh
-- Up-to-date: /home/student18/ros2_ws/install/dummy_sensors/share/dummy_sensors/environment/path.dsv
-- Up-to-date: /home/student18/ros2_ws/install/dummy_sensors/share/dummy_sensors/local_setup.bash
-- Up-to-date: /home/student18/ros2_ws/install/dummy_sensors/share/dummy_sensors/local_setup.sh
-- Up-to-date: /home/student18/ros2_ws/install/dummy_sensors/share/dummy_sensors/local_setup.zsh
-- Up-to-date: /home/student18/ros2_ws/install/dummy_sensors/share/dummy_sensors/local_setup.dsv
-- Installing: /home/student18/ros2_ws/install/dummy_sensors/share/dummy_sensors/package.dsv
-- Up-to-date: /home/student18/ros2_ws/install/dummy_sensors/share/ament_index/resource_index/packages/dummy_sensors
-- Up-to-date: /home/student18/ros2_ws/install/dummy_sensors/share/dummy_sensors/cmake/dummy_sensorsConfig.cmake
-- Up-to-date: /home/student18/ros2_ws/install/dummy_sensors/share/dummy_sensors/cmake/dummy_sensorsConfig-version.cmake
-- Up-to-date: /home/student18/ros2_ws/install/dummy_sensors/share/dummy_sensors/package.xml
