[0.010s] Invoking command in '/home/student18/ros2_ws/build/dummy_sensors': CMAKE_PREFIX_PATH=/opt/ros/humble /usr/bin/cmake --build /home/student18/ros2_ws/build/dummy_sensors -- -j4 -l4
[0.068s] [35m[1mConsolidate compiler generated dependencies of target dummy_laser[0m
[0.068s] [35m[1mConsolidate compiler generated dependencies of target dummy_joint_states[0m
[0.089s] [ 50%] Built target dummy_joint_states
[0.096s] [100%] Built target dummy_laser
[0.107s] Invoked command in '/home/student18/ros2_ws/build/dummy_sensors' returned '0': CMAKE_PREFIX_PATH=/opt/ros/humble /usr/bin/cmake --build /home/student18/ros2_ws/build/dummy_sensors -- -j4 -l4
[0.109s] Invoking command in '/home/student18/ros2_ws/build/dummy_sensors': CMAKE_PREFIX_PATH=/opt/ros/humble /usr/bin/cmake --install /home/student18/ros2_ws/build/dummy_sensors
[0.117s] -- Install configuration: ""
[0.117s] -- Up-to-date: /home/student18/ros2_ws/install/dummy_sensors/lib/dummy_sensors/dummy_joint_states
[0.117s] -- Up-to-date: /home/student18/ros2_ws/install/dummy_sensors/lib/dummy_sensors/dummy_laser
[0.118s] -- Up-to-date: /home/student18/ros2_ws/install/dummy_sensors/share/ament_index/resource_index/package_run_dependencies/dummy_sensors
[0.118s] -- Up-to-date: /home/student18/ros2_ws/install/dummy_sensors/share/ament_index/resource_index/parent_prefix_path/dummy_sensors
[0.118s] -- Up-to-date: /home/student18/ros2_ws/install/dummy_sensors/share/dummy_sensors/environment/ament_prefix_path.sh
[0.119s] -- Up-to-date: /home/student18/ros2_ws/install/dummy_sensors/share/dummy_sensors/environment/ament_prefix_path.dsv
[0.119s] -- Up-to-date: /home/student18/ros2_ws/install/dummy_sensors/share/dummy_sensors/environment/path.sh
[0.119s] -- Up-to-date: /home/student18/ros2_ws/install/dummy_sensors/share/dummy_sensors/environment/path.dsv
[0.120s] -- Up-to-date: /home/student18/ros2_ws/install/dummy_sensors/share/dummy_sensors/local_setup.bash
[0.120s] -- Up-to-date: /home/student18/ros2_ws/install/dummy_sensors/share/dummy_sensors/local_setup.sh
[0.120s] -- Up-to-date: /home/student18/ros2_ws/install/dummy_sensors/share/dummy_sensors/local_setup.zsh
[0.120s] -- Up-to-date: /home/student18/ros2_ws/install/dummy_sensors/share/dummy_sensors/local_setup.dsv
[0.120s] -- Installing: /home/student18/ros2_ws/install/dummy_sensors/share/dummy_sensors/package.dsv
[0.121s] -- Up-to-date: /home/student18/ros2_ws/install/dummy_sensors/share/ament_index/resource_index/packages/dummy_sensors
[0.121s] -- Up-to-date: /home/student18/ros2_ws/install/dummy_sensors/share/dummy_sensors/cmake/dummy_sensorsConfig.cmake
[0.121s] -- Up-to-date: /home/student18/ros2_ws/install/dummy_sensors/share/dummy_sensors/cmake/dummy_sensorsConfig-version.cmake
[0.121s] -- Up-to-date: /home/student18/ros2_ws/install/dummy_sensors/share/dummy_sensors/package.xml
[0.122s] Invoked command in '/home/student18/ros2_ws/build/dummy_sensors' returned '0': CMAKE_PREFIX_PATH=/opt/ros/humble /usr/bin/cmake --install /home/student18/ros2_ws/build/dummy_sensors
