-- The C compiler identification is GNU 11.4.0
-- The CXX compiler identification is GNU 11.4.0
-- Detecting C compiler ABI info
-- Detecting C compiler ABI info - done
-- Check for working C compiler: /usr/bin/cc - skipped
-- Detecting C compile features
-- Detecting C compile features - done
-- Detecting CXX compiler ABI info
-- Detecting CXX compiler ABI info - done
-- Check for working CXX compiler: /usr/bin/c++ - skipped
-- Detecting CXX compile features
-- Detecting CXX compile features - done
-- Found ament_cmake: 1.3.11 (/opt/ros/humble/share/ament_cmake/cmake)
-- Found Python3: /usr/bin/python3 (found version "3.10.12") found components: Interpreter 
-- Found builtin_interfaces: 1.2.1 (/opt/ros/humble/share/builtin_interfaces/cmake)
-- Found rosidl_generator_c: 3.1.6 (/opt/ros/humble/share/rosidl_generator_c/cmake)
-- Found rosidl_adapter: 3.1.6 (/opt/ros/humble/share/rosidl_adapter/cmake)
-- Found rosidl_generator_cpp: 3.1.6 (/opt/ros/humble/share/rosidl_generator_cpp/cmake)
-- Using all available rosidl_typesupport_c: rosidl_typesupport_fastrtps_c;rosidl_typesupport_introspection_c
-- Using all available rosidl_typesupport_cpp: rosidl_typesupport_fastrtps_cpp;rosidl_typesupport_introspection_cpp
-- Found rosidl_default_generators: 1.2.0 (/opt/ros/humble/share/rosidl_default_generators/cmake)
-- Found ament_cmake_ros: 0.10.0 (/opt/ros/humble/share/ament_cmake_ros/cmake)
-- Using all available rosidl_typesupport_c: rosidl_typesupport_fastrtps_c;rosidl_typesupport_introspection_c
-- Using all available rosidl_typesupport_cpp: rosidl_typesupport_fastrtps_cpp;rosidl_typesupport_introspection_cpp
-- Found PythonInterp: /usr/bin/python3 (found suitable version "3.10.12", minimum required is "3.6") 
-- Found python_cmake_module: 0.10.0 (/opt/ros/humble/share/python_cmake_module/cmake)
-- Found PythonLibs: /usr/lib/x86_64-linux-gnu/libpython3.10.so (found suitable version "3.10.12", minimum required is "3.5") 
-- Using PYTHON_EXECUTABLE: /usr/bin/python3
-- Using PYTHON_INCLUDE_DIRS: /usr/include/python3.10
-- Using PYTHON_LIBRARIES: /usr/lib/x86_64-linux-gnu/libpython3.10.so
-- Found PythonExtra: .so  
-- Configuring done
-- Generating done
-- Build files have been written to: /home/student18/ros2_ws/build/pendulum_msgs
[  2%] [34m[1mGenerating C code for ROS interfaces[0m
[  4%] [34m[1mGenerating C++ code for ROS interfaces[0m
[  4%] Built target ament_cmake_python_copy_pendulum_msgs
running egg_info
creating pendulum_msgs.egg-info
writing pendulum_msgs.egg-info/PKG-INFO
writing dependency_links to pendulum_msgs.egg-info/dependency_links.txt
writing top-level names to pendulum_msgs.egg-info/top_level.txt
/usr/lib/python3/dist-packages/pbr/git.py:28: UserWarning: pkg_resources is deprecated as an API. See https://setuptools.pypa.io/en/latest/pkg_resources.html. The pkg_resources package is slated for removal as early as 2025-11-30. Refrain from using this package or pin to Setuptools<81.
  import pkg_resources
writing manifest file 'pendulum_msgs.egg-info/SOURCES.txt'
[  6%] [32mBuilding C object CMakeFiles/pendulum_msgs__rosidl_generator_c.dir/rosidl_generator_c/pendulum_msgs/msg/detail/joint_state__functions.c.o[0m
[  8%] [32mBuilding C object CMakeFiles/pendulum_msgs__rosidl_generator_c.dir/rosidl_generator_c/pendulum_msgs/msg/detail/joint_command__functions.c.o[0m
[  8%] Built target pendulum_msgs__cpp
[ 10%] [34m[1mGenerating C++ type support dispatch for ROS interfaces[0m
reading manifest file 'pendulum_msgs.egg-info/SOURCES.txt'
writing manifest file 'pendulum_msgs.egg-info/SOURCES.txt'
[ 12%] [32mBuilding C object CMakeFiles/pendulum_msgs__rosidl_generator_c.dir/rosidl_generator_c/pendulum_msgs/msg/detail/rttest_results__functions.c.o[0m
[ 12%] Built target ament_cmake_python_build_pendulum_msgs_egg
[ 14%] [34m[1mGenerating C++ type support for eProsima Fast-RTPS[0m
[ 17%] [34m[1mGenerating C++ introspection for ROS interfaces[0m
[ 19%] [32m[1mLinking C shared library libpendulum_msgs__rosidl_generator_c.so[0m
[ 19%] Built target pendulum_msgs__rosidl_generator_c
[ 21%] [34m[1mGenerating C type support for eProsima Fast-RTPS[0m
[ 23%] [32mBuilding CXX object CMakeFiles/pendulum_msgs__rosidl_typesupport_cpp.dir/rosidl_typesupport_cpp/pendulum_msgs/msg/joint_state__type_support.cpp.o[0m
[ 25%] [32mBuilding CXX object CMakeFiles/pendulum_msgs__rosidl_typesupport_fastrtps_cpp.dir/rosidl_typesupport_fastrtps_cpp/pendulum_msgs/msg/detail/dds_fastrtps/joint_state__type_support.cpp.o[0m
[ 27%] [32mBuilding CXX object CMakeFiles/pendulum_msgs__rosidl_typesupport_introspection_cpp.dir/rosidl_typesupport_introspection_cpp/pendulum_msgs/msg/detail/joint_state__type_support.cpp.o[0m
[ 29%] [32mBuilding CXX object CMakeFiles/pendulum_msgs__rosidl_typesupport_fastrtps_c.dir/rosidl_typesupport_fastrtps_c/pendulum_msgs/msg/detail/joint_state__type_support_c.cpp.o[0m
[ 31%] [32mBuilding CXX object CMakeFiles/pendulum_msgs__rosidl_typesupport_cpp.dir/rosidl_typesupport_cpp/pendulum_msgs/msg/joint_command__type_support.cpp.o[0m
[ 34%] [32mBuilding CXX object CMakeFiles/pendulum_msgs__rosidl_typesupport_fastrtps_cpp.dir/rosidl_typesupport_fastrtps_cpp/pendulum_msgs/msg/detail/dds_fastrtps/joint_command__type_support.cpp.o[0m
[ 36%] [32mBuilding CXX object CMakeFiles/pendulum_msgs__rosidl_typesupport_fastrtps_c.dir/rosidl_typesupport_fastrtps_c/pendulum_msgs/msg/detail/joint_command__type_support_c.cpp.o[0m
[ 38%] [32mBuilding CXX object CMakeFiles/pendulum_msgs__rosidl_typesupport_introspection_cpp.dir/rosidl_typesupport_introspection_cpp/pendulum_msgs/msg/detail/joint_command__type_support.cpp.o[0m
[ 40%] [32mBuilding CXX object CMakeFiles/pendulum_msgs__rosidl_typesupport_cpp.dir/rosidl_typesupport_cpp/pendulum_msgs/msg/rttest_results__type_support.cpp.o[0m
[ 42%] [32mBuilding CXX object CMakeFiles/pendulum_msgs__rosidl_typesupport_fastrtps_c.dir/rosidl_typesupport_fastrtps_c/pendulum_msgs/msg/detail/rttest_results__type_support_c.cpp.o[0m
[ 44%] [32m[1mLinking CXX shared library libpendulum_msgs__rosidl_typesupport_cpp.so[0m
[ 44%] Built target pendulum_msgs__rosidl_typesupport_cpp
[ 46%] [34m[1mGenerating C introspection for ROS interfaces[0m
[ 48%] [32mBuilding CXX object CMakeFiles/pendulum_msgs__rosidl_typesupport_fastrtps_cpp.dir/rosidl_typesupport_fastrtps_cpp/pendulum_msgs/msg/detail/dds_fastrtps/rttest_results__type_support.cpp.o[0m
[ 51%] [32mBuilding CXX object CMakeFiles/pendulum_msgs__rosidl_typesupport_introspection_cpp.dir/rosidl_typesupport_introspection_cpp/pendulum_msgs/msg/detail/rttest_results__type_support.cpp.o[0m
[ 53%] [32m[1mLinking CXX shared library libpendulum_msgs__rosidl_typesupport_fastrtps_c.so[0m
[ 55%] [32mBuilding C object CMakeFiles/pendulum_msgs__rosidl_typesupport_introspection_c.dir/rosidl_typesupport_introspection_c/pendulum_msgs/msg/detail/joint_state__type_support.c.o[0m
[ 57%] [32mBuilding C object CMakeFiles/pendulum_msgs__rosidl_typesupport_introspection_c.dir/rosidl_typesupport_introspection_c/pendulum_msgs/msg/detail/joint_command__type_support.c.o[0m
[ 57%] Built target pendulum_msgs__rosidl_typesupport_fastrtps_c
[ 59%] [32mBuilding C object CMakeFiles/pendulum_msgs__rosidl_typesupport_introspection_c.dir/rosidl_typesupport_introspection_c/pendulum_msgs/msg/detail/rttest_results__type_support.c.o[0m
[ 61%] [32m[1mLinking CXX shared library libpendulum_msgs__rosidl_typesupport_fastrtps_cpp.so[0m
[ 63%] [32m[1mLinking C shared library libpendulum_msgs__rosidl_typesupport_introspection_c.so[0m
[ 63%] Built target pendulum_msgs__rosidl_typesupport_introspection_c
[ 63%] Built target pendulum_msgs__rosidl_typesupport_fastrtps_cpp
[ 65%] [32m[1mLinking CXX shared library libpendulum_msgs__rosidl_typesupport_introspection_cpp.so[0m
[ 65%] Built target pendulum_msgs__rosidl_typesupport_introspection_cpp
[ 68%] [34m[1mGenerating C type support dispatch for ROS interfaces[0m
[ 70%] [32mBuilding CXX object CMakeFiles/pendulum_msgs__rosidl_typesupport_c.dir/rosidl_typesupport_c/pendulum_msgs/msg/joint_state__type_support.cpp.o[0m
[ 72%] [32mBuilding CXX object CMakeFiles/pendulum_msgs__rosidl_typesupport_c.dir/rosidl_typesupport_c/pendulum_msgs/msg/rttest_results__type_support.cpp.o[0m
[ 74%] [32mBuilding CXX object CMakeFiles/pendulum_msgs__rosidl_typesupport_c.dir/rosidl_typesupport_c/pendulum_msgs/msg/joint_command__type_support.cpp.o[0m
[ 76%] [32m[1mLinking CXX shared library libpendulum_msgs__rosidl_typesupport_c.so[0m
[ 76%] Built target pendulum_msgs__rosidl_typesupport_c
[ 76%] Built target pendulum_msgs
[ 78%] [34m[1mGenerating Python code for ROS interfaces[0m
[ 78%] Built target pendulum_msgs__py
[ 80%] [32mBuilding C object CMakeFiles/pendulum_msgs__rosidl_generator_py.dir/rosidl_generator_py/pendulum_msgs/msg/_joint_state_s.c.o[0m
[ 82%] [32mBuilding C object CMakeFiles/pendulum_msgs__rosidl_generator_py.dir/rosidl_generator_py/pendulum_msgs/msg/_rttest_results_s.c.o[0m
[ 85%] [32mBuilding C object CMakeFiles/pendulum_msgs__rosidl_generator_py.dir/rosidl_generator_py/pendulum_msgs/msg/_joint_command_s.c.o[0m
[ 87%] [32m[1mLinking C shared library rosidl_generator_py/pendulum_msgs/libpendulum_msgs__rosidl_generator_py.so[0m
[ 87%] Built target pendulum_msgs__rosidl_generator_py
[ 89%] [32mBuilding C object CMakeFiles/pendulum_msgs__rosidl_typesupport_fastrtps_c__pyext.dir/rosidl_generator_py/pendulum_msgs/_pendulum_msgs_s.ep.rosidl_typesupport_fastrtps_c.c.o[0m
[ 91%] [32m[1mLinking C shared library rosidl_generator_py/pendulum_msgs/pendulum_msgs_s__rosidl_typesupport_fastrtps_c.cpython-310-x86_64-linux-gnu.so[0m
[ 91%] Built target pendulum_msgs__rosidl_typesupport_fastrtps_c__pyext
[ 93%] [32mBuilding C object CMakeFiles/pendulum_msgs__rosidl_typesupport_c__pyext.dir/rosidl_generator_py/pendulum_msgs/_pendulum_msgs_s.ep.rosidl_typesupport_c.c.o[0m
[ 95%] [32m[1mLinking C shared library rosidl_generator_py/pendulum_msgs/pendulum_msgs_s__rosidl_typesupport_c.cpython-310-x86_64-linux-gnu.so[0m
[ 95%] Built target pendulum_msgs__rosidl_typesupport_c__pyext
[ 97%] [32mBuilding C object CMakeFiles/pendulum_msgs__rosidl_typesupport_introspection_c__pyext.dir/rosidl_generator_py/pendulum_msgs/_pendulum_msgs_s.ep.rosidl_typesupport_introspection_c.c.o[0m
[100%] [32m[1mLinking C shared library rosidl_generator_py/pendulum_msgs/pendulum_msgs_s__rosidl_typesupport_introspection_c.cpython-310-x86_64-linux-gnu.so[0m
[100%] Built target pendulum_msgs__rosidl_typesupport_introspection_c__pyext
-- Install configuration: ""
-- Installing: /home/student18/ros2_ws/install/pendulum_msgs/share/ament_index/resource_index/rosidl_interfaces/pendulum_msgs
-- Installing: /home/student18/ros2_ws/install/pendulum_msgs/include/pendulum_msgs/pendulum_msgs
-- Installing: /home/student18/ros2_ws/install/pendulum_msgs/include/pendulum_msgs/pendulum_msgs/msg
-- Installing: /home/student18/ros2_ws/install/pendulum_msgs/include/pendulum_msgs/pendulum_msgs/msg/joint_state.h
-- Installing: /home/student18/ros2_ws/install/pendulum_msgs/include/pendulum_msgs/pendulum_msgs/msg/rosidl_generator_c__visibility_control.h
-- Installing: /home/student18/ros2_ws/install/pendulum_msgs/include/pendulum_msgs/pendulum_msgs/msg/joint_command.h
-- Installing: /home/student18/ros2_ws/install/pendulum_msgs/include/pendulum_msgs/pendulum_msgs/msg/rttest_results.h
-- Installing: /home/student18/ros2_ws/install/pendulum_msgs/include/pendulum_msgs/pendulum_msgs/msg/detail
-- Installing: /home/student18/ros2_ws/install/pendulum_msgs/include/pendulum_msgs/pendulum_msgs/msg/detail/rttest_results__struct.h
-- Installing: /home/student18/ros2_ws/install/pendulum_msgs/include/pendulum_msgs/pendulum_msgs/msg/detail/joint_command__functions.h
-- Installing: /home/student18/ros2_ws/install/pendulum_msgs/include/pendulum_msgs/pendulum_msgs/msg/detail/rttest_results__type_support.h
-- Installing: /home/student18/ros2_ws/install/pendulum_msgs/include/pendulum_msgs/pendulum_msgs/msg/detail/joint_state__struct.h
-- Installing: /home/student18/ros2_ws/install/pendulum_msgs/include/pendulum_msgs/pendulum_msgs/msg/detail/rttest_results__functions.c
-- Installing: /home/student18/ros2_ws/install/pendulum_msgs/include/pendulum_msgs/pendulum_msgs/msg/detail/joint_command__functions.c
-- Installing: /home/student18/ros2_ws/install/pendulum_msgs/include/pendulum_msgs/pendulum_msgs/msg/detail/joint_command__type_support.h
-- Installing: /home/student18/ros2_ws/install/pendulum_msgs/include/pendulum_msgs/pendulum_msgs/msg/detail/joint_command__struct.h
-- Installing: /home/student18/ros2_ws/install/pendulum_msgs/include/pendulum_msgs/pendulum_msgs/msg/detail/joint_state__functions.c
-- Installing: /home/student18/ros2_ws/install/pendulum_msgs/include/pendulum_msgs/pendulum_msgs/msg/detail/joint_state__functions.h
-- Installing: /home/student18/ros2_ws/install/pendulum_msgs/include/pendulum_msgs/pendulum_msgs/msg/detail/rttest_results__functions.h
-- Installing: /home/student18/ros2_ws/install/pendulum_msgs/include/pendulum_msgs/pendulum_msgs/msg/detail/joint_state__type_support.h
-- Installing: /home/student18/ros2_ws/install/pendulum_msgs/share/pendulum_msgs/environment/library_path.sh
-- Installing: /home/student18/ros2_ws/install/pendulum_msgs/share/pendulum_msgs/environment/library_path.dsv
-- Installing: /home/student18/ros2_ws/install/pendulum_msgs/lib/libpendulum_msgs__rosidl_generator_c.so
-- Set runtime path of "/home/student18/ros2_ws/install/pendulum_msgs/lib/libpendulum_msgs__rosidl_generator_c.so" to ""
-- Up-to-date: /home/student18/ros2_ws/install/pendulum_msgs/include/pendulum_msgs/pendulum_msgs
-- Up-to-date: /home/student18/ros2_ws/install/pendulum_msgs/include/pendulum_msgs/pendulum_msgs/msg
-- Installing: /home/student18/ros2_ws/install/pendulum_msgs/include/pendulum_msgs/pendulum_msgs/msg/rosidl_typesupport_fastrtps_c__visibility_control.h
-- Up-to-date: /home/student18/ros2_ws/install/pendulum_msgs/include/pendulum_msgs/pendulum_msgs/msg/detail
-- Installing: /home/student18/ros2_ws/install/pendulum_msgs/include/pendulum_msgs/pendulum_msgs/msg/detail/rttest_results__rosidl_typesupport_fastrtps_c.h
-- Installing: /home/student18/ros2_ws/install/pendulum_msgs/include/pendulum_msgs/pendulum_msgs/msg/detail/joint_state__rosidl_typesupport_fastrtps_c.h
-- Installing: /home/student18/ros2_ws/install/pendulum_msgs/include/pendulum_msgs/pendulum_msgs/msg/detail/joint_command__rosidl_typesupport_fastrtps_c.h
-- Installing: /home/student18/ros2_ws/install/pendulum_msgs/lib/libpendulum_msgs__rosidl_typesupport_fastrtps_c.so
-- Set runtime path of "/home/student18/ros2_ws/install/pendulum_msgs/lib/libpendulum_msgs__rosidl_typesupport_fastrtps_c.so" to ""
-- Up-to-date: /home/student18/ros2_ws/install/pendulum_msgs/include/pendulum_msgs/pendulum_msgs
-- Up-to-date: /home/student18/ros2_ws/install/pendulum_msgs/include/pendulum_msgs/pendulum_msgs/msg
-- Installing: /home/student18/ros2_ws/install/pendulum_msgs/include/pendulum_msgs/pendulum_msgs/msg/rosidl_generator_cpp__visibility_control.hpp
-- Up-to-date: /home/student18/ros2_ws/install/pendulum_msgs/include/pendulum_msgs/pendulum_msgs/msg/detail
-- Installing: /home/student18/ros2_ws/install/pendulum_msgs/include/pendulum_msgs/pendulum_msgs/msg/detail/rttest_results__type_support.hpp
-- Installing: /home/student18/ros2_ws/install/pendulum_msgs/include/pendulum_msgs/pendulum_msgs/msg/detail/joint_command__struct.hpp
-- Installing: /home/student18/ros2_ws/install/pendulum_msgs/include/pendulum_msgs/pendulum_msgs/msg/detail/joint_state__builder.hpp
-- Installing: /home/student18/ros2_ws/install/pendulum_msgs/include/pendulum_msgs/pendulum_msgs/msg/detail/rttest_results__builder.hpp
-- Installing: /home/student18/ros2_ws/install/pendulum_msgs/include/pendulum_msgs/pendulum_msgs/msg/detail/joint_command__type_support.hpp
-- Installing: /home/student18/ros2_ws/install/pendulum_msgs/include/pendulum_msgs/pendulum_msgs/msg/detail/joint_command__builder.hpp
-- Installing: /home/student18/ros2_ws/install/pendulum_msgs/include/pendulum_msgs/pendulum_msgs/msg/detail/rttest_results__traits.hpp
-- Installing: /home/student18/ros2_ws/install/pendulum_msgs/include/pendulum_msgs/pendulum_msgs/msg/detail/joint_state__traits.hpp
-- Installing: /home/student18/ros2_ws/install/pendulum_msgs/include/pendulum_msgs/pendulum_msgs/msg/detail/joint_command__traits.hpp
-- Installing: /home/student18/ros2_ws/install/pendulum_msgs/include/pendulum_msgs/pendulum_msgs/msg/detail/joint_state__struct.hpp
-- Installing: /home/student18/ros2_ws/install/pendulum_msgs/include/pendulum_msgs/pendulum_msgs/msg/detail/rttest_results__struct.hpp
-- Installing: /home/student18/ros2_ws/install/pendulum_msgs/include/pendulum_msgs/pendulum_msgs/msg/detail/joint_state__type_support.hpp
-- Installing: /home/student18/ros2_ws/install/pendulum_msgs/include/pendulum_msgs/pendulum_msgs/msg/joint_state.hpp
-- Installing: /home/student18/ros2_ws/install/pendulum_msgs/include/pendulum_msgs/pendulum_msgs/msg/rttest_results.hpp
-- Installing: /home/student18/ros2_ws/install/pendulum_msgs/include/pendulum_msgs/pendulum_msgs/msg/joint_command.hpp
-- Up-to-date: /home/student18/ros2_ws/install/pendulum_msgs/include/pendulum_msgs/pendulum_msgs
-- Up-to-date: /home/student18/ros2_ws/install/pendulum_msgs/include/pendulum_msgs/pendulum_msgs/msg
-- Installing: /home/student18/ros2_ws/install/pendulum_msgs/include/pendulum_msgs/pendulum_msgs/msg/rosidl_typesupport_fastrtps_cpp__visibility_control.h
-- Up-to-date: /home/student18/ros2_ws/install/pendulum_msgs/include/pendulum_msgs/pendulum_msgs/msg/detail
-- Installing: /home/student18/ros2_ws/install/pendulum_msgs/include/pendulum_msgs/pendulum_msgs/msg/detail/joint_state__rosidl_typesupport_fastrtps_cpp.hpp
-- Installing: /home/student18/ros2_ws/install/pendulum_msgs/include/pendulum_msgs/pendulum_msgs/msg/detail/dds_fastrtps
-- Installing: /home/student18/ros2_ws/install/pendulum_msgs/include/pendulum_msgs/pendulum_msgs/msg/detail/joint_command__rosidl_typesupport_fastrtps_cpp.hpp
-- Installing: /home/student18/ros2_ws/install/pendulum_msgs/include/pendulum_msgs/pendulum_msgs/msg/detail/rttest_results__rosidl_typesupport_fastrtps_cpp.hpp
-- Installing: /home/student18/ros2_ws/install/pendulum_msgs/lib/libpendulum_msgs__rosidl_typesupport_fastrtps_cpp.so
-- Set runtime path of "/home/student18/ros2_ws/install/pendulum_msgs/lib/libpendulum_msgs__rosidl_typesupport_fastrtps_cpp.so" to ""
-- Up-to-date: /home/student18/ros2_ws/install/pendulum_msgs/include/pendulum_msgs/pendulum_msgs
-- Up-to-date: /home/student18/ros2_ws/install/pendulum_msgs/include/pendulum_msgs/pendulum_msgs/msg
-- Installing: /home/student18/ros2_ws/install/pendulum_msgs/include/pendulum_msgs/pendulum_msgs/msg/rosidl_typesupport_introspection_c__visibility_control.h
-- Up-to-date: /home/student18/ros2_ws/install/pendulum_msgs/include/pendulum_msgs/pendulum_msgs/msg/detail
-- Installing: /home/student18/ros2_ws/install/pendulum_msgs/include/pendulum_msgs/pendulum_msgs/msg/detail/rttest_results__type_support.c
-- Installing: /home/student18/ros2_ws/install/pendulum_msgs/include/pendulum_msgs/pendulum_msgs/msg/detail/joint_command__rosidl_typesupport_introspection_c.h
-- Installing: /home/student18/ros2_ws/install/pendulum_msgs/include/pendulum_msgs/pendulum_msgs/msg/detail/joint_command__type_support.c
-- Installing: /home/student18/ros2_ws/install/pendulum_msgs/include/pendulum_msgs/pendulum_msgs/msg/detail/joint_state__rosidl_typesupport_introspection_c.h
-- Installing: /home/student18/ros2_ws/install/pendulum_msgs/include/pendulum_msgs/pendulum_msgs/msg/detail/rttest_results__rosidl_typesupport_introspection_c.h
-- Installing: /home/student18/ros2_ws/install/pendulum_msgs/include/pendulum_msgs/pendulum_msgs/msg/detail/joint_state__type_support.c
-- Installing: /home/student18/ros2_ws/install/pendulum_msgs/lib/libpendulum_msgs__rosidl_typesupport_introspection_c.so
-- Set runtime path of "/home/student18/ros2_ws/install/pendulum_msgs/lib/libpendulum_msgs__rosidl_typesupport_introspection_c.so" to ""
-- Installing: /home/student18/ros2_ws/install/pendulum_msgs/lib/libpendulum_msgs__rosidl_typesupport_c.so
-- Set runtime path of "/home/student18/ros2_ws/install/pendulum_msgs/lib/libpendulum_msgs__rosidl_typesupport_c.so" to ""
-- Up-to-date: /home/student18/ros2_ws/install/pendulum_msgs/include/pendulum_msgs/pendulum_msgs
-- Up-to-date: /home/student18/ros2_ws/install/pendulum_msgs/include/pendulum_msgs/pendulum_msgs/msg
-- Up-to-date: /home/student18/ros2_ws/install/pendulum_msgs/include/pendulum_msgs/pendulum_msgs/msg/detail
-- Installing: /home/student18/ros2_ws/install/pendulum_msgs/include/pendulum_msgs/pendulum_msgs/msg/detail/rttest_results__rosidl_typesupport_introspection_cpp.hpp
-- Installing: /home/student18/ros2_ws/install/pendulum_msgs/include/pendulum_msgs/pendulum_msgs/msg/detail/joint_command__rosidl_typesupport_introspection_cpp.hpp
-- Installing: /home/student18/ros2_ws/install/pendulum_msgs/include/pendulum_msgs/pendulum_msgs/msg/detail/joint_command__type_support.cpp
-- Installing: /home/student18/ros2_ws/install/pendulum_msgs/include/pendulum_msgs/pendulum_msgs/msg/detail/joint_state__type_support.cpp
-- Installing: /home/student18/ros2_ws/install/pendulum_msgs/include/pendulum_msgs/pendulum_msgs/msg/detail/joint_state__rosidl_typesupport_introspection_cpp.hpp
-- Installing: /home/student18/ros2_ws/install/pendulum_msgs/include/pendulum_msgs/pendulum_msgs/msg/detail/rttest_results__type_support.cpp
-- Installing: /home/student18/ros2_ws/install/pendulum_msgs/lib/libpendulum_msgs__rosidl_typesupport_introspection_cpp.so
-- Set runtime path of "/home/student18/ros2_ws/install/pendulum_msgs/lib/libpendulum_msgs__rosidl_typesupport_introspection_cpp.so" to ""
-- Installing: /home/student18/ros2_ws/install/pendulum_msgs/lib/libpendulum_msgs__rosidl_typesupport_cpp.so
-- Set runtime path of "/home/student18/ros2_ws/install/pendulum_msgs/lib/libpendulum_msgs__rosidl_typesupport_cpp.so" to ""
-- Installing: /home/student18/ros2_ws/install/pendulum_msgs/share/pendulum_msgs/environment/pythonpath.sh
-- Installing: /home/student18/ros2_ws/install/pendulum_msgs/share/pendulum_msgs/environment/pythonpath.dsv
-- Installing: /home/student18/ros2_ws/install/pendulum_msgs/local/lib/python3.10/dist-packages/pendulum_msgs-0.20.5-py3.10.egg-info
-- Installing: /home/student18/ros2_ws/install/pendulum_msgs/local/lib/python3.10/dist-packages/pendulum_msgs-0.20.5-py3.10.egg-info/dependency_links.txt
-- Installing: /home/student18/ros2_ws/install/pendulum_msgs/local/lib/python3.10/dist-packages/pendulum_msgs-0.20.5-py3.10.egg-info/SOURCES.txt
-- Installing: /home/student18/ros2_ws/install/pendulum_msgs/local/lib/python3.10/dist-packages/pendulum_msgs-0.20.5-py3.10.egg-info/top_level.txt
-- Installing: /home/student18/ros2_ws/install/pendulum_msgs/local/lib/python3.10/dist-packages/pendulum_msgs-0.20.5-py3.10.egg-info/PKG-INFO
-- Installing: /home/student18/ros2_ws/install/pendulum_msgs/local/lib/python3.10/dist-packages/pendulum_msgs
-- Installing: /home/student18/ros2_ws/install/pendulum_msgs/local/lib/python3.10/dist-packages/pendulum_msgs/pendulum_msgs_s__rosidl_typesupport_c.cpython-310-x86_64-linux-gnu.so
-- Installing: /home/student18/ros2_ws/install/pendulum_msgs/local/lib/python3.10/dist-packages/pendulum_msgs/_pendulum_msgs_s.ep.rosidl_typesupport_c.c
-- Installing: /home/student18/ros2_ws/install/pendulum_msgs/local/lib/python3.10/dist-packages/pendulum_msgs/__init__.py
-- Installing: /home/student18/ros2_ws/install/pendulum_msgs/local/lib/python3.10/dist-packages/pendulum_msgs/pendulum_msgs_s__rosidl_typesupport_introspection_c.cpython-310-x86_64-linux-gnu.so
-- Installing: /home/student18/ros2_ws/install/pendulum_msgs/local/lib/python3.10/dist-packages/pendulum_msgs/_pendulum_msgs_s.ep.rosidl_typesupport_fastrtps_c.c
-- Installing: /home/student18/ros2_ws/install/pendulum_msgs/local/lib/python3.10/dist-packages/pendulum_msgs/pendulum_msgs_s__rosidl_typesupport_fastrtps_c.cpython-310-x86_64-linux-gnu.so
-- Installing: /home/student18/ros2_ws/install/pendulum_msgs/local/lib/python3.10/dist-packages/pendulum_msgs/libpendulum_msgs__rosidl_generator_py.so
-- Installing: /home/student18/ros2_ws/install/pendulum_msgs/local/lib/python3.10/dist-packages/pendulum_msgs/_pendulum_msgs_s.ep.rosidl_typesupport_introspection_c.c
-- Installing: /home/student18/ros2_ws/install/pendulum_msgs/local/lib/python3.10/dist-packages/pendulum_msgs/msg
-- Installing: /home/student18/ros2_ws/install/pendulum_msgs/local/lib/python3.10/dist-packages/pendulum_msgs/msg/_rttest_results_s.c
-- Installing: /home/student18/ros2_ws/install/pendulum_msgs/local/lib/python3.10/dist-packages/pendulum_msgs/msg/_joint_state.py
-- Installing: /home/student18/ros2_ws/install/pendulum_msgs/local/lib/python3.10/dist-packages/pendulum_msgs/msg/_joint_state_s.c
-- Installing: /home/student18/ros2_ws/install/pendulum_msgs/local/lib/python3.10/dist-packages/pendulum_msgs/msg/_joint_command.py
-- Installing: /home/student18/ros2_ws/install/pendulum_msgs/local/lib/python3.10/dist-packages/pendulum_msgs/msg/__init__.py
-- Installing: /home/student18/ros2_ws/install/pendulum_msgs/local/lib/python3.10/dist-packages/pendulum_msgs/msg/_joint_command_s.c
-- Installing: /home/student18/ros2_ws/install/pendulum_msgs/local/lib/python3.10/dist-packages/pendulum_msgs/msg/_rttest_results.py
Listing '/home/student18/ros2_ws/install/pendulum_msgs/local/lib/python3.10/dist-packages/pendulum_msgs'...
Compiling '/home/student18/ros2_ws/install/pendulum_msgs/local/lib/python3.10/dist-packages/pendulum_msgs/__init__.py'...
Listing '/home/student18/ros2_ws/install/pendulum_msgs/local/lib/python3.10/dist-packages/pendulum_msgs/msg'...
Compiling '/home/student18/ros2_ws/install/pendulum_msgs/local/lib/python3.10/dist-packages/pendulum_msgs/msg/__init__.py'...
Compiling '/home/student18/ros2_ws/install/pendulum_msgs/local/lib/python3.10/dist-packages/pendulum_msgs/msg/_joint_command.py'...
Compiling '/home/student18/ros2_ws/install/pendulum_msgs/local/lib/python3.10/dist-packages/pendulum_msgs/msg/_joint_state.py'...
Compiling '/home/student18/ros2_ws/install/pendulum_msgs/local/lib/python3.10/dist-packages/pendulum_msgs/msg/_rttest_results.py'...
-- Installing: /home/student18/ros2_ws/install/pendulum_msgs/local/lib/python3.10/dist-packages/pendulum_msgs/pendulum_msgs_s__rosidl_typesupport_fastrtps_c.cpython-310-x86_64-linux-gnu.so
-- Set runtime path of "/home/student18/ros2_ws/install/pendulum_msgs/local/lib/python3.10/dist-packages/pendulum_msgs/pendulum_msgs_s__rosidl_typesupport_fastrtps_c.cpython-310-x86_64-linux-gnu.so" to ""
-- Installing: /home/student18/ros2_ws/install/pendulum_msgs/local/lib/python3.10/dist-packages/pendulum_msgs/pendulum_msgs_s__rosidl_typesupport_introspection_c.cpython-310-x86_64-linux-gnu.so
-- Set runtime path of "/home/student18/ros2_ws/install/pendulum_msgs/local/lib/python3.10/dist-packages/pendulum_msgs/pendulum_msgs_s__rosidl_typesupport_introspection_c.cpython-310-x86_64-linux-gnu.so" to ""
-- Installing: /home/student18/ros2_ws/install/pendulum_msgs/local/lib/python3.10/dist-packages/pendulum_msgs/pendulum_msgs_s__rosidl_typesupport_c.cpython-310-x86_64-linux-gnu.so
-- Set runtime path of "/home/student18/ros2_ws/install/pendulum_msgs/local/lib/python3.10/dist-packages/pendulum_msgs/pendulum_msgs_s__rosidl_typesupport_c.cpython-310-x86_64-linux-gnu.so" to ""
-- Installing: /home/student18/ros2_ws/install/pendulum_msgs/lib/libpendulum_msgs__rosidl_generator_py.so
-- Set runtime path of "/home/student18/ros2_ws/install/pendulum_msgs/lib/libpendulum_msgs__rosidl_generator_py.so" to ""
-- Installing: /home/student18/ros2_ws/install/pendulum_msgs/share/pendulum_msgs/msg/JointState.idl
-- Installing: /home/student18/ros2_ws/install/pendulum_msgs/share/pendulum_msgs/msg/JointCommand.idl
-- Installing: /home/student18/ros2_ws/install/pendulum_msgs/share/pendulum_msgs/msg/RttestResults.idl
-- Installing: /home/student18/ros2_ws/install/pendulum_msgs/share/pendulum_msgs/msg/JointState.msg
-- Installing: /home/student18/ros2_ws/install/pendulum_msgs/share/pendulum_msgs/msg/JointCommand.msg
-- Installing: /home/student18/ros2_ws/install/pendulum_msgs/share/pendulum_msgs/msg/RttestResults.msg
-- Installing: /home/student18/ros2_ws/install/pendulum_msgs/share/ament_index/resource_index/package_run_dependencies/pendulum_msgs
-- Installing: /home/student18/ros2_ws/install/pendulum_msgs/share/ament_index/resource_index/parent_prefix_path/pendulum_msgs
-- Installing: /home/student18/ros2_ws/install/pendulum_msgs/share/pendulum_msgs/environment/ament_prefix_path.sh
-- Installing: /home/student18/ros2_ws/install/pendulum_msgs/share/pendulum_msgs/environment/ament_prefix_path.dsv
-- Installing: /home/student18/ros2_ws/install/pendulum_msgs/share/pendulum_msgs/environment/path.sh
-- Installing: /home/student18/ros2_ws/install/pendulum_msgs/share/pendulum_msgs/environment/path.dsv
-- Installing: /home/student18/ros2_ws/install/pendulum_msgs/share/pendulum_msgs/local_setup.bash
-- Installing: /home/student18/ros2_ws/install/pendulum_msgs/share/pendulum_msgs/local_setup.sh
-- Installing: /home/student18/ros2_ws/install/pendulum_msgs/share/pendulum_msgs/local_setup.zsh
-- Installing: /home/student18/ros2_ws/install/pendulum_msgs/share/pendulum_msgs/local_setup.dsv
-- Installing: /home/student18/ros2_ws/install/pendulum_msgs/share/pendulum_msgs/package.dsv
-- Installing: /home/student18/ros2_ws/install/pendulum_msgs/share/ament_index/resource_index/packages/pendulum_msgs
-- Installing: /home/student18/ros2_ws/install/pendulum_msgs/share/pendulum_msgs/cmake/export_pendulum_msgs__rosidl_generator_cExport.cmake
-- Installing: /home/student18/ros2_ws/install/pendulum_msgs/share/pendulum_msgs/cmake/export_pendulum_msgs__rosidl_generator_cExport-noconfig.cmake
-- Installing: /home/student18/ros2_ws/install/pendulum_msgs/share/pendulum_msgs/cmake/export_pendulum_msgs__rosidl_typesupport_fastrtps_cExport.cmake
-- Installing: /home/student18/ros2_ws/install/pendulum_msgs/share/pendulum_msgs/cmake/export_pendulum_msgs__rosidl_typesupport_fastrtps_cExport-noconfig.cmake
-- Installing: /home/student18/ros2_ws/install/pendulum_msgs/share/pendulum_msgs/cmake/export_pendulum_msgs__rosidl_generator_cppExport.cmake
-- Installing: /home/student18/ros2_ws/install/pendulum_msgs/share/pendulum_msgs/cmake/export_pendulum_msgs__rosidl_typesupport_fastrtps_cppExport.cmake
-- Installing: /home/student18/ros2_ws/install/pendulum_msgs/share/pendulum_msgs/cmake/export_pendulum_msgs__rosidl_typesupport_fastrtps_cppExport-noconfig.cmake
-- Installing: /home/student18/ros2_ws/install/pendulum_msgs/share/pendulum_msgs/cmake/pendulum_msgs__rosidl_typesupport_introspection_cExport.cmake
-- Installing: /home/student18/ros2_ws/install/pendulum_msgs/share/pendulum_msgs/cmake/pendulum_msgs__rosidl_typesupport_introspection_cExport-noconfig.cmake
-- Installing: /home/student18/ros2_ws/install/pendulum_msgs/share/pendulum_msgs/cmake/pendulum_msgs__rosidl_typesupport_cExport.cmake
-- Installing: /home/student18/ros2_ws/install/pendulum_msgs/share/pendulum_msgs/cmake/pendulum_msgs__rosidl_typesupport_cExport-noconfig.cmake
-- Installing: /home/student18/ros2_ws/install/pendulum_msgs/share/pendulum_msgs/cmake/pendulum_msgs__rosidl_typesupport_introspection_cppExport.cmake
-- Installing: /home/student18/ros2_ws/install/pendulum_msgs/share/pendulum_msgs/cmake/pendulum_msgs__rosidl_typesupport_introspection_cppExport-noconfig.cmake
-- Installing: /home/student18/ros2_ws/install/pendulum_msgs/share/pendulum_msgs/cmake/pendulum_msgs__rosidl_typesupport_cppExport.cmake
-- Installing: /home/student18/ros2_ws/install/pendulum_msgs/share/pendulum_msgs/cmake/pendulum_msgs__rosidl_typesupport_cppExport-noconfig.cmake
-- Installing: /home/student18/ros2_ws/install/pendulum_msgs/share/pendulum_msgs/cmake/export_pendulum_msgs__rosidl_generator_pyExport.cmake
-- Installing: /home/student18/ros2_ws/install/pendulum_msgs/share/pendulum_msgs/cmake/export_pendulum_msgs__rosidl_generator_pyExport-noconfig.cmake
-- Installing: /home/student18/ros2_ws/install/pendulum_msgs/share/pendulum_msgs/cmake/rosidl_cmake-extras.cmake
-- Installing: /home/student18/ros2_ws/install/pendulum_msgs/share/pendulum_msgs/cmake/ament_cmake_export_dependencies-extras.cmake
-- Installing: /home/student18/ros2_ws/install/pendulum_msgs/share/pendulum_msgs/cmake/ament_cmake_export_include_directories-extras.cmake
-- Installing: /home/student18/ros2_ws/install/pendulum_msgs/share/pendulum_msgs/cmake/ament_cmake_export_libraries-extras.cmake
-- Installing: /home/student18/ros2_ws/install/pendulum_msgs/share/pendulum_msgs/cmake/ament_cmake_export_targets-extras.cmake
-- Installing: /home/student18/ros2_ws/install/pendulum_msgs/share/pendulum_msgs/cmake/rosidl_cmake_export_typesupport_targets-extras.cmake
-- Installing: /home/student18/ros2_ws/install/pendulum_msgs/share/pendulum_msgs/cmake/rosidl_cmake_export_typesupport_libraries-extras.cmake
-- Installing: /home/student18/ros2_ws/install/pendulum_msgs/share/pendulum_msgs/cmake/pendulum_msgsConfig.cmake
-- Installing: /home/student18/ros2_ws/install/pendulum_msgs/share/pendulum_msgs/cmake/pendulum_msgsConfig-version.cmake
-- Installing: /home/student18/ros2_ws/install/pendulum_msgs/share/pendulum_msgs/package.xml
