[0.021s] Invoking command in '/home/student18/ros2_ws/build/pendulum_msgs': CMAKE_PREFIX_PATH=${CMAKE_PREFIX_PATH}:/opt/ros/humble /usr/bin/cmake /home/student18/ros2_ws/src/demos/pendulum_msgs -DCMAKE_INSTALL_PREFIX=/home/student18/ros2_ws/install/pendulum_msgs
[0.113s] -- The C compiler identification is GNU 11.4.0
[0.208s] -- The CXX compiler identification is GNU 11.4.0
[0.222s] -- Detecting C compiler ABI info
[0.341s] -- Detecting C compiler ABI info - done
[0.358s] -- Check for working C compiler: /usr/bin/cc - skipped
[0.358s] -- Detecting C compile features
[0.358s] -- Detecting C compile features - done
[0.363s] -- Detecting CXX compiler ABI info
[0.685s] -- Detecting CXX compiler ABI info - done
[0.719s] -- Check for working CXX compiler: /usr/bin/c++ - skipped
[0.721s] -- Detecting CXX compile features
[0.721s] -- Detecting CXX compile features - done
[0.731s] -- Found ament_cmake: 1.3.11 (/opt/ros/humble/share/ament_cmake/cmake)
[1.645s] -- Found Python3: /usr/bin/python3 (found version "3.10.12") found components: Interpreter 
[1.929s] -- Found builtin_interfaces: 1.2.1 (/opt/ros/humble/share/builtin_interfaces/cmake)
[1.984s] -- Found rosidl_generator_c: 3.1.6 (/opt/ros/humble/share/rosidl_generator_c/cmake)
[1.992s] -- Found rosidl_adapter: 3.1.6 (/opt/ros/humble/share/rosidl_adapter/cmake)
[2.012s] -- Found rosidl_generator_cpp: 3.1.6 (/opt/ros/humble/share/rosidl_generator_cpp/cmake)
[2.042s] -- Using all available rosidl_typesupport_c: rosidl_typesupport_fastrtps_c;rosidl_typesupport_introspection_c
[2.072s] -- Using all available rosidl_typesupport_cpp: rosidl_typesupport_fastrtps_cpp;rosidl_typesupport_introspection_cpp
[2.100s] -- Found rosidl_default_generators: 1.2.0 (/opt/ros/humble/share/rosidl_default_generators/cmake)
[2.653s] -- Found ament_cmake_ros: 0.10.0 (/opt/ros/humble/share/ament_cmake_ros/cmake)
[3.363s] -- Using all available rosidl_typesupport_c: rosidl_typesupport_fastrtps_c;rosidl_typesupport_introspection_c
[3.574s] -- Using all available rosidl_typesupport_cpp: rosidl_typesupport_fastrtps_cpp;rosidl_typesupport_introspection_cpp
[3.615s] -- Found PythonInterp: /usr/bin/python3 (found suitable version "3.10.12", minimum required is "3.6") 
[3.618s] -- Found python_cmake_module: 0.10.0 (/opt/ros/humble/share/python_cmake_module/cmake)
[3.662s] -- Found PythonLibs: /usr/lib/x86_64-linux-gnu/libpython3.10.so (found suitable version "3.10.12", minimum required is "3.5") 
[3.663s] -- Using PYTHON_EXECUTABLE: /usr/bin/python3
[3.664s] -- Using PYTHON_INCLUDE_DIRS: /usr/include/python3.10
[3.664s] -- Using PYTHON_LIBRARIES: /usr/lib/x86_64-linux-gnu/libpython3.10.so
[3.706s] -- Found PythonExtra: .so  
[3.777s] -- Configuring done
[3.882s] -- Generating done
[3.905s] -- Build files have been written to: /home/student18/ros2_ws/build/pendulum_msgs
[3.915s] Invoked command in '/home/student18/ros2_ws/build/pendulum_msgs' returned '0': CMAKE_PREFIX_PATH=${CMAKE_PREFIX_PATH}:/opt/ros/humble /usr/bin/cmake /home/student18/ros2_ws/src/demos/pendulum_msgs -DCMAKE_INSTALL_PREFIX=/home/student18/ros2_ws/install/pendulum_msgs
[3.920s] Invoking command in '/home/student18/ros2_ws/build/pendulum_msgs': CMAKE_PREFIX_PATH=${CMAKE_PREFIX_PATH}:/opt/ros/humble /usr/bin/cmake --build /home/student18/ros2_ws/build/pendulum_msgs -- -j4 -l4
[3.995s] [  2%] [34m[1mGenerating C code for ROS interfaces[0m
[4.034s] [  4%] [34m[1mGenerating C++ code for ROS interfaces[0m
[4.049s] [  4%] Built target ament_cmake_python_copy_pendulum_msgs
[4.733s] running egg_info
[4.766s] creating pendulum_msgs.egg-info
[4.767s] writing pendulum_msgs.egg-info/PKG-INFO
[4.767s] writing dependency_links to pendulum_msgs.egg-info/dependency_links.txt
[4.768s] writing top-level names to pendulum_msgs.egg-info/top_level.txt
[4.778s] /usr/lib/python3/dist-packages/pbr/git.py:28: UserWarning: pkg_resources is deprecated as an API. See https://setuptools.pypa.io/en/latest/pkg_resources.html. The pkg_resources package is slated for removal as early as 2025-11-30. Refrain from using this package or pin to Setuptools<81.
[4.779s]   import pkg_resources
[4.986s] writing manifest file 'pendulum_msgs.egg-info/SOURCES.txt'
[5.071s] [  6%] [32mBuilding C object CMakeFiles/pendulum_msgs__rosidl_generator_c.dir/rosidl_generator_c/pendulum_msgs/msg/detail/joint_state__functions.c.o[0m
[5.092s] [  8%] [32mBuilding C object CMakeFiles/pendulum_msgs__rosidl_generator_c.dir/rosidl_generator_c/pendulum_msgs/msg/detail/joint_command__functions.c.o[0m
[5.111s] [  8%] Built target pendulum_msgs__cpp
[5.145s] [ 10%] [34m[1mGenerating C++ type support dispatch for ROS interfaces[0m
[5.147s] reading manifest file 'pendulum_msgs.egg-info/SOURCES.txt'
[5.151s] writing manifest file 'pendulum_msgs.egg-info/SOURCES.txt'
[5.232s] [ 12%] [32mBuilding C object CMakeFiles/pendulum_msgs__rosidl_generator_c.dir/rosidl_generator_c/pendulum_msgs/msg/detail/rttest_results__functions.c.o[0m
[5.241s] [ 12%] Built target ament_cmake_python_build_pendulum_msgs_egg
[5.278s] [ 14%] [34m[1mGenerating C++ type support for eProsima Fast-RTPS[0m
[5.281s] [ 17%] [34m[1mGenerating C++ introspection for ROS interfaces[0m
[5.358s] [ 19%] [32m[1mLinking C shared library libpendulum_msgs__rosidl_generator_c.so[0m
[5.491s] [ 19%] Built target pendulum_msgs__rosidl_generator_c
[5.529s] [ 21%] [34m[1mGenerating C type support for eProsima Fast-RTPS[0m
[6.624s] [ 23%] [32mBuilding CXX object CMakeFiles/pendulum_msgs__rosidl_typesupport_cpp.dir/rosidl_typesupport_cpp/pendulum_msgs/msg/joint_state__type_support.cpp.o[0m
[6.846s] [ 25%] [32mBuilding CXX object CMakeFiles/pendulum_msgs__rosidl_typesupport_fastrtps_cpp.dir/rosidl_typesupport_fastrtps_cpp/pendulum_msgs/msg/detail/dds_fastrtps/joint_state__type_support.cpp.o[0m
[7.251s] [ 27%] [32mBuilding CXX object CMakeFiles/pendulum_msgs__rosidl_typesupport_introspection_cpp.dir/rosidl_typesupport_introspection_cpp/pendulum_msgs/msg/detail/joint_state__type_support.cpp.o[0m
[7.598s] [ 29%] [32mBuilding CXX object CMakeFiles/pendulum_msgs__rosidl_typesupport_fastrtps_c.dir/rosidl_typesupport_fastrtps_c/pendulum_msgs/msg/detail/joint_state__type_support_c.cpp.o[0m
[8.286s] [ 31%] [32mBuilding CXX object CMakeFiles/pendulum_msgs__rosidl_typesupport_cpp.dir/rosidl_typesupport_cpp/pendulum_msgs/msg/joint_command__type_support.cpp.o[0m
[8.961s] [ 34%] [32mBuilding CXX object CMakeFiles/pendulum_msgs__rosidl_typesupport_fastrtps_cpp.dir/rosidl_typesupport_fastrtps_cpp/pendulum_msgs/msg/detail/dds_fastrtps/joint_command__type_support.cpp.o[0m
[9.212s] [ 36%] [32mBuilding CXX object CMakeFiles/pendulum_msgs__rosidl_typesupport_fastrtps_c.dir/rosidl_typesupport_fastrtps_c/pendulum_msgs/msg/detail/joint_command__type_support_c.cpp.o[0m
[9.847s] [ 38%] [32mBuilding CXX object CMakeFiles/pendulum_msgs__rosidl_typesupport_introspection_cpp.dir/rosidl_typesupport_introspection_cpp/pendulum_msgs/msg/detail/joint_command__type_support.cpp.o[0m
[10.055s] [ 40%] [32mBuilding CXX object CMakeFiles/pendulum_msgs__rosidl_typesupport_cpp.dir/rosidl_typesupport_cpp/pendulum_msgs/msg/rttest_results__type_support.cpp.o[0m
[11.448s] [ 42%] [32mBuilding CXX object CMakeFiles/pendulum_msgs__rosidl_typesupport_fastrtps_c.dir/rosidl_typesupport_fastrtps_c/pendulum_msgs/msg/detail/rttest_results__type_support_c.cpp.o[0m
[11.688s] [ 44%] [32m[1mLinking CXX shared library libpendulum_msgs__rosidl_typesupport_cpp.so[0m
[11.874s] [ 44%] Built target pendulum_msgs__rosidl_typesupport_cpp
[11.918s] [ 46%] [34m[1mGenerating C introspection for ROS interfaces[0m
[12.172s] [ 48%] [32mBuilding CXX object CMakeFiles/pendulum_msgs__rosidl_typesupport_fastrtps_cpp.dir/rosidl_typesupport_fastrtps_cpp/pendulum_msgs/msg/detail/dds_fastrtps/rttest_results__type_support.cpp.o[0m
[13.260s] [ 51%] [32mBuilding CXX object CMakeFiles/pendulum_msgs__rosidl_typesupport_introspection_cpp.dir/rosidl_typesupport_introspection_cpp/pendulum_msgs/msg/detail/rttest_results__type_support.cpp.o[0m
[14.522s] [ 53%] [32m[1mLinking CXX shared library libpendulum_msgs__rosidl_typesupport_fastrtps_c.so[0m
[15.021s] [ 55%] [32mBuilding C object CMakeFiles/pendulum_msgs__rosidl_typesupport_introspection_c.dir/rosidl_typesupport_introspection_c/pendulum_msgs/msg/detail/joint_state__type_support.c.o[0m
[15.200s] [ 57%] [32mBuilding C object CMakeFiles/pendulum_msgs__rosidl_typesupport_introspection_c.dir/rosidl_typesupport_introspection_c/pendulum_msgs/msg/detail/joint_command__type_support.c.o[0m
[15.264s] [ 57%] Built target pendulum_msgs__rosidl_typesupport_fastrtps_c
[15.368s] [ 59%] [32mBuilding C object CMakeFiles/pendulum_msgs__rosidl_typesupport_introspection_c.dir/rosidl_typesupport_introspection_c/pendulum_msgs/msg/detail/rttest_results__type_support.c.o[0m
[15.707s] [ 61%] [32m[1mLinking CXX shared library libpendulum_msgs__rosidl_typesupport_fastrtps_cpp.so[0m
[15.757s] [ 63%] [32m[1mLinking C shared library libpendulum_msgs__rosidl_typesupport_introspection_c.so[0m
[16.039s] [ 63%] Built target pendulum_msgs__rosidl_typesupport_introspection_c
[16.356s] [ 63%] Built target pendulum_msgs__rosidl_typesupport_fastrtps_cpp
[17.622s] [ 65%] [32m[1mLinking CXX shared library libpendulum_msgs__rosidl_typesupport_introspection_cpp.so[0m
[18.079s] [ 65%] Built target pendulum_msgs__rosidl_typesupport_introspection_cpp
[18.188s] [ 68%] [34m[1mGenerating C type support dispatch for ROS interfaces[0m
[20.511s] [ 70%] [32mBuilding CXX object CMakeFiles/pendulum_msgs__rosidl_typesupport_c.dir/rosidl_typesupport_c/pendulum_msgs/msg/joint_state__type_support.cpp.o[0m
[20.830s] [ 72%] [32mBuilding CXX object CMakeFiles/pendulum_msgs__rosidl_typesupport_c.dir/rosidl_typesupport_c/pendulum_msgs/msg/rttest_results__type_support.cpp.o[0m
[21.053s] [ 74%] [32mBuilding CXX object CMakeFiles/pendulum_msgs__rosidl_typesupport_c.dir/rosidl_typesupport_c/pendulum_msgs/msg/joint_command__type_support.cpp.o[0m
[21.422s] [ 76%] [32m[1mLinking CXX shared library libpendulum_msgs__rosidl_typesupport_c.so[0m
[21.697s] [ 76%] Built target pendulum_msgs__rosidl_typesupport_c
[21.810s] [ 76%] Built target pendulum_msgs
[21.928s] [ 78%] [34m[1mGenerating Python code for ROS interfaces[0m
[27.315s] [ 78%] Built target pendulum_msgs__py
[27.458s] [ 80%] [32mBuilding C object CMakeFiles/pendulum_msgs__rosidl_generator_py.dir/rosidl_generator_py/pendulum_msgs/msg/_joint_state_s.c.o[0m
[28.202s] [ 82%] [32mBuilding C object CMakeFiles/pendulum_msgs__rosidl_generator_py.dir/rosidl_generator_py/pendulum_msgs/msg/_rttest_results_s.c.o[0m
[29.133s] [ 85%] [32mBuilding C object CMakeFiles/pendulum_msgs__rosidl_generator_py.dir/rosidl_generator_py/pendulum_msgs/msg/_joint_command_s.c.o[0m
[29.981s] [ 87%] [32m[1mLinking C shared library rosidl_generator_py/pendulum_msgs/libpendulum_msgs__rosidl_generator_py.so[0m
[30.123s] [ 87%] Built target pendulum_msgs__rosidl_generator_py
[30.211s] [ 89%] [32mBuilding C object CMakeFiles/pendulum_msgs__rosidl_typesupport_fastrtps_c__pyext.dir/rosidl_generator_py/pendulum_msgs/_pendulum_msgs_s.ep.rosidl_typesupport_fastrtps_c.c.o[0m
[30.777s] [ 91%] [32m[1mLinking C shared library rosidl_generator_py/pendulum_msgs/pendulum_msgs_s__rosidl_typesupport_fastrtps_c.cpython-310-x86_64-linux-gnu.so[0m
[31.023s] [ 91%] Built target pendulum_msgs__rosidl_typesupport_fastrtps_c__pyext
[31.163s] [ 93%] [32mBuilding C object CMakeFiles/pendulum_msgs__rosidl_typesupport_c__pyext.dir/rosidl_generator_py/pendulum_msgs/_pendulum_msgs_s.ep.rosidl_typesupport_c.c.o[0m
[31.584s] [ 95%] [32m[1mLinking C shared library rosidl_generator_py/pendulum_msgs/pendulum_msgs_s__rosidl_typesupport_c.cpython-310-x86_64-linux-gnu.so[0m
[31.839s] [ 95%] Built target pendulum_msgs__rosidl_typesupport_c__pyext
[31.984s] [ 97%] [32mBuilding C object CMakeFiles/pendulum_msgs__rosidl_typesupport_introspection_c__pyext.dir/rosidl_generator_py/pendulum_msgs/_pendulum_msgs_s.ep.rosidl_typesupport_introspection_c.c.o[0m
[32.844s] [100%] [32m[1mLinking C shared library rosidl_generator_py/pendulum_msgs/pendulum_msgs_s__rosidl_typesupport_introspection_c.cpython-310-x86_64-linux-gnu.so[0m
[32.935s] [100%] Built target pendulum_msgs__rosidl_typesupport_introspection_c__pyext
[32.985s] Invoked command in '/home/student18/ros2_ws/build/pendulum_msgs' returned '0': CMAKE_PREFIX_PATH=${CMAKE_PREFIX_PATH}:/opt/ros/humble /usr/bin/cmake --build /home/student18/ros2_ws/build/pendulum_msgs -- -j4 -l4
[32.988s] Invoking command in '/home/student18/ros2_ws/build/pendulum_msgs': CMAKE_PREFIX_PATH=${CMAKE_PREFIX_PATH}:/opt/ros/humble /usr/bin/cmake --install /home/student18/ros2_ws/build/pendulum_msgs
[33.014s] -- Install configuration: ""
[33.016s] -- Installing: /home/student18/ros2_ws/install/pendulum_msgs/share/ament_index/resource_index/rosidl_interfaces/pendulum_msgs
[33.017s] -- Installing: /home/student18/ros2_ws/install/pendulum_msgs/include/pendulum_msgs/pendulum_msgs
[33.017s] -- Installing: /home/student18/ros2_ws/install/pendulum_msgs/include/pendulum_msgs/pendulum_msgs/msg
[33.017s] -- Installing: /home/student18/ros2_ws/install/pendulum_msgs/include/pendulum_msgs/pendulum_msgs/msg/joint_state.h
[33.019s] -- Installing: /home/student18/ros2_ws/install/pendulum_msgs/include/pendulum_msgs/pendulum_msgs/msg/rosidl_generator_c__visibility_control.h
[33.020s] -- Installing: /home/student18/ros2_ws/install/pendulum_msgs/include/pendulum_msgs/pendulum_msgs/msg/joint_command.h
[33.021s] -- Installing: /home/student18/ros2_ws/install/pendulum_msgs/include/pendulum_msgs/pendulum_msgs/msg/rttest_results.h
[33.021s] -- Installing: /home/student18/ros2_ws/install/pendulum_msgs/include/pendulum_msgs/pendulum_msgs/msg/detail
[33.022s] -- Installing: /home/student18/ros2_ws/install/pendulum_msgs/include/pendulum_msgs/pendulum_msgs/msg/detail/rttest_results__struct.h
[33.023s] -- Installing: /home/student18/ros2_ws/install/pendulum_msgs/include/pendulum_msgs/pendulum_msgs/msg/detail/joint_command__functions.h
[33.024s] -- Installing: /home/student18/ros2_ws/install/pendulum_msgs/include/pendulum_msgs/pendulum_msgs/msg/detail/rttest_results__type_support.h
[33.026s] -- Installing: /home/student18/ros2_ws/install/pendulum_msgs/include/pendulum_msgs/pendulum_msgs/msg/detail/joint_state__struct.h
[33.026s] -- Installing: /home/student18/ros2_ws/install/pendulum_msgs/include/pendulum_msgs/pendulum_msgs/msg/detail/rttest_results__functions.c
[33.026s] -- Installing: /home/student18/ros2_ws/install/pendulum_msgs/include/pendulum_msgs/pendulum_msgs/msg/detail/joint_command__functions.c
[33.026s] -- Installing: /home/student18/ros2_ws/install/pendulum_msgs/include/pendulum_msgs/pendulum_msgs/msg/detail/joint_command__type_support.h
[33.028s] -- Installing: /home/student18/ros2_ws/install/pendulum_msgs/include/pendulum_msgs/pendulum_msgs/msg/detail/joint_command__struct.h
[33.028s] -- Installing: /home/student18/ros2_ws/install/pendulum_msgs/include/pendulum_msgs/pendulum_msgs/msg/detail/joint_state__functions.c
[33.030s] -- Installing: /home/student18/ros2_ws/install/pendulum_msgs/include/pendulum_msgs/pendulum_msgs/msg/detail/joint_state__functions.h
[33.030s] -- Installing: /home/student18/ros2_ws/install/pendulum_msgs/include/pendulum_msgs/pendulum_msgs/msg/detail/rttest_results__functions.h
[33.033s] -- Installing: /home/student18/ros2_ws/install/pendulum_msgs/include/pendulum_msgs/pendulum_msgs/msg/detail/joint_state__type_support.h
[33.033s] -- Installing: /home/student18/ros2_ws/install/pendulum_msgs/share/pendulum_msgs/environment/library_path.sh
[33.033s] -- Installing: /home/student18/ros2_ws/install/pendulum_msgs/share/pendulum_msgs/environment/library_path.dsv
[33.035s] -- Installing: /home/student18/ros2_ws/install/pendulum_msgs/lib/libpendulum_msgs__rosidl_generator_c.so
[33.038s] -- Set runtime path of "/home/student18/ros2_ws/install/pendulum_msgs/lib/libpendulum_msgs__rosidl_generator_c.so" to ""
[33.038s] -- Up-to-date: /home/student18/ros2_ws/install/pendulum_msgs/include/pendulum_msgs/pendulum_msgs
[33.039s] -- Up-to-date: /home/student18/ros2_ws/install/pendulum_msgs/include/pendulum_msgs/pendulum_msgs/msg
[33.039s] -- Installing: /home/student18/ros2_ws/install/pendulum_msgs/include/pendulum_msgs/pendulum_msgs/msg/rosidl_typesupport_fastrtps_c__visibility_control.h
[33.041s] -- Up-to-date: /home/student18/ros2_ws/install/pendulum_msgs/include/pendulum_msgs/pendulum_msgs/msg/detail
[33.042s] -- Installing: /home/student18/ros2_ws/install/pendulum_msgs/include/pendulum_msgs/pendulum_msgs/msg/detail/rttest_results__rosidl_typesupport_fastrtps_c.h
[33.042s] -- Installing: /home/student18/ros2_ws/install/pendulum_msgs/include/pendulum_msgs/pendulum_msgs/msg/detail/joint_state__rosidl_typesupport_fastrtps_c.h
[33.042s] -- Installing: /home/student18/ros2_ws/install/pendulum_msgs/include/pendulum_msgs/pendulum_msgs/msg/detail/joint_command__rosidl_typesupport_fastrtps_c.h
[33.042s] -- Installing: /home/student18/ros2_ws/install/pendulum_msgs/lib/libpendulum_msgs__rosidl_typesupport_fastrtps_c.so
[33.044s] -- Set runtime path of "/home/student18/ros2_ws/install/pendulum_msgs/lib/libpendulum_msgs__rosidl_typesupport_fastrtps_c.so" to ""
[33.044s] -- Up-to-date: /home/student18/ros2_ws/install/pendulum_msgs/include/pendulum_msgs/pendulum_msgs
[33.046s] -- Up-to-date: /home/student18/ros2_ws/install/pendulum_msgs/include/pendulum_msgs/pendulum_msgs/msg
[33.046s] -- Installing: /home/student18/ros2_ws/install/pendulum_msgs/include/pendulum_msgs/pendulum_msgs/msg/rosidl_generator_cpp__visibility_control.hpp
[33.046s] -- Up-to-date: /home/student18/ros2_ws/install/pendulum_msgs/include/pendulum_msgs/pendulum_msgs/msg/detail
[33.046s] -- Installing: /home/student18/ros2_ws/install/pendulum_msgs/include/pendulum_msgs/pendulum_msgs/msg/detail/rttest_results__type_support.hpp
[33.047s] -- Installing: /home/student18/ros2_ws/install/pendulum_msgs/include/pendulum_msgs/pendulum_msgs/msg/detail/joint_command__struct.hpp
[33.049s] -- Installing: /home/student18/ros2_ws/install/pendulum_msgs/include/pendulum_msgs/pendulum_msgs/msg/detail/joint_state__builder.hpp
[33.049s] -- Installing: /home/student18/ros2_ws/install/pendulum_msgs/include/pendulum_msgs/pendulum_msgs/msg/detail/rttest_results__builder.hpp
[33.051s] -- Installing: /home/student18/ros2_ws/install/pendulum_msgs/include/pendulum_msgs/pendulum_msgs/msg/detail/joint_command__type_support.hpp
[33.053s] -- Installing: /home/student18/ros2_ws/install/pendulum_msgs/include/pendulum_msgs/pendulum_msgs/msg/detail/joint_command__builder.hpp
[33.053s] -- Installing: /home/student18/ros2_ws/install/pendulum_msgs/include/pendulum_msgs/pendulum_msgs/msg/detail/rttest_results__traits.hpp
[33.053s] -- Installing: /home/student18/ros2_ws/install/pendulum_msgs/include/pendulum_msgs/pendulum_msgs/msg/detail/joint_state__traits.hpp
[33.056s] -- Installing: /home/student18/ros2_ws/install/pendulum_msgs/include/pendulum_msgs/pendulum_msgs/msg/detail/joint_command__traits.hpp
[33.056s] -- Installing: /home/student18/ros2_ws/install/pendulum_msgs/include/pendulum_msgs/pendulum_msgs/msg/detail/joint_state__struct.hpp
[33.056s] -- Installing: /home/student18/ros2_ws/install/pendulum_msgs/include/pendulum_msgs/pendulum_msgs/msg/detail/rttest_results__struct.hpp
[33.056s] -- Installing: /home/student18/ros2_ws/install/pendulum_msgs/include/pendulum_msgs/pendulum_msgs/msg/detail/joint_state__type_support.hpp
[33.059s] -- Installing: /home/student18/ros2_ws/install/pendulum_msgs/include/pendulum_msgs/pendulum_msgs/msg/joint_state.hpp
[33.059s] -- Installing: /home/student18/ros2_ws/install/pendulum_msgs/include/pendulum_msgs/pendulum_msgs/msg/rttest_results.hpp
[33.059s] -- Installing: /home/student18/ros2_ws/install/pendulum_msgs/include/pendulum_msgs/pendulum_msgs/msg/joint_command.hpp
[33.061s] -- Up-to-date: /home/student18/ros2_ws/install/pendulum_msgs/include/pendulum_msgs/pendulum_msgs
[33.061s] -- Up-to-date: /home/student18/ros2_ws/install/pendulum_msgs/include/pendulum_msgs/pendulum_msgs/msg
[33.061s] -- Installing: /home/student18/ros2_ws/install/pendulum_msgs/include/pendulum_msgs/pendulum_msgs/msg/rosidl_typesupport_fastrtps_cpp__visibility_control.h
[33.062s] -- Up-to-date: /home/student18/ros2_ws/install/pendulum_msgs/include/pendulum_msgs/pendulum_msgs/msg/detail
[33.062s] -- Installing: /home/student18/ros2_ws/install/pendulum_msgs/include/pendulum_msgs/pendulum_msgs/msg/detail/joint_state__rosidl_typesupport_fastrtps_cpp.hpp
[33.063s] -- Installing: /home/student18/ros2_ws/install/pendulum_msgs/include/pendulum_msgs/pendulum_msgs/msg/detail/dds_fastrtps
[33.064s] -- Installing: /home/student18/ros2_ws/install/pendulum_msgs/include/pendulum_msgs/pendulum_msgs/msg/detail/joint_command__rosidl_typesupport_fastrtps_cpp.hpp
[33.065s] -- Installing: /home/student18/ros2_ws/install/pendulum_msgs/include/pendulum_msgs/pendulum_msgs/msg/detail/rttest_results__rosidl_typesupport_fastrtps_cpp.hpp
[33.065s] -- Installing: /home/student18/ros2_ws/install/pendulum_msgs/lib/libpendulum_msgs__rosidl_typesupport_fastrtps_cpp.so
[33.068s] -- Set runtime path of "/home/student18/ros2_ws/install/pendulum_msgs/lib/libpendulum_msgs__rosidl_typesupport_fastrtps_cpp.so" to ""
[33.068s] -- Up-to-date: /home/student18/ros2_ws/install/pendulum_msgs/include/pendulum_msgs/pendulum_msgs
[33.068s] -- Up-to-date: /home/student18/ros2_ws/install/pendulum_msgs/include/pendulum_msgs/pendulum_msgs/msg
[33.069s] -- Installing: /home/student18/ros2_ws/install/pendulum_msgs/include/pendulum_msgs/pendulum_msgs/msg/rosidl_typesupport_introspection_c__visibility_control.h
[33.070s] -- Up-to-date: /home/student18/ros2_ws/install/pendulum_msgs/include/pendulum_msgs/pendulum_msgs/msg/detail
[33.070s] -- Installing: /home/student18/ros2_ws/install/pendulum_msgs/include/pendulum_msgs/pendulum_msgs/msg/detail/rttest_results__type_support.c
[33.073s] -- Installing: /home/student18/ros2_ws/install/pendulum_msgs/include/pendulum_msgs/pendulum_msgs/msg/detail/joint_command__rosidl_typesupport_introspection_c.h
[33.073s] -- Installing: /home/student18/ros2_ws/install/pendulum_msgs/include/pendulum_msgs/pendulum_msgs/msg/detail/joint_command__type_support.c
[33.073s] -- Installing: /home/student18/ros2_ws/install/pendulum_msgs/include/pendulum_msgs/pendulum_msgs/msg/detail/joint_state__rosidl_typesupport_introspection_c.h
[33.074s] -- Installing: /home/student18/ros2_ws/install/pendulum_msgs/include/pendulum_msgs/pendulum_msgs/msg/detail/rttest_results__rosidl_typesupport_introspection_c.h
[33.075s] -- Installing: /home/student18/ros2_ws/install/pendulum_msgs/include/pendulum_msgs/pendulum_msgs/msg/detail/joint_state__type_support.c
[33.077s] -- Installing: /home/student18/ros2_ws/install/pendulum_msgs/lib/libpendulum_msgs__rosidl_typesupport_introspection_c.so
[33.077s] -- Set runtime path of "/home/student18/ros2_ws/install/pendulum_msgs/lib/libpendulum_msgs__rosidl_typesupport_introspection_c.so" to ""
[33.077s] -- Installing: /home/student18/ros2_ws/install/pendulum_msgs/lib/libpendulum_msgs__rosidl_typesupport_c.so
[33.079s] -- Set runtime path of "/home/student18/ros2_ws/install/pendulum_msgs/lib/libpendulum_msgs__rosidl_typesupport_c.so" to ""
[33.079s] -- Up-to-date: /home/student18/ros2_ws/install/pendulum_msgs/include/pendulum_msgs/pendulum_msgs
[33.082s] -- Up-to-date: /home/student18/ros2_ws/install/pendulum_msgs/include/pendulum_msgs/pendulum_msgs/msg
[33.082s] -- Up-to-date: /home/student18/ros2_ws/install/pendulum_msgs/include/pendulum_msgs/pendulum_msgs/msg/detail
[33.082s] -- Installing: /home/student18/ros2_ws/install/pendulum_msgs/include/pendulum_msgs/pendulum_msgs/msg/detail/rttest_results__rosidl_typesupport_introspection_cpp.hpp
[33.082s] -- Installing: /home/student18/ros2_ws/install/pendulum_msgs/include/pendulum_msgs/pendulum_msgs/msg/detail/joint_command__rosidl_typesupport_introspection_cpp.hpp
[33.082s] -- Installing: /home/student18/ros2_ws/install/pendulum_msgs/include/pendulum_msgs/pendulum_msgs/msg/detail/joint_command__type_support.cpp
[33.085s] -- Installing: /home/student18/ros2_ws/install/pendulum_msgs/include/pendulum_msgs/pendulum_msgs/msg/detail/joint_state__type_support.cpp
[33.085s] -- Installing: /home/student18/ros2_ws/install/pendulum_msgs/include/pendulum_msgs/pendulum_msgs/msg/detail/joint_state__rosidl_typesupport_introspection_cpp.hpp
[33.086s] -- Installing: /home/student18/ros2_ws/install/pendulum_msgs/include/pendulum_msgs/pendulum_msgs/msg/detail/rttest_results__type_support.cpp
[33.087s] -- Installing: /home/student18/ros2_ws/install/pendulum_msgs/lib/libpendulum_msgs__rosidl_typesupport_introspection_cpp.so
[33.089s] -- Set runtime path of "/home/student18/ros2_ws/install/pendulum_msgs/lib/libpendulum_msgs__rosidl_typesupport_introspection_cpp.so" to ""
[33.089s] -- Installing: /home/student18/ros2_ws/install/pendulum_msgs/lib/libpendulum_msgs__rosidl_typesupport_cpp.so
[33.089s] -- Set runtime path of "/home/student18/ros2_ws/install/pendulum_msgs/lib/libpendulum_msgs__rosidl_typesupport_cpp.so" to ""
[33.091s] -- Installing: /home/student18/ros2_ws/install/pendulum_msgs/share/pendulum_msgs/environment/pythonpath.sh
[33.091s] -- Installing: /home/student18/ros2_ws/install/pendulum_msgs/share/pendulum_msgs/environment/pythonpath.dsv
[33.093s] -- Installing: /home/student18/ros2_ws/install/pendulum_msgs/local/lib/python3.10/dist-packages/pendulum_msgs-0.20.5-py3.10.egg-info
[33.093s] -- Installing: /home/student18/ros2_ws/install/pendulum_msgs/local/lib/python3.10/dist-packages/pendulum_msgs-0.20.5-py3.10.egg-info/dependency_links.txt
[33.094s] -- Installing: /home/student18/ros2_ws/install/pendulum_msgs/local/lib/python3.10/dist-packages/pendulum_msgs-0.20.5-py3.10.egg-info/SOURCES.txt
[33.095s] -- Installing: /home/student18/ros2_ws/install/pendulum_msgs/local/lib/python3.10/dist-packages/pendulum_msgs-0.20.5-py3.10.egg-info/top_level.txt
[33.096s] -- Installing: /home/student18/ros2_ws/install/pendulum_msgs/local/lib/python3.10/dist-packages/pendulum_msgs-0.20.5-py3.10.egg-info/PKG-INFO
[33.098s] -- Installing: /home/student18/ros2_ws/install/pendulum_msgs/local/lib/python3.10/dist-packages/pendulum_msgs
[33.098s] -- Installing: /home/student18/ros2_ws/install/pendulum_msgs/local/lib/python3.10/dist-packages/pendulum_msgs/pendulum_msgs_s__rosidl_typesupport_c.cpython-310-x86_64-linux-gnu.so
[33.099s] -- Installing: /home/student18/ros2_ws/install/pendulum_msgs/local/lib/python3.10/dist-packages/pendulum_msgs/_pendulum_msgs_s.ep.rosidl_typesupport_c.c
[33.099s] -- Installing: /home/student18/ros2_ws/install/pendulum_msgs/local/lib/python3.10/dist-packages/pendulum_msgs/__init__.py
[33.100s] -- Installing: /home/student18/ros2_ws/install/pendulum_msgs/local/lib/python3.10/dist-packages/pendulum_msgs/pendulum_msgs_s__rosidl_typesupport_introspection_c.cpython-310-x86_64-linux-gnu.so
[33.101s] -- Installing: /home/student18/ros2_ws/install/pendulum_msgs/local/lib/python3.10/dist-packages/pendulum_msgs/_pendulum_msgs_s.ep.rosidl_typesupport_fastrtps_c.c
[33.101s] -- Installing: /home/student18/ros2_ws/install/pendulum_msgs/local/lib/python3.10/dist-packages/pendulum_msgs/pendulum_msgs_s__rosidl_typesupport_fastrtps_c.cpython-310-x86_64-linux-gnu.so
[33.103s] -- Installing: /home/student18/ros2_ws/install/pendulum_msgs/local/lib/python3.10/dist-packages/pendulum_msgs/libpendulum_msgs__rosidl_generator_py.so
[33.103s] -- Installing: /home/student18/ros2_ws/install/pendulum_msgs/local/lib/python3.10/dist-packages/pendulum_msgs/_pendulum_msgs_s.ep.rosidl_typesupport_introspection_c.c
[33.104s] -- Installing: /home/student18/ros2_ws/install/pendulum_msgs/local/lib/python3.10/dist-packages/pendulum_msgs/msg
[33.104s] -- Installing: /home/student18/ros2_ws/install/pendulum_msgs/local/lib/python3.10/dist-packages/pendulum_msgs/msg/_rttest_results_s.c
[33.105s] -- Installing: /home/student18/ros2_ws/install/pendulum_msgs/local/lib/python3.10/dist-packages/pendulum_msgs/msg/_joint_state.py
[33.106s] -- Installing: /home/student18/ros2_ws/install/pendulum_msgs/local/lib/python3.10/dist-packages/pendulum_msgs/msg/_joint_state_s.c
[33.107s] -- Installing: /home/student18/ros2_ws/install/pendulum_msgs/local/lib/python3.10/dist-packages/pendulum_msgs/msg/_joint_command.py
[33.108s] -- Installing: /home/student18/ros2_ws/install/pendulum_msgs/local/lib/python3.10/dist-packages/pendulum_msgs/msg/__init__.py
[33.109s] -- Installing: /home/student18/ros2_ws/install/pendulum_msgs/local/lib/python3.10/dist-packages/pendulum_msgs/msg/_joint_command_s.c
[33.109s] -- Installing: /home/student18/ros2_ws/install/pendulum_msgs/local/lib/python3.10/dist-packages/pendulum_msgs/msg/_rttest_results.py
[33.257s] Listing '/home/student18/ros2_ws/install/pendulum_msgs/local/lib/python3.10/dist-packages/pendulum_msgs'...
[33.257s] Compiling '/home/student18/ros2_ws/install/pendulum_msgs/local/lib/python3.10/dist-packages/pendulum_msgs/__init__.py'...
[33.257s] Listing '/home/student18/ros2_ws/install/pendulum_msgs/local/lib/python3.10/dist-packages/pendulum_msgs/msg'...
[33.257s] Compiling '/home/student18/ros2_ws/install/pendulum_msgs/local/lib/python3.10/dist-packages/pendulum_msgs/msg/__init__.py'...
[33.257s] Compiling '/home/student18/ros2_ws/install/pendulum_msgs/local/lib/python3.10/dist-packages/pendulum_msgs/msg/_joint_command.py'...
[33.257s] Compiling '/home/student18/ros2_ws/install/pendulum_msgs/local/lib/python3.10/dist-packages/pendulum_msgs/msg/_joint_state.py'...
[33.258s] Compiling '/home/student18/ros2_ws/install/pendulum_msgs/local/lib/python3.10/dist-packages/pendulum_msgs/msg/_rttest_results.py'...
[33.265s] -- Installing: /home/student18/ros2_ws/install/pendulum_msgs/local/lib/python3.10/dist-packages/pendulum_msgs/pendulum_msgs_s__rosidl_typesupport_fastrtps_c.cpython-310-x86_64-linux-gnu.so
[33.267s] -- Set runtime path of "/home/student18/ros2_ws/install/pendulum_msgs/local/lib/python3.10/dist-packages/pendulum_msgs/pendulum_msgs_s__rosidl_typesupport_fastrtps_c.cpython-310-x86_64-linux-gnu.so" to ""
[33.268s] -- Installing: /home/student18/ros2_ws/install/pendulum_msgs/local/lib/python3.10/dist-packages/pendulum_msgs/pendulum_msgs_s__rosidl_typesupport_introspection_c.cpython-310-x86_64-linux-gnu.so
[33.268s] -- Set runtime path of "/home/student18/ros2_ws/install/pendulum_msgs/local/lib/python3.10/dist-packages/pendulum_msgs/pendulum_msgs_s__rosidl_typesupport_introspection_c.cpython-310-x86_64-linux-gnu.so" to ""
[33.269s] -- Installing: /home/student18/ros2_ws/install/pendulum_msgs/local/lib/python3.10/dist-packages/pendulum_msgs/pendulum_msgs_s__rosidl_typesupport_c.cpython-310-x86_64-linux-gnu.so
[33.269s] -- Set runtime path of "/home/student18/ros2_ws/install/pendulum_msgs/local/lib/python3.10/dist-packages/pendulum_msgs/pendulum_msgs_s__rosidl_typesupport_c.cpython-310-x86_64-linux-gnu.so" to ""
[33.269s] -- Installing: /home/student18/ros2_ws/install/pendulum_msgs/lib/libpendulum_msgs__rosidl_generator_py.so
[33.270s] -- Set runtime path of "/home/student18/ros2_ws/install/pendulum_msgs/lib/libpendulum_msgs__rosidl_generator_py.so" to ""
[33.270s] -- Installing: /home/student18/ros2_ws/install/pendulum_msgs/share/pendulum_msgs/msg/JointState.idl
[33.270s] -- Installing: /home/student18/ros2_ws/install/pendulum_msgs/share/pendulum_msgs/msg/JointCommand.idl
[33.270s] -- Installing: /home/student18/ros2_ws/install/pendulum_msgs/share/pendulum_msgs/msg/RttestResults.idl
[33.270s] -- Installing: /home/student18/ros2_ws/install/pendulum_msgs/share/pendulum_msgs/msg/JointState.msg
[33.271s] -- Installing: /home/student18/ros2_ws/install/pendulum_msgs/share/pendulum_msgs/msg/JointCommand.msg
[33.271s] -- Installing: /home/student18/ros2_ws/install/pendulum_msgs/share/pendulum_msgs/msg/RttestResults.msg
[33.271s] -- Installing: /home/student18/ros2_ws/install/pendulum_msgs/share/ament_index/resource_index/package_run_dependencies/pendulum_msgs
[33.272s] -- Installing: /home/student18/ros2_ws/install/pendulum_msgs/share/ament_index/resource_index/parent_prefix_path/pendulum_msgs
[33.272s] -- Installing: /home/student18/ros2_ws/install/pendulum_msgs/share/pendulum_msgs/environment/ament_prefix_path.sh
[33.273s] -- Installing: /home/student18/ros2_ws/install/pendulum_msgs/share/pendulum_msgs/environment/ament_prefix_path.dsv
[33.273s] -- Installing: /home/student18/ros2_ws/install/pendulum_msgs/share/pendulum_msgs/environment/path.sh
[33.275s] -- Installing: /home/student18/ros2_ws/install/pendulum_msgs/share/pendulum_msgs/environment/path.dsv
[33.276s] -- Installing: /home/student18/ros2_ws/install/pendulum_msgs/share/pendulum_msgs/local_setup.bash
[33.276s] -- Installing: /home/student18/ros2_ws/install/pendulum_msgs/share/pendulum_msgs/local_setup.sh
[33.277s] -- Installing: /home/student18/ros2_ws/install/pendulum_msgs/share/pendulum_msgs/local_setup.zsh
[33.277s] -- Installing: /home/student18/ros2_ws/install/pendulum_msgs/share/pendulum_msgs/local_setup.dsv
[33.277s] -- Installing: /home/student18/ros2_ws/install/pendulum_msgs/share/pendulum_msgs/package.dsv
[33.278s] -- Installing: /home/student18/ros2_ws/install/pendulum_msgs/share/ament_index/resource_index/packages/pendulum_msgs
[33.278s] -- Installing: /home/student18/ros2_ws/install/pendulum_msgs/share/pendulum_msgs/cmake/export_pendulum_msgs__rosidl_generator_cExport.cmake
[33.279s] -- Installing: /home/student18/ros2_ws/install/pendulum_msgs/share/pendulum_msgs/cmake/export_pendulum_msgs__rosidl_generator_cExport-noconfig.cmake
[33.292s] -- Installing: /home/student18/ros2_ws/install/pendulum_msgs/share/pendulum_msgs/cmake/export_pendulum_msgs__rosidl_typesupport_fastrtps_cExport.cmake
[33.294s] -- Installing: /home/student18/ros2_ws/install/pendulum_msgs/share/pendulum_msgs/cmake/export_pendulum_msgs__rosidl_typesupport_fastrtps_cExport-noconfig.cmake
[33.294s] -- Installing: /home/student18/ros2_ws/install/pendulum_msgs/share/pendulum_msgs/cmake/export_pendulum_msgs__rosidl_generator_cppExport.cmake
[33.295s] -- Installing: /home/student18/ros2_ws/install/pendulum_msgs/share/pendulum_msgs/cmake/export_pendulum_msgs__rosidl_typesupport_fastrtps_cppExport.cmake
[33.296s] -- Installing: /home/student18/ros2_ws/install/pendulum_msgs/share/pendulum_msgs/cmake/export_pendulum_msgs__rosidl_typesupport_fastrtps_cppExport-noconfig.cmake
[33.296s] -- Installing: /home/student18/ros2_ws/install/pendulum_msgs/share/pendulum_msgs/cmake/pendulum_msgs__rosidl_typesupport_introspection_cExport.cmake
[33.297s] -- Installing: /home/student18/ros2_ws/install/pendulum_msgs/share/pendulum_msgs/cmake/pendulum_msgs__rosidl_typesupport_introspection_cExport-noconfig.cmake
[33.297s] -- Installing: /home/student18/ros2_ws/install/pendulum_msgs/share/pendulum_msgs/cmake/pendulum_msgs__rosidl_typesupport_cExport.cmake
[33.298s] -- Installing: /home/student18/ros2_ws/install/pendulum_msgs/share/pendulum_msgs/cmake/pendulum_msgs__rosidl_typesupport_cExport-noconfig.cmake
[33.298s] -- Installing: /home/student18/ros2_ws/install/pendulum_msgs/share/pendulum_msgs/cmake/pendulum_msgs__rosidl_typesupport_introspection_cppExport.cmake
[33.298s] -- Installing: /home/student18/ros2_ws/install/pendulum_msgs/share/pendulum_msgs/cmake/pendulum_msgs__rosidl_typesupport_introspection_cppExport-noconfig.cmake
[33.299s] -- Installing: /home/student18/ros2_ws/install/pendulum_msgs/share/pendulum_msgs/cmake/pendulum_msgs__rosidl_typesupport_cppExport.cmake
[33.299s] -- Installing: /home/student18/ros2_ws/install/pendulum_msgs/share/pendulum_msgs/cmake/pendulum_msgs__rosidl_typesupport_cppExport-noconfig.cmake
[33.299s] -- Installing: /home/student18/ros2_ws/install/pendulum_msgs/share/pendulum_msgs/cmake/export_pendulum_msgs__rosidl_generator_pyExport.cmake
[33.300s] -- Installing: /home/student18/ros2_ws/install/pendulum_msgs/share/pendulum_msgs/cmake/export_pendulum_msgs__rosidl_generator_pyExport-noconfig.cmake
[33.300s] -- Installing: /home/student18/ros2_ws/install/pendulum_msgs/share/pendulum_msgs/cmake/rosidl_cmake-extras.cmake
[33.301s] -- Installing: /home/student18/ros2_ws/install/pendulum_msgs/share/pendulum_msgs/cmake/ament_cmake_export_dependencies-extras.cmake
[33.301s] -- Installing: /home/student18/ros2_ws/install/pendulum_msgs/share/pendulum_msgs/cmake/ament_cmake_export_include_directories-extras.cmake
[33.301s] -- Installing: /home/student18/ros2_ws/install/pendulum_msgs/share/pendulum_msgs/cmake/ament_cmake_export_libraries-extras.cmake
[33.301s] -- Installing: /home/student18/ros2_ws/install/pendulum_msgs/share/pendulum_msgs/cmake/ament_cmake_export_targets-extras.cmake
[33.301s] -- Installing: /home/student18/ros2_ws/install/pendulum_msgs/share/pendulum_msgs/cmake/rosidl_cmake_export_typesupport_targets-extras.cmake
[33.301s] -- Installing: /home/student18/ros2_ws/install/pendulum_msgs/share/pendulum_msgs/cmake/rosidl_cmake_export_typesupport_libraries-extras.cmake
[33.302s] -- Installing: /home/student18/ros2_ws/install/pendulum_msgs/share/pendulum_msgs/cmake/pendulum_msgsConfig.cmake
[33.302s] -- Installing: /home/student18/ros2_ws/install/pendulum_msgs/share/pendulum_msgs/cmake/pendulum_msgsConfig-version.cmake
[33.302s] -- Installing: /home/student18/ros2_ws/install/pendulum_msgs/share/pendulum_msgs/package.xml
[33.305s] Invoked command in '/home/student18/ros2_ws/build/pendulum_msgs' returned '0': CMAKE_PREFIX_PATH=${CMAKE_PREFIX_PATH}:/opt/ros/humble /usr/bin/cmake --install /home/student18/ros2_ws/build/pendulum_msgs
