/home/student18/ros2_ws/install/topic_monitor/lib/python3.10/site-packages/topic_monitor/__init__.py
/home/student18/ros2_ws/install/topic_monitor/lib/python3.10/site-packages/topic_monitor/scripts/__init__.py
/home/student18/ros2_ws/install/topic_monitor/lib/python3.10/site-packages/topic_monitor/scripts/topic_monitor.py
/home/student18/ros2_ws/install/topic_monitor/lib/python3.10/site-packages/topic_monitor/scripts/data_publisher.py
/home/student18/ros2_ws/install/topic_monitor/lib/python3.10/site-packages/topic_monitor/__pycache__/__init__.cpython-310.pyc
/home/student18/ros2_ws/install/topic_monitor/lib/python3.10/site-packages/topic_monitor/scripts/__pycache__/__init__.cpython-310.pyc
/home/student18/ros2_ws/install/topic_monitor/lib/python3.10/site-packages/topic_monitor/scripts/__pycache__/topic_monitor.cpython-310.pyc
/home/student18/ros2_ws/install/topic_monitor/lib/python3.10/site-packages/topic_monitor/scripts/__pycache__/data_publisher.cpython-310.pyc
/home/student18/ros2_ws/install/topic_monitor/share/ament_index/resource_index/packages/topic_monitor
/home/student18/ros2_ws/install/topic_monitor/share/topic_monitor/package.xml
/home/student18/ros2_ws/install/topic_monitor/share/topic_monitor/launch/fragmentation_demo.launch.py
/home/student18/ros2_ws/install/topic_monitor/share/topic_monitor/launch/reliability_demo.launch.py
/home/student18/ros2_ws/install/topic_monitor/share/topic_monitor/launch/depth_demo.launch.py
/home/student18/ros2_ws/install/topic_monitor/lib/python3.10/site-packages/topic_monitor-0.20.5-py3.10.egg-info/zip-safe
/home/student18/ros2_ws/install/topic_monitor/lib/python3.10/site-packages/topic_monitor-0.20.5-py3.10.egg-info/entry_points.txt
/home/student18/ros2_ws/install/topic_monitor/lib/python3.10/site-packages/topic_monitor-0.20.5-py3.10.egg-info/dependency_links.txt
/home/student18/ros2_ws/install/topic_monitor/lib/python3.10/site-packages/topic_monitor-0.20.5-py3.10.egg-info/requires.txt
/home/student18/ros2_ws/install/topic_monitor/lib/python3.10/site-packages/topic_monitor-0.20.5-py3.10.egg-info/SOURCES.txt
/home/student18/ros2_ws/install/topic_monitor/lib/python3.10/site-packages/topic_monitor-0.20.5-py3.10.egg-info/top_level.txt
/home/student18/ros2_ws/install/topic_monitor/lib/python3.10/site-packages/topic_monitor-0.20.5-py3.10.egg-info/PKG-INFO
/home/student18/ros2_ws/install/topic_monitor/lib/topic_monitor/data_publisher
/home/student18/ros2_ws/install/topic_monitor/lib/topic_monitor/topic_monitor
