[0.011s] Invoking command in '/home/student18/ros2_ws/build/dummy_map_server': CMAKE_PREFIX_PATH=/opt/ros/humble /usr/bin/cmake --build /home/student18/ros2_ws/build/dummy_map_server -- -j4 -l4
[0.063s] [35m[1mConsolidate compiler generated dependencies of target dummy_map_server[0m
[0.082s] [100%] Built target dummy_map_server
[0.095s] Invoked command in '/home/student18/ros2_ws/build/dummy_map_server' returned '0': CMAKE_PREFIX_PATH=/opt/ros/humble /usr/bin/cmake --build /home/student18/ros2_ws/build/dummy_map_server -- -j4 -l4
[0.097s] Invoking command in '/home/student18/ros2_ws/build/dummy_map_server': CMAKE_PREFIX_PATH=/opt/ros/humble /usr/bin/cmake --install /home/student18/ros2_ws/build/dummy_map_server
[0.106s] -- Install configuration: ""
[0.106s] -- Up-to-date: /home/student18/ros2_ws/install/dummy_map_server/lib/dummy_map_server/dummy_map_server
[0.106s] -- Up-to-date: /home/student18/ros2_ws/install/dummy_map_server/share/ament_index/resource_index/package_run_dependencies/dummy_map_server
[0.107s] -- Up-to-date: /home/student18/ros2_ws/install/dummy_map_server/share/ament_index/resource_index/parent_prefix_path/dummy_map_server
[0.107s] -- Up-to-date: /home/student18/ros2_ws/install/dummy_map_server/share/dummy_map_server/environment/ament_prefix_path.sh
[0.107s] -- Up-to-date: /home/student18/ros2_ws/install/dummy_map_server/share/dummy_map_server/environment/ament_prefix_path.dsv
[0.108s] -- Up-to-date: /home/student18/ros2_ws/install/dummy_map_server/share/dummy_map_server/environment/path.sh
[0.108s] -- Up-to-date: /home/student18/ros2_ws/install/dummy_map_server/share/dummy_map_server/environment/path.dsv
[0.108s] -- Up-to-date: /home/student18/ros2_ws/install/dummy_map_server/share/dummy_map_server/local_setup.bash
[0.109s] -- Up-to-date: /home/student18/ros2_ws/install/dummy_map_server/share/dummy_map_server/local_setup.sh
[0.109s] -- Up-to-date: /home/student18/ros2_ws/install/dummy_map_server/share/dummy_map_server/local_setup.zsh
[0.109s] -- Up-to-date: /home/student18/ros2_ws/install/dummy_map_server/share/dummy_map_server/local_setup.dsv
[0.109s] -- Installing: /home/student18/ros2_ws/install/dummy_map_server/share/dummy_map_server/package.dsv
[0.109s] -- Up-to-date: /home/student18/ros2_ws/install/dummy_map_server/share/ament_index/resource_index/packages/dummy_map_server
[0.110s] -- Up-to-date: /home/student18/ros2_ws/install/dummy_map_server/share/dummy_map_server/cmake/dummy_map_serverConfig.cmake
[0.110s] -- Up-to-date: /home/student18/ros2_ws/install/dummy_map_server/share/dummy_map_server/cmake/dummy_map_serverConfig-version.cmake
[0.110s] -- Up-to-date: /home/student18/ros2_ws/install/dummy_map_server/share/dummy_map_server/package.xml
[0.112s] Invoked command in '/home/student18/ros2_ws/build/dummy_map_server' returned '0': CMAKE_PREFIX_PATH=/opt/ros/humble /usr/bin/cmake --install /home/student18/ros2_ws/build/dummy_map_server
