[  2%] Built target pendulum_msgs__cpp
[35m[1mConsolidate compiler generated dependencies of target pendulum_msgs__rosidl_generator_c[0m
[35m[1mConsolidate compiler generated dependencies of target pendulum_msgs__rosidl_typesupport_fastrtps_cpp[0m
[35m[1mConsolidate compiler generated dependencies of target pendulum_msgs__rosidl_typesupport_cpp[0m
[ 12%] Built target pendulum_msgs__rosidl_generator_c
[ 12%] Built target ament_cmake_python_copy_pendulum_msgs
[ 27%] Built target pendulum_msgs__rosidl_typesupport_fastrtps_cpp
[ 34%] Built target pendulum_msgs__rosidl_typesupport_cpp
[35m[1mConsolidate compiler generated dependencies of target pendulum_msgs__rosidl_typesupport_introspection_cpp[0m
[35m[1mConsolidate compiler generated dependencies of target pendulum_msgs__rosidl_typesupport_fastrtps_c[0m
[35m[1mConsolidate compiler generated dependencies of target pendulum_msgs__rosidl_typesupport_c[0m
[35m[1mConsolidate compiler generated dependencies of target pendulum_msgs__rosidl_typesupport_introspection_c[0m
[ 44%] Built target pendulum_msgs__rosidl_typesupport_introspection_cpp
[ 55%] Built target pendulum_msgs__rosidl_typesupport_fastrtps_c
[ 65%] Built target pendulum_msgs__rosidl_typesupport_c
[ 76%] Built target pendulum_msgs__rosidl_typesupport_introspection_c
[ 76%] Built target pendulum_msgs
[ 78%] Built target pendulum_msgs__py
[35m[1mConsolidate compiler generated dependencies of target pendulum_msgs__rosidl_generator_py[0m
[ 87%] Built target pendulum_msgs__rosidl_generator_py
[35m[1mConsolidate compiler generated dependencies of target pendulum_msgs__rosidl_typesupport_c__pyext[0m
[35m[1mConsolidate compiler generated dependencies of target pendulum_msgs__rosidl_typesupport_fastrtps_c__pyext[0m
[35m[1mConsolidate compiler generated dependencies of target pendulum_msgs__rosidl_typesupport_introspection_c__pyext[0m
[ 91%] Built target pendulum_msgs__rosidl_typesupport_c__pyext
[ 95%] Built target pendulum_msgs__rosidl_typesupport_introspection_c__pyext
[100%] Built target pendulum_msgs__rosidl_typesupport_fastrtps_c__pyext
running egg_info
writing pendulum_msgs.egg-info/PKG-INFO
writing dependency_links to pendulum_msgs.egg-info/dependency_links.txt
writing top-level names to pendulum_msgs.egg-info/top_level.txt
reading manifest file 'pendulum_msgs.egg-info/SOURCES.txt'
writing manifest file 'pendulum_msgs.egg-info/SOURCES.txt'
[100%] Built target ament_cmake_python_build_pendulum_msgs_egg
-- Install configuration: ""
-- Up-to-date: /home/student18/ros2_ws/install/pendulum_msgs/share/ament_index/resource_index/rosidl_interfaces/pendulum_msgs
-- Up-to-date: /home/student18/ros2_ws/install/pendulum_msgs/include/pendulum_msgs/pendulum_msgs
-- Up-to-date: /home/student18/ros2_ws/install/pendulum_msgs/include/pendulum_msgs/pendulum_msgs/msg
-- Up-to-date: /home/student18/ros2_ws/install/pendulum_msgs/include/pendulum_msgs/pendulum_msgs/msg/joint_state.h
-- Up-to-date: /home/student18/ros2_ws/install/pendulum_msgs/include/pendulum_msgs/pendulum_msgs/msg/rosidl_generator_c__visibility_control.h
-- Up-to-date: /home/student18/ros2_ws/install/pendulum_msgs/include/pendulum_msgs/pendulum_msgs/msg/joint_command.h
-- Up-to-date: /home/student18/ros2_ws/install/pendulum_msgs/include/pendulum_msgs/pendulum_msgs/msg/rttest_results.h
-- Up-to-date: /home/student18/ros2_ws/install/pendulum_msgs/include/pendulum_msgs/pendulum_msgs/msg/detail
-- Up-to-date: /home/student18/ros2_ws/install/pendulum_msgs/include/pendulum_msgs/pendulum_msgs/msg/detail/rttest_results__struct.h
-- Up-to-date: /home/student18/ros2_ws/install/pendulum_msgs/include/pendulum_msgs/pendulum_msgs/msg/detail/joint_command__functions.h
-- Up-to-date: /home/student18/ros2_ws/install/pendulum_msgs/include/pendulum_msgs/pendulum_msgs/msg/detail/rttest_results__type_support.h
-- Up-to-date: /home/student18/ros2_ws/install/pendulum_msgs/include/pendulum_msgs/pendulum_msgs/msg/detail/joint_state__struct.h
-- Up-to-date: /home/student18/ros2_ws/install/pendulum_msgs/include/pendulum_msgs/pendulum_msgs/msg/detail/rttest_results__functions.c
-- Up-to-date: /home/student18/ros2_ws/install/pendulum_msgs/include/pendulum_msgs/pendulum_msgs/msg/detail/joint_command__functions.c
-- Up-to-date: /home/student18/ros2_ws/install/pendulum_msgs/include/pendulum_msgs/pendulum_msgs/msg/detail/joint_command__type_support.h
-- Up-to-date: /home/student18/ros2_ws/install/pendulum_msgs/include/pendulum_msgs/pendulum_msgs/msg/detail/joint_command__struct.h
-- Up-to-date: /home/student18/ros2_ws/install/pendulum_msgs/include/pendulum_msgs/pendulum_msgs/msg/detail/joint_state__functions.c
-- Up-to-date: /home/student18/ros2_ws/install/pendulum_msgs/include/pendulum_msgs/pendulum_msgs/msg/detail/joint_state__functions.h
-- Up-to-date: /home/student18/ros2_ws/install/pendulum_msgs/include/pendulum_msgs/pendulum_msgs/msg/detail/rttest_results__functions.h
-- Up-to-date: /home/student18/ros2_ws/install/pendulum_msgs/include/pendulum_msgs/pendulum_msgs/msg/detail/joint_state__type_support.h
-- Up-to-date: /home/student18/ros2_ws/install/pendulum_msgs/share/pendulum_msgs/environment/library_path.sh
-- Up-to-date: /home/student18/ros2_ws/install/pendulum_msgs/share/pendulum_msgs/environment/library_path.dsv
-- Up-to-date: /home/student18/ros2_ws/install/pendulum_msgs/lib/libpendulum_msgs__rosidl_generator_c.so
-- Up-to-date: /home/student18/ros2_ws/install/pendulum_msgs/include/pendulum_msgs/pendulum_msgs
-- Up-to-date: /home/student18/ros2_ws/install/pendulum_msgs/include/pendulum_msgs/pendulum_msgs/msg
-- Up-to-date: /home/student18/ros2_ws/install/pendulum_msgs/include/pendulum_msgs/pendulum_msgs/msg/rosidl_typesupport_fastrtps_c__visibility_control.h
-- Up-to-date: /home/student18/ros2_ws/install/pendulum_msgs/include/pendulum_msgs/pendulum_msgs/msg/detail
-- Up-to-date: /home/student18/ros2_ws/install/pendulum_msgs/include/pendulum_msgs/pendulum_msgs/msg/detail/rttest_results__rosidl_typesupport_fastrtps_c.h
-- Up-to-date: /home/student18/ros2_ws/install/pendulum_msgs/include/pendulum_msgs/pendulum_msgs/msg/detail/joint_state__rosidl_typesupport_fastrtps_c.h
-- Up-to-date: /home/student18/ros2_ws/install/pendulum_msgs/include/pendulum_msgs/pendulum_msgs/msg/detail/joint_command__rosidl_typesupport_fastrtps_c.h
-- Up-to-date: /home/student18/ros2_ws/install/pendulum_msgs/lib/libpendulum_msgs__rosidl_typesupport_fastrtps_c.so
-- Up-to-date: /home/student18/ros2_ws/install/pendulum_msgs/include/pendulum_msgs/pendulum_msgs
-- Up-to-date: /home/student18/ros2_ws/install/pendulum_msgs/include/pendulum_msgs/pendulum_msgs/msg
-- Up-to-date: /home/student18/ros2_ws/install/pendulum_msgs/include/pendulum_msgs/pendulum_msgs/msg/rosidl_generator_cpp__visibility_control.hpp
-- Up-to-date: /home/student18/ros2_ws/install/pendulum_msgs/include/pendulum_msgs/pendulum_msgs/msg/detail
-- Up-to-date: /home/student18/ros2_ws/install/pendulum_msgs/include/pendulum_msgs/pendulum_msgs/msg/detail/rttest_results__type_support.hpp
-- Up-to-date: /home/student18/ros2_ws/install/pendulum_msgs/include/pendulum_msgs/pendulum_msgs/msg/detail/joint_command__struct.hpp
-- Up-to-date: /home/student18/ros2_ws/install/pendulum_msgs/include/pendulum_msgs/pendulum_msgs/msg/detail/joint_state__builder.hpp
-- Up-to-date: /home/student18/ros2_ws/install/pendulum_msgs/include/pendulum_msgs/pendulum_msgs/msg/detail/rttest_results__builder.hpp
-- Up-to-date: /home/student18/ros2_ws/install/pendulum_msgs/include/pendulum_msgs/pendulum_msgs/msg/detail/joint_command__type_support.hpp
-- Up-to-date: /home/student18/ros2_ws/install/pendulum_msgs/include/pendulum_msgs/pendulum_msgs/msg/detail/joint_command__builder.hpp
-- Up-to-date: /home/student18/ros2_ws/install/pendulum_msgs/include/pendulum_msgs/pendulum_msgs/msg/detail/rttest_results__traits.hpp
-- Up-to-date: /home/student18/ros2_ws/install/pendulum_msgs/include/pendulum_msgs/pendulum_msgs/msg/detail/joint_state__traits.hpp
-- Up-to-date: /home/student18/ros2_ws/install/pendulum_msgs/include/pendulum_msgs/pendulum_msgs/msg/detail/joint_command__traits.hpp
-- Up-to-date: /home/student18/ros2_ws/install/pendulum_msgs/include/pendulum_msgs/pendulum_msgs/msg/detail/joint_state__struct.hpp
-- Up-to-date: /home/student18/ros2_ws/install/pendulum_msgs/include/pendulum_msgs/pendulum_msgs/msg/detail/rttest_results__struct.hpp
-- Up-to-date: /home/student18/ros2_ws/install/pendulum_msgs/include/pendulum_msgs/pendulum_msgs/msg/detail/joint_state__type_support.hpp
-- Up-to-date: /home/student18/ros2_ws/install/pendulum_msgs/include/pendulum_msgs/pendulum_msgs/msg/joint_state.hpp
-- Up-to-date: /home/student18/ros2_ws/install/pendulum_msgs/include/pendulum_msgs/pendulum_msgs/msg/rttest_results.hpp
-- Up-to-date: /home/student18/ros2_ws/install/pendulum_msgs/include/pendulum_msgs/pendulum_msgs/msg/joint_command.hpp
-- Up-to-date: /home/student18/ros2_ws/install/pendulum_msgs/include/pendulum_msgs/pendulum_msgs
-- Up-to-date: /home/student18/ros2_ws/install/pendulum_msgs/include/pendulum_msgs/pendulum_msgs/msg
-- Up-to-date: /home/student18/ros2_ws/install/pendulum_msgs/include/pendulum_msgs/pendulum_msgs/msg/rosidl_typesupport_fastrtps_cpp__visibility_control.h
-- Up-to-date: /home/student18/ros2_ws/install/pendulum_msgs/include/pendulum_msgs/pendulum_msgs/msg/detail
-- Up-to-date: /home/student18/ros2_ws/install/pendulum_msgs/include/pendulum_msgs/pendulum_msgs/msg/detail/joint_state__rosidl_typesupport_fastrtps_cpp.hpp
-- Up-to-date: /home/student18/ros2_ws/install/pendulum_msgs/include/pendulum_msgs/pendulum_msgs/msg/detail/dds_fastrtps
-- Up-to-date: /home/student18/ros2_ws/install/pendulum_msgs/include/pendulum_msgs/pendulum_msgs/msg/detail/joint_command__rosidl_typesupport_fastrtps_cpp.hpp
-- Up-to-date: /home/student18/ros2_ws/install/pendulum_msgs/include/pendulum_msgs/pendulum_msgs/msg/detail/rttest_results__rosidl_typesupport_fastrtps_cpp.hpp
-- Up-to-date: /home/student18/ros2_ws/install/pendulum_msgs/lib/libpendulum_msgs__rosidl_typesupport_fastrtps_cpp.so
-- Up-to-date: /home/student18/ros2_ws/install/pendulum_msgs/include/pendulum_msgs/pendulum_msgs
-- Up-to-date: /home/student18/ros2_ws/install/pendulum_msgs/include/pendulum_msgs/pendulum_msgs/msg
-- Up-to-date: /home/student18/ros2_ws/install/pendulum_msgs/include/pendulum_msgs/pendulum_msgs/msg/rosidl_typesupport_introspection_c__visibility_control.h
-- Up-to-date: /home/student18/ros2_ws/install/pendulum_msgs/include/pendulum_msgs/pendulum_msgs/msg/detail
-- Up-to-date: /home/student18/ros2_ws/install/pendulum_msgs/include/pendulum_msgs/pendulum_msgs/msg/detail/rttest_results__type_support.c
-- Up-to-date: /home/student18/ros2_ws/install/pendulum_msgs/include/pendulum_msgs/pendulum_msgs/msg/detail/joint_command__rosidl_typesupport_introspection_c.h
-- Up-to-date: /home/student18/ros2_ws/install/pendulum_msgs/include/pendulum_msgs/pendulum_msgs/msg/detail/joint_command__type_support.c
-- Up-to-date: /home/student18/ros2_ws/install/pendulum_msgs/include/pendulum_msgs/pendulum_msgs/msg/detail/joint_state__rosidl_typesupport_introspection_c.h
-- Up-to-date: /home/student18/ros2_ws/install/pendulum_msgs/include/pendulum_msgs/pendulum_msgs/msg/detail/rttest_results__rosidl_typesupport_introspection_c.h
-- Up-to-date: /home/student18/ros2_ws/install/pendulum_msgs/include/pendulum_msgs/pendulum_msgs/msg/detail/joint_state__type_support.c
-- Up-to-date: /home/student18/ros2_ws/install/pendulum_msgs/lib/libpendulum_msgs__rosidl_typesupport_introspection_c.so
-- Up-to-date: /home/student18/ros2_ws/install/pendulum_msgs/lib/libpendulum_msgs__rosidl_typesupport_c.so
-- Up-to-date: /home/student18/ros2_ws/install/pendulum_msgs/include/pendulum_msgs/pendulum_msgs
-- Up-to-date: /home/student18/ros2_ws/install/pendulum_msgs/include/pendulum_msgs/pendulum_msgs/msg
-- Up-to-date: /home/student18/ros2_ws/install/pendulum_msgs/include/pendulum_msgs/pendulum_msgs/msg/detail
-- Up-to-date: /home/student18/ros2_ws/install/pendulum_msgs/include/pendulum_msgs/pendulum_msgs/msg/detail/rttest_results__rosidl_typesupport_introspection_cpp.hpp
-- Up-to-date: /home/student18/ros2_ws/install/pendulum_msgs/include/pendulum_msgs/pendulum_msgs/msg/detail/joint_command__rosidl_typesupport_introspection_cpp.hpp
-- Up-to-date: /home/student18/ros2_ws/install/pendulum_msgs/include/pendulum_msgs/pendulum_msgs/msg/detail/joint_command__type_support.cpp
-- Up-to-date: /home/student18/ros2_ws/install/pendulum_msgs/include/pendulum_msgs/pendulum_msgs/msg/detail/joint_state__type_support.cpp
-- Up-to-date: /home/student18/ros2_ws/install/pendulum_msgs/include/pendulum_msgs/pendulum_msgs/msg/detail/joint_state__rosidl_typesupport_introspection_cpp.hpp
-- Up-to-date: /home/student18/ros2_ws/install/pendulum_msgs/include/pendulum_msgs/pendulum_msgs/msg/detail/rttest_results__type_support.cpp
-- Up-to-date: /home/student18/ros2_ws/install/pendulum_msgs/lib/libpendulum_msgs__rosidl_typesupport_introspection_cpp.so
-- Up-to-date: /home/student18/ros2_ws/install/pendulum_msgs/lib/libpendulum_msgs__rosidl_typesupport_cpp.so
-- Up-to-date: /home/student18/ros2_ws/install/pendulum_msgs/share/pendulum_msgs/environment/pythonpath.sh
-- Up-to-date: /home/student18/ros2_ws/install/pendulum_msgs/share/pendulum_msgs/environment/pythonpath.dsv
-- Up-to-date: /home/student18/ros2_ws/install/pendulum_msgs/local/lib/python3.10/dist-packages/pendulum_msgs-0.20.5-py3.10.egg-info
-- Installing: /home/student18/ros2_ws/install/pendulum_msgs/local/lib/python3.10/dist-packages/pendulum_msgs-0.20.5-py3.10.egg-info/dependency_links.txt
-- Installing: /home/student18/ros2_ws/install/pendulum_msgs/local/lib/python3.10/dist-packages/pendulum_msgs-0.20.5-py3.10.egg-info/SOURCES.txt
-- Installing: /home/student18/ros2_ws/install/pendulum_msgs/local/lib/python3.10/dist-packages/pendulum_msgs-0.20.5-py3.10.egg-info/top_level.txt
-- Installing: /home/student18/ros2_ws/install/pendulum_msgs/local/lib/python3.10/dist-packages/pendulum_msgs-0.20.5-py3.10.egg-info/PKG-INFO
-- Up-to-date: /home/student18/ros2_ws/install/pendulum_msgs/local/lib/python3.10/dist-packages/pendulum_msgs
-- Up-to-date: /home/student18/ros2_ws/install/pendulum_msgs/local/lib/python3.10/dist-packages/pendulum_msgs/pendulum_msgs_s__rosidl_typesupport_c.cpython-310-x86_64-linux-gnu.so
-- Up-to-date: /home/student18/ros2_ws/install/pendulum_msgs/local/lib/python3.10/dist-packages/pendulum_msgs/_pendulum_msgs_s.ep.rosidl_typesupport_c.c
-- Up-to-date: /home/student18/ros2_ws/install/pendulum_msgs/local/lib/python3.10/dist-packages/pendulum_msgs/__init__.py
-- Up-to-date: /home/student18/ros2_ws/install/pendulum_msgs/local/lib/python3.10/dist-packages/pendulum_msgs/pendulum_msgs_s__rosidl_typesupport_introspection_c.cpython-310-x86_64-linux-gnu.so
-- Up-to-date: /home/student18/ros2_ws/install/pendulum_msgs/local/lib/python3.10/dist-packages/pendulum_msgs/_pendulum_msgs_s.ep.rosidl_typesupport_fastrtps_c.c
-- Up-to-date: /home/student18/ros2_ws/install/pendulum_msgs/local/lib/python3.10/dist-packages/pendulum_msgs/pendulum_msgs_s__rosidl_typesupport_fastrtps_c.cpython-310-x86_64-linux-gnu.so
-- Up-to-date: /home/student18/ros2_ws/install/pendulum_msgs/local/lib/python3.10/dist-packages/pendulum_msgs/libpendulum_msgs__rosidl_generator_py.so
-- Up-to-date: /home/student18/ros2_ws/install/pendulum_msgs/local/lib/python3.10/dist-packages/pendulum_msgs/_pendulum_msgs_s.ep.rosidl_typesupport_introspection_c.c
-- Up-to-date: /home/student18/ros2_ws/install/pendulum_msgs/local/lib/python3.10/dist-packages/pendulum_msgs/msg
-- Up-to-date: /home/student18/ros2_ws/install/pendulum_msgs/local/lib/python3.10/dist-packages/pendulum_msgs/msg/_rttest_results_s.c
-- Up-to-date: /home/student18/ros2_ws/install/pendulum_msgs/local/lib/python3.10/dist-packages/pendulum_msgs/msg/_joint_state.py
-- Up-to-date: /home/student18/ros2_ws/install/pendulum_msgs/local/lib/python3.10/dist-packages/pendulum_msgs/msg/_joint_state_s.c
-- Up-to-date: /home/student18/ros2_ws/install/pendulum_msgs/local/lib/python3.10/dist-packages/pendulum_msgs/msg/_joint_command.py
-- Up-to-date: /home/student18/ros2_ws/install/pendulum_msgs/local/lib/python3.10/dist-packages/pendulum_msgs/msg/__init__.py
-- Up-to-date: /home/student18/ros2_ws/install/pendulum_msgs/local/lib/python3.10/dist-packages/pendulum_msgs/msg/_joint_command_s.c
-- Up-to-date: /home/student18/ros2_ws/install/pendulum_msgs/local/lib/python3.10/dist-packages/pendulum_msgs/msg/_rttest_results.py
Listing '/home/student18/ros2_ws/install/pendulum_msgs/local/lib/python3.10/dist-packages/pendulum_msgs'...
Listing '/home/student18/ros2_ws/install/pendulum_msgs/local/lib/python3.10/dist-packages/pendulum_msgs/msg'...
-- Up-to-date: /home/student18/ros2_ws/install/pendulum_msgs/local/lib/python3.10/dist-packages/pendulum_msgs/pendulum_msgs_s__rosidl_typesupport_fastrtps_c.cpython-310-x86_64-linux-gnu.so
-- Up-to-date: /home/student18/ros2_ws/install/pendulum_msgs/local/lib/python3.10/dist-packages/pendulum_msgs/pendulum_msgs_s__rosidl_typesupport_introspection_c.cpython-310-x86_64-linux-gnu.so
-- Up-to-date: /home/student18/ros2_ws/install/pendulum_msgs/local/lib/python3.10/dist-packages/pendulum_msgs/pendulum_msgs_s__rosidl_typesupport_c.cpython-310-x86_64-linux-gnu.so
-- Up-to-date: /home/student18/ros2_ws/install/pendulum_msgs/lib/libpendulum_msgs__rosidl_generator_py.so
-- Up-to-date: /home/student18/ros2_ws/install/pendulum_msgs/share/pendulum_msgs/msg/JointState.idl
-- Up-to-date: /home/student18/ros2_ws/install/pendulum_msgs/share/pendulum_msgs/msg/JointCommand.idl
-- Up-to-date: /home/student18/ros2_ws/install/pendulum_msgs/share/pendulum_msgs/msg/RttestResults.idl
-- Up-to-date: /home/student18/ros2_ws/install/pendulum_msgs/share/pendulum_msgs/msg/JointState.msg
-- Up-to-date: /home/student18/ros2_ws/install/pendulum_msgs/share/pendulum_msgs/msg/JointCommand.msg
-- Up-to-date: /home/student18/ros2_ws/install/pendulum_msgs/share/pendulum_msgs/msg/RttestResults.msg
-- Up-to-date: /home/student18/ros2_ws/install/pendulum_msgs/share/ament_index/resource_index/package_run_dependencies/pendulum_msgs
-- Up-to-date: /home/student18/ros2_ws/install/pendulum_msgs/share/ament_index/resource_index/parent_prefix_path/pendulum_msgs
-- Up-to-date: /home/student18/ros2_ws/install/pendulum_msgs/share/pendulum_msgs/environment/ament_prefix_path.sh
-- Up-to-date: /home/student18/ros2_ws/install/pendulum_msgs/share/pendulum_msgs/environment/ament_prefix_path.dsv
-- Up-to-date: /home/student18/ros2_ws/install/pendulum_msgs/share/pendulum_msgs/environment/path.sh
-- Up-to-date: /home/student18/ros2_ws/install/pendulum_msgs/share/pendulum_msgs/environment/path.dsv
-- Up-to-date: /home/student18/ros2_ws/install/pendulum_msgs/share/pendulum_msgs/local_setup.bash
-- Up-to-date: /home/student18/ros2_ws/install/pendulum_msgs/share/pendulum_msgs/local_setup.sh
-- Up-to-date: /home/student18/ros2_ws/install/pendulum_msgs/share/pendulum_msgs/local_setup.zsh
-- Up-to-date: /home/student18/ros2_ws/install/pendulum_msgs/share/pendulum_msgs/local_setup.dsv
-- Installing: /home/student18/ros2_ws/install/pendulum_msgs/share/pendulum_msgs/package.dsv
-- Up-to-date: /home/student18/ros2_ws/install/pendulum_msgs/share/ament_index/resource_index/packages/pendulum_msgs
-- Up-to-date: /home/student18/ros2_ws/install/pendulum_msgs/share/pendulum_msgs/cmake/export_pendulum_msgs__rosidl_generator_cExport.cmake
-- Up-to-date: /home/student18/ros2_ws/install/pendulum_msgs/share/pendulum_msgs/cmake/export_pendulum_msgs__rosidl_generator_cExport-noconfig.cmake
-- Up-to-date: /home/student18/ros2_ws/install/pendulum_msgs/share/pendulum_msgs/cmake/export_pendulum_msgs__rosidl_typesupport_fastrtps_cExport.cmake
-- Up-to-date: /home/student18/ros2_ws/install/pendulum_msgs/share/pendulum_msgs/cmake/export_pendulum_msgs__rosidl_typesupport_fastrtps_cExport-noconfig.cmake
-- Up-to-date: /home/student18/ros2_ws/install/pendulum_msgs/share/pendulum_msgs/cmake/export_pendulum_msgs__rosidl_generator_cppExport.cmake
-- Up-to-date: /home/student18/ros2_ws/install/pendulum_msgs/share/pendulum_msgs/cmake/export_pendulum_msgs__rosidl_typesupport_fastrtps_cppExport.cmake
-- Up-to-date: /home/student18/ros2_ws/install/pendulum_msgs/share/pendulum_msgs/cmake/export_pendulum_msgs__rosidl_typesupport_fastrtps_cppExport-noconfig.cmake
-- Up-to-date: /home/student18/ros2_ws/install/pendulum_msgs/share/pendulum_msgs/cmake/pendulum_msgs__rosidl_typesupport_introspection_cExport.cmake
-- Up-to-date: /home/student18/ros2_ws/install/pendulum_msgs/share/pendulum_msgs/cmake/pendulum_msgs__rosidl_typesupport_introspection_cExport-noconfig.cmake
-- Up-to-date: /home/student18/ros2_ws/install/pendulum_msgs/share/pendulum_msgs/cmake/pendulum_msgs__rosidl_typesupport_cExport.cmake
-- Up-to-date: /home/student18/ros2_ws/install/pendulum_msgs/share/pendulum_msgs/cmake/pendulum_msgs__rosidl_typesupport_cExport-noconfig.cmake
-- Up-to-date: /home/student18/ros2_ws/install/pendulum_msgs/share/pendulum_msgs/cmake/pendulum_msgs__rosidl_typesupport_introspection_cppExport.cmake
-- Up-to-date: /home/student18/ros2_ws/install/pendulum_msgs/share/pendulum_msgs/cmake/pendulum_msgs__rosidl_typesupport_introspection_cppExport-noconfig.cmake
-- Up-to-date: /home/student18/ros2_ws/install/pendulum_msgs/share/pendulum_msgs/cmake/pendulum_msgs__rosidl_typesupport_cppExport.cmake
-- Up-to-date: /home/student18/ros2_ws/install/pendulum_msgs/share/pendulum_msgs/cmake/pendulum_msgs__rosidl_typesupport_cppExport-noconfig.cmake
-- Up-to-date: /home/student18/ros2_ws/install/pendulum_msgs/share/pendulum_msgs/cmake/export_pendulum_msgs__rosidl_generator_pyExport.cmake
-- Up-to-date: /home/student18/ros2_ws/install/pendulum_msgs/share/pendulum_msgs/cmake/export_pendulum_msgs__rosidl_generator_pyExport-noconfig.cmake
-- Up-to-date: /home/student18/ros2_ws/install/pendulum_msgs/share/pendulum_msgs/cmake/rosidl_cmake-extras.cmake
-- Up-to-date: /home/student18/ros2_ws/install/pendulum_msgs/share/pendulum_msgs/cmake/ament_cmake_export_dependencies-extras.cmake
-- Up-to-date: /home/student18/ros2_ws/install/pendulum_msgs/share/pendulum_msgs/cmake/ament_cmake_export_include_directories-extras.cmake
-- Up-to-date: /home/student18/ros2_ws/install/pendulum_msgs/share/pendulum_msgs/cmake/ament_cmake_export_libraries-extras.cmake
-- Up-to-date: /home/student18/ros2_ws/install/pendulum_msgs/share/pendulum_msgs/cmake/ament_cmake_export_targets-extras.cmake
-- Up-to-date: /home/student18/ros2_ws/install/pendulum_msgs/share/pendulum_msgs/cmake/rosidl_cmake_export_typesupport_targets-extras.cmake
-- Up-to-date: /home/student18/ros2_ws/install/pendulum_msgs/share/pendulum_msgs/cmake/rosidl_cmake_export_typesupport_libraries-extras.cmake
-- Up-to-date: /home/student18/ros2_ws/install/pendulum_msgs/share/pendulum_msgs/cmake/pendulum_msgsConfig.cmake
-- Up-to-date: /home/student18/ros2_ws/install/pendulum_msgs/share/pendulum_msgs/cmake/pendulum_msgsConfig-version.cmake
-- Up-to-date: /home/student18/ros2_ws/install/pendulum_msgs/share/pendulum_msgs/package.xml
