[0.007s] Invoking command in '/home/student18/ros2_ws/build/pendulum_msgs': CMAKE_PREFIX_PATH=/opt/ros/humble /usr/bin/cmake --build /home/student18/ros2_ws/build/pendulum_msgs -- -j4 -l4
[0.062s] [  2%] Built target pendulum_msgs__cpp
[0.067s] [35m[1mConsolidate compiler generated dependencies of target pendulum_msgs__rosidl_generator_c[0m
[0.082s] [35m[1mConsolidate compiler generated dependencies of target pendulum_msgs__rosidl_typesupport_fastrtps_cpp[0m
[0.082s] [35m[1mConsolidate compiler generated dependencies of target pendulum_msgs__rosidl_typesupport_cpp[0m
[0.086s] [ 12%] Built target pendulum_msgs__rosidl_generator_c
[0.096s] [ 12%] Built target ament_cmake_python_copy_pendulum_msgs
[0.104s] [ 27%] Built target pendulum_msgs__rosidl_typesupport_fastrtps_cpp
[0.105s] [ 34%] Built target pendulum_msgs__rosidl_typesupport_cpp
[0.106s] [35m[1mConsolidate compiler generated dependencies of target pendulum_msgs__rosidl_typesupport_introspection_cpp[0m
[0.115s] [35m[1mConsolidate compiler generated dependencies of target pendulum_msgs__rosidl_typesupport_fastrtps_c[0m
[0.121s] [35m[1mConsolidate compiler generated dependencies of target pendulum_msgs__rosidl_typesupport_c[0m
[0.123s] [35m[1mConsolidate compiler generated dependencies of target pendulum_msgs__rosidl_typesupport_introspection_c[0m
[0.128s] [ 44%] Built target pendulum_msgs__rosidl_typesupport_introspection_cpp
[0.138s] [ 55%] Built target pendulum_msgs__rosidl_typesupport_fastrtps_c
[0.139s] [ 65%] Built target pendulum_msgs__rosidl_typesupport_c
[0.142s] [ 76%] Built target pendulum_msgs__rosidl_typesupport_introspection_c
[0.167s] [ 76%] Built target pendulum_msgs
[0.188s] [ 78%] Built target pendulum_msgs__py
[0.201s] [35m[1mConsolidate compiler generated dependencies of target pendulum_msgs__rosidl_generator_py[0m
[0.218s] [ 87%] Built target pendulum_msgs__rosidl_generator_py
[0.235s] [35m[1mConsolidate compiler generated dependencies of target pendulum_msgs__rosidl_typesupport_c__pyext[0m
[0.239s] [35m[1mConsolidate compiler generated dependencies of target pendulum_msgs__rosidl_typesupport_fastrtps_c__pyext[0m
[0.239s] [35m[1mConsolidate compiler generated dependencies of target pendulum_msgs__rosidl_typesupport_introspection_c__pyext[0m
[0.257s] [ 91%] Built target pendulum_msgs__rosidl_typesupport_c__pyext
[0.261s] [ 95%] Built target pendulum_msgs__rosidl_typesupport_introspection_c__pyext
[0.265s] [100%] Built target pendulum_msgs__rosidl_typesupport_fastrtps_c__pyext
[0.414s] running egg_info
[0.432s] writing pendulum_msgs.egg-info/PKG-INFO
[0.432s] writing dependency_links to pendulum_msgs.egg-info/dependency_links.txt
[0.433s] writing top-level names to pendulum_msgs.egg-info/top_level.txt
[0.440s] /usr/lib/python3/dist-packages/pbr/git.py:28: UserWarning: pkg_resources is deprecated as an API. See https://setuptools.pypa.io/en/latest/pkg_resources.html. The pkg_resources package is slated for removal as early as 2025-11-30. Refrain from using this package or pin to Setuptools<81.
[0.440s]   import pkg_resources
[0.585s] reading manifest file 'pendulum_msgs.egg-info/SOURCES.txt'
[0.587s] writing manifest file 'pendulum_msgs.egg-info/SOURCES.txt'
[0.634s] [100%] Built target ament_cmake_python_build_pendulum_msgs_egg
[0.649s] Invoked command in '/home/student18/ros2_ws/build/pendulum_msgs' returned '0': CMAKE_PREFIX_PATH=/opt/ros/humble /usr/bin/cmake --build /home/student18/ros2_ws/build/pendulum_msgs -- -j4 -l4
[0.652s] Invoking command in '/home/student18/ros2_ws/build/pendulum_msgs': CMAKE_PREFIX_PATH=/opt/ros/humble /usr/bin/cmake --install /home/student18/ros2_ws/build/pendulum_msgs
[0.660s] -- Install configuration: ""
[0.661s] -- Up-to-date: /home/student18/ros2_ws/install/pendulum_msgs/share/ament_index/resource_index/rosidl_interfaces/pendulum_msgs
[0.662s] -- Up-to-date: /home/student18/ros2_ws/install/pendulum_msgs/include/pendulum_msgs/pendulum_msgs
[0.663s] -- Up-to-date: /home/student18/ros2_ws/install/pendulum_msgs/include/pendulum_msgs/pendulum_msgs/msg
[0.663s] -- Up-to-date: /home/student18/ros2_ws/install/pendulum_msgs/include/pendulum_msgs/pendulum_msgs/msg/joint_state.h
[0.664s] -- Up-to-date: /home/student18/ros2_ws/install/pendulum_msgs/include/pendulum_msgs/pendulum_msgs/msg/rosidl_generator_c__visibility_control.h
[0.665s] -- Up-to-date: /home/student18/ros2_ws/install/pendulum_msgs/include/pendulum_msgs/pendulum_msgs/msg/joint_command.h
[0.665s] -- Up-to-date: /home/student18/ros2_ws/install/pendulum_msgs/include/pendulum_msgs/pendulum_msgs/msg/rttest_results.h
[0.666s] -- Up-to-date: /home/student18/ros2_ws/install/pendulum_msgs/include/pendulum_msgs/pendulum_msgs/msg/detail
[0.666s] -- Up-to-date: /home/student18/ros2_ws/install/pendulum_msgs/include/pendulum_msgs/pendulum_msgs/msg/detail/rttest_results__struct.h
[0.667s] -- Up-to-date: /home/student18/ros2_ws/install/pendulum_msgs/include/pendulum_msgs/pendulum_msgs/msg/detail/joint_command__functions.h
[0.667s] -- Up-to-date: /home/student18/ros2_ws/install/pendulum_msgs/include/pendulum_msgs/pendulum_msgs/msg/detail/rttest_results__type_support.h
[0.668s] -- Up-to-date: /home/student18/ros2_ws/install/pendulum_msgs/include/pendulum_msgs/pendulum_msgs/msg/detail/joint_state__struct.h
[0.668s] -- Up-to-date: /home/student18/ros2_ws/install/pendulum_msgs/include/pendulum_msgs/pendulum_msgs/msg/detail/rttest_results__functions.c
[0.669s] -- Up-to-date: /home/student18/ros2_ws/install/pendulum_msgs/include/pendulum_msgs/pendulum_msgs/msg/detail/joint_command__functions.c
[0.669s] -- Up-to-date: /home/student18/ros2_ws/install/pendulum_msgs/include/pendulum_msgs/pendulum_msgs/msg/detail/joint_command__type_support.h
[0.669s] -- Up-to-date: /home/student18/ros2_ws/install/pendulum_msgs/include/pendulum_msgs/pendulum_msgs/msg/detail/joint_command__struct.h
[0.670s] -- Up-to-date: /home/student18/ros2_ws/install/pendulum_msgs/include/pendulum_msgs/pendulum_msgs/msg/detail/joint_state__functions.c
[0.670s] -- Up-to-date: /home/student18/ros2_ws/install/pendulum_msgs/include/pendulum_msgs/pendulum_msgs/msg/detail/joint_state__functions.h
[0.670s] -- Up-to-date: /home/student18/ros2_ws/install/pendulum_msgs/include/pendulum_msgs/pendulum_msgs/msg/detail/rttest_results__functions.h
[0.670s] -- Up-to-date: /home/student18/ros2_ws/install/pendulum_msgs/include/pendulum_msgs/pendulum_msgs/msg/detail/joint_state__type_support.h
[0.670s] -- Up-to-date: /home/student18/ros2_ws/install/pendulum_msgs/share/pendulum_msgs/environment/library_path.sh
[0.670s] -- Up-to-date: /home/student18/ros2_ws/install/pendulum_msgs/share/pendulum_msgs/environment/library_path.dsv
[0.671s] -- Up-to-date: /home/student18/ros2_ws/install/pendulum_msgs/lib/libpendulum_msgs__rosidl_generator_c.so
[0.671s] -- Up-to-date: /home/student18/ros2_ws/install/pendulum_msgs/include/pendulum_msgs/pendulum_msgs
[0.671s] -- Up-to-date: /home/student18/ros2_ws/install/pendulum_msgs/include/pendulum_msgs/pendulum_msgs/msg
[0.671s] -- Up-to-date: /home/student18/ros2_ws/install/pendulum_msgs/include/pendulum_msgs/pendulum_msgs/msg/rosidl_typesupport_fastrtps_c__visibility_control.h
[0.671s] -- Up-to-date: /home/student18/ros2_ws/install/pendulum_msgs/include/pendulum_msgs/pendulum_msgs/msg/detail
[0.671s] -- Up-to-date: /home/student18/ros2_ws/install/pendulum_msgs/include/pendulum_msgs/pendulum_msgs/msg/detail/rttest_results__rosidl_typesupport_fastrtps_c.h
[0.672s] -- Up-to-date: /home/student18/ros2_ws/install/pendulum_msgs/include/pendulum_msgs/pendulum_msgs/msg/detail/joint_state__rosidl_typesupport_fastrtps_c.h
[0.672s] -- Up-to-date: /home/student18/ros2_ws/install/pendulum_msgs/include/pendulum_msgs/pendulum_msgs/msg/detail/joint_command__rosidl_typesupport_fastrtps_c.h
[0.672s] -- Up-to-date: /home/student18/ros2_ws/install/pendulum_msgs/lib/libpendulum_msgs__rosidl_typesupport_fastrtps_c.so
[0.672s] -- Up-to-date: /home/student18/ros2_ws/install/pendulum_msgs/include/pendulum_msgs/pendulum_msgs
[0.672s] -- Up-to-date: /home/student18/ros2_ws/install/pendulum_msgs/include/pendulum_msgs/pendulum_msgs/msg
[0.672s] -- Up-to-date: /home/student18/ros2_ws/install/pendulum_msgs/include/pendulum_msgs/pendulum_msgs/msg/rosidl_generator_cpp__visibility_control.hpp
[0.673s] -- Up-to-date: /home/student18/ros2_ws/install/pendulum_msgs/include/pendulum_msgs/pendulum_msgs/msg/detail
[0.673s] -- Up-to-date: /home/student18/ros2_ws/install/pendulum_msgs/include/pendulum_msgs/pendulum_msgs/msg/detail/rttest_results__type_support.hpp
[0.673s] -- Up-to-date: /home/student18/ros2_ws/install/pendulum_msgs/include/pendulum_msgs/pendulum_msgs/msg/detail/joint_command__struct.hpp
[0.673s] -- Up-to-date: /home/student18/ros2_ws/install/pendulum_msgs/include/pendulum_msgs/pendulum_msgs/msg/detail/joint_state__builder.hpp
[0.673s] -- Up-to-date: /home/student18/ros2_ws/install/pendulum_msgs/include/pendulum_msgs/pendulum_msgs/msg/detail/rttest_results__builder.hpp
[0.673s] -- Up-to-date: /home/student18/ros2_ws/install/pendulum_msgs/include/pendulum_msgs/pendulum_msgs/msg/detail/joint_command__type_support.hpp
[0.673s] -- Up-to-date: /home/student18/ros2_ws/install/pendulum_msgs/include/pendulum_msgs/pendulum_msgs/msg/detail/joint_command__builder.hpp
[0.674s] -- Up-to-date: /home/student18/ros2_ws/install/pendulum_msgs/include/pendulum_msgs/pendulum_msgs/msg/detail/rttest_results__traits.hpp
[0.674s] -- Up-to-date: /home/student18/ros2_ws/install/pendulum_msgs/include/pendulum_msgs/pendulum_msgs/msg/detail/joint_state__traits.hpp
[0.674s] -- Up-to-date: /home/student18/ros2_ws/install/pendulum_msgs/include/pendulum_msgs/pendulum_msgs/msg/detail/joint_command__traits.hpp
[0.674s] -- Up-to-date: /home/student18/ros2_ws/install/pendulum_msgs/include/pendulum_msgs/pendulum_msgs/msg/detail/joint_state__struct.hpp
[0.674s] -- Up-to-date: /home/student18/ros2_ws/install/pendulum_msgs/include/pendulum_msgs/pendulum_msgs/msg/detail/rttest_results__struct.hpp
[0.674s] -- Up-to-date: /home/student18/ros2_ws/install/pendulum_msgs/include/pendulum_msgs/pendulum_msgs/msg/detail/joint_state__type_support.hpp
[0.674s] -- Up-to-date: /home/student18/ros2_ws/install/pendulum_msgs/include/pendulum_msgs/pendulum_msgs/msg/joint_state.hpp
[0.674s] -- Up-to-date: /home/student18/ros2_ws/install/pendulum_msgs/include/pendulum_msgs/pendulum_msgs/msg/rttest_results.hpp
[0.675s] -- Up-to-date: /home/student18/ros2_ws/install/pendulum_msgs/include/pendulum_msgs/pendulum_msgs/msg/joint_command.hpp
[0.675s] -- Up-to-date: /home/student18/ros2_ws/install/pendulum_msgs/include/pendulum_msgs/pendulum_msgs
[0.675s] -- Up-to-date: /home/student18/ros2_ws/install/pendulum_msgs/include/pendulum_msgs/pendulum_msgs/msg
[0.675s] -- Up-to-date: /home/student18/ros2_ws/install/pendulum_msgs/include/pendulum_msgs/pendulum_msgs/msg/rosidl_typesupport_fastrtps_cpp__visibility_control.h
[0.675s] -- Up-to-date: /home/student18/ros2_ws/install/pendulum_msgs/include/pendulum_msgs/pendulum_msgs/msg/detail
[0.675s] -- Up-to-date: /home/student18/ros2_ws/install/pendulum_msgs/include/pendulum_msgs/pendulum_msgs/msg/detail/joint_state__rosidl_typesupport_fastrtps_cpp.hpp
[0.675s] -- Up-to-date: /home/student18/ros2_ws/install/pendulum_msgs/include/pendulum_msgs/pendulum_msgs/msg/detail/dds_fastrtps
[0.676s] -- Up-to-date: /home/student18/ros2_ws/install/pendulum_msgs/include/pendulum_msgs/pendulum_msgs/msg/detail/joint_command__rosidl_typesupport_fastrtps_cpp.hpp
[0.676s] -- Up-to-date: /home/student18/ros2_ws/install/pendulum_msgs/include/pendulum_msgs/pendulum_msgs/msg/detail/rttest_results__rosidl_typesupport_fastrtps_cpp.hpp
[0.676s] -- Up-to-date: /home/student18/ros2_ws/install/pendulum_msgs/lib/libpendulum_msgs__rosidl_typesupport_fastrtps_cpp.so
[0.676s] -- Up-to-date: /home/student18/ros2_ws/install/pendulum_msgs/include/pendulum_msgs/pendulum_msgs
[0.676s] -- Up-to-date: /home/student18/ros2_ws/install/pendulum_msgs/include/pendulum_msgs/pendulum_msgs/msg
[0.676s] -- Up-to-date: /home/student18/ros2_ws/install/pendulum_msgs/include/pendulum_msgs/pendulum_msgs/msg/rosidl_typesupport_introspection_c__visibility_control.h
[0.676s] -- Up-to-date: /home/student18/ros2_ws/install/pendulum_msgs/include/pendulum_msgs/pendulum_msgs/msg/detail
[0.676s] -- Up-to-date: /home/student18/ros2_ws/install/pendulum_msgs/include/pendulum_msgs/pendulum_msgs/msg/detail/rttest_results__type_support.c
[0.677s] -- Up-to-date: /home/student18/ros2_ws/install/pendulum_msgs/include/pendulum_msgs/pendulum_msgs/msg/detail/joint_command__rosidl_typesupport_introspection_c.h
[0.677s] -- Up-to-date: /home/student18/ros2_ws/install/pendulum_msgs/include/pendulum_msgs/pendulum_msgs/msg/detail/joint_command__type_support.c
[0.677s] -- Up-to-date: /home/student18/ros2_ws/install/pendulum_msgs/include/pendulum_msgs/pendulum_msgs/msg/detail/joint_state__rosidl_typesupport_introspection_c.h
[0.677s] -- Up-to-date: /home/student18/ros2_ws/install/pendulum_msgs/include/pendulum_msgs/pendulum_msgs/msg/detail/rttest_results__rosidl_typesupport_introspection_c.h
[0.677s] -- Up-to-date: /home/student18/ros2_ws/install/pendulum_msgs/include/pendulum_msgs/pendulum_msgs/msg/detail/joint_state__type_support.c
[0.677s] -- Up-to-date: /home/student18/ros2_ws/install/pendulum_msgs/lib/libpendulum_msgs__rosidl_typesupport_introspection_c.so
[0.677s] -- Up-to-date: /home/student18/ros2_ws/install/pendulum_msgs/lib/libpendulum_msgs__rosidl_typesupport_c.so
[0.678s] -- Up-to-date: /home/student18/ros2_ws/install/pendulum_msgs/include/pendulum_msgs/pendulum_msgs
[0.678s] -- Up-to-date: /home/student18/ros2_ws/install/pendulum_msgs/include/pendulum_msgs/pendulum_msgs/msg
[0.678s] -- Up-to-date: /home/student18/ros2_ws/install/pendulum_msgs/include/pendulum_msgs/pendulum_msgs/msg/detail
[0.678s] -- Up-to-date: /home/student18/ros2_ws/install/pendulum_msgs/include/pendulum_msgs/pendulum_msgs/msg/detail/rttest_results__rosidl_typesupport_introspection_cpp.hpp
[0.678s] -- Up-to-date: /home/student18/ros2_ws/install/pendulum_msgs/include/pendulum_msgs/pendulum_msgs/msg/detail/joint_command__rosidl_typesupport_introspection_cpp.hpp
[0.678s] -- Up-to-date: /home/student18/ros2_ws/install/pendulum_msgs/include/pendulum_msgs/pendulum_msgs/msg/detail/joint_command__type_support.cpp
[0.679s] -- Up-to-date: /home/student18/ros2_ws/install/pendulum_msgs/include/pendulum_msgs/pendulum_msgs/msg/detail/joint_state__type_support.cpp
[0.679s] -- Up-to-date: /home/student18/ros2_ws/install/pendulum_msgs/include/pendulum_msgs/pendulum_msgs/msg/detail/joint_state__rosidl_typesupport_introspection_cpp.hpp
[0.679s] -- Up-to-date: /home/student18/ros2_ws/install/pendulum_msgs/include/pendulum_msgs/pendulum_msgs/msg/detail/rttest_results__type_support.cpp
[0.679s] -- Up-to-date: /home/student18/ros2_ws/install/pendulum_msgs/lib/libpendulum_msgs__rosidl_typesupport_introspection_cpp.so
[0.679s] -- Up-to-date: /home/student18/ros2_ws/install/pendulum_msgs/lib/libpendulum_msgs__rosidl_typesupport_cpp.so
[0.679s] -- Up-to-date: /home/student18/ros2_ws/install/pendulum_msgs/share/pendulum_msgs/environment/pythonpath.sh
[0.679s] -- Up-to-date: /home/student18/ros2_ws/install/pendulum_msgs/share/pendulum_msgs/environment/pythonpath.dsv
[0.679s] -- Up-to-date: /home/student18/ros2_ws/install/pendulum_msgs/local/lib/python3.10/dist-packages/pendulum_msgs-0.20.5-py3.10.egg-info
[0.679s] -- Installing: /home/student18/ros2_ws/install/pendulum_msgs/local/lib/python3.10/dist-packages/pendulum_msgs-0.20.5-py3.10.egg-info/dependency_links.txt
[0.679s] -- Installing: /home/student18/ros2_ws/install/pendulum_msgs/local/lib/python3.10/dist-packages/pendulum_msgs-0.20.5-py3.10.egg-info/SOURCES.txt
[0.680s] -- Installing: /home/student18/ros2_ws/install/pendulum_msgs/local/lib/python3.10/dist-packages/pendulum_msgs-0.20.5-py3.10.egg-info/top_level.txt
[0.680s] -- Installing: /home/student18/ros2_ws/install/pendulum_msgs/local/lib/python3.10/dist-packages/pendulum_msgs-0.20.5-py3.10.egg-info/PKG-INFO
[0.680s] -- Up-to-date: /home/student18/ros2_ws/install/pendulum_msgs/local/lib/python3.10/dist-packages/pendulum_msgs
[0.680s] -- Up-to-date: /home/student18/ros2_ws/install/pendulum_msgs/local/lib/python3.10/dist-packages/pendulum_msgs/pendulum_msgs_s__rosidl_typesupport_c.cpython-310-x86_64-linux-gnu.so
[0.680s] -- Up-to-date: /home/student18/ros2_ws/install/pendulum_msgs/local/lib/python3.10/dist-packages/pendulum_msgs/_pendulum_msgs_s.ep.rosidl_typesupport_c.c
[0.680s] -- Up-to-date: /home/student18/ros2_ws/install/pendulum_msgs/local/lib/python3.10/dist-packages/pendulum_msgs/__init__.py
[0.680s] -- Up-to-date: /home/student18/ros2_ws/install/pendulum_msgs/local/lib/python3.10/dist-packages/pendulum_msgs/pendulum_msgs_s__rosidl_typesupport_introspection_c.cpython-310-x86_64-linux-gnu.so
[0.680s] -- Up-to-date: /home/student18/ros2_ws/install/pendulum_msgs/local/lib/python3.10/dist-packages/pendulum_msgs/_pendulum_msgs_s.ep.rosidl_typesupport_fastrtps_c.c
[0.680s] -- Up-to-date: /home/student18/ros2_ws/install/pendulum_msgs/local/lib/python3.10/dist-packages/pendulum_msgs/pendulum_msgs_s__rosidl_typesupport_fastrtps_c.cpython-310-x86_64-linux-gnu.so
[0.680s] -- Up-to-date: /home/student18/ros2_ws/install/pendulum_msgs/local/lib/python3.10/dist-packages/pendulum_msgs/libpendulum_msgs__rosidl_generator_py.so
[0.680s] -- Up-to-date: /home/student18/ros2_ws/install/pendulum_msgs/local/lib/python3.10/dist-packages/pendulum_msgs/_pendulum_msgs_s.ep.rosidl_typesupport_introspection_c.c
[0.681s] -- Up-to-date: /home/student18/ros2_ws/install/pendulum_msgs/local/lib/python3.10/dist-packages/pendulum_msgs/msg
[0.681s] -- Up-to-date: /home/student18/ros2_ws/install/pendulum_msgs/local/lib/python3.10/dist-packages/pendulum_msgs/msg/_rttest_results_s.c
[0.681s] -- Up-to-date: /home/student18/ros2_ws/install/pendulum_msgs/local/lib/python3.10/dist-packages/pendulum_msgs/msg/_joint_state.py
[0.681s] -- Up-to-date: /home/student18/ros2_ws/install/pendulum_msgs/local/lib/python3.10/dist-packages/pendulum_msgs/msg/_joint_state_s.c
[0.681s] -- Up-to-date: /home/student18/ros2_ws/install/pendulum_msgs/local/lib/python3.10/dist-packages/pendulum_msgs/msg/_joint_command.py
[0.681s] -- Up-to-date: /home/student18/ros2_ws/install/pendulum_msgs/local/lib/python3.10/dist-packages/pendulum_msgs/msg/__init__.py
[0.681s] -- Up-to-date: /home/student18/ros2_ws/install/pendulum_msgs/local/lib/python3.10/dist-packages/pendulum_msgs/msg/_joint_command_s.c
[0.681s] -- Up-to-date: /home/student18/ros2_ws/install/pendulum_msgs/local/lib/python3.10/dist-packages/pendulum_msgs/msg/_rttest_results.py
[0.706s] Listing '/home/student18/ros2_ws/install/pendulum_msgs/local/lib/python3.10/dist-packages/pendulum_msgs'...
[0.706s] Listing '/home/student18/ros2_ws/install/pendulum_msgs/local/lib/python3.10/dist-packages/pendulum_msgs/msg'...
[0.711s] -- Up-to-date: /home/student18/ros2_ws/install/pendulum_msgs/local/lib/python3.10/dist-packages/pendulum_msgs/pendulum_msgs_s__rosidl_typesupport_fastrtps_c.cpython-310-x86_64-linux-gnu.so
[0.712s] -- Up-to-date: /home/student18/ros2_ws/install/pendulum_msgs/local/lib/python3.10/dist-packages/pendulum_msgs/pendulum_msgs_s__rosidl_typesupport_introspection_c.cpython-310-x86_64-linux-gnu.so
[0.712s] -- Up-to-date: /home/student18/ros2_ws/install/pendulum_msgs/local/lib/python3.10/dist-packages/pendulum_msgs/pendulum_msgs_s__rosidl_typesupport_c.cpython-310-x86_64-linux-gnu.so
[0.712s] -- Up-to-date: /home/student18/ros2_ws/install/pendulum_msgs/lib/libpendulum_msgs__rosidl_generator_py.so
[0.713s] -- Up-to-date: /home/student18/ros2_ws/install/pendulum_msgs/share/pendulum_msgs/msg/JointState.idl
[0.713s] -- Up-to-date: /home/student18/ros2_ws/install/pendulum_msgs/share/pendulum_msgs/msg/JointCommand.idl
[0.713s] -- Up-to-date: /home/student18/ros2_ws/install/pendulum_msgs/share/pendulum_msgs/msg/RttestResults.idl
[0.714s] -- Up-to-date: /home/student18/ros2_ws/install/pendulum_msgs/share/pendulum_msgs/msg/JointState.msg
[0.714s] -- Up-to-date: /home/student18/ros2_ws/install/pendulum_msgs/share/pendulum_msgs/msg/JointCommand.msg
[0.714s] -- Up-to-date: /home/student18/ros2_ws/install/pendulum_msgs/share/pendulum_msgs/msg/RttestResults.msg
[0.714s] -- Up-to-date: /home/student18/ros2_ws/install/pendulum_msgs/share/ament_index/resource_index/package_run_dependencies/pendulum_msgs
[0.715s] -- Up-to-date: /home/student18/ros2_ws/install/pendulum_msgs/share/ament_index/resource_index/parent_prefix_path/pendulum_msgs
[0.715s] -- Up-to-date: /home/student18/ros2_ws/install/pendulum_msgs/share/pendulum_msgs/environment/ament_prefix_path.sh
[0.715s] -- Up-to-date: /home/student18/ros2_ws/install/pendulum_msgs/share/pendulum_msgs/environment/ament_prefix_path.dsv
[0.716s] -- Up-to-date: /home/student18/ros2_ws/install/pendulum_msgs/share/pendulum_msgs/environment/path.sh
[0.716s] -- Up-to-date: /home/student18/ros2_ws/install/pendulum_msgs/share/pendulum_msgs/environment/path.dsv
[0.716s] -- Up-to-date: /home/student18/ros2_ws/install/pendulum_msgs/share/pendulum_msgs/local_setup.bash
[0.717s] -- Up-to-date: /home/student18/ros2_ws/install/pendulum_msgs/share/pendulum_msgs/local_setup.sh
[0.717s] -- Up-to-date: /home/student18/ros2_ws/install/pendulum_msgs/share/pendulum_msgs/local_setup.zsh
[0.717s] -- Up-to-date: /home/student18/ros2_ws/install/pendulum_msgs/share/pendulum_msgs/local_setup.dsv
[0.717s] -- Installing: /home/student18/ros2_ws/install/pendulum_msgs/share/pendulum_msgs/package.dsv
[0.718s] -- Up-to-date: /home/student18/ros2_ws/install/pendulum_msgs/share/ament_index/resource_index/packages/pendulum_msgs
[0.718s] -- Up-to-date: /home/student18/ros2_ws/install/pendulum_msgs/share/pendulum_msgs/cmake/export_pendulum_msgs__rosidl_generator_cExport.cmake
[0.718s] -- Up-to-date: /home/student18/ros2_ws/install/pendulum_msgs/share/pendulum_msgs/cmake/export_pendulum_msgs__rosidl_generator_cExport-noconfig.cmake
[0.718s] -- Up-to-date: /home/student18/ros2_ws/install/pendulum_msgs/share/pendulum_msgs/cmake/export_pendulum_msgs__rosidl_typesupport_fastrtps_cExport.cmake
[0.719s] -- Up-to-date: /home/student18/ros2_ws/install/pendulum_msgs/share/pendulum_msgs/cmake/export_pendulum_msgs__rosidl_typesupport_fastrtps_cExport-noconfig.cmake
[0.719s] -- Up-to-date: /home/student18/ros2_ws/install/pendulum_msgs/share/pendulum_msgs/cmake/export_pendulum_msgs__rosidl_generator_cppExport.cmake
[0.720s] -- Up-to-date: /home/student18/ros2_ws/install/pendulum_msgs/share/pendulum_msgs/cmake/export_pendulum_msgs__rosidl_typesupport_fastrtps_cppExport.cmake
[0.721s] -- Up-to-date: /home/student18/ros2_ws/install/pendulum_msgs/share/pendulum_msgs/cmake/export_pendulum_msgs__rosidl_typesupport_fastrtps_cppExport-noconfig.cmake
[0.721s] -- Up-to-date: /home/student18/ros2_ws/install/pendulum_msgs/share/pendulum_msgs/cmake/pendulum_msgs__rosidl_typesupport_introspection_cExport.cmake
[0.721s] -- Up-to-date: /home/student18/ros2_ws/install/pendulum_msgs/share/pendulum_msgs/cmake/pendulum_msgs__rosidl_typesupport_introspection_cExport-noconfig.cmake
[0.721s] -- Up-to-date: /home/student18/ros2_ws/install/pendulum_msgs/share/pendulum_msgs/cmake/pendulum_msgs__rosidl_typesupport_cExport.cmake
[0.721s] -- Up-to-date: /home/student18/ros2_ws/install/pendulum_msgs/share/pendulum_msgs/cmake/pendulum_msgs__rosidl_typesupport_cExport-noconfig.cmake
[0.722s] -- Up-to-date: /home/student18/ros2_ws/install/pendulum_msgs/share/pendulum_msgs/cmake/pendulum_msgs__rosidl_typesupport_introspection_cppExport.cmake
[0.722s] -- Up-to-date: /home/student18/ros2_ws/install/pendulum_msgs/share/pendulum_msgs/cmake/pendulum_msgs__rosidl_typesupport_introspection_cppExport-noconfig.cmake
[0.722s] -- Up-to-date: /home/student18/ros2_ws/install/pendulum_msgs/share/pendulum_msgs/cmake/pendulum_msgs__rosidl_typesupport_cppExport.cmake
[0.722s] -- Up-to-date: /home/student18/ros2_ws/install/pendulum_msgs/share/pendulum_msgs/cmake/pendulum_msgs__rosidl_typesupport_cppExport-noconfig.cmake
[0.722s] -- Up-to-date: /home/student18/ros2_ws/install/pendulum_msgs/share/pendulum_msgs/cmake/export_pendulum_msgs__rosidl_generator_pyExport.cmake
[0.723s] -- Up-to-date: /home/student18/ros2_ws/install/pendulum_msgs/share/pendulum_msgs/cmake/export_pendulum_msgs__rosidl_generator_pyExport-noconfig.cmake
[0.723s] -- Up-to-date: /home/student18/ros2_ws/install/pendulum_msgs/share/pendulum_msgs/cmake/rosidl_cmake-extras.cmake
[0.723s] -- Up-to-date: /home/student18/ros2_ws/install/pendulum_msgs/share/pendulum_msgs/cmake/ament_cmake_export_dependencies-extras.cmake
[0.723s] -- Up-to-date: /home/student18/ros2_ws/install/pendulum_msgs/share/pendulum_msgs/cmake/ament_cmake_export_include_directories-extras.cmake
[0.723s] -- Up-to-date: /home/student18/ros2_ws/install/pendulum_msgs/share/pendulum_msgs/cmake/ament_cmake_export_libraries-extras.cmake
[0.724s] -- Up-to-date: /home/student18/ros2_ws/install/pendulum_msgs/share/pendulum_msgs/cmake/ament_cmake_export_targets-extras.cmake
[0.724s] -- Up-to-date: /home/student18/ros2_ws/install/pendulum_msgs/share/pendulum_msgs/cmake/rosidl_cmake_export_typesupport_targets-extras.cmake
[0.724s] -- Up-to-date: /home/student18/ros2_ws/install/pendulum_msgs/share/pendulum_msgs/cmake/rosidl_cmake_export_typesupport_libraries-extras.cmake
[0.724s] -- Up-to-date: /home/student18/ros2_ws/install/pendulum_msgs/share/pendulum_msgs/cmake/pendulum_msgsConfig.cmake
[0.724s] -- Up-to-date: /home/student18/ros2_ws/install/pendulum_msgs/share/pendulum_msgs/cmake/pendulum_msgsConfig-version.cmake
[0.724s] -- Up-to-date: /home/student18/ros2_ws/install/pendulum_msgs/share/pendulum_msgs/package.xml
[0.725s] Invoked command in '/home/student18/ros2_ws/build/pendulum_msgs' returned '0': CMAKE_PREFIX_PATH=/opt/ros/humble /usr/bin/cmake --install /home/student18/ros2_ws/build/pendulum_msgs
