[0.764s] Invoking command in '/home/student18/ros2_ws/src/my_package': PYTHONPATH=/home/student18/ros2_ws/build/my_package/prefix_override:/usr/lib/python3/dist-packages/colcon_core/task/python/colcon_distutils_commands:/home/student18/ros2_ws/install/my_package/lib/python3.10/site-packages:${PYTHONPATH} /usr/bin/python3 -W ignore:setup.py install is deprecated -W ignore:easy_install command is deprecated setup.py egg_info --egg-base ../../build/my_package build --build-base /home/student18/ros2_ws/build/my_package/build install --record /home/student18/ros2_ws/build/my_package/install.log --single-version-externally-managed install_data
[0.958s] /usr/local/lib/python3.10/dist-packages/setuptools/_distutils/dist.py:289: UserWarning: Unknown distribution option: 'tests_require'
[0.958s]   warnings.warn(msg)
[1.063s] running egg_info
[1.081s] creating ../../build/my_package/my_package.egg-info
[1.081s] writing ../../build/my_package/my_package.egg-info/PKG-INFO
[1.082s] writing dependency_links to ../../build/my_package/my_package.egg-info/dependency_links.txt
[1.082s] writing entry points to ../../build/my_package/my_package.egg-info/entry_points.txt
[1.083s] writing requirements to ../../build/my_package/my_package.egg-info/requires.txt
[1.083s] writing top-level names to ../../build/my_package/my_package.egg-info/top_level.txt
[1.091s] /usr/lib/python3/dist-packages/pbr/git.py:28: UserWarning: pkg_resources is deprecated as an API. See https://setuptools.pypa.io/en/latest/pkg_resources.html. The pkg_resources package is slated for removal as early as 2025-11-30. Refrain from using this package or pin to Setuptools<81.
[1.091s]   import pkg_resources
[1.190s] writing manifest file '../../build/my_package/my_package.egg-info/SOURCES.txt'
[1.227s] reading manifest file '../../build/my_package/my_package.egg-info/SOURCES.txt'
[1.227s] adding license file 'LICENSE'
[1.228s] writing manifest file '../../build/my_package/my_package.egg-info/SOURCES.txt'
[1.228s] running build
[1.228s] running build_py
[1.229s] creating /home/student18/ros2_ws/build/my_package/build/lib/my_package
[1.229s] copying my_package/__init__.py -> /home/student18/ros2_ws/build/my_package/build/lib/my_package
[1.229s] copying my_package/my_node.py -> /home/student18/ros2_ws/build/my_package/build/lib/my_package
[1.229s] running install
[1.234s] running install_lib
[1.253s] creating /home/student18/ros2_ws/install/my_package/lib/python3.10/site-packages/my_package
[1.253s] copying /home/student18/ros2_ws/build/my_package/build/lib/my_package/__init__.py -> /home/student18/ros2_ws/install/my_package/lib/python3.10/site-packages/my_package
[1.253s] copying /home/student18/ros2_ws/build/my_package/build/lib/my_package/my_node.py -> /home/student18/ros2_ws/install/my_package/lib/python3.10/site-packages/my_package
[1.254s] byte-compiling /home/student18/ros2_ws/install/my_package/lib/python3.10/site-packages/my_package/__init__.py to __init__.cpython-310.pyc
[1.254s] byte-compiling /home/student18/ros2_ws/install/my_package/lib/python3.10/site-packages/my_package/my_node.py to my_node.cpython-310.pyc
[1.254s] running install_data
[1.255s] creating /home/student18/ros2_ws/install/my_package/share/ament_index/resource_index/packages
[1.255s] copying resource/my_package -> /home/student18/ros2_ws/install/my_package/share/ament_index/resource_index/packages
[1.255s] copying package.xml -> /home/student18/ros2_ws/install/my_package/share/my_package
[1.255s] running install_egg_info
[1.275s] Copying ../../build/my_package/my_package.egg-info to /home/student18/ros2_ws/install/my_package/lib/python3.10/site-packages/my_package-0.0.0-py3.10.egg-info
[1.276s] running install_scripts
[1.313s] Installing my_node script to /home/student18/ros2_ws/install/my_package/lib/my_package
[1.314s] writing list of installed files to '/home/student18/ros2_ws/build/my_package/install.log'
[1.342s] Invoked command in '/home/student18/ros2_ws/src/my_package' returned '0': PYTHONPATH=/home/student18/ros2_ws/build/my_package/prefix_override:/usr/lib/python3/dist-packages/colcon_core/task/python/colcon_distutils_commands:/home/student18/ros2_ws/install/my_package/lib/python3.10/site-packages:${PYTHONPATH} /usr/bin/python3 -W ignore:setup.py install is deprecated -W ignore:easy_install command is deprecated setup.py egg_info --egg-base ../../build/my_package build --build-base /home/student18/ros2_ws/build/my_package/build install --record /home/student18/ros2_ws/build/my_package/install.log --single-version-externally-managed install_data
