/home/student18/ros2_ws/install/quality_of_service_demo_py/lib/python3.10/site-packages/quality_of_service_demo_py/qos_overrides_listener.py
/home/student18/ros2_ws/install/quality_of_service_demo_py/lib/python3.10/site-packages/quality_of_service_demo_py/deadline.py
/home/student18/ros2_ws/install/quality_of_service_demo_py/lib/python3.10/site-packages/quality_of_service_demo_py/message_lost_listener.py
/home/student18/ros2_ws/install/quality_of_service_demo_py/lib/python3.10/site-packages/quality_of_service_demo_py/common_nodes.py
/home/student18/ros2_ws/install/quality_of_service_demo_py/lib/python3.10/site-packages/quality_of_service_demo_py/__init__.py
/home/student18/ros2_ws/install/quality_of_service_demo_py/lib/python3.10/site-packages/quality_of_service_demo_py/lifespan.py
/home/student18/ros2_ws/install/quality_of_service_demo_py/lib/python3.10/site-packages/quality_of_service_demo_py/qos_overrides_talker.py
/home/student18/ros2_ws/install/quality_of_service_demo_py/lib/python3.10/site-packages/quality_of_service_demo_py/liveliness.py
/home/student18/ros2_ws/install/quality_of_service_demo_py/lib/python3.10/site-packages/quality_of_service_demo_py/incompatible_qos.py
/home/student18/ros2_ws/install/quality_of_service_demo_py/lib/python3.10/site-packages/quality_of_service_demo_py/__pycache__/qos_overrides_listener.cpython-310.pyc
/home/student18/ros2_ws/install/quality_of_service_demo_py/lib/python3.10/site-packages/quality_of_service_demo_py/__pycache__/deadline.cpython-310.pyc
/home/student18/ros2_ws/install/quality_of_service_demo_py/lib/python3.10/site-packages/quality_of_service_demo_py/__pycache__/message_lost_listener.cpython-310.pyc
/home/student18/ros2_ws/install/quality_of_service_demo_py/lib/python3.10/site-packages/quality_of_service_demo_py/__pycache__/common_nodes.cpython-310.pyc
/home/student18/ros2_ws/install/quality_of_service_demo_py/lib/python3.10/site-packages/quality_of_service_demo_py/__pycache__/__init__.cpython-310.pyc
/home/student18/ros2_ws/install/quality_of_service_demo_py/lib/python3.10/site-packages/quality_of_service_demo_py/__pycache__/lifespan.cpython-310.pyc
/home/student18/ros2_ws/install/quality_of_service_demo_py/lib/python3.10/site-packages/quality_of_service_demo_py/__pycache__/qos_overrides_talker.cpython-310.pyc
/home/student18/ros2_ws/install/quality_of_service_demo_py/lib/python3.10/site-packages/quality_of_service_demo_py/__pycache__/liveliness.cpython-310.pyc
/home/student18/ros2_ws/install/quality_of_service_demo_py/lib/python3.10/site-packages/quality_of_service_demo_py/__pycache__/incompatible_qos.cpython-310.pyc
/home/student18/ros2_ws/install/quality_of_service_demo_py/share/ament_index/resource_index/packages/quality_of_service_demo_py
/home/student18/ros2_ws/install/quality_of_service_demo_py/share/quality_of_service_demo_py/package.xml
/home/student18/ros2_ws/install/quality_of_service_demo_py/lib/python3.10/site-packages/quality_of_service_demo_py-0.20.5-py3.10.egg-info/zip-safe
/home/student18/ros2_ws/install/quality_of_service_demo_py/lib/python3.10/site-packages/quality_of_service_demo_py-0.20.5-py3.10.egg-info/entry_points.txt
/home/student18/ros2_ws/install/quality_of_service_demo_py/lib/python3.10/site-packages/quality_of_service_demo_py-0.20.5-py3.10.egg-info/dependency_links.txt
/home/student18/ros2_ws/install/quality_of_service_demo_py/lib/python3.10/site-packages/quality_of_service_demo_py-0.20.5-py3.10.egg-info/requires.txt
/home/student18/ros2_ws/install/quality_of_service_demo_py/lib/python3.10/site-packages/quality_of_service_demo_py-0.20.5-py3.10.egg-info/SOURCES.txt
/home/student18/ros2_ws/install/quality_of_service_demo_py/lib/python3.10/site-packages/quality_of_service_demo_py-0.20.5-py3.10.egg-info/top_level.txt
/home/student18/ros2_ws/install/quality_of_service_demo_py/lib/python3.10/site-packages/quality_of_service_demo_py-0.20.5-py3.10.egg-info/PKG-INFO
/home/student18/ros2_ws/install/quality_of_service_demo_py/lib/quality_of_service_demo_py/deadline
/home/student18/ros2_ws/install/quality_of_service_demo_py/lib/quality_of_service_demo_py/incompatible_qos
/home/student18/ros2_ws/install/quality_of_service_demo_py/lib/quality_of_service_demo_py/lifespan
/home/student18/ros2_ws/install/quality_of_service_demo_py/lib/quality_of_service_demo_py/liveliness
/home/student18/ros2_ws/install/quality_of_service_demo_py/lib/quality_of_service_demo_py/message_lost_listener
/home/student18/ros2_ws/install/quality_of_service_demo_py/lib/quality_of_service_demo_py/qos_overrides_listener
/home/student18/ros2_ws/install/quality_of_service_demo_py/lib/quality_of_service_demo_py/qos_overrides_talker
