[0.011s] Invoking command in '/home/student18/ros2_ws/build/pendulum_control': AMENT_PREFIX_PATH=/home/student18/ros2_ws/install/pendulum_msgs:${AMENT_PREFIX_PATH} CMAKE_PREFIX_PATH=/home/student18/ros2_ws/install/pendulum_msgs:/opt/ros/humble LD_LIBRARY_PATH=/home/student18/ros2_ws/install/pendulum_msgs/lib:${LD_LIBRARY_PATH} PYTHONPATH=/home/student18/ros2_ws/install/pendulum_msgs/local/lib/python3.10/dist-packages:${PYTHONPATH} /usr/bin/cmake /home/student18/ros2_ws/src/demos/pendulum_control -DCMAKE_INSTALL_PREFIX=/home/student18/ros2_ws/install/pendulum_control
[0.075s] -- The C compiler identification is GNU 11.4.0
[0.139s] -- The CXX compiler identification is GNU 11.4.0
[0.147s] -- Detecting C compiler ABI info
[0.238s] -- Detecting C compiler ABI info - done
[0.247s] -- Check for working C compiler: /usr/bin/cc - skipped
[0.247s] -- Detecting C compile features
[0.248s] -- Detecting C compile features - done
[0.251s] -- Detecting CXX compiler ABI info
[0.343s] -- Detecting CXX compiler ABI info - done
[0.354s] -- Check for working CXX compiler: /usr/bin/c++ - skipped
[0.354s] -- Detecting CXX compile features
[0.355s] -- Detecting CXX compile features - done
[0.357s] -- Found ament_cmake: 1.3.11 (/opt/ros/humble/share/ament_cmake/cmake)
[0.784s] -- Found Python3: /usr/bin/python3 (found version "3.10.12") found components: Interpreter 
[0.884s] -- Found rclcpp: 16.0.12 (/opt/ros/humble/share/rclcpp/cmake)
[0.926s] -- Found rosidl_generator_c: 3.1.6 (/opt/ros/humble/share/rosidl_generator_c/cmake)
[0.931s] -- Found rosidl_adapter: 3.1.6 (/opt/ros/humble/share/rosidl_adapter/cmake)
[0.940s] -- Found rosidl_generator_cpp: 3.1.6 (/opt/ros/humble/share/rosidl_generator_cpp/cmake)
[0.954s] -- Using all available rosidl_typesupport_c: rosidl_typesupport_fastrtps_c;rosidl_typesupport_introspection_c
[0.972s] -- Using all available rosidl_typesupport_cpp: rosidl_typesupport_fastrtps_cpp;rosidl_typesupport_introspection_cpp
[1.042s] -- Found rmw_implementation_cmake: 6.1.2 (/opt/ros/humble/share/rmw_implementation_cmake/cmake)
[1.046s] -- Found rmw_fastrtps_cpp: 6.2.7 (/opt/ros/humble/share/rmw_fastrtps_cpp/cmake)
[1.157s] -- Found OpenSSL: /usr/lib/x86_64-linux-gnu/libcrypto.so (found version "3.0.2")  
[1.185s] -- Found FastRTPS: /opt/ros/humble/include  
[1.225s] -- Using RMW implementation 'rmw_fastrtps_cpp' as default
[1.234s] -- Looking for pthread.h
[1.318s] -- Looking for pthread.h - found
[1.318s] -- Performing Test CMAKE_HAVE_LIBC_PTHREAD
[1.416s] -- Performing Test CMAKE_HAVE_LIBC_PTHREAD - Success
[1.418s] -- Found Threads: TRUE  
[1.478s] -- Found pendulum_msgs: 0.20.5 (/home/student18/ros2_ws/install/pendulum_msgs/share/pendulum_msgs/cmake)
[1.493s] -- Found rttest: 0.13.0 (/opt/ros/humble/share/rttest/cmake)
[1.496s] -- Found tlsf_cpp: 0.13.0 (/opt/ros/humble/share/tlsf_cpp/cmake)
[1.504s] -- Found ament_lint_auto: 0.12.12 (/opt/ros/humble/share/ament_lint_auto/cmake)
[1.640s] -- Found python_cmake_module: 0.10.0 (/opt/ros/humble/share/python_cmake_module/cmake)
[1.665s] -- Found PythonInterp: /usr/bin/python3 (found suitable version "3.10.12", minimum required is "3.6") 
[1.669s] -- Found PythonLibs: /usr/lib/x86_64-linux-gnu/libpython3.10.so (found suitable version "3.10.12", minimum required is "3.5") 
[1.669s] -- Using PYTHON_EXECUTABLE: /usr/bin/python3
[1.669s] -- Using PYTHON_INCLUDE_DIRS: /usr/include/python3.10
[1.670s] -- Using PYTHON_LIBRARIES: /usr/lib/x86_64-linux-gnu/libpython3.10.so
[1.693s] -- Found PythonExtra: .so  
[1.718s] -- Added test 'copyright' to check source files copyright and LICENSE
[1.721s] -- Added test 'cppcheck' to perform static code analysis on C / C++ code
[1.721s] -- Configured cppcheck include dirs: /home/student18/ros2_ws/src/demos/pendulum_control/include
[1.721s] -- Configured cppcheck exclude dirs and/or files: 
[1.723s] -- Added test 'cpplint' to check C / C++ code against the Google style
[1.723s] -- Configured cpplint exclude dirs and/or files: 
[1.723s] -- Added test 'flake8' to check Python code syntax and style conventions
[1.724s] -- Added test 'lint_cmake' to check CMake code style
[1.725s] -- Added test 'pep257' to check Python code against some of the docstring style conventions in PEP 257
[1.727s] -- Added test 'uncrustify' to check C / C++ code style
[1.727s] -- Configured uncrustify additional arguments: 
[1.728s] -- Added test 'xmllint' to check XML markup files
[1.729s] -- Configuring done
[1.747s] -- Generating done
[1.755s] -- Build files have been written to: /home/student18/ros2_ws/build/pendulum_control
[1.767s] Invoked command in '/home/student18/ros2_ws/build/pendulum_control' returned '0': AMENT_PREFIX_PATH=/home/student18/ros2_ws/install/pendulum_msgs:${AMENT_PREFIX_PATH} CMAKE_PREFIX_PATH=/home/student18/ros2_ws/install/pendulum_msgs:/opt/ros/humble LD_LIBRARY_PATH=/home/student18/ros2_ws/install/pendulum_msgs/lib:${LD_LIBRARY_PATH} PYTHONPATH=/home/student18/ros2_ws/install/pendulum_msgs/local/lib/python3.10/dist-packages:${PYTHONPATH} /usr/bin/cmake /home/student18/ros2_ws/src/demos/pendulum_control -DCMAKE_INSTALL_PREFIX=/home/student18/ros2_ws/install/pendulum_control
[1.768s] Invoking command in '/home/student18/ros2_ws/build/pendulum_control': AMENT_PREFIX_PATH=/home/student18/ros2_ws/install/pendulum_msgs:${AMENT_PREFIX_PATH} CMAKE_PREFIX_PATH=/home/student18/ros2_ws/install/pendulum_msgs:/opt/ros/humble LD_LIBRARY_PATH=/home/student18/ros2_ws/install/pendulum_msgs/lib:${LD_LIBRARY_PATH} PYTHONPATH=/home/student18/ros2_ws/install/pendulum_msgs/local/lib/python3.10/dist-packages:${PYTHONPATH} /usr/bin/cmake --build /home/student18/ros2_ws/build/pendulum_control -- -j4 -l4
[1.833s] [ 16%] [32mBuilding CXX object CMakeFiles/pendulum_demo.dir/src/pendulum_demo.cpp.o[0m
[1.834s] [ 33%] [32mBuilding CXX object CMakeFiles/pendulum_teleop.dir/src/pendulum_teleop.cpp.o[0m
[1.841s] [ 50%] [32mBuilding CXX object CMakeFiles/pendulum_logger.dir/src/pendulum_logger.cpp.o[0m
[9.484s] [ 66%] [32m[1mLinking CXX executable pendulum_teleop[0m
[9.689s] [ 66%] Built target pendulum_teleop
[14.219s] [ 83%] [32m[1mLinking CXX executable pendulum_logger[0m
[14.662s] [ 83%] Built target pendulum_logger
[18.751s] [100%] [32m[1mLinking CXX executable pendulum_demo[0m
[19.425s] [100%] Built target pendulum_demo
[19.440s] Invoked command in '/home/student18/ros2_ws/build/pendulum_control' returned '0': AMENT_PREFIX_PATH=/home/student18/ros2_ws/install/pendulum_msgs:${AMENT_PREFIX_PATH} CMAKE_PREFIX_PATH=/home/student18/ros2_ws/install/pendulum_msgs:/opt/ros/humble LD_LIBRARY_PATH=/home/student18/ros2_ws/install/pendulum_msgs/lib:${LD_LIBRARY_PATH} PYTHONPATH=/home/student18/ros2_ws/install/pendulum_msgs/local/lib/python3.10/dist-packages:${PYTHONPATH} /usr/bin/cmake --build /home/student18/ros2_ws/build/pendulum_control -- -j4 -l4
[19.441s] Invoking command in '/home/student18/ros2_ws/build/pendulum_control': AMENT_PREFIX_PATH=/home/student18/ros2_ws/install/pendulum_msgs:${AMENT_PREFIX_PATH} CMAKE_PREFIX_PATH=/home/student18/ros2_ws/install/pendulum_msgs:/opt/ros/humble LD_LIBRARY_PATH=/home/student18/ros2_ws/install/pendulum_msgs/lib:${LD_LIBRARY_PATH} PYTHONPATH=/home/student18/ros2_ws/install/pendulum_msgs/local/lib/python3.10/dist-packages:${PYTHONPATH} /usr/bin/cmake --install /home/student18/ros2_ws/build/pendulum_control
[19.450s] -- Install configuration: ""
[19.451s] -- Installing: /home/student18/ros2_ws/install/pendulum_control/bin/pendulum_demo
[19.457s] -- Set runtime path of "/home/student18/ros2_ws/install/pendulum_control/bin/pendulum_demo" to ""
[19.457s] -- Installing: /home/student18/ros2_ws/install/pendulum_control/bin/pendulum_logger
[19.461s] -- Set runtime path of "/home/student18/ros2_ws/install/pendulum_control/bin/pendulum_logger" to ""
[19.461s] -- Installing: /home/student18/ros2_ws/install/pendulum_control/bin/pendulum_teleop
[19.462s] -- Set runtime path of "/home/student18/ros2_ws/install/pendulum_control/bin/pendulum_teleop" to ""
[19.463s] -- Installing: /home/student18/ros2_ws/install/pendulum_control/bin/pendulum_launch.bash
[19.463s] -- Installing: /home/student18/ros2_ws/install/pendulum_control/share/ament_index/resource_index/package_run_dependencies/pendulum_control
[19.463s] -- Installing: /home/student18/ros2_ws/install/pendulum_control/share/ament_index/resource_index/parent_prefix_path/pendulum_control
[19.463s] -- Installing: /home/student18/ros2_ws/install/pendulum_control/share/pendulum_control/environment/ament_prefix_path.sh
[19.464s] -- Installing: /home/student18/ros2_ws/install/pendulum_control/share/pendulum_control/environment/ament_prefix_path.dsv
[19.464s] -- Installing: /home/student18/ros2_ws/install/pendulum_control/share/pendulum_control/environment/path.sh
[19.464s] -- Installing: /home/student18/ros2_ws/install/pendulum_control/share/pendulum_control/environment/path.dsv
[19.464s] -- Installing: /home/student18/ros2_ws/install/pendulum_control/share/pendulum_control/local_setup.bash
[19.464s] -- Installing: /home/student18/ros2_ws/install/pendulum_control/share/pendulum_control/local_setup.sh
[19.465s] -- Installing: /home/student18/ros2_ws/install/pendulum_control/share/pendulum_control/local_setup.zsh
[19.465s] -- Installing: /home/student18/ros2_ws/install/pendulum_control/share/pendulum_control/local_setup.dsv
[19.465s] -- Installing: /home/student18/ros2_ws/install/pendulum_control/share/pendulum_control/package.dsv
[19.465s] -- Installing: /home/student18/ros2_ws/install/pendulum_control/share/ament_index/resource_index/packages/pendulum_control
[19.466s] -- Installing: /home/student18/ros2_ws/install/pendulum_control/share/pendulum_control/cmake/pendulum_controlConfig.cmake
[19.466s] -- Installing: /home/student18/ros2_ws/install/pendulum_control/share/pendulum_control/cmake/pendulum_controlConfig-version.cmake
[19.466s] -- Installing: /home/student18/ros2_ws/install/pendulum_control/share/pendulum_control/package.xml
[19.469s] Invoked command in '/home/student18/ros2_ws/build/pendulum_control' returned '0': AMENT_PREFIX_PATH=/home/student18/ros2_ws/install/pendulum_msgs:${AMENT_PREFIX_PATH} CMAKE_PREFIX_PATH=/home/student18/ros2_ws/install/pendulum_msgs:/opt/ros/humble LD_LIBRARY_PATH=/home/student18/ros2_ws/install/pendulum_msgs/lib:${LD_LIBRARY_PATH} PYTHONPATH=/home/student18/ros2_ws/install/pendulum_msgs/local/lib/python3.10/dist-packages:${PYTHONPATH} /usr/bin/cmake --install /home/student18/ros2_ws/build/pendulum_control
