[0.024s] Invoking command in '/home/student18/ros2_ws/build/image_tools': CMAKE_PREFIX_PATH=${CMAKE_PREFIX_PATH}:/opt/ros/humble /usr/bin/cmake /home/student18/ros2_ws/src/demos/image_tools -DCMAKE_INSTALL_PREFIX=/home/student18/ros2_ws/install/image_tools
[0.217s] -- The C compiler identification is GNU 11.4.0
[0.405s] -- The CXX compiler identification is GNU 11.4.0
[0.418s] -- Detecting C compiler ABI info
[0.667s] -- Detecting C compiler ABI info - done
[0.704s] -- Check for working C compiler: /usr/bin/cc - skipped
[0.706s] -- Detecting C compile features
[0.706s] -- Detecting C compile features - done
[0.717s] -- Detecting CXX compiler ABI info
[0.979s] -- Detecting CXX compiler ABI info - done
[1.013s] -- Check for working CXX compiler: /usr/bin/c++ - skipped
[1.014s] -- Detecting CXX compile features
[1.015s] -- Detecting CXX compile features - done
[1.035s] -- Found ament_cmake: 1.3.11 (/opt/ros/humble/share/ament_cmake/cmake)
[2.354s] -- Found Python3: /usr/bin/python3 (found version "3.10.12") found components: Interpreter 
[2.632s] -- Found rclcpp: 16.0.12 (/opt/ros/humble/share/rclcpp/cmake)
[2.707s] -- Found rosidl_generator_c: 3.1.6 (/opt/ros/humble/share/rosidl_generator_c/cmake)
[2.720s] -- Found rosidl_adapter: 3.1.6 (/opt/ros/humble/share/rosidl_adapter/cmake)
[2.736s] -- Found rosidl_generator_cpp: 3.1.6 (/opt/ros/humble/share/rosidl_generator_cpp/cmake)
[2.763s] -- Using all available rosidl_typesupport_c: rosidl_typesupport_fastrtps_c;rosidl_typesupport_introspection_c
[2.798s] -- Using all available rosidl_typesupport_cpp: rosidl_typesupport_fastrtps_cpp;rosidl_typesupport_introspection_cpp
[3.029s] -- Found rmw_implementation_cmake: 6.1.2 (/opt/ros/humble/share/rmw_implementation_cmake/cmake)
[3.039s] -- Found rmw_fastrtps_cpp: 6.2.7 (/opt/ros/humble/share/rmw_fastrtps_cpp/cmake)
[3.298s] -- Found OpenSSL: /usr/lib/x86_64-linux-gnu/libcrypto.so (found version "3.0.2")  
[3.419s] -- Found FastRTPS: /opt/ros/humble/include  
[3.532s] -- Using RMW implementation 'rmw_fastrtps_cpp' as default
[3.546s] -- Looking for pthread.h
[3.740s] -- Looking for pthread.h - found
[3.746s] -- Performing Test CMAKE_HAVE_LIBC_PTHREAD
[4.043s] -- Performing Test CMAKE_HAVE_LIBC_PTHREAD - Success
[4.047s] -- Found Threads: TRUE  
[4.237s] -- Found rclcpp_components: 16.0.12 (/opt/ros/humble/share/rclcpp_components/cmake)
[4.290s] -- Found sensor_msgs: 4.9.0 (/opt/ros/humble/share/sensor_msgs/cmake)
[4.415s] -- Found OpenCV: /usr (found version "4.5.4") found components: core highgui imgcodecs imgproc videoio 
[4.426s] -- Found ament_lint_auto: 0.12.12 (/opt/ros/humble/share/ament_lint_auto/cmake)
[4.818s] -- Found python_cmake_module: 0.10.0 (/opt/ros/humble/share/python_cmake_module/cmake)
[4.896s] -- Found PythonInterp: /usr/bin/python3 (found suitable version "3.10.12", minimum required is "3.6") 
[4.910s] -- Found PythonLibs: /usr/lib/x86_64-linux-gnu/libpython3.10.so (found suitable version "3.10.12", minimum required is "3.5") 
[4.910s] -- Using PYTHON_EXECUTABLE: /usr/bin/python3
[4.911s] -- Using PYTHON_INCLUDE_DIRS: /usr/include/python3.10
[4.911s] -- Using PYTHON_LIBRARIES: /usr/lib/x86_64-linux-gnu/libpython3.10.so
[4.974s] -- Found PythonExtra: .so  
[5.012s] -- Added test 'copyright' to check source files copyright and LICENSE
[5.016s] -- Added test 'cppcheck' to perform static code analysis on C / C++ code
[5.016s] -- Configured cppcheck include dirs: $<BUILD_INTERFACE:/home/student18/ros2_ws/src/demos/image_tools/include>
[5.017s] -- Configured cppcheck exclude dirs and/or files: 
[5.020s] -- Added test 'cpplint' to check C / C++ code against the Google style
[5.021s] -- Configured cpplint exclude dirs and/or files: 
[5.022s] -- Added test 'lint_cmake' to check CMake code style
[5.028s] -- Added test 'uncrustify' to check C / C++ code style
[5.028s] -- Configured uncrustify additional arguments: 
[5.033s] -- Added test 'xmllint' to check XML markup files
[5.040s] -- Configuring done
[5.100s] -- Generating done
[5.158s] -- Build files have been written to: /home/student18/ros2_ws/build/image_tools
[5.213s] Invoked command in '/home/student18/ros2_ws/build/image_tools' returned '0': CMAKE_PREFIX_PATH=${CMAKE_PREFIX_PATH}:/opt/ros/humble /usr/bin/cmake /home/student18/ros2_ws/src/demos/image_tools -DCMAKE_INSTALL_PREFIX=/home/student18/ros2_ws/install/image_tools
[5.214s] Invoking command in '/home/student18/ros2_ws/build/image_tools': CMAKE_PREFIX_PATH=${CMAKE_PREFIX_PATH}:/opt/ros/humble /usr/bin/cmake --build /home/student18/ros2_ws/build/image_tools -- -j4 -l4
[5.412s] [ 11%] [32mBuilding CXX object CMakeFiles/image_tools.dir/src/burger.cpp.o[0m
[8.237s] [ 22%] [32mBuilding CXX object CMakeFiles/image_tools.dir/src/cam2image.cpp.o[0m
[31.857s] [ 33%] [32mBuilding CXX object CMakeFiles/image_tools.dir/src/cv_mat_sensor_msgs_image_type_adapter.cpp.o[0m
[33.952s] [ 44%] [32mBuilding CXX object CMakeFiles/image_tools.dir/src/showimage.cpp.o[0m
[58.552s] [ 55%] [32m[1mLinking CXX shared library libimage_tools.so[0m
[60.030s] [ 55%] Built target image_tools
[60.064s] [ 66%] [32mBuilding CXX object CMakeFiles/showimage.dir/rclcpp_components/node_main_showimage.cpp.o[0m
[66.075s] [ 77%] [32m[1mLinking CXX executable showimage[0m
[66.375s] [ 77%] Built target showimage
[66.410s] [ 88%] [32mBuilding CXX object CMakeFiles/cam2image.dir/rclcpp_components/node_main_cam2image.cpp.o[0m
[72.586s] [100%] [32m[1mLinking CXX executable cam2image[0m
[72.865s] [100%] Built target cam2image
[72.885s] Invoked command in '/home/student18/ros2_ws/build/image_tools' returned '0': CMAKE_PREFIX_PATH=${CMAKE_PREFIX_PATH}:/opt/ros/humble /usr/bin/cmake --build /home/student18/ros2_ws/build/image_tools -- -j4 -l4
[72.890s] Invoking command in '/home/student18/ros2_ws/build/image_tools': CMAKE_PREFIX_PATH=${CMAKE_PREFIX_PATH}:/opt/ros/humble /usr/bin/cmake --install /home/student18/ros2_ws/build/image_tools
[72.905s] -- Install configuration: ""
[72.905s] -- Installing: /home/student18/ros2_ws/install/image_tools/lib/image_tools/cam2image
[72.908s] -- Set runtime path of "/home/student18/ros2_ws/install/image_tools/lib/image_tools/cam2image" to ""
[72.908s] -- Installing: /home/student18/ros2_ws/install/image_tools/lib/image_tools/showimage
[72.908s] -- Set runtime path of "/home/student18/ros2_ws/install/image_tools/lib/image_tools/showimage" to ""
[72.908s] -- Installing: /home/student18/ros2_ws/install/image_tools/lib/libimage_tools.so
[72.926s] -- Set runtime path of "/home/student18/ros2_ws/install/image_tools/lib/libimage_tools.so" to ""
[72.929s] -- Installing: /home/student18/ros2_ws/install/image_tools/include/image_tools
[72.930s] -- Installing: /home/student18/ros2_ws/install/image_tools/include/image_tools/image_tools
[72.930s] -- Installing: /home/student18/ros2_ws/install/image_tools/include/image_tools/image_tools/visibility_control.h
[72.930s] -- Installing: /home/student18/ros2_ws/install/image_tools/include/image_tools/image_tools/cv_mat_sensor_msgs_image_type_adapter.hpp
[72.931s] -- Installing: /home/student18/ros2_ws/install/image_tools/share/image_tools/environment/library_path.sh
[72.932s] -- Installing: /home/student18/ros2_ws/install/image_tools/share/image_tools/environment/library_path.dsv
[72.932s] -- Installing: /home/student18/ros2_ws/install/image_tools/share/ament_index/resource_index/package_run_dependencies/image_tools
[72.933s] -- Installing: /home/student18/ros2_ws/install/image_tools/share/ament_index/resource_index/parent_prefix_path/image_tools
[72.933s] -- Installing: /home/student18/ros2_ws/install/image_tools/share/image_tools/environment/ament_prefix_path.sh
[72.935s] -- Installing: /home/student18/ros2_ws/install/image_tools/share/image_tools/environment/ament_prefix_path.dsv
[72.935s] -- Installing: /home/student18/ros2_ws/install/image_tools/share/image_tools/environment/path.sh
[72.935s] -- Installing: /home/student18/ros2_ws/install/image_tools/share/image_tools/environment/path.dsv
[72.935s] -- Installing: /home/student18/ros2_ws/install/image_tools/share/image_tools/local_setup.bash
[72.935s] -- Installing: /home/student18/ros2_ws/install/image_tools/share/image_tools/local_setup.sh
[72.936s] -- Installing: /home/student18/ros2_ws/install/image_tools/share/image_tools/local_setup.zsh
[72.936s] -- Installing: /home/student18/ros2_ws/install/image_tools/share/image_tools/local_setup.dsv
[72.936s] -- Installing: /home/student18/ros2_ws/install/image_tools/share/image_tools/package.dsv
[72.937s] -- Installing: /home/student18/ros2_ws/install/image_tools/share/ament_index/resource_index/packages/image_tools
[72.937s] -- Installing: /home/student18/ros2_ws/install/image_tools/share/ament_index/resource_index/rclcpp_components/image_tools
[72.937s] -- Installing: /home/student18/ros2_ws/install/image_tools/share/image_tools/cmake/image_toolsExport.cmake
[72.940s] -- Installing: /home/student18/ros2_ws/install/image_tools/share/image_tools/cmake/image_toolsExport-noconfig.cmake
[72.940s] -- Installing: /home/student18/ros2_ws/install/image_tools/share/image_tools/cmake/ament_cmake_export_libraries-extras.cmake
[72.940s] -- Installing: /home/student18/ros2_ws/install/image_tools/share/image_tools/cmake/ament_cmake_export_targets-extras.cmake
[72.942s] -- Installing: /home/student18/ros2_ws/install/image_tools/share/image_tools/cmake/ament_cmake_export_dependencies-extras.cmake
[72.943s] -- Installing: /home/student18/ros2_ws/install/image_tools/share/image_tools/cmake/image_toolsConfig.cmake
[72.943s] -- Installing: /home/student18/ros2_ws/install/image_tools/share/image_tools/cmake/image_toolsConfig-version.cmake
[72.944s] -- Installing: /home/student18/ros2_ws/install/image_tools/share/image_tools/package.xml
[72.947s] Invoked command in '/home/student18/ros2_ws/build/image_tools' returned '0': CMAKE_PREFIX_PATH=${CMAKE_PREFIX_PATH}:/opt/ros/humble /usr/bin/cmake --install /home/student18/ros2_ws/build/image_tools
