[0.022s] Invoking command in '/home/student18/ros2_ws/build/dummy_map_server': CMAKE_PREFIX_PATH=${CMAKE_PREFIX_PATH}:/opt/ros/humble /usr/bin/cmake /home/student18/ros2_ws/src/demos/dummy_robot/dummy_map_server -DCMAKE_INSTALL_PREFIX=/home/student18/ros2_ws/install/dummy_map_server
[0.119s] -- The C compiler identification is GNU 11.4.0
[0.220s] -- The CXX compiler identification is GNU 11.4.0
[0.232s] -- Detecting C compiler ABI info
[0.382s] -- Detecting C compiler ABI info - done
[0.399s] -- Check for working C compiler: /usr/bin/cc - skipped
[0.399s] -- Detecting C compile features
[0.400s] -- Detecting C compile features - done
[0.408s] -- Detecting CXX compiler ABI info
[0.550s] -- Detecting CXX compiler ABI info - done
[0.568s] -- Check for working CXX compiler: /usr/bin/c++ - skipped
[0.568s] -- Detecting CXX compile features
[0.569s] -- Detecting CXX compile features - done
[0.574s] -- Found ament_cmake: 1.3.11 (/opt/ros/humble/share/ament_cmake/cmake)
[1.237s] -- Found Python3: /usr/bin/python3 (found version "3.10.12") found components: Interpreter 
[1.412s] -- Found nav_msgs: 4.9.0 (/opt/ros/humble/share/nav_msgs/cmake)
[1.471s] -- Found rosidl_generator_c: 3.1.6 (/opt/ros/humble/share/rosidl_generator_c/cmake)
[1.479s] -- Found rosidl_adapter: 3.1.6 (/opt/ros/humble/share/rosidl_adapter/cmake)
[1.493s] -- Found rosidl_generator_cpp: 3.1.6 (/opt/ros/humble/share/rosidl_generator_cpp/cmake)
[1.516s] -- Using all available rosidl_typesupport_c: rosidl_typesupport_fastrtps_c;rosidl_typesupport_introspection_c
[1.545s] -- Using all available rosidl_typesupport_cpp: rosidl_typesupport_fastrtps_cpp;rosidl_typesupport_introspection_cpp
[1.671s] -- Found rclcpp: 16.0.12 (/opt/ros/humble/share/rclcpp/cmake)
[1.738s] -- Found rmw_implementation_cmake: 6.1.2 (/opt/ros/humble/share/rmw_implementation_cmake/cmake)
[1.742s] -- Found rmw_fastrtps_cpp: 6.2.7 (/opt/ros/humble/share/rmw_fastrtps_cpp/cmake)
[1.893s] -- Found OpenSSL: /usr/lib/x86_64-linux-gnu/libcrypto.so (found version "3.0.2")  
[1.933s] -- Found FastRTPS: /opt/ros/humble/include  
[1.997s] -- Using RMW implementation 'rmw_fastrtps_cpp' as default
[2.012s] -- Looking for pthread.h
[2.135s] -- Looking for pthread.h - found
[2.136s] -- Performing Test CMAKE_HAVE_LIBC_PTHREAD
[2.275s] -- Performing Test CMAKE_HAVE_LIBC_PTHREAD - Success
[2.277s] -- Found Threads: TRUE  
[2.361s] -- Found ament_lint_auto: 0.12.12 (/opt/ros/humble/share/ament_lint_auto/cmake)
[2.625s] -- Added test 'copyright' to check source files copyright and LICENSE
[2.628s] -- Added test 'cppcheck' to perform static code analysis on C / C++ code
[2.629s] -- Configured cppcheck include dirs: 
[2.630s] -- Configured cppcheck exclude dirs and/or files: 
[2.632s] -- Added test 'cpplint' to check C / C++ code against the Google style
[2.632s] -- Configured cpplint exclude dirs and/or files: 
[2.635s] -- Added test 'lint_cmake' to check CMake code style
[2.639s] -- Added test 'uncrustify' to check C / C++ code style
[2.639s] -- Configured uncrustify additional arguments: 
[2.642s] -- Added test 'xmllint' to check XML markup files
[2.643s] -- Configuring done
[2.664s] -- Generating done
[2.671s] -- Build files have been written to: /home/student18/ros2_ws/build/dummy_map_server
[2.691s] Invoked command in '/home/student18/ros2_ws/build/dummy_map_server' returned '0': CMAKE_PREFIX_PATH=${CMAKE_PREFIX_PATH}:/opt/ros/humble /usr/bin/cmake /home/student18/ros2_ws/src/demos/dummy_robot/dummy_map_server -DCMAKE_INSTALL_PREFIX=/home/student18/ros2_ws/install/dummy_map_server
[2.691s] Invoking command in '/home/student18/ros2_ws/build/dummy_map_server': CMAKE_PREFIX_PATH=${CMAKE_PREFIX_PATH}:/opt/ros/humble /usr/bin/cmake --build /home/student18/ros2_ws/build/dummy_map_server -- -j4 -l4
[2.788s] [ 50%] [32mBuilding CXX object CMakeFiles/dummy_map_server.dir/src/dummy_map_server.cpp.o[0m
[19.781s] [100%] [32m[1mLinking CXX executable dummy_map_server[0m
[20.267s] [100%] Built target dummy_map_server
[20.295s] Invoked command in '/home/student18/ros2_ws/build/dummy_map_server' returned '0': CMAKE_PREFIX_PATH=${CMAKE_PREFIX_PATH}:/opt/ros/humble /usr/bin/cmake --build /home/student18/ros2_ws/build/dummy_map_server -- -j4 -l4
[20.299s] Invoking command in '/home/student18/ros2_ws/build/dummy_map_server': CMAKE_PREFIX_PATH=${CMAKE_PREFIX_PATH}:/opt/ros/humble /usr/bin/cmake --install /home/student18/ros2_ws/build/dummy_map_server
[20.328s] -- Install configuration: ""
[20.332s] -- Installing: /home/student18/ros2_ws/install/dummy_map_server/lib/dummy_map_server/dummy_map_server
[20.332s] -- Set runtime path of "/home/student18/ros2_ws/install/dummy_map_server/lib/dummy_map_server/dummy_map_server" to ""
[20.335s] -- Installing: /home/student18/ros2_ws/install/dummy_map_server/share/ament_index/resource_index/package_run_dependencies/dummy_map_server
[20.335s] -- Installing: /home/student18/ros2_ws/install/dummy_map_server/share/ament_index/resource_index/parent_prefix_path/dummy_map_server
[20.336s] -- Installing: /home/student18/ros2_ws/install/dummy_map_server/share/dummy_map_server/environment/ament_prefix_path.sh
[20.336s] -- Installing: /home/student18/ros2_ws/install/dummy_map_server/share/dummy_map_server/environment/ament_prefix_path.dsv
[20.338s] -- Installing: /home/student18/ros2_ws/install/dummy_map_server/share/dummy_map_server/environment/path.sh
[20.340s] -- Installing: /home/student18/ros2_ws/install/dummy_map_server/share/dummy_map_server/environment/path.dsv
[20.340s] -- Installing: /home/student18/ros2_ws/install/dummy_map_server/share/dummy_map_server/local_setup.bash
[20.342s] -- Installing: /home/student18/ros2_ws/install/dummy_map_server/share/dummy_map_server/local_setup.sh
[20.342s] -- Installing: /home/student18/ros2_ws/install/dummy_map_server/share/dummy_map_server/local_setup.zsh
[20.343s] -- Installing: /home/student18/ros2_ws/install/dummy_map_server/share/dummy_map_server/local_setup.dsv
[20.344s] -- Installing: /home/student18/ros2_ws/install/dummy_map_server/share/dummy_map_server/package.dsv
[20.349s] -- Installing: /home/student18/ros2_ws/install/dummy_map_server/share/ament_index/resource_index/packages/dummy_map_server
[20.349s] -- Installing: /home/student18/ros2_ws/install/dummy_map_server/share/dummy_map_server/cmake/dummy_map_serverConfig.cmake
[20.350s] -- Installing: /home/student18/ros2_ws/install/dummy_map_server/share/dummy_map_server/cmake/dummy_map_serverConfig-version.cmake
[20.350s] -- Installing: /home/student18/ros2_ws/install/dummy_map_server/share/dummy_map_server/package.xml
[20.356s] Invoked command in '/home/student18/ros2_ws/build/dummy_map_server' returned '0': CMAKE_PREFIX_PATH=${CMAKE_PREFIX_PATH}:/opt/ros/humble /usr/bin/cmake --install /home/student18/ros2_ws/build/dummy_map_server
